<?xml version="1.0" encoding="UTF-8"?>
<<<<<<< HEAD
<testsuite name="com.cpe.backend.RentCarTest" tests="12" skipped="0" failures="0" errors="0" timestamp="2020-02-05T16:58:49" hostname="DESKTOP-LN9579K" time="0.694">
  <properties/>
  <testcase name="b6004804_test_PriceMustBeMax()" classname="com.cpe.backend.RentCarTest" time="0.064"/>
  <testcase name="b6004804_test_PriceMustBeMin()" classname="com.cpe.backend.RentCarTest" time="0.07"/>
  <testcase name="b6004804_test_TypeMustNotBeNull()" classname="com.cpe.backend.RentCarTest" time="0.04"/>
  <testcase name="b6004804_test_RentdayMustBePositiveOrZero()" classname="com.cpe.backend.RentCarTest" time="0.06"/>
  <testcase name="b6004804_test_createdbyMustNotBeNull()" classname="com.cpe.backend.RentCarTest" time="0.059"/>
  <testcase name="b6004804_test_InsertDataNormal()" classname="com.cpe.backend.RentCarTest" time="0.049"/>
  <testcase name="b6004804_test_rentalByMustNotBeNull()" classname="com.cpe.backend.RentCarTest" time="0.043"/>
  <testcase name="b6004804_test_RentdayMustNotBeNull()" classname="com.cpe.backend.RentCarTest" time="0.05"/>
  <testcase name="b6004804_test_rentDateMustNotBeNull()" classname="com.cpe.backend.RentCarTest" time="0.069"/>
  <testcase name="b6004804_test_RentdayMustBeMax()" classname="com.cpe.backend.RentCarTest" time="0.053"/>
  <testcase name="b6004804_test_selectcarMustNotBeNull()" classname="com.cpe.backend.RentCarTest" time="0.045"/>
  <testcase name="b6004804_test_PriceMustNotBeNull()" classname="com.cpe.backend.RentCarTest" time="0.065"/>
  <system-out><![CDATA[2020-02-05 23:58:49.393  INFO 2420 --- [    Test worker] b.t.a.o.j.DataJpaTestContextBootstrapper : Neither @ContextConfiguration nor @ContextHierarchy found for test class [com.cpe.backend.RentCarTest], using SpringBootContextLoader
2020-02-05 23:58:49.395  INFO 2420 --- [    Test worker] o.s.t.c.support.AbstractContextLoader    : Could not detect default resource locations for test class [com.cpe.backend.RentCarTest]: no resource found for suffixes {-context.xml, Context.groovy}.
2020-02-05 23:58:49.400  INFO 2420 --- [    Test worker] t.c.s.AnnotationConfigContextLoaderUtils : Could not detect default configuration classes for test class [com.cpe.backend.RentCarTest]: RentCarTest does not declare any static, non-private, non-final, nested classes annotated with @Configuration.
2020-02-05 23:58:49.408  INFO 2420 --- [    Test worker] .b.t.c.SpringBootTestContextBootstrapper : Found @SpringBootConfiguration com.cpe.backend.BackendApplication for test class com.cpe.backend.RentCarTest
2020-02-05 23:58:49.409  INFO 2420 --- [    Test worker] b.t.a.o.j.DataJpaTestContextBootstrapper : Loaded default TestExecutionListener class names from location [META-INF/spring.factories]: [org.springframework.boot.test.autoconfigure.restdocs.RestDocsTestExecutionListener, org.springframework.boot.test.autoconfigure.web.client.MockRestServiceServerResetTestExecutionListener, org.springframework.boot.test.autoconfigure.web.servlet.MockMvcPrintOnlyOnFailureTestExecutionListener, org.springframework.boot.test.autoconfigure.web.servlet.WebDriverTestExecutionListener, org.springframework.boot.test.mock.mockito.MockitoTestExecutionListener, org.springframework.boot.test.mock.mockito.ResetMocksTestExecutionListener, org.springframework.test.context.web.ServletTestExecutionListener, org.springframework.test.context.support.DirtiesContextBeforeModesTestExecutionListener, org.springframework.test.context.support.DependencyInjectionTestExecutionListener, org.springframework.test.context.support.DirtiesContextTestExecutionListener, org.springframework.test.context.transaction.TransactionalTestExecutionListener, org.springframework.test.context.jdbc.SqlScriptsTestExecutionListener, org.springframework.test.context.event.EventPublishingTestExecutionListener]
2020-02-05 23:58:49.410  INFO 2420 --- [    Test worker] b.t.a.o.j.DataJpaTestContextBootstrapper : Using TestExecutionListeners: [org.springframework.test.context.web.ServletTestExecutionListener@3ab8ec7d, org.springframework.test.context.support.DirtiesContextBeforeModesTestExecutionListener@5a3c6e9, org.springframework.boot.test.mock.mockito.MockitoTestExecutionListener@7acbdccd, org.springframework.boot.test.autoconfigure.SpringBootDependencyInjectionTestExecutionListener@49871eef, org.springframework.test.context.support.DirtiesContextTestExecutionListener@3421c8a6, org.springframework.test.context.transaction.TransactionalTestExecutionListener@2f2ed445, org.springframework.test.context.jdbc.SqlScriptsTestExecutionListener@ba758d9, org.springframework.test.context.event.EventPublishingTestExecutionListener@7aa64f24, org.springframework.boot.test.autoconfigure.restdocs.RestDocsTestExecutionListener@40f8dc2e, org.springframework.boot.test.autoconfigure.web.client.MockRestServiceServerResetTestExecutionListener@19ada488, org.springframework.boot.test.autoconfigure.web.servlet.MockMvcPrintOnlyOnFailureTestExecutionListener@28fd46f4, org.springframework.boot.test.autoconfigure.web.servlet.WebDriverTestExecutionListener@606ae3a0, org.springframework.boot.test.mock.mockito.ResetMocksTestExecutionListener@66f54a2f]
2020-02-05 23:58:49.424  INFO 2420 --- [    Test worker] o.s.t.c.transaction.TransactionContext   : Began transaction (1) for test context [DefaultTestContext@4bae3d89 testClass = RentCarTest, testInstance = com.cpe.backend.RentCarTest@20e64645, testMethod = b6004804_test_PriceMustBeMax@RentCarTest, testException = [null], mergedContextConfiguration = [MergedContextConfiguration@20536c91 testClass = RentCarTest, locations = '{}', classes = '{class com.cpe.backend.BackendApplication}', contextInitializerClasses = '[]', activeProfiles = '{}', propertySourceLocations = '{}', propertySourceProperties = '{org.springframework.boot.test.autoconfigure.orm.jpa.DataJpaTestContextBootstrapper=true}', contextCustomizers = set[org.springframework.boot.test.autoconfigure.OverrideAutoConfigurationContextCustomizerFactory$DisableAutoConfigurationContextCustomizer@519ef83d, org.springframework.boot.test.autoconfigure.filter.TypeExcludeFiltersContextCustomizer@351584c0, org.springframework.boot.test.autoconfigure.properties.PropertyMappingContextCustomizer@4de046bd, org.springframework.boot.test.autoconfigure.web.servlet.WebDriverContextCustomizerFactory$Customizer@2068602d, [ImportsContextCustomizer@29b2d49 key = [org.springframework.boot.autoconfigure.cache.CacheAutoConfiguration, org.springframework.boot.autoconfigure.data.jpa.JpaRepositoriesAutoConfiguration, org.springframework.boot.autoconfigure.flyway.FlywayAutoConfiguration, org.springframework.boot.autoconfigure.jdbc.DataSourceAutoConfiguration, org.springframework.boot.autoconfigure.jdbc.DataSourceTransactionManagerAutoConfiguration, org.springframework.boot.autoconfigure.jdbc.JdbcTemplateAutoConfiguration, org.springframework.boot.autoconfigure.liquibase.LiquibaseAutoConfiguration, org.springframework.boot.autoconfigure.orm.jpa.HibernateJpaAutoConfiguration, org.springframework.boot.autoconfigure.transaction.TransactionAutoConfiguration, org.springframework.boot.test.autoconfigure.jdbc.TestDatabaseAutoConfiguration, org.springframework.boot.test.autoconfigure.orm.jpa.TestEntityManagerAutoConfiguration]], org.springframework.boot.test.context.filter.ExcludeFilterContextCustomizer@18486d60, org.springframework.boot.test.json.DuplicateJsonObjectContextCustomizerFactory$DuplicateJsonObjectContextCustomizer@5a267fa8, org.springframework.boot.test.mock.mockito.MockitoContextCustomizer@0], contextLoader = 'org.springframework.boot.test.context.SpringBootContextLoader', parent = [null]], attributes = map[[empty]]]; transaction manager [org.springframework.orm.jpa.JpaTransactionManager@16cc0635]; rollback [true]
Hibernate: select customer0_.customer_id as customer1_5_0_, customer0_.address as address2_5_0_, customer0_.age as age3_5_0_, customer0_.card_num as card_num4_5_0_, customer0_.employee as employee8_5_0_, customer0_.date as date5_5_0_, customer0_.name as name6_5_0_, customer0_.tel as tel7_5_0_, customer0_.registype as registyp9_5_0_, customer0_.job as job10_5_0_, employee1_.employee_id as employee1_6_1_, employee1_.name as name2_6_1_, employee1_.password as password3_6_1_, employee1_.username as username4_6_1_, registype2_.regis_type_id as regis_ty1_23_2_, registype2_.type as type2_23_2_, cus3_.regis_type_regis_type_id as regis_ty1_24_3_, customer4_.customer_id as cus_cust2_24_3_, customer4_.customer_id as customer1_5_4_, customer4_.address as address2_5_4_, customer4_.age as age3_5_4_, customer4_.card_num as card_num4_5_4_, customer4_.employee as employee8_5_4_, customer4_.date as date5_5_4_, customer4_.name as name6_5_4_, customer4_.tel as tel7_5_4_, customer4_.registype as registyp9_5_4_, customer4_.job as job10_5_4_, job5_.job_id as job_id1_8_5_, job5_.job as job2_8_5_, cus6_.job_job_id as job_job_1_9_6_, customer7_.customer_id as cus_cust2_9_6_, customer7_.customer_id as customer1_5_7_, customer7_.address as address2_5_7_, customer7_.age as age3_5_7_, customer7_.card_num as card_num4_5_7_, customer7_.employee as employee8_5_7_, customer7_.date as date5_5_7_, customer7_.name as name6_5_7_, customer7_.tel as tel7_5_7_, customer7_.registype as registyp9_5_7_, customer7_.job as job10_5_7_ from customer customer0_ left outer join employee employee1_ on customer0_.employee=employee1_.employee_id left outer join resgistype registype2_ on customer0_.registype=registype2_.regis_type_id left outer join resgistype_cus cus3_ on registype2_.regis_type_id=cus3_.regis_type_regis_type_id left outer join customer customer4_ on cus3_.cus_customer_id=customer4_.customer_id left outer join job job5_ on customer4_.job=job5_.job_id left outer join job_cus cus6_ on job5_.job_id=cus6_.job_job_id left outer join customer customer7_ on cus6_.cus_customer_id=customer7_.customer_id where customer0_.customer_id=?
Hibernate: select job0_.job_id as job_id1_8_0_, job0_.job as job2_8_0_, cus1_.job_job_id as job_job_1_9_1_, customer2_.customer_id as cus_cust2_9_1_, customer2_.customer_id as customer1_5_2_, customer2_.address as address2_5_2_, customer2_.age as age3_5_2_, customer2_.card_num as card_num4_5_2_, customer2_.employee as employee8_5_2_, customer2_.date as date5_5_2_, customer2_.name as name6_5_2_, customer2_.tel as tel7_5_2_, customer2_.registype as registyp9_5_2_, customer2_.job as job10_5_2_, employee3_.employee_id as employee1_6_3_, employee3_.name as name2_6_3_, employee3_.password as password3_6_3_, employee3_.username as username4_6_3_, registype4_.regis_type_id as regis_ty1_23_4_, registype4_.type as type2_23_4_, cus5_.regis_type_regis_type_id as regis_ty1_24_5_, customer6_.customer_id as cus_cust2_24_5_, customer6_.customer_id as customer1_5_6_, customer6_.address as address2_5_6_, customer6_.age as age3_5_6_, customer6_.card_num as card_num4_5_6_, customer6_.employee as employee8_5_6_, customer6_.date as date5_5_6_, customer6_.name as name6_5_6_, customer6_.tel as tel7_5_6_, customer6_.registype as registyp9_5_6_, customer6_.job as job10_5_6_, job7_.job_id as job_id1_8_7_, job7_.job as job2_8_7_ from job job0_ left outer join job_cus cus1_ on job0_.job_id=cus1_.job_job_id left outer join customer customer2_ on cus1_.cus_customer_id=customer2_.customer_id left outer join employee employee3_ on customer2_.employee=employee3_.employee_id left outer join resgistype registype4_ on customer2_.registype=registype4_.regis_type_id left outer join resgistype_cus cus5_ on registype4_.regis_type_id=cus5_.regis_type_regis_type_id left outer join customer customer6_ on cus5_.cus_customer_id=customer6_.customer_id left outer join job job7_ on customer6_.job=job7_.job_id where job0_.job_id=?
Hibernate: select rent0_.employee_employee_id as employee1_7_0_, rent0_.rent_rent_car_id as rent_ren2_7_0_, rentcar1_.rent_car_id as rent_car1_18_1_, rentcar1_.employee_id as employee5_18_1_, rentcar1_.price as price2_18_1_, rentcar1_.rent_date as rent_dat3_18_1_, rentcar1_.customer_id as customer6_18_1_, rentcar1_.rentday as rentday4_18_1_, rentcar1_.car_id as car_id7_18_1_, rentcar1_.renttype_id as renttype8_18_1_, employee2_.employee_id as employee1_6_2_, employee2_.name as name2_6_2_, employee2_.password as password3_6_2_, employee2_.username as username4_6_2_, customer3_.customer_id as customer1_5_3_, customer3_.address as address2_5_3_, customer3_.age as age3_5_3_, customer3_.card_num as card_num4_5_3_, customer3_.employee as employee8_5_3_, customer3_.date as date5_5_3_, customer3_.name as name6_5_3_, customer3_.tel as tel7_5_3_, customer3_.registype as registyp9_5_3_, customer3_.job as job10_5_3_, employee4_.employee_id as employee1_6_4_, employee4_.name as name2_6_4_, employee4_.password as password3_6_4_, employee4_.username as username4_6_4_, registype5_.regis_type_id as regis_ty1_23_5_, registype5_.type as type2_23_5_, job6_.job_id as job_id1_8_6_, job6_.job as job2_8_6_, car7_.car_id as car_id1_2_7_, car7_.brand_id as brand_id4_2_7_, car7_.seat_id as seat_id5_2_7_, car7_.employee_id as employee6_2_7_, car7_.plate as plate2_2_7_, car7_.province_id as province7_2_7_, car7_.vin as vin3_2_7_, brand8_.brand_id as brand_id1_0_8_, brand8_.brand as brand2_0_8_, carseat9_.seat_id as seat_id1_3_9_, carseat9_.carseat as carseat2_3_9_, employee10_.employee_id as employee1_6_10_, employee10_.name as name2_6_10_, employee10_.password as password3_6_10_, employee10_.username as username4_6_10_, province11_.province_id as province1_16_11_, province11_.province as province2_16_11_, renttype12_.renttype_id as renttype1_19_12_, renttype12_.nametype as nametype2_19_12_, renttype12_.unitprice as unitpric3_19_12_ from employee_rent rent0_ inner join rent_car rentcar1_ on rent0_.rent_rent_car_id=rentcar1_.rent_car_id inner join employee employee2_ on rentcar1_.employee_id=employee2_.employee_id inner join customer customer3_ on rentcar1_.customer_id=customer3_.customer_id left outer join employee employee4_ on customer3_.employee=employee4_.employee_id left outer join resgistype registype5_ on customer3_.registype=registype5_.regis_type_id left outer join job job6_ on customer3_.job=job6_.job_id inner join car car7_ on rentcar1_.car_id=car7_.car_id left outer join brand brand8_ on car7_.brand_id=brand8_.brand_id left outer join carseat carseat9_ on car7_.seat_id=carseat9_.seat_id left outer join employee employee10_ on car7_.employee_id=employee10_.employee_id left outer join plateprovince province11_ on car7_.province_id=province11_.province_id inner join renttype renttype12_ on rentcar1_.renttype_id=renttype12_.renttype_id where rent0_.employee_employee_id=?
=======
<testsuite name="com.cpe.backend.RentCarTest" tests="8" skipped="0" failures="0" errors="0" timestamp="2020-02-04T15:32:03" hostname="IceThammanitkit" time="0.285">
  <properties/>
  <testcase name="b6004804_test_PriceMustBeMax()" classname="com.cpe.backend.RentCarTest" time="0.037"/>
  <testcase name="b6004804_test_PriceMustBeMin()" classname="com.cpe.backend.RentCarTest" time="0.039"/>
  <testcase name="b6004804_test_RentdayMustBePositiveOrZero()" classname="com.cpe.backend.RentCarTest" time="0.036"/>
  <testcase name="b6004804_test_InsertDataNormal()" classname="com.cpe.backend.RentCarTest" time="0.03"/>
  <testcase name="b6004804_test_RentdayMustNotBeNull()" classname="com.cpe.backend.RentCarTest" time="0.033"/>
  <testcase name="b6004804_test_rentDateMustNotBeNull()" classname="com.cpe.backend.RentCarTest" time="0.034"/>
  <testcase name="b6004804_test_RentdayMustBeMax()" classname="com.cpe.backend.RentCarTest" time="0.029"/>
  <testcase name="b6004804_test_PriceMustNotBeNull()" classname="com.cpe.backend.RentCarTest" time="0.036"/>
  <system-out><![CDATA[2020-02-04 22:32:03.928  INFO 12676 --- [    Test worker] b.t.a.o.j.DataJpaTestContextBootstrapper : Neither @ContextConfiguration nor @ContextHierarchy found for test class [com.cpe.backend.RentCarTest], using SpringBootContextLoader
2020-02-04 22:32:03.928  INFO 12676 --- [    Test worker] o.s.t.c.support.AbstractContextLoader    : Could not detect default resource locations for test class [com.cpe.backend.RentCarTest]: no resource found for suffixes {-context.xml, Context.groovy}.
2020-02-04 22:32:03.928  INFO 12676 --- [    Test worker] t.c.s.AnnotationConfigContextLoaderUtils : Could not detect default configuration classes for test class [com.cpe.backend.RentCarTest]: RentCarTest does not declare any static, non-private, non-final, nested classes annotated with @Configuration.
2020-02-04 22:32:03.936  INFO 12676 --- [    Test worker] .b.t.c.SpringBootTestContextBootstrapper : Found @SpringBootConfiguration com.cpe.backend.BackendApplication for test class com.cpe.backend.RentCarTest
2020-02-04 22:32:03.936  INFO 12676 --- [    Test worker] b.t.a.o.j.DataJpaTestContextBootstrapper : Loaded default TestExecutionListener class names from location [META-INF/spring.factories]: [org.springframework.boot.test.autoconfigure.restdocs.RestDocsTestExecutionListener, org.springframework.boot.test.autoconfigure.web.client.MockRestServiceServerResetTestExecutionListener, org.springframework.boot.test.autoconfigure.web.servlet.MockMvcPrintOnlyOnFailureTestExecutionListener, org.springframework.boot.test.autoconfigure.web.servlet.WebDriverTestExecutionListener, org.springframework.boot.test.mock.mockito.MockitoTestExecutionListener, org.springframework.boot.test.mock.mockito.ResetMocksTestExecutionListener, org.springframework.test.context.web.ServletTestExecutionListener, org.springframework.test.context.support.DirtiesContextBeforeModesTestExecutionListener, org.springframework.test.context.support.DependencyInjectionTestExecutionListener, org.springframework.test.context.support.DirtiesContextTestExecutionListener, org.springframework.test.context.transaction.TransactionalTestExecutionListener, org.springframework.test.context.jdbc.SqlScriptsTestExecutionListener, org.springframework.test.context.event.EventPublishingTestExecutionListener]
2020-02-04 22:32:03.936  INFO 12676 --- [    Test worker] b.t.a.o.j.DataJpaTestContextBootstrapper : Using TestExecutionListeners: [org.springframework.test.context.web.ServletTestExecutionListener@70d001ff, org.springframework.test.context.support.DirtiesContextBeforeModesTestExecutionListener@14d3670, org.springframework.boot.test.mock.mockito.MockitoTestExecutionListener@39efa17f, org.springframework.boot.test.autoconfigure.SpringBootDependencyInjectionTestExecutionListener@565bc56, org.springframework.test.context.support.DirtiesContextTestExecutionListener@75ca8afc, org.springframework.test.context.transaction.TransactionalTestExecutionListener@1d5cdc83, org.springframework.test.context.jdbc.SqlScriptsTestExecutionListener@597c720e, org.springframework.test.context.event.EventPublishingTestExecutionListener@7153f27b, org.springframework.boot.test.autoconfigure.restdocs.RestDocsTestExecutionListener@506f1bc7, org.springframework.boot.test.autoconfigure.web.client.MockRestServiceServerResetTestExecutionListener@2bac6d8d, org.springframework.boot.test.autoconfigure.web.servlet.MockMvcPrintOnlyOnFailureTestExecutionListener@11fa86f4, org.springframework.boot.test.autoconfigure.web.servlet.WebDriverTestExecutionListener@7f547e9a, org.springframework.boot.test.mock.mockito.ResetMocksTestExecutionListener@57cdf394]
2020-02-04 22:32:03.940  INFO 12676 --- [    Test worker] o.s.t.c.transaction.TransactionContext   : Began transaction (1) for test context [DefaultTestContext@34a7ce02 testClass = RentCarTest, testInstance = com.cpe.backend.RentCarTest@4c1ac66e, testMethod = b6004804_test_PriceMustBeMax@RentCarTest, testException = [null], mergedContextConfiguration = [MergedContextConfiguration@232dbdde testClass = RentCarTest, locations = '{}', classes = '{class com.cpe.backend.BackendApplication}', contextInitializerClasses = '[]', activeProfiles = '{}', propertySourceLocations = '{}', propertySourceProperties = '{org.springframework.boot.test.autoconfigure.orm.jpa.DataJpaTestContextBootstrapper=true}', contextCustomizers = set[org.springframework.boot.test.autoconfigure.OverrideAutoConfigurationContextCustomizerFactory$DisableAutoConfigurationContextCustomizer@613520e1, org.springframework.boot.test.autoconfigure.filter.TypeExcludeFiltersContextCustomizer@351584c0, org.springframework.boot.test.autoconfigure.properties.PropertyMappingContextCustomizer@21896434, org.springframework.boot.test.autoconfigure.web.servlet.WebDriverContextCustomizerFactory$Customizer@9a30f15, [ImportsContextCustomizer@23c35f4 key = [org.springframework.boot.autoconfigure.cache.CacheAutoConfiguration, org.springframework.boot.autoconfigure.data.jpa.JpaRepositoriesAutoConfiguration, org.springframework.boot.autoconfigure.flyway.FlywayAutoConfiguration, org.springframework.boot.autoconfigure.jdbc.DataSourceAutoConfiguration, org.springframework.boot.autoconfigure.jdbc.DataSourceTransactionManagerAutoConfiguration, org.springframework.boot.autoconfigure.jdbc.JdbcTemplateAutoConfiguration, org.springframework.boot.autoconfigure.liquibase.LiquibaseAutoConfiguration, org.springframework.boot.autoconfigure.orm.jpa.HibernateJpaAutoConfiguration, org.springframework.boot.autoconfigure.transaction.TransactionAutoConfiguration, org.springframework.boot.test.autoconfigure.jdbc.TestDatabaseAutoConfiguration, org.springframework.boot.test.autoconfigure.orm.jpa.TestEntityManagerAutoConfiguration]], org.springframework.boot.test.context.filter.ExcludeFilterContextCustomizer@23782f0d, org.springframework.boot.test.json.DuplicateJsonObjectContextCustomizerFactory$DuplicateJsonObjectContextCustomizer@4749f795, org.springframework.boot.test.mock.mockito.MockitoContextCustomizer@0], contextLoader = 'org.springframework.boot.test.context.SpringBootContextLoader', parent = [null]], attributes = map[[empty]]]; transaction manager [org.springframework.orm.jpa.JpaTransactionManager@34d55a52]; rollback [true]
Hibernate: select customer0_.customer_id as customer1_5_0_, customer0_.address as address2_5_0_, customer0_.age as age3_5_0_, customer0_.employee as employee8_5_0_, customer0_.date as date4_5_0_, customer0_.name as name5_5_0_, customer0_.num_id as num_id6_5_0_, customer0_.tel as tel7_5_0_, customer0_.registype as registyp9_5_0_, customer0_.job as job10_5_0_, employee1_.employee_id as employee1_6_1_, employee1_.name as name2_6_1_, employee1_.password as password3_6_1_, employee1_.username as username4_6_1_, registype2_.regis_type_id as regis_ty1_23_2_, registype2_.type as type2_23_2_, cus3_.regis_type_regis_type_id as regis_ty1_24_3_, customer4_.customer_id as cus_cust2_24_3_, customer4_.customer_id as customer1_5_4_, customer4_.address as address2_5_4_, customer4_.age as age3_5_4_, customer4_.employee as employee8_5_4_, customer4_.date as date4_5_4_, customer4_.name as name5_5_4_, customer4_.num_id as num_id6_5_4_, customer4_.tel as tel7_5_4_, customer4_.registype as registyp9_5_4_, customer4_.job as job10_5_4_, job5_.job_id as job_id1_8_5_, job5_.job as job2_8_5_, cus6_.job_job_id as job_job_1_9_6_, customer7_.customer_id as cus_cust2_9_6_, customer7_.customer_id as customer1_5_7_, customer7_.address as address2_5_7_, customer7_.age as age3_5_7_, customer7_.employee as employee8_5_7_, customer7_.date as date4_5_7_, customer7_.name as name5_5_7_, customer7_.num_id as num_id6_5_7_, customer7_.tel as tel7_5_7_, customer7_.registype as registyp9_5_7_, customer7_.job as job10_5_7_ from customer customer0_ left outer join employee employee1_ on customer0_.employee=employee1_.employee_id left outer join resgistype registype2_ on customer0_.registype=registype2_.regis_type_id left outer join resgistype_cus cus3_ on registype2_.regis_type_id=cus3_.regis_type_regis_type_id left outer join customer customer4_ on cus3_.cus_customer_id=customer4_.customer_id left outer join job job5_ on customer4_.job=job5_.job_id left outer join job_cus cus6_ on job5_.job_id=cus6_.job_job_id left outer join customer customer7_ on cus6_.cus_customer_id=customer7_.customer_id where customer0_.customer_id=?
Hibernate: select job0_.job_id as job_id1_8_0_, job0_.job as job2_8_0_, cus1_.job_job_id as job_job_1_9_1_, customer2_.customer_id as cus_cust2_9_1_, customer2_.customer_id as customer1_5_2_, customer2_.address as address2_5_2_, customer2_.age as age3_5_2_, customer2_.employee as employee8_5_2_, customer2_.date as date4_5_2_, customer2_.name as name5_5_2_, customer2_.num_id as num_id6_5_2_, customer2_.tel as tel7_5_2_, customer2_.registype as registyp9_5_2_, customer2_.job as job10_5_2_, employee3_.employee_id as employee1_6_3_, employee3_.name as name2_6_3_, employee3_.password as password3_6_3_, employee3_.username as username4_6_3_, registype4_.regis_type_id as regis_ty1_23_4_, registype4_.type as type2_23_4_, cus5_.regis_type_regis_type_id as regis_ty1_24_5_, customer6_.customer_id as cus_cust2_24_5_, customer6_.customer_id as customer1_5_6_, customer6_.address as address2_5_6_, customer6_.age as age3_5_6_, customer6_.employee as employee8_5_6_, customer6_.date as date4_5_6_, customer6_.name as name5_5_6_, customer6_.num_id as num_id6_5_6_, customer6_.tel as tel7_5_6_, customer6_.registype as registyp9_5_6_, customer6_.job as job10_5_6_, job7_.job_id as job_id1_8_7_, job7_.job as job2_8_7_ from job job0_ left outer join job_cus cus1_ on job0_.job_id=cus1_.job_job_id left outer join customer customer2_ on cus1_.cus_customer_id=customer2_.customer_id left outer join employee employee3_ on customer2_.employee=employee3_.employee_id left outer join resgistype registype4_ on customer2_.registype=registype4_.regis_type_id left outer join resgistype_cus cus5_ on registype4_.regis_type_id=cus5_.regis_type_regis_type_id left outer join customer customer6_ on cus5_.cus_customer_id=customer6_.customer_id left outer join job job7_ on customer6_.job=job7_.job_id where job0_.job_id=?
Hibernate: select rent0_.employee_employee_id as employee1_7_0_, rent0_.rent_rent_car_id as rent_ren2_7_0_, rentcar1_.rent_car_id as rent_car1_18_1_, rentcar1_.employee_id as employee5_18_1_, rentcar1_.price as price2_18_1_, rentcar1_.rent_date as rent_dat3_18_1_, rentcar1_.customer_id as customer6_18_1_, rentcar1_.rentday as rentday4_18_1_, rentcar1_.car_id as car_id7_18_1_, rentcar1_.renttype_id as renttype8_18_1_, employee2_.employee_id as employee1_6_2_, employee2_.name as name2_6_2_, employee2_.password as password3_6_2_, employee2_.username as username4_6_2_, customer3_.customer_id as customer1_5_3_, customer3_.address as address2_5_3_, customer3_.age as age3_5_3_, customer3_.employee as employee8_5_3_, customer3_.date as date4_5_3_, customer3_.name as name5_5_3_, customer3_.num_id as num_id6_5_3_, customer3_.tel as tel7_5_3_, customer3_.registype as registyp9_5_3_, customer3_.job as job10_5_3_, employee4_.employee_id as employee1_6_4_, employee4_.name as name2_6_4_, employee4_.password as password3_6_4_, employee4_.username as username4_6_4_, registype5_.regis_type_id as regis_ty1_23_5_, registype5_.type as type2_23_5_, job6_.job_id as job_id1_8_6_, job6_.job as job2_8_6_, car7_.car_id as car_id1_2_7_, car7_.brand_id as brand_id4_2_7_, car7_.seat_id as seat_id5_2_7_, car7_.employee_id as employee6_2_7_, car7_.plate as plate2_2_7_, car7_.province_id as province7_2_7_, car7_.vin as vin3_2_7_, brand8_.brand_id as brand_id1_0_8_, brand8_.brand as brand2_0_8_, carseat9_.seat_id as seat_id1_3_9_, carseat9_.carseat as carseat2_3_9_, employee10_.employee_id as employee1_6_10_, employee10_.name as name2_6_10_, employee10_.password as password3_6_10_, employee10_.username as username4_6_10_, province11_.province_id as province1_16_11_, province11_.province as province2_16_11_, renttype12_.renttype_id as renttype1_19_12_, renttype12_.nametype as nametype2_19_12_, renttype12_.unitprice as unitpric3_19_12_ from employee_rent rent0_ inner join rent_car rentcar1_ on rent0_.rent_rent_car_id=rentcar1_.rent_car_id left outer join employee employee2_ on rentcar1_.employee_id=employee2_.employee_id left outer join customer customer3_ on rentcar1_.customer_id=customer3_.customer_id left outer join employee employee4_ on customer3_.employee=employee4_.employee_id left outer join resgistype registype5_ on customer3_.registype=registype5_.regis_type_id left outer join job job6_ on customer3_.job=job6_.job_id left outer join car car7_ on rentcar1_.car_id=car7_.car_id left outer join brand brand8_ on car7_.brand_id=brand8_.brand_id left outer join carseat carseat9_ on car7_.seat_id=carseat9_.seat_id left outer join employee employee10_ on car7_.employee_id=employee10_.employee_id left outer join plateprovince province11_ on car7_.province_id=province11_.province_id left outer join renttype renttype12_ on rentcar1_.renttype_id=renttype12_.renttype_id where rent0_.employee_employee_id=?
>>>>>>> issue-147
Hibernate: select car0_.car_id as car_id1_2_0_, car0_.brand_id as brand_id4_2_0_, car0_.seat_id as seat_id5_2_0_, car0_.employee_id as employee6_2_0_, car0_.plate as plate2_2_0_, car0_.province_id as province7_2_0_, car0_.vin as vin3_2_0_, brand1_.brand_id as brand_id1_0_1_, brand1_.brand as brand2_0_1_, carseat2_.seat_id as seat_id1_3_2_, carseat2_.carseat as carseat2_3_2_, employee3_.employee_id as employee1_6_3_, employee3_.name as name2_6_3_, employee3_.password as password3_6_3_, employee3_.username as username4_6_3_, province4_.province_id as province1_16_4_, province4_.province as province2_16_4_ from car car0_ left outer join brand brand1_ on car0_.brand_id=brand1_.brand_id left outer join carseat carseat2_ on car0_.seat_id=carseat2_.seat_id left outer join employee employee3_ on car0_.employee_id=employee3_.employee_id left outer join plateprovince province4_ on car0_.province_id=province4_.province_id where car0_.car_id=?
Hibernate: select car0_.province_province_id as province1_17_0_, car0_.car_car_id as car_car_2_17_0_, car1_.car_id as car_id1_2_1_, car1_.brand_id as brand_id4_2_1_, car1_.seat_id as seat_id5_2_1_, car1_.employee_id as employee6_2_1_, car1_.plate as plate2_2_1_, car1_.province_id as province7_2_1_, car1_.vin as vin3_2_1_, brand2_.brand_id as brand_id1_0_2_, brand2_.brand as brand2_0_2_, carseat3_.seat_id as seat_id1_3_3_, carseat3_.carseat as carseat2_3_3_, employee4_.employee_id as employee1_6_4_, employee4_.name as name2_6_4_, employee4_.password as password3_6_4_, employee4_.username as username4_6_4_, province5_.province_id as province1_16_5_, province5_.province as province2_16_5_ from plateprovince_car car0_ inner join car car1_ on car0_.car_car_id=car1_.car_id left outer join brand brand2_ on car1_.brand_id=brand2_.brand_id left outer join carseat carseat3_ on car1_.seat_id=carseat3_.seat_id left outer join employee employee4_ on car1_.employee_id=employee4_.employee_id left outer join plateprovince province5_ on car1_.province_id=province5_.province_id where car0_.province_province_id=?
Hibernate: select car0_.carseat_seat_id as carseat_1_4_0_, car0_.car_car_id as car_car_2_4_0_, car1_.car_id as car_id1_2_1_, car1_.brand_id as brand_id4_2_1_, car1_.seat_id as seat_id5_2_1_, car1_.employee_id as employee6_2_1_, car1_.plate as plate2_2_1_, car1_.province_id as province7_2_1_, car1_.vin as vin3_2_1_, brand2_.brand_id as brand_id1_0_2_, brand2_.brand as brand2_0_2_, carseat3_.seat_id as seat_id1_3_3_, carseat3_.carseat as carseat2_3_3_, employee4_.employee_id as employee1_6_4_, employee4_.name as name2_6_4_, employee4_.password as password3_6_4_, employee4_.username as username4_6_4_, province5_.province_id as province1_16_5_, province5_.province as province2_16_5_ from carseat_car car0_ inner join car car1_ on car0_.car_car_id=car1_.car_id left outer join brand brand2_ on car1_.brand_id=brand2_.brand_id left outer join carseat carseat3_ on car1_.seat_id=carseat3_.seat_id left outer join employee employee4_ on car1_.employee_id=employee4_.employee_id left outer join plateprovince province5_ on car1_.province_id=province5_.province_id where car0_.carseat_seat_id=?
Hibernate: select car0_.brand_brand_id as brand_br1_1_0_, car0_.car_car_id as car_car_2_1_0_, car1_.car_id as car_id1_2_1_, car1_.brand_id as brand_id4_2_1_, car1_.seat_id as seat_id5_2_1_, car1_.employee_id as employee6_2_1_, car1_.plate as plate2_2_1_, car1_.province_id as province7_2_1_, car1_.vin as vin3_2_1_, brand2_.brand_id as brand_id1_0_2_, brand2_.brand as brand2_0_2_, carseat3_.seat_id as seat_id1_3_3_, carseat3_.carseat as carseat2_3_3_, employee4_.employee_id as employee1_6_4_, employee4_.name as name2_6_4_, employee4_.password as password3_6_4_, employee4_.username as username4_6_4_, province5_.province_id as province1_16_5_, province5_.province as province2_16_5_ from brand_car car0_ inner join car car1_ on car0_.car_car_id=car1_.car_id left outer join brand brand2_ on car1_.brand_id=brand2_.brand_id left outer join carseat carseat3_ on car1_.seat_id=carseat3_.seat_id left outer join employee employee4_ on car1_.employee_id=employee4_.employee_id left outer join plateprovince province5_ on car1_.province_id=province5_.province_id where car0_.brand_brand_id=?
Hibernate: select renttype0_.renttype_id as renttype1_19_0_, renttype0_.nametype as nametype2_19_0_, renttype0_.unitprice as unitpric3_19_0_ from renttype renttype0_ where renttype0_.renttype_id=?
Hibernate: select rent0_.rent_type_renttype_id as rent_typ1_20_0_, rent0_.rent_rent_car_id as rent_ren2_20_0_, rentcar1_.rent_car_id as rent_car1_18_1_, rentcar1_.employee_id as employee5_18_1_, rentcar1_.price as price2_18_1_, rentcar1_.rent_date as rent_dat3_18_1_, rentcar1_.customer_id as customer6_18_1_, rentcar1_.rentday as rentday4_18_1_, rentcar1_.car_id as car_id7_18_1_, rentcar1_.renttype_id as renttype8_18_1_, employee2_.employee_id as employee1_6_2_, employee2_.name as name2_6_2_, employee2_.password as password3_6_2_, employee2_.username as username4_6_2_, customer3_.customer_id as customer1_5_3_, customer3_.address as address2_5_3_, customer3_.age as age3_5_3_, customer3_.card_num as card_num4_5_3_, customer3_.employee as employee8_5_3_, customer3_.date as date5_5_3_, customer3_.name as name6_5_3_, customer3_.tel as tel7_5_3_, customer3_.registype as registyp9_5_3_, customer3_.job as job10_5_3_, employee4_.employee_id as employee1_6_4_, employee4_.name as name2_6_4_, employee4_.password as password3_6_4_, employee4_.username as username4_6_4_, registype5_.regis_type_id as regis_ty1_23_5_, registype5_.type as type2_23_5_, job6_.job_id as job_id1_8_6_, job6_.job as job2_8_6_, car7_.car_id as car_id1_2_7_, car7_.brand_id as brand_id4_2_7_, car7_.seat_id as seat_id5_2_7_, car7_.employee_id as employee6_2_7_, car7_.plate as plate2_2_7_, car7_.province_id as province7_2_7_, car7_.vin as vin3_2_7_, brand8_.brand_id as brand_id1_0_8_, brand8_.brand as brand2_0_8_, carseat9_.seat_id as seat_id1_3_9_, carseat9_.carseat as carseat2_3_9_, employee10_.employee_id as employee1_6_10_, employee10_.name as name2_6_10_, employee10_.password as password3_6_10_, employee10_.username as username4_6_10_, province11_.province_id as province1_16_11_, province11_.province as province2_16_11_, renttype12_.renttype_id as renttype1_19_12_, renttype12_.nametype as nametype2_19_12_, renttype12_.unitprice as unitpric3_19_12_ from renttype_rent rent0_ inner join rent_car rentcar1_ on rent0_.rent_rent_car_id=rentcar1_.rent_car_id inner join employee employee2_ on rentcar1_.employee_id=employee2_.employee_id inner join customer customer3_ on rentcar1_.customer_id=customer3_.customer_id left outer join employee employee4_ on customer3_.employee=employee4_.employee_id left outer join resgistype registype5_ on customer3_.registype=registype5_.regis_type_id left outer join job job6_ on customer3_.job=job6_.job_id inner join car car7_ on rentcar1_.car_id=car7_.car_id left outer join brand brand8_ on car7_.brand_id=brand8_.brand_id left outer join carseat carseat9_ on car7_.seat_id=carseat9_.seat_id left outer join employee employee10_ on car7_.employee_id=employee10_.employee_id left outer join plateprovince province11_ on car7_.province_id=province11_.province_id inner join renttype renttype12_ on rentcar1_.renttype_id=renttype12_.renttype_id where rent0_.rent_type_renttype_id=?

=======================================

Test price Must Be Max

=======================================

<<<<<<< HEAD
2020-02-05 23:58:49.478  INFO 2420 --- [    Test worker] o.s.t.c.transaction.TransactionContext   : Rolled back transaction for test: [DefaultTestContext@4bae3d89 testClass = RentCarTest, testInstance = com.cpe.backend.RentCarTest@20e64645, testMethod = b6004804_test_PriceMustBeMax@RentCarTest, testException = [null], mergedContextConfiguration = [MergedContextConfiguration@20536c91 testClass = RentCarTest, locations = '{}', classes = '{class com.cpe.backend.BackendApplication}', contextInitializerClasses = '[]', activeProfiles = '{}', propertySourceLocations = '{}', propertySourceProperties = '{org.springframework.boot.test.autoconfigure.orm.jpa.DataJpaTestContextBootstrapper=true}', contextCustomizers = set[org.springframework.boot.test.autoconfigure.OverrideAutoConfigurationContextCustomizerFactory$DisableAutoConfigurationContextCustomizer@519ef83d, org.springframework.boot.test.autoconfigure.filter.TypeExcludeFiltersContextCustomizer@351584c0, org.springframework.boot.test.autoconfigure.properties.PropertyMappingContextCustomizer@4de046bd, org.springframework.boot.test.autoconfigure.web.servlet.WebDriverContextCustomizerFactory$Customizer@2068602d, [ImportsContextCustomizer@29b2d49 key = [org.springframework.boot.autoconfigure.cache.CacheAutoConfiguration, org.springframework.boot.autoconfigure.data.jpa.JpaRepositoriesAutoConfiguration, org.springframework.boot.autoconfigure.flyway.FlywayAutoConfiguration, org.springframework.boot.autoconfigure.jdbc.DataSourceAutoConfiguration, org.springframework.boot.autoconfigure.jdbc.DataSourceTransactionManagerAutoConfiguration, org.springframework.boot.autoconfigure.jdbc.JdbcTemplateAutoConfiguration, org.springframework.boot.autoconfigure.liquibase.LiquibaseAutoConfiguration, org.springframework.boot.autoconfigure.orm.jpa.HibernateJpaAutoConfiguration, org.springframework.boot.autoconfigure.transaction.TransactionAutoConfiguration, org.springframework.boot.test.autoconfigure.jdbc.TestDatabaseAutoConfiguration, org.springframework.boot.test.autoconfigure.orm.jpa.TestEntityManagerAutoConfiguration]], org.springframework.boot.test.context.filter.ExcludeFilterContextCustomizer@18486d60, org.springframework.boot.test.json.DuplicateJsonObjectContextCustomizerFactory$DuplicateJsonObjectContextCustomizer@5a267fa8, org.springframework.boot.test.mock.mockito.MockitoContextCustomizer@0], contextLoader = 'org.springframework.boot.test.context.SpringBootContextLoader', parent = [null]], attributes = map[[empty]]]
2020-02-05 23:58:49.484  INFO 2420 --- [    Test worker] o.s.t.c.transaction.TransactionContext   : Began transaction (1) for test context [DefaultTestContext@4bae3d89 testClass = RentCarTest, testInstance = com.cpe.backend.RentCarTest@6d57853f, testMethod = b6004804_test_PriceMustBeMin@RentCarTest, testException = [null], mergedContextConfiguration = [MergedContextConfiguration@20536c91 testClass = RentCarTest, locations = '{}', classes = '{class com.cpe.backend.BackendApplication}', contextInitializerClasses = '[]', activeProfiles = '{}', propertySourceLocations = '{}', propertySourceProperties = '{org.springframework.boot.test.autoconfigure.orm.jpa.DataJpaTestContextBootstrapper=true}', contextCustomizers = set[org.springframework.boot.test.autoconfigure.OverrideAutoConfigurationContextCustomizerFactory$DisableAutoConfigurationContextCustomizer@519ef83d, org.springframework.boot.test.autoconfigure.filter.TypeExcludeFiltersContextCustomizer@351584c0, org.springframework.boot.test.autoconfigure.properties.PropertyMappingContextCustomizer@4de046bd, org.springframework.boot.test.autoconfigure.web.servlet.WebDriverContextCustomizerFactory$Customizer@2068602d, [ImportsContextCustomizer@29b2d49 key = [org.springframework.boot.autoconfigure.cache.CacheAutoConfiguration, org.springframework.boot.autoconfigure.data.jpa.JpaRepositoriesAutoConfiguration, org.springframework.boot.autoconfigure.flyway.FlywayAutoConfiguration, org.springframework.boot.autoconfigure.jdbc.DataSourceAutoConfiguration, org.springframework.boot.autoconfigure.jdbc.DataSourceTransactionManagerAutoConfiguration, org.springframework.boot.autoconfigure.jdbc.JdbcTemplateAutoConfiguration, org.springframework.boot.autoconfigure.liquibase.LiquibaseAutoConfiguration, org.springframework.boot.autoconfigure.orm.jpa.HibernateJpaAutoConfiguration, org.springframework.boot.autoconfigure.transaction.TransactionAutoConfiguration, org.springframework.boot.test.autoconfigure.jdbc.TestDatabaseAutoConfiguration, org.springframework.boot.test.autoconfigure.orm.jpa.TestEntityManagerAutoConfiguration]], org.springframework.boot.test.context.filter.ExcludeFilterContextCustomizer@18486d60, org.springframework.boot.test.json.DuplicateJsonObjectContextCustomizerFactory$DuplicateJsonObjectContextCustomizer@5a267fa8, org.springframework.boot.test.mock.mockito.MockitoContextCustomizer@0], contextLoader = 'org.springframework.boot.test.context.SpringBootContextLoader', parent = [null]], attributes = map[[empty]]]; transaction manager [org.springframework.orm.jpa.JpaTransactionManager@16cc0635]; rollback [true]
Hibernate: select customer0_.customer_id as customer1_5_0_, customer0_.address as address2_5_0_, customer0_.age as age3_5_0_, customer0_.card_num as card_num4_5_0_, customer0_.employee as employee8_5_0_, customer0_.date as date5_5_0_, customer0_.name as name6_5_0_, customer0_.tel as tel7_5_0_, customer0_.registype as registyp9_5_0_, customer0_.job as job10_5_0_, employee1_.employee_id as employee1_6_1_, employee1_.name as name2_6_1_, employee1_.password as password3_6_1_, employee1_.username as username4_6_1_, registype2_.regis_type_id as regis_ty1_23_2_, registype2_.type as type2_23_2_, cus3_.regis_type_regis_type_id as regis_ty1_24_3_, customer4_.customer_id as cus_cust2_24_3_, customer4_.customer_id as customer1_5_4_, customer4_.address as address2_5_4_, customer4_.age as age3_5_4_, customer4_.card_num as card_num4_5_4_, customer4_.employee as employee8_5_4_, customer4_.date as date5_5_4_, customer4_.name as name6_5_4_, customer4_.tel as tel7_5_4_, customer4_.registype as registyp9_5_4_, customer4_.job as job10_5_4_, job5_.job_id as job_id1_8_5_, job5_.job as job2_8_5_, cus6_.job_job_id as job_job_1_9_6_, customer7_.customer_id as cus_cust2_9_6_, customer7_.customer_id as customer1_5_7_, customer7_.address as address2_5_7_, customer7_.age as age3_5_7_, customer7_.card_num as card_num4_5_7_, customer7_.employee as employee8_5_7_, customer7_.date as date5_5_7_, customer7_.name as name6_5_7_, customer7_.tel as tel7_5_7_, customer7_.registype as registyp9_5_7_, customer7_.job as job10_5_7_ from customer customer0_ left outer join employee employee1_ on customer0_.employee=employee1_.employee_id left outer join resgistype registype2_ on customer0_.registype=registype2_.regis_type_id left outer join resgistype_cus cus3_ on registype2_.regis_type_id=cus3_.regis_type_regis_type_id left outer join customer customer4_ on cus3_.cus_customer_id=customer4_.customer_id left outer join job job5_ on customer4_.job=job5_.job_id left outer join job_cus cus6_ on job5_.job_id=cus6_.job_job_id left outer join customer customer7_ on cus6_.cus_customer_id=customer7_.customer_id where customer0_.customer_id=?
Hibernate: select job0_.job_id as job_id1_8_0_, job0_.job as job2_8_0_, cus1_.job_job_id as job_job_1_9_1_, customer2_.customer_id as cus_cust2_9_1_, customer2_.customer_id as customer1_5_2_, customer2_.address as address2_5_2_, customer2_.age as age3_5_2_, customer2_.card_num as card_num4_5_2_, customer2_.employee as employee8_5_2_, customer2_.date as date5_5_2_, customer2_.name as name6_5_2_, customer2_.tel as tel7_5_2_, customer2_.registype as registyp9_5_2_, customer2_.job as job10_5_2_, employee3_.employee_id as employee1_6_3_, employee3_.name as name2_6_3_, employee3_.password as password3_6_3_, employee3_.username as username4_6_3_, registype4_.regis_type_id as regis_ty1_23_4_, registype4_.type as type2_23_4_, cus5_.regis_type_regis_type_id as regis_ty1_24_5_, customer6_.customer_id as cus_cust2_24_5_, customer6_.customer_id as customer1_5_6_, customer6_.address as address2_5_6_, customer6_.age as age3_5_6_, customer6_.card_num as card_num4_5_6_, customer6_.employee as employee8_5_6_, customer6_.date as date5_5_6_, customer6_.name as name6_5_6_, customer6_.tel as tel7_5_6_, customer6_.registype as registyp9_5_6_, customer6_.job as job10_5_6_, job7_.job_id as job_id1_8_7_, job7_.job as job2_8_7_ from job job0_ left outer join job_cus cus1_ on job0_.job_id=cus1_.job_job_id left outer join customer customer2_ on cus1_.cus_customer_id=customer2_.customer_id left outer join employee employee3_ on customer2_.employee=employee3_.employee_id left outer join resgistype registype4_ on customer2_.registype=registype4_.regis_type_id left outer join resgistype_cus cus5_ on registype4_.regis_type_id=cus5_.regis_type_regis_type_id left outer join customer customer6_ on cus5_.cus_customer_id=customer6_.customer_id left outer join job job7_ on customer6_.job=job7_.job_id where job0_.job_id=?
Hibernate: select rent0_.employee_employee_id as employee1_7_0_, rent0_.rent_rent_car_id as rent_ren2_7_0_, rentcar1_.rent_car_id as rent_car1_18_1_, rentcar1_.employee_id as employee5_18_1_, rentcar1_.price as price2_18_1_, rentcar1_.rent_date as rent_dat3_18_1_, rentcar1_.customer_id as customer6_18_1_, rentcar1_.rentday as rentday4_18_1_, rentcar1_.car_id as car_id7_18_1_, rentcar1_.renttype_id as renttype8_18_1_, employee2_.employee_id as employee1_6_2_, employee2_.name as name2_6_2_, employee2_.password as password3_6_2_, employee2_.username as username4_6_2_, customer3_.customer_id as customer1_5_3_, customer3_.address as address2_5_3_, customer3_.age as age3_5_3_, customer3_.card_num as card_num4_5_3_, customer3_.employee as employee8_5_3_, customer3_.date as date5_5_3_, customer3_.name as name6_5_3_, customer3_.tel as tel7_5_3_, customer3_.registype as registyp9_5_3_, customer3_.job as job10_5_3_, employee4_.employee_id as employee1_6_4_, employee4_.name as name2_6_4_, employee4_.password as password3_6_4_, employee4_.username as username4_6_4_, registype5_.regis_type_id as regis_ty1_23_5_, registype5_.type as type2_23_5_, job6_.job_id as job_id1_8_6_, job6_.job as job2_8_6_, car7_.car_id as car_id1_2_7_, car7_.brand_id as brand_id4_2_7_, car7_.seat_id as seat_id5_2_7_, car7_.employee_id as employee6_2_7_, car7_.plate as plate2_2_7_, car7_.province_id as province7_2_7_, car7_.vin as vin3_2_7_, brand8_.brand_id as brand_id1_0_8_, brand8_.brand as brand2_0_8_, carseat9_.seat_id as seat_id1_3_9_, carseat9_.carseat as carseat2_3_9_, employee10_.employee_id as employee1_6_10_, employee10_.name as name2_6_10_, employee10_.password as password3_6_10_, employee10_.username as username4_6_10_, province11_.province_id as province1_16_11_, province11_.province as province2_16_11_, renttype12_.renttype_id as renttype1_19_12_, renttype12_.nametype as nametype2_19_12_, renttype12_.unitprice as unitpric3_19_12_ from employee_rent rent0_ inner join rent_car rentcar1_ on rent0_.rent_rent_car_id=rentcar1_.rent_car_id inner join employee employee2_ on rentcar1_.employee_id=employee2_.employee_id inner join customer customer3_ on rentcar1_.customer_id=customer3_.customer_id left outer join employee employee4_ on customer3_.employee=employee4_.employee_id left outer join resgistype registype5_ on customer3_.registype=registype5_.regis_type_id left outer join job job6_ on customer3_.job=job6_.job_id inner join car car7_ on rentcar1_.car_id=car7_.car_id left outer join brand brand8_ on car7_.brand_id=brand8_.brand_id left outer join carseat carseat9_ on car7_.seat_id=carseat9_.seat_id left outer join employee employee10_ on car7_.employee_id=employee10_.employee_id left outer join plateprovince province11_ on car7_.province_id=province11_.province_id inner join renttype renttype12_ on rentcar1_.renttype_id=renttype12_.renttype_id where rent0_.employee_employee_id=?
=======
2020-02-04 22:32:03.974  INFO 12676 --- [    Test worker] o.s.t.c.transaction.TransactionContext   : Rolled back transaction for test: [DefaultTestContext@34a7ce02 testClass = RentCarTest, testInstance = com.cpe.backend.RentCarTest@4c1ac66e, testMethod = b6004804_test_PriceMustBeMax@RentCarTest, testException = [null], mergedContextConfiguration = [MergedContextConfiguration@232dbdde testClass = RentCarTest, locations = '{}', classes = '{class com.cpe.backend.BackendApplication}', contextInitializerClasses = '[]', activeProfiles = '{}', propertySourceLocations = '{}', propertySourceProperties = '{org.springframework.boot.test.autoconfigure.orm.jpa.DataJpaTestContextBootstrapper=true}', contextCustomizers = set[org.springframework.boot.test.autoconfigure.OverrideAutoConfigurationContextCustomizerFactory$DisableAutoConfigurationContextCustomizer@613520e1, org.springframework.boot.test.autoconfigure.filter.TypeExcludeFiltersContextCustomizer@351584c0, org.springframework.boot.test.autoconfigure.properties.PropertyMappingContextCustomizer@21896434, org.springframework.boot.test.autoconfigure.web.servlet.WebDriverContextCustomizerFactory$Customizer@9a30f15, [ImportsContextCustomizer@23c35f4 key = [org.springframework.boot.autoconfigure.cache.CacheAutoConfiguration, org.springframework.boot.autoconfigure.data.jpa.JpaRepositoriesAutoConfiguration, org.springframework.boot.autoconfigure.flyway.FlywayAutoConfiguration, org.springframework.boot.autoconfigure.jdbc.DataSourceAutoConfiguration, org.springframework.boot.autoconfigure.jdbc.DataSourceTransactionManagerAutoConfiguration, org.springframework.boot.autoconfigure.jdbc.JdbcTemplateAutoConfiguration, org.springframework.boot.autoconfigure.liquibase.LiquibaseAutoConfiguration, org.springframework.boot.autoconfigure.orm.jpa.HibernateJpaAutoConfiguration, org.springframework.boot.autoconfigure.transaction.TransactionAutoConfiguration, org.springframework.boot.test.autoconfigure.jdbc.TestDatabaseAutoConfiguration, org.springframework.boot.test.autoconfigure.orm.jpa.TestEntityManagerAutoConfiguration]], org.springframework.boot.test.context.filter.ExcludeFilterContextCustomizer@23782f0d, org.springframework.boot.test.json.DuplicateJsonObjectContextCustomizerFactory$DuplicateJsonObjectContextCustomizer@4749f795, org.springframework.boot.test.mock.mockito.MockitoContextCustomizer@0], contextLoader = 'org.springframework.boot.test.context.SpringBootContextLoader', parent = [null]], attributes = map[[empty]]]
2020-02-04 22:32:03.982  INFO 12676 --- [    Test worker] o.s.t.c.transaction.TransactionContext   : Began transaction (1) for test context [DefaultTestContext@34a7ce02 testClass = RentCarTest, testInstance = com.cpe.backend.RentCarTest@3dec695b, testMethod = b6004804_test_PriceMustBeMin@RentCarTest, testException = [null], mergedContextConfiguration = [MergedContextConfiguration@232dbdde testClass = RentCarTest, locations = '{}', classes = '{class com.cpe.backend.BackendApplication}', contextInitializerClasses = '[]', activeProfiles = '{}', propertySourceLocations = '{}', propertySourceProperties = '{org.springframework.boot.test.autoconfigure.orm.jpa.DataJpaTestContextBootstrapper=true}', contextCustomizers = set[org.springframework.boot.test.autoconfigure.OverrideAutoConfigurationContextCustomizerFactory$DisableAutoConfigurationContextCustomizer@613520e1, org.springframework.boot.test.autoconfigure.filter.TypeExcludeFiltersContextCustomizer@351584c0, org.springframework.boot.test.autoconfigure.properties.PropertyMappingContextCustomizer@21896434, org.springframework.boot.test.autoconfigure.web.servlet.WebDriverContextCustomizerFactory$Customizer@9a30f15, [ImportsContextCustomizer@23c35f4 key = [org.springframework.boot.autoconfigure.cache.CacheAutoConfiguration, org.springframework.boot.autoconfigure.data.jpa.JpaRepositoriesAutoConfiguration, org.springframework.boot.autoconfigure.flyway.FlywayAutoConfiguration, org.springframework.boot.autoconfigure.jdbc.DataSourceAutoConfiguration, org.springframework.boot.autoconfigure.jdbc.DataSourceTransactionManagerAutoConfiguration, org.springframework.boot.autoconfigure.jdbc.JdbcTemplateAutoConfiguration, org.springframework.boot.autoconfigure.liquibase.LiquibaseAutoConfiguration, org.springframework.boot.autoconfigure.orm.jpa.HibernateJpaAutoConfiguration, org.springframework.boot.autoconfigure.transaction.TransactionAutoConfiguration, org.springframework.boot.test.autoconfigure.jdbc.TestDatabaseAutoConfiguration, org.springframework.boot.test.autoconfigure.orm.jpa.TestEntityManagerAutoConfiguration]], org.springframework.boot.test.context.filter.ExcludeFilterContextCustomizer@23782f0d, org.springframework.boot.test.json.DuplicateJsonObjectContextCustomizerFactory$DuplicateJsonObjectContextCustomizer@4749f795, org.springframework.boot.test.mock.mockito.MockitoContextCustomizer@0], contextLoader = 'org.springframework.boot.test.context.SpringBootContextLoader', parent = [null]], attributes = map[[empty]]]; transaction manager [org.springframework.orm.jpa.JpaTransactionManager@34d55a52]; rollback [true]
Hibernate: select customer0_.customer_id as customer1_5_0_, customer0_.address as address2_5_0_, customer0_.age as age3_5_0_, customer0_.employee as employee8_5_0_, customer0_.date as date4_5_0_, customer0_.name as name5_5_0_, customer0_.num_id as num_id6_5_0_, customer0_.tel as tel7_5_0_, customer0_.registype as registyp9_5_0_, customer0_.job as job10_5_0_, employee1_.employee_id as employee1_6_1_, employee1_.name as name2_6_1_, employee1_.password as password3_6_1_, employee1_.username as username4_6_1_, registype2_.regis_type_id as regis_ty1_23_2_, registype2_.type as type2_23_2_, cus3_.regis_type_regis_type_id as regis_ty1_24_3_, customer4_.customer_id as cus_cust2_24_3_, customer4_.customer_id as customer1_5_4_, customer4_.address as address2_5_4_, customer4_.age as age3_5_4_, customer4_.employee as employee8_5_4_, customer4_.date as date4_5_4_, customer4_.name as name5_5_4_, customer4_.num_id as num_id6_5_4_, customer4_.tel as tel7_5_4_, customer4_.registype as registyp9_5_4_, customer4_.job as job10_5_4_, job5_.job_id as job_id1_8_5_, job5_.job as job2_8_5_, cus6_.job_job_id as job_job_1_9_6_, customer7_.customer_id as cus_cust2_9_6_, customer7_.customer_id as customer1_5_7_, customer7_.address as address2_5_7_, customer7_.age as age3_5_7_, customer7_.employee as employee8_5_7_, customer7_.date as date4_5_7_, customer7_.name as name5_5_7_, customer7_.num_id as num_id6_5_7_, customer7_.tel as tel7_5_7_, customer7_.registype as registyp9_5_7_, customer7_.job as job10_5_7_ from customer customer0_ left outer join employee employee1_ on customer0_.employee=employee1_.employee_id left outer join resgistype registype2_ on customer0_.registype=registype2_.regis_type_id left outer join resgistype_cus cus3_ on registype2_.regis_type_id=cus3_.regis_type_regis_type_id left outer join customer customer4_ on cus3_.cus_customer_id=customer4_.customer_id left outer join job job5_ on customer4_.job=job5_.job_id left outer join job_cus cus6_ on job5_.job_id=cus6_.job_job_id left outer join customer customer7_ on cus6_.cus_customer_id=customer7_.customer_id where customer0_.customer_id=?
Hibernate: select job0_.job_id as job_id1_8_0_, job0_.job as job2_8_0_, cus1_.job_job_id as job_job_1_9_1_, customer2_.customer_id as cus_cust2_9_1_, customer2_.customer_id as customer1_5_2_, customer2_.address as address2_5_2_, customer2_.age as age3_5_2_, customer2_.employee as employee8_5_2_, customer2_.date as date4_5_2_, customer2_.name as name5_5_2_, customer2_.num_id as num_id6_5_2_, customer2_.tel as tel7_5_2_, customer2_.registype as registyp9_5_2_, customer2_.job as job10_5_2_, employee3_.employee_id as employee1_6_3_, employee3_.name as name2_6_3_, employee3_.password as password3_6_3_, employee3_.username as username4_6_3_, registype4_.regis_type_id as regis_ty1_23_4_, registype4_.type as type2_23_4_, cus5_.regis_type_regis_type_id as regis_ty1_24_5_, customer6_.customer_id as cus_cust2_24_5_, customer6_.customer_id as customer1_5_6_, customer6_.address as address2_5_6_, customer6_.age as age3_5_6_, customer6_.employee as employee8_5_6_, customer6_.date as date4_5_6_, customer6_.name as name5_5_6_, customer6_.num_id as num_id6_5_6_, customer6_.tel as tel7_5_6_, customer6_.registype as registyp9_5_6_, customer6_.job as job10_5_6_, job7_.job_id as job_id1_8_7_, job7_.job as job2_8_7_ from job job0_ left outer join job_cus cus1_ on job0_.job_id=cus1_.job_job_id left outer join customer customer2_ on cus1_.cus_customer_id=customer2_.customer_id left outer join employee employee3_ on customer2_.employee=employee3_.employee_id left outer join resgistype registype4_ on customer2_.registype=registype4_.regis_type_id left outer join resgistype_cus cus5_ on registype4_.regis_type_id=cus5_.regis_type_regis_type_id left outer join customer customer6_ on cus5_.cus_customer_id=customer6_.customer_id left outer join job job7_ on customer6_.job=job7_.job_id where job0_.job_id=?
Hibernate: select rent0_.employee_employee_id as employee1_7_0_, rent0_.rent_rent_car_id as rent_ren2_7_0_, rentcar1_.rent_car_id as rent_car1_18_1_, rentcar1_.employee_id as employee5_18_1_, rentcar1_.price as price2_18_1_, rentcar1_.rent_date as rent_dat3_18_1_, rentcar1_.customer_id as customer6_18_1_, rentcar1_.rentday as rentday4_18_1_, rentcar1_.car_id as car_id7_18_1_, rentcar1_.renttype_id as renttype8_18_1_, employee2_.employee_id as employee1_6_2_, employee2_.name as name2_6_2_, employee2_.password as password3_6_2_, employee2_.username as username4_6_2_, customer3_.customer_id as customer1_5_3_, customer3_.address as address2_5_3_, customer3_.age as age3_5_3_, customer3_.employee as employee8_5_3_, customer3_.date as date4_5_3_, customer3_.name as name5_5_3_, customer3_.num_id as num_id6_5_3_, customer3_.tel as tel7_5_3_, customer3_.registype as registyp9_5_3_, customer3_.job as job10_5_3_, employee4_.employee_id as employee1_6_4_, employee4_.name as name2_6_4_, employee4_.password as password3_6_4_, employee4_.username as username4_6_4_, registype5_.regis_type_id as regis_ty1_23_5_, registype5_.type as type2_23_5_, job6_.job_id as job_id1_8_6_, job6_.job as job2_8_6_, car7_.car_id as car_id1_2_7_, car7_.brand_id as brand_id4_2_7_, car7_.seat_id as seat_id5_2_7_, car7_.employee_id as employee6_2_7_, car7_.plate as plate2_2_7_, car7_.province_id as province7_2_7_, car7_.vin as vin3_2_7_, brand8_.brand_id as brand_id1_0_8_, brand8_.brand as brand2_0_8_, carseat9_.seat_id as seat_id1_3_9_, carseat9_.carseat as carseat2_3_9_, employee10_.employee_id as employee1_6_10_, employee10_.name as name2_6_10_, employee10_.password as password3_6_10_, employee10_.username as username4_6_10_, province11_.province_id as province1_16_11_, province11_.province as province2_16_11_, renttype12_.renttype_id as renttype1_19_12_, renttype12_.nametype as nametype2_19_12_, renttype12_.unitprice as unitpric3_19_12_ from employee_rent rent0_ inner join rent_car rentcar1_ on rent0_.rent_rent_car_id=rentcar1_.rent_car_id left outer join employee employee2_ on rentcar1_.employee_id=employee2_.employee_id left outer join customer customer3_ on rentcar1_.customer_id=customer3_.customer_id left outer join employee employee4_ on customer3_.employee=employee4_.employee_id left outer join resgistype registype5_ on customer3_.registype=registype5_.regis_type_id left outer join job job6_ on customer3_.job=job6_.job_id left outer join car car7_ on rentcar1_.car_id=car7_.car_id left outer join brand brand8_ on car7_.brand_id=brand8_.brand_id left outer join carseat carseat9_ on car7_.seat_id=carseat9_.seat_id left outer join employee employee10_ on car7_.employee_id=employee10_.employee_id left outer join plateprovince province11_ on car7_.province_id=province11_.province_id left outer join renttype renttype12_ on rentcar1_.renttype_id=renttype12_.renttype_id where rent0_.employee_employee_id=?
>>>>>>> issue-147
Hibernate: select car0_.car_id as car_id1_2_0_, car0_.brand_id as brand_id4_2_0_, car0_.seat_id as seat_id5_2_0_, car0_.employee_id as employee6_2_0_, car0_.plate as plate2_2_0_, car0_.province_id as province7_2_0_, car0_.vin as vin3_2_0_, brand1_.brand_id as brand_id1_0_1_, brand1_.brand as brand2_0_1_, carseat2_.seat_id as seat_id1_3_2_, carseat2_.carseat as carseat2_3_2_, employee3_.employee_id as employee1_6_3_, employee3_.name as name2_6_3_, employee3_.password as password3_6_3_, employee3_.username as username4_6_3_, province4_.province_id as province1_16_4_, province4_.province as province2_16_4_ from car car0_ left outer join brand brand1_ on car0_.brand_id=brand1_.brand_id left outer join carseat carseat2_ on car0_.seat_id=carseat2_.seat_id left outer join employee employee3_ on car0_.employee_id=employee3_.employee_id left outer join plateprovince province4_ on car0_.province_id=province4_.province_id where car0_.car_id=?
Hibernate: select car0_.province_province_id as province1_17_0_, car0_.car_car_id as car_car_2_17_0_, car1_.car_id as car_id1_2_1_, car1_.brand_id as brand_id4_2_1_, car1_.seat_id as seat_id5_2_1_, car1_.employee_id as employee6_2_1_, car1_.plate as plate2_2_1_, car1_.province_id as province7_2_1_, car1_.vin as vin3_2_1_, brand2_.brand_id as brand_id1_0_2_, brand2_.brand as brand2_0_2_, carseat3_.seat_id as seat_id1_3_3_, carseat3_.carseat as carseat2_3_3_, employee4_.employee_id as employee1_6_4_, employee4_.name as name2_6_4_, employee4_.password as password3_6_4_, employee4_.username as username4_6_4_, province5_.province_id as province1_16_5_, province5_.province as province2_16_5_ from plateprovince_car car0_ inner join car car1_ on car0_.car_car_id=car1_.car_id left outer join brand brand2_ on car1_.brand_id=brand2_.brand_id left outer join carseat carseat3_ on car1_.seat_id=carseat3_.seat_id left outer join employee employee4_ on car1_.employee_id=employee4_.employee_id left outer join plateprovince province5_ on car1_.province_id=province5_.province_id where car0_.province_province_id=?
Hibernate: select car0_.carseat_seat_id as carseat_1_4_0_, car0_.car_car_id as car_car_2_4_0_, car1_.car_id as car_id1_2_1_, car1_.brand_id as brand_id4_2_1_, car1_.seat_id as seat_id5_2_1_, car1_.employee_id as employee6_2_1_, car1_.plate as plate2_2_1_, car1_.province_id as province7_2_1_, car1_.vin as vin3_2_1_, brand2_.brand_id as brand_id1_0_2_, brand2_.brand as brand2_0_2_, carseat3_.seat_id as seat_id1_3_3_, carseat3_.carseat as carseat2_3_3_, employee4_.employee_id as employee1_6_4_, employee4_.name as name2_6_4_, employee4_.password as password3_6_4_, employee4_.username as username4_6_4_, province5_.province_id as province1_16_5_, province5_.province as province2_16_5_ from carseat_car car0_ inner join car car1_ on car0_.car_car_id=car1_.car_id left outer join brand brand2_ on car1_.brand_id=brand2_.brand_id left outer join carseat carseat3_ on car1_.seat_id=carseat3_.seat_id left outer join employee employee4_ on car1_.employee_id=employee4_.employee_id left outer join plateprovince province5_ on car1_.province_id=province5_.province_id where car0_.carseat_seat_id=?
Hibernate: select car0_.brand_brand_id as brand_br1_1_0_, car0_.car_car_id as car_car_2_1_0_, car1_.car_id as car_id1_2_1_, car1_.brand_id as brand_id4_2_1_, car1_.seat_id as seat_id5_2_1_, car1_.employee_id as employee6_2_1_, car1_.plate as plate2_2_1_, car1_.province_id as province7_2_1_, car1_.vin as vin3_2_1_, brand2_.brand_id as brand_id1_0_2_, brand2_.brand as brand2_0_2_, carseat3_.seat_id as seat_id1_3_3_, carseat3_.carseat as carseat2_3_3_, employee4_.employee_id as employee1_6_4_, employee4_.name as name2_6_4_, employee4_.password as password3_6_4_, employee4_.username as username4_6_4_, province5_.province_id as province1_16_5_, province5_.province as province2_16_5_ from brand_car car0_ inner join car car1_ on car0_.car_car_id=car1_.car_id left outer join brand brand2_ on car1_.brand_id=brand2_.brand_id left outer join carseat carseat3_ on car1_.seat_id=carseat3_.seat_id left outer join employee employee4_ on car1_.employee_id=employee4_.employee_id left outer join plateprovince province5_ on car1_.province_id=province5_.province_id where car0_.brand_brand_id=?
Hibernate: select renttype0_.renttype_id as renttype1_19_0_, renttype0_.nametype as nametype2_19_0_, renttype0_.unitprice as unitpric3_19_0_ from renttype renttype0_ where renttype0_.renttype_id=?
Hibernate: select rent0_.rent_type_renttype_id as rent_typ1_20_0_, rent0_.rent_rent_car_id as rent_ren2_20_0_, rentcar1_.rent_car_id as rent_car1_18_1_, rentcar1_.employee_id as employee5_18_1_, rentcar1_.price as price2_18_1_, rentcar1_.rent_date as rent_dat3_18_1_, rentcar1_.customer_id as customer6_18_1_, rentcar1_.rentday as rentday4_18_1_, rentcar1_.car_id as car_id7_18_1_, rentcar1_.renttype_id as renttype8_18_1_, employee2_.employee_id as employee1_6_2_, employee2_.name as name2_6_2_, employee2_.password as password3_6_2_, employee2_.username as username4_6_2_, customer3_.customer_id as customer1_5_3_, customer3_.address as address2_5_3_, customer3_.age as age3_5_3_, customer3_.card_num as card_num4_5_3_, customer3_.employee as employee8_5_3_, customer3_.date as date5_5_3_, customer3_.name as name6_5_3_, customer3_.tel as tel7_5_3_, customer3_.registype as registyp9_5_3_, customer3_.job as job10_5_3_, employee4_.employee_id as employee1_6_4_, employee4_.name as name2_6_4_, employee4_.password as password3_6_4_, employee4_.username as username4_6_4_, registype5_.regis_type_id as regis_ty1_23_5_, registype5_.type as type2_23_5_, job6_.job_id as job_id1_8_6_, job6_.job as job2_8_6_, car7_.car_id as car_id1_2_7_, car7_.brand_id as brand_id4_2_7_, car7_.seat_id as seat_id5_2_7_, car7_.employee_id as employee6_2_7_, car7_.plate as plate2_2_7_, car7_.province_id as province7_2_7_, car7_.vin as vin3_2_7_, brand8_.brand_id as brand_id1_0_8_, brand8_.brand as brand2_0_8_, carseat9_.seat_id as seat_id1_3_9_, carseat9_.carseat as carseat2_3_9_, employee10_.employee_id as employee1_6_10_, employee10_.name as name2_6_10_, employee10_.password as password3_6_10_, employee10_.username as username4_6_10_, province11_.province_id as province1_16_11_, province11_.province as province2_16_11_, renttype12_.renttype_id as renttype1_19_12_, renttype12_.nametype as nametype2_19_12_, renttype12_.unitprice as unitpric3_19_12_ from renttype_rent rent0_ inner join rent_car rentcar1_ on rent0_.rent_rent_car_id=rentcar1_.rent_car_id inner join employee employee2_ on rentcar1_.employee_id=employee2_.employee_id inner join customer customer3_ on rentcar1_.customer_id=customer3_.customer_id left outer join employee employee4_ on customer3_.employee=employee4_.employee_id left outer join resgistype registype5_ on customer3_.registype=registype5_.regis_type_id left outer join job job6_ on customer3_.job=job6_.job_id inner join car car7_ on rentcar1_.car_id=car7_.car_id left outer join brand brand8_ on car7_.brand_id=brand8_.brand_id left outer join carseat carseat9_ on car7_.seat_id=carseat9_.seat_id left outer join employee employee10_ on car7_.employee_id=employee10_.employee_id left outer join plateprovince province11_ on car7_.province_id=province11_.province_id inner join renttype renttype12_ on rentcar1_.renttype_id=renttype12_.renttype_id where rent0_.rent_type_renttype_id=?

==========================================

Test price Must Be Min

==========================================

<<<<<<< HEAD
2020-02-05 23:58:49.551  INFO 2420 --- [    Test worker] o.s.t.c.transaction.TransactionContext   : Rolled back transaction for test: [DefaultTestContext@4bae3d89 testClass = RentCarTest, testInstance = com.cpe.backend.RentCarTest@6d57853f, testMethod = b6004804_test_PriceMustBeMin@RentCarTest, testException = [null], mergedContextConfiguration = [MergedContextConfiguration@20536c91 testClass = RentCarTest, locations = '{}', classes = '{class com.cpe.backend.BackendApplication}', contextInitializerClasses = '[]', activeProfiles = '{}', propertySourceLocations = '{}', propertySourceProperties = '{org.springframework.boot.test.autoconfigure.orm.jpa.DataJpaTestContextBootstrapper=true}', contextCustomizers = set[org.springframework.boot.test.autoconfigure.OverrideAutoConfigurationContextCustomizerFactory$DisableAutoConfigurationContextCustomizer@519ef83d, org.springframework.boot.test.autoconfigure.filter.TypeExcludeFiltersContextCustomizer@351584c0, org.springframework.boot.test.autoconfigure.properties.PropertyMappingContextCustomizer@4de046bd, org.springframework.boot.test.autoconfigure.web.servlet.WebDriverContextCustomizerFactory$Customizer@2068602d, [ImportsContextCustomizer@29b2d49 key = [org.springframework.boot.autoconfigure.cache.CacheAutoConfiguration, org.springframework.boot.autoconfigure.data.jpa.JpaRepositoriesAutoConfiguration, org.springframework.boot.autoconfigure.flyway.FlywayAutoConfiguration, org.springframework.boot.autoconfigure.jdbc.DataSourceAutoConfiguration, org.springframework.boot.autoconfigure.jdbc.DataSourceTransactionManagerAutoConfiguration, org.springframework.boot.autoconfigure.jdbc.JdbcTemplateAutoConfiguration, org.springframework.boot.autoconfigure.liquibase.LiquibaseAutoConfiguration, org.springframework.boot.autoconfigure.orm.jpa.HibernateJpaAutoConfiguration, org.springframework.boot.autoconfigure.transaction.TransactionAutoConfiguration, org.springframework.boot.test.autoconfigure.jdbc.TestDatabaseAutoConfiguration, org.springframework.boot.test.autoconfigure.orm.jpa.TestEntityManagerAutoConfiguration]], org.springframework.boot.test.context.filter.ExcludeFilterContextCustomizer@18486d60, org.springframework.boot.test.json.DuplicateJsonObjectContextCustomizerFactory$DuplicateJsonObjectContextCustomizer@5a267fa8, org.springframework.boot.test.mock.mockito.MockitoContextCustomizer@0], contextLoader = 'org.springframework.boot.test.context.SpringBootContextLoader', parent = [null]], attributes = map[[empty]]]
2020-02-05 23:58:49.558  INFO 2420 --- [    Test worker] o.s.t.c.transaction.TransactionContext   : Began transaction (1) for test context [DefaultTestContext@4bae3d89 testClass = RentCarTest, testInstance = com.cpe.backend.RentCarTest@550d4073, testMethod = b6004804_test_TypeMustNotBeNull@RentCarTest, testException = [null], mergedContextConfiguration = [MergedContextConfiguration@20536c91 testClass = RentCarTest, locations = '{}', classes = '{class com.cpe.backend.BackendApplication}', contextInitializerClasses = '[]', activeProfiles = '{}', propertySourceLocations = '{}', propertySourceProperties = '{org.springframework.boot.test.autoconfigure.orm.jpa.DataJpaTestContextBootstrapper=true}', contextCustomizers = set[org.springframework.boot.test.autoconfigure.OverrideAutoConfigurationContextCustomizerFactory$DisableAutoConfigurationContextCustomizer@519ef83d, org.springframework.boot.test.autoconfigure.filter.TypeExcludeFiltersContextCustomizer@351584c0, org.springframework.boot.test.autoconfigure.properties.PropertyMappingContextCustomizer@4de046bd, org.springframework.boot.test.autoconfigure.web.servlet.WebDriverContextCustomizerFactory$Customizer@2068602d, [ImportsContextCustomizer@29b2d49 key = [org.springframework.boot.autoconfigure.cache.CacheAutoConfiguration, org.springframework.boot.autoconfigure.data.jpa.JpaRepositoriesAutoConfiguration, org.springframework.boot.autoconfigure.flyway.FlywayAutoConfiguration, org.springframework.boot.autoconfigure.jdbc.DataSourceAutoConfiguration, org.springframework.boot.autoconfigure.jdbc.DataSourceTransactionManagerAutoConfiguration, org.springframework.boot.autoconfigure.jdbc.JdbcTemplateAutoConfiguration, org.springframework.boot.autoconfigure.liquibase.LiquibaseAutoConfiguration, org.springframework.boot.autoconfigure.orm.jpa.HibernateJpaAutoConfiguration, org.springframework.boot.autoconfigure.transaction.TransactionAutoConfiguration, org.springframework.boot.test.autoconfigure.jdbc.TestDatabaseAutoConfiguration, org.springframework.boot.test.autoconfigure.orm.jpa.TestEntityManagerAutoConfiguration]], org.springframework.boot.test.context.filter.ExcludeFilterContextCustomizer@18486d60, org.springframework.boot.test.json.DuplicateJsonObjectContextCustomizerFactory$DuplicateJsonObjectContextCustomizer@5a267fa8, org.springframework.boot.test.mock.mockito.MockitoContextCustomizer@0], contextLoader = 'org.springframework.boot.test.context.SpringBootContextLoader', parent = [null]], attributes = map[[empty]]]; transaction manager [org.springframework.orm.jpa.JpaTransactionManager@16cc0635]; rollback [true]
Hibernate: select customer0_.customer_id as customer1_5_0_, customer0_.address as address2_5_0_, customer0_.age as age3_5_0_, customer0_.card_num as card_num4_5_0_, customer0_.employee as employee8_5_0_, customer0_.date as date5_5_0_, customer0_.name as name6_5_0_, customer0_.tel as tel7_5_0_, customer0_.registype as registyp9_5_0_, customer0_.job as job10_5_0_, employee1_.employee_id as employee1_6_1_, employee1_.name as name2_6_1_, employee1_.password as password3_6_1_, employee1_.username as username4_6_1_, registype2_.regis_type_id as regis_ty1_23_2_, registype2_.type as type2_23_2_, cus3_.regis_type_regis_type_id as regis_ty1_24_3_, customer4_.customer_id as cus_cust2_24_3_, customer4_.customer_id as customer1_5_4_, customer4_.address as address2_5_4_, customer4_.age as age3_5_4_, customer4_.card_num as card_num4_5_4_, customer4_.employee as employee8_5_4_, customer4_.date as date5_5_4_, customer4_.name as name6_5_4_, customer4_.tel as tel7_5_4_, customer4_.registype as registyp9_5_4_, customer4_.job as job10_5_4_, job5_.job_id as job_id1_8_5_, job5_.job as job2_8_5_, cus6_.job_job_id as job_job_1_9_6_, customer7_.customer_id as cus_cust2_9_6_, customer7_.customer_id as customer1_5_7_, customer7_.address as address2_5_7_, customer7_.age as age3_5_7_, customer7_.card_num as card_num4_5_7_, customer7_.employee as employee8_5_7_, customer7_.date as date5_5_7_, customer7_.name as name6_5_7_, customer7_.tel as tel7_5_7_, customer7_.registype as registyp9_5_7_, customer7_.job as job10_5_7_ from customer customer0_ left outer join employee employee1_ on customer0_.employee=employee1_.employee_id left outer join resgistype registype2_ on customer0_.registype=registype2_.regis_type_id left outer join resgistype_cus cus3_ on registype2_.regis_type_id=cus3_.regis_type_regis_type_id left outer join customer customer4_ on cus3_.cus_customer_id=customer4_.customer_id left outer join job job5_ on customer4_.job=job5_.job_id left outer join job_cus cus6_ on job5_.job_id=cus6_.job_job_id left outer join customer customer7_ on cus6_.cus_customer_id=customer7_.customer_id where customer0_.customer_id=?
Hibernate: select job0_.job_id as job_id1_8_0_, job0_.job as job2_8_0_, cus1_.job_job_id as job_job_1_9_1_, customer2_.customer_id as cus_cust2_9_1_, customer2_.customer_id as customer1_5_2_, customer2_.address as address2_5_2_, customer2_.age as age3_5_2_, customer2_.card_num as card_num4_5_2_, customer2_.employee as employee8_5_2_, customer2_.date as date5_5_2_, customer2_.name as name6_5_2_, customer2_.tel as tel7_5_2_, customer2_.registype as registyp9_5_2_, customer2_.job as job10_5_2_, employee3_.employee_id as employee1_6_3_, employee3_.name as name2_6_3_, employee3_.password as password3_6_3_, employee3_.username as username4_6_3_, registype4_.regis_type_id as regis_ty1_23_4_, registype4_.type as type2_23_4_, cus5_.regis_type_regis_type_id as regis_ty1_24_5_, customer6_.customer_id as cus_cust2_24_5_, customer6_.customer_id as customer1_5_6_, customer6_.address as address2_5_6_, customer6_.age as age3_5_6_, customer6_.card_num as card_num4_5_6_, customer6_.employee as employee8_5_6_, customer6_.date as date5_5_6_, customer6_.name as name6_5_6_, customer6_.tel as tel7_5_6_, customer6_.registype as registyp9_5_6_, customer6_.job as job10_5_6_, job7_.job_id as job_id1_8_7_, job7_.job as job2_8_7_ from job job0_ left outer join job_cus cus1_ on job0_.job_id=cus1_.job_job_id left outer join customer customer2_ on cus1_.cus_customer_id=customer2_.customer_id left outer join employee employee3_ on customer2_.employee=employee3_.employee_id left outer join resgistype registype4_ on customer2_.registype=registype4_.regis_type_id left outer join resgistype_cus cus5_ on registype4_.regis_type_id=cus5_.regis_type_regis_type_id left outer join customer customer6_ on cus5_.cus_customer_id=customer6_.customer_id left outer join job job7_ on customer6_.job=job7_.job_id where job0_.job_id=?
Hibernate: select rent0_.employee_employee_id as employee1_7_0_, rent0_.rent_rent_car_id as rent_ren2_7_0_, rentcar1_.rent_car_id as rent_car1_18_1_, rentcar1_.employee_id as employee5_18_1_, rentcar1_.price as price2_18_1_, rentcar1_.rent_date as rent_dat3_18_1_, rentcar1_.customer_id as customer6_18_1_, rentcar1_.rentday as rentday4_18_1_, rentcar1_.car_id as car_id7_18_1_, rentcar1_.renttype_id as renttype8_18_1_, employee2_.employee_id as employee1_6_2_, employee2_.name as name2_6_2_, employee2_.password as password3_6_2_, employee2_.username as username4_6_2_, customer3_.customer_id as customer1_5_3_, customer3_.address as address2_5_3_, customer3_.age as age3_5_3_, customer3_.card_num as card_num4_5_3_, customer3_.employee as employee8_5_3_, customer3_.date as date5_5_3_, customer3_.name as name6_5_3_, customer3_.tel as tel7_5_3_, customer3_.registype as registyp9_5_3_, customer3_.job as job10_5_3_, employee4_.employee_id as employee1_6_4_, employee4_.name as name2_6_4_, employee4_.password as password3_6_4_, employee4_.username as username4_6_4_, registype5_.regis_type_id as regis_ty1_23_5_, registype5_.type as type2_23_5_, job6_.job_id as job_id1_8_6_, job6_.job as job2_8_6_, car7_.car_id as car_id1_2_7_, car7_.brand_id as brand_id4_2_7_, car7_.seat_id as seat_id5_2_7_, car7_.employee_id as employee6_2_7_, car7_.plate as plate2_2_7_, car7_.province_id as province7_2_7_, car7_.vin as vin3_2_7_, brand8_.brand_id as brand_id1_0_8_, brand8_.brand as brand2_0_8_, carseat9_.seat_id as seat_id1_3_9_, carseat9_.carseat as carseat2_3_9_, employee10_.employee_id as employee1_6_10_, employee10_.name as name2_6_10_, employee10_.password as password3_6_10_, employee10_.username as username4_6_10_, province11_.province_id as province1_16_11_, province11_.province as province2_16_11_, renttype12_.renttype_id as renttype1_19_12_, renttype12_.nametype as nametype2_19_12_, renttype12_.unitprice as unitpric3_19_12_ from employee_rent rent0_ inner join rent_car rentcar1_ on rent0_.rent_rent_car_id=rentcar1_.rent_car_id inner join employee employee2_ on rentcar1_.employee_id=employee2_.employee_id inner join customer customer3_ on rentcar1_.customer_id=customer3_.customer_id left outer join employee employee4_ on customer3_.employee=employee4_.employee_id left outer join resgistype registype5_ on customer3_.registype=registype5_.regis_type_id left outer join job job6_ on customer3_.job=job6_.job_id inner join car car7_ on rentcar1_.car_id=car7_.car_id left outer join brand brand8_ on car7_.brand_id=brand8_.brand_id left outer join carseat carseat9_ on car7_.seat_id=carseat9_.seat_id left outer join employee employee10_ on car7_.employee_id=employee10_.employee_id left outer join plateprovince province11_ on car7_.province_id=province11_.province_id inner join renttype renttype12_ on rentcar1_.renttype_id=renttype12_.renttype_id where rent0_.employee_employee_id=?
Hibernate: select car0_.car_id as car_id1_2_0_, car0_.brand_id as brand_id4_2_0_, car0_.seat_id as seat_id5_2_0_, car0_.employee_id as employee6_2_0_, car0_.plate as plate2_2_0_, car0_.province_id as province7_2_0_, car0_.vin as vin3_2_0_, brand1_.brand_id as brand_id1_0_1_, brand1_.brand as brand2_0_1_, carseat2_.seat_id as seat_id1_3_2_, carseat2_.carseat as carseat2_3_2_, employee3_.employee_id as employee1_6_3_, employee3_.name as name2_6_3_, employee3_.password as password3_6_3_, employee3_.username as username4_6_3_, province4_.province_id as province1_16_4_, province4_.province as province2_16_4_ from car car0_ left outer join brand brand1_ on car0_.brand_id=brand1_.brand_id left outer join carseat carseat2_ on car0_.seat_id=carseat2_.seat_id left outer join employee employee3_ on car0_.employee_id=employee3_.employee_id left outer join plateprovince province4_ on car0_.province_id=province4_.province_id where car0_.car_id=?
Hibernate: select car0_.province_province_id as province1_17_0_, car0_.car_car_id as car_car_2_17_0_, car1_.car_id as car_id1_2_1_, car1_.brand_id as brand_id4_2_1_, car1_.seat_id as seat_id5_2_1_, car1_.employee_id as employee6_2_1_, car1_.plate as plate2_2_1_, car1_.province_id as province7_2_1_, car1_.vin as vin3_2_1_, brand2_.brand_id as brand_id1_0_2_, brand2_.brand as brand2_0_2_, carseat3_.seat_id as seat_id1_3_3_, carseat3_.carseat as carseat2_3_3_, employee4_.employee_id as employee1_6_4_, employee4_.name as name2_6_4_, employee4_.password as password3_6_4_, employee4_.username as username4_6_4_, province5_.province_id as province1_16_5_, province5_.province as province2_16_5_ from plateprovince_car car0_ inner join car car1_ on car0_.car_car_id=car1_.car_id left outer join brand brand2_ on car1_.brand_id=brand2_.brand_id left outer join carseat carseat3_ on car1_.seat_id=carseat3_.seat_id left outer join employee employee4_ on car1_.employee_id=employee4_.employee_id left outer join plateprovince province5_ on car1_.province_id=province5_.province_id where car0_.province_province_id=?
Hibernate: select car0_.carseat_seat_id as carseat_1_4_0_, car0_.car_car_id as car_car_2_4_0_, car1_.car_id as car_id1_2_1_, car1_.brand_id as brand_id4_2_1_, car1_.seat_id as seat_id5_2_1_, car1_.employee_id as employee6_2_1_, car1_.plate as plate2_2_1_, car1_.province_id as province7_2_1_, car1_.vin as vin3_2_1_, brand2_.brand_id as brand_id1_0_2_, brand2_.brand as brand2_0_2_, carseat3_.seat_id as seat_id1_3_3_, carseat3_.carseat as carseat2_3_3_, employee4_.employee_id as employee1_6_4_, employee4_.name as name2_6_4_, employee4_.password as password3_6_4_, employee4_.username as username4_6_4_, province5_.province_id as province1_16_5_, province5_.province as province2_16_5_ from carseat_car car0_ inner join car car1_ on car0_.car_car_id=car1_.car_id left outer join brand brand2_ on car1_.brand_id=brand2_.brand_id left outer join carseat carseat3_ on car1_.seat_id=carseat3_.seat_id left outer join employee employee4_ on car1_.employee_id=employee4_.employee_id left outer join plateprovince province5_ on car1_.province_id=province5_.province_id where car0_.carseat_seat_id=?
Hibernate: select car0_.brand_brand_id as brand_br1_1_0_, car0_.car_car_id as car_car_2_1_0_, car1_.car_id as car_id1_2_1_, car1_.brand_id as brand_id4_2_1_, car1_.seat_id as seat_id5_2_1_, car1_.employee_id as employee6_2_1_, car1_.plate as plate2_2_1_, car1_.province_id as province7_2_1_, car1_.vin as vin3_2_1_, brand2_.brand_id as brand_id1_0_2_, brand2_.brand as brand2_0_2_, carseat3_.seat_id as seat_id1_3_3_, carseat3_.carseat as carseat2_3_3_, employee4_.employee_id as employee1_6_4_, employee4_.name as name2_6_4_, employee4_.password as password3_6_4_, employee4_.username as username4_6_4_, province5_.province_id as province1_16_5_, province5_.province as province2_16_5_ from brand_car car0_ inner join car car1_ on car0_.car_car_id=car1_.car_id left outer join brand brand2_ on car1_.brand_id=brand2_.brand_id left outer join carseat carseat3_ on car1_.seat_id=carseat3_.seat_id left outer join employee employee4_ on car1_.employee_id=employee4_.employee_id left outer join plateprovince province5_ on car1_.province_id=province5_.province_id where car0_.brand_brand_id=?

=======================================

Test Type Must Not Be Null

=======================================

2020-02-05 23:58:49.596  INFO 2420 --- [    Test worker] o.s.t.c.transaction.TransactionContext   : Rolled back transaction for test: [DefaultTestContext@4bae3d89 testClass = RentCarTest, testInstance = com.cpe.backend.RentCarTest@550d4073, testMethod = b6004804_test_TypeMustNotBeNull@RentCarTest, testException = [null], mergedContextConfiguration = [MergedContextConfiguration@20536c91 testClass = RentCarTest, locations = '{}', classes = '{class com.cpe.backend.BackendApplication}', contextInitializerClasses = '[]', activeProfiles = '{}', propertySourceLocations = '{}', propertySourceProperties = '{org.springframework.boot.test.autoconfigure.orm.jpa.DataJpaTestContextBootstrapper=true}', contextCustomizers = set[org.springframework.boot.test.autoconfigure.OverrideAutoConfigurationContextCustomizerFactory$DisableAutoConfigurationContextCustomizer@519ef83d, org.springframework.boot.test.autoconfigure.filter.TypeExcludeFiltersContextCustomizer@351584c0, org.springframework.boot.test.autoconfigure.properties.PropertyMappingContextCustomizer@4de046bd, org.springframework.boot.test.autoconfigure.web.servlet.WebDriverContextCustomizerFactory$Customizer@2068602d, [ImportsContextCustomizer@29b2d49 key = [org.springframework.boot.autoconfigure.cache.CacheAutoConfiguration, org.springframework.boot.autoconfigure.data.jpa.JpaRepositoriesAutoConfiguration, org.springframework.boot.autoconfigure.flyway.FlywayAutoConfiguration, org.springframework.boot.autoconfigure.jdbc.DataSourceAutoConfiguration, org.springframework.boot.autoconfigure.jdbc.DataSourceTransactionManagerAutoConfiguration, org.springframework.boot.autoconfigure.jdbc.JdbcTemplateAutoConfiguration, org.springframework.boot.autoconfigure.liquibase.LiquibaseAutoConfiguration, org.springframework.boot.autoconfigure.orm.jpa.HibernateJpaAutoConfiguration, org.springframework.boot.autoconfigure.transaction.TransactionAutoConfiguration, org.springframework.boot.test.autoconfigure.jdbc.TestDatabaseAutoConfiguration, org.springframework.boot.test.autoconfigure.orm.jpa.TestEntityManagerAutoConfiguration]], org.springframework.boot.test.context.filter.ExcludeFilterContextCustomizer@18486d60, org.springframework.boot.test.json.DuplicateJsonObjectContextCustomizerFactory$DuplicateJsonObjectContextCustomizer@5a267fa8, org.springframework.boot.test.mock.mockito.MockitoContextCustomizer@0], contextLoader = 'org.springframework.boot.test.context.SpringBootContextLoader', parent = [null]], attributes = map[[empty]]]
2020-02-05 23:58:49.599  INFO 2420 --- [    Test worker] o.s.t.c.transaction.TransactionContext   : Began transaction (1) for test context [DefaultTestContext@4bae3d89 testClass = RentCarTest, testInstance = com.cpe.backend.RentCarTest@28c20dca, testMethod = b6004804_test_RentdayMustBePositiveOrZero@RentCarTest, testException = [null], mergedContextConfiguration = [MergedContextConfiguration@20536c91 testClass = RentCarTest, locations = '{}', classes = '{class com.cpe.backend.BackendApplication}', contextInitializerClasses = '[]', activeProfiles = '{}', propertySourceLocations = '{}', propertySourceProperties = '{org.springframework.boot.test.autoconfigure.orm.jpa.DataJpaTestContextBootstrapper=true}', contextCustomizers = set[org.springframework.boot.test.autoconfigure.OverrideAutoConfigurationContextCustomizerFactory$DisableAutoConfigurationContextCustomizer@519ef83d, org.springframework.boot.test.autoconfigure.filter.TypeExcludeFiltersContextCustomizer@351584c0, org.springframework.boot.test.autoconfigure.properties.PropertyMappingContextCustomizer@4de046bd, org.springframework.boot.test.autoconfigure.web.servlet.WebDriverContextCustomizerFactory$Customizer@2068602d, [ImportsContextCustomizer@29b2d49 key = [org.springframework.boot.autoconfigure.cache.CacheAutoConfiguration, org.springframework.boot.autoconfigure.data.jpa.JpaRepositoriesAutoConfiguration, org.springframework.boot.autoconfigure.flyway.FlywayAutoConfiguration, org.springframework.boot.autoconfigure.jdbc.DataSourceAutoConfiguration, org.springframework.boot.autoconfigure.jdbc.DataSourceTransactionManagerAutoConfiguration, org.springframework.boot.autoconfigure.jdbc.JdbcTemplateAutoConfiguration, org.springframework.boot.autoconfigure.liquibase.LiquibaseAutoConfiguration, org.springframework.boot.autoconfigure.orm.jpa.HibernateJpaAutoConfiguration, org.springframework.boot.autoconfigure.transaction.TransactionAutoConfiguration, org.springframework.boot.test.autoconfigure.jdbc.TestDatabaseAutoConfiguration, org.springframework.boot.test.autoconfigure.orm.jpa.TestEntityManagerAutoConfiguration]], org.springframework.boot.test.context.filter.ExcludeFilterContextCustomizer@18486d60, org.springframework.boot.test.json.DuplicateJsonObjectContextCustomizerFactory$DuplicateJsonObjectContextCustomizer@5a267fa8, org.springframework.boot.test.mock.mockito.MockitoContextCustomizer@0], contextLoader = 'org.springframework.boot.test.context.SpringBootContextLoader', parent = [null]], attributes = map[[empty]]]; transaction manager [org.springframework.orm.jpa.JpaTransactionManager@16cc0635]; rollback [true]
Hibernate: select customer0_.customer_id as customer1_5_0_, customer0_.address as address2_5_0_, customer0_.age as age3_5_0_, customer0_.card_num as card_num4_5_0_, customer0_.employee as employee8_5_0_, customer0_.date as date5_5_0_, customer0_.name as name6_5_0_, customer0_.tel as tel7_5_0_, customer0_.registype as registyp9_5_0_, customer0_.job as job10_5_0_, employee1_.employee_id as employee1_6_1_, employee1_.name as name2_6_1_, employee1_.password as password3_6_1_, employee1_.username as username4_6_1_, registype2_.regis_type_id as regis_ty1_23_2_, registype2_.type as type2_23_2_, cus3_.regis_type_regis_type_id as regis_ty1_24_3_, customer4_.customer_id as cus_cust2_24_3_, customer4_.customer_id as customer1_5_4_, customer4_.address as address2_5_4_, customer4_.age as age3_5_4_, customer4_.card_num as card_num4_5_4_, customer4_.employee as employee8_5_4_, customer4_.date as date5_5_4_, customer4_.name as name6_5_4_, customer4_.tel as tel7_5_4_, customer4_.registype as registyp9_5_4_, customer4_.job as job10_5_4_, job5_.job_id as job_id1_8_5_, job5_.job as job2_8_5_, cus6_.job_job_id as job_job_1_9_6_, customer7_.customer_id as cus_cust2_9_6_, customer7_.customer_id as customer1_5_7_, customer7_.address as address2_5_7_, customer7_.age as age3_5_7_, customer7_.card_num as card_num4_5_7_, customer7_.employee as employee8_5_7_, customer7_.date as date5_5_7_, customer7_.name as name6_5_7_, customer7_.tel as tel7_5_7_, customer7_.registype as registyp9_5_7_, customer7_.job as job10_5_7_ from customer customer0_ left outer join employee employee1_ on customer0_.employee=employee1_.employee_id left outer join resgistype registype2_ on customer0_.registype=registype2_.regis_type_id left outer join resgistype_cus cus3_ on registype2_.regis_type_id=cus3_.regis_type_regis_type_id left outer join customer customer4_ on cus3_.cus_customer_id=customer4_.customer_id left outer join job job5_ on customer4_.job=job5_.job_id left outer join job_cus cus6_ on job5_.job_id=cus6_.job_job_id left outer join customer customer7_ on cus6_.cus_customer_id=customer7_.customer_id where customer0_.customer_id=?
Hibernate: select job0_.job_id as job_id1_8_0_, job0_.job as job2_8_0_, cus1_.job_job_id as job_job_1_9_1_, customer2_.customer_id as cus_cust2_9_1_, customer2_.customer_id as customer1_5_2_, customer2_.address as address2_5_2_, customer2_.age as age3_5_2_, customer2_.card_num as card_num4_5_2_, customer2_.employee as employee8_5_2_, customer2_.date as date5_5_2_, customer2_.name as name6_5_2_, customer2_.tel as tel7_5_2_, customer2_.registype as registyp9_5_2_, customer2_.job as job10_5_2_, employee3_.employee_id as employee1_6_3_, employee3_.name as name2_6_3_, employee3_.password as password3_6_3_, employee3_.username as username4_6_3_, registype4_.regis_type_id as regis_ty1_23_4_, registype4_.type as type2_23_4_, cus5_.regis_type_regis_type_id as regis_ty1_24_5_, customer6_.customer_id as cus_cust2_24_5_, customer6_.customer_id as customer1_5_6_, customer6_.address as address2_5_6_, customer6_.age as age3_5_6_, customer6_.card_num as card_num4_5_6_, customer6_.employee as employee8_5_6_, customer6_.date as date5_5_6_, customer6_.name as name6_5_6_, customer6_.tel as tel7_5_6_, customer6_.registype as registyp9_5_6_, customer6_.job as job10_5_6_, job7_.job_id as job_id1_8_7_, job7_.job as job2_8_7_ from job job0_ left outer join job_cus cus1_ on job0_.job_id=cus1_.job_job_id left outer join customer customer2_ on cus1_.cus_customer_id=customer2_.customer_id left outer join employee employee3_ on customer2_.employee=employee3_.employee_id left outer join resgistype registype4_ on customer2_.registype=registype4_.regis_type_id left outer join resgistype_cus cus5_ on registype4_.regis_type_id=cus5_.regis_type_regis_type_id left outer join customer customer6_ on cus5_.cus_customer_id=customer6_.customer_id left outer join job job7_ on customer6_.job=job7_.job_id where job0_.job_id=?
Hibernate: select rent0_.employee_employee_id as employee1_7_0_, rent0_.rent_rent_car_id as rent_ren2_7_0_, rentcar1_.rent_car_id as rent_car1_18_1_, rentcar1_.employee_id as employee5_18_1_, rentcar1_.price as price2_18_1_, rentcar1_.rent_date as rent_dat3_18_1_, rentcar1_.customer_id as customer6_18_1_, rentcar1_.rentday as rentday4_18_1_, rentcar1_.car_id as car_id7_18_1_, rentcar1_.renttype_id as renttype8_18_1_, employee2_.employee_id as employee1_6_2_, employee2_.name as name2_6_2_, employee2_.password as password3_6_2_, employee2_.username as username4_6_2_, customer3_.customer_id as customer1_5_3_, customer3_.address as address2_5_3_, customer3_.age as age3_5_3_, customer3_.card_num as card_num4_5_3_, customer3_.employee as employee8_5_3_, customer3_.date as date5_5_3_, customer3_.name as name6_5_3_, customer3_.tel as tel7_5_3_, customer3_.registype as registyp9_5_3_, customer3_.job as job10_5_3_, employee4_.employee_id as employee1_6_4_, employee4_.name as name2_6_4_, employee4_.password as password3_6_4_, employee4_.username as username4_6_4_, registype5_.regis_type_id as regis_ty1_23_5_, registype5_.type as type2_23_5_, job6_.job_id as job_id1_8_6_, job6_.job as job2_8_6_, car7_.car_id as car_id1_2_7_, car7_.brand_id as brand_id4_2_7_, car7_.seat_id as seat_id5_2_7_, car7_.employee_id as employee6_2_7_, car7_.plate as plate2_2_7_, car7_.province_id as province7_2_7_, car7_.vin as vin3_2_7_, brand8_.brand_id as brand_id1_0_8_, brand8_.brand as brand2_0_8_, carseat9_.seat_id as seat_id1_3_9_, carseat9_.carseat as carseat2_3_9_, employee10_.employee_id as employee1_6_10_, employee10_.name as name2_6_10_, employee10_.password as password3_6_10_, employee10_.username as username4_6_10_, province11_.province_id as province1_16_11_, province11_.province as province2_16_11_, renttype12_.renttype_id as renttype1_19_12_, renttype12_.nametype as nametype2_19_12_, renttype12_.unitprice as unitpric3_19_12_ from employee_rent rent0_ inner join rent_car rentcar1_ on rent0_.rent_rent_car_id=rentcar1_.rent_car_id inner join employee employee2_ on rentcar1_.employee_id=employee2_.employee_id inner join customer customer3_ on rentcar1_.customer_id=customer3_.customer_id left outer join employee employee4_ on customer3_.employee=employee4_.employee_id left outer join resgistype registype5_ on customer3_.registype=registype5_.regis_type_id left outer join job job6_ on customer3_.job=job6_.job_id inner join car car7_ on rentcar1_.car_id=car7_.car_id left outer join brand brand8_ on car7_.brand_id=brand8_.brand_id left outer join carseat carseat9_ on car7_.seat_id=carseat9_.seat_id left outer join employee employee10_ on car7_.employee_id=employee10_.employee_id left outer join plateprovince province11_ on car7_.province_id=province11_.province_id inner join renttype renttype12_ on rentcar1_.renttype_id=renttype12_.renttype_id where rent0_.employee_employee_id=?
=======
2020-02-04 22:32:04.018  INFO 12676 --- [    Test worker] o.s.t.c.transaction.TransactionContext   : Rolled back transaction for test: [DefaultTestContext@34a7ce02 testClass = RentCarTest, testInstance = com.cpe.backend.RentCarTest@3dec695b, testMethod = b6004804_test_PriceMustBeMin@RentCarTest, testException = [null], mergedContextConfiguration = [MergedContextConfiguration@232dbdde testClass = RentCarTest, locations = '{}', classes = '{class com.cpe.backend.BackendApplication}', contextInitializerClasses = '[]', activeProfiles = '{}', propertySourceLocations = '{}', propertySourceProperties = '{org.springframework.boot.test.autoconfigure.orm.jpa.DataJpaTestContextBootstrapper=true}', contextCustomizers = set[org.springframework.boot.test.autoconfigure.OverrideAutoConfigurationContextCustomizerFactory$DisableAutoConfigurationContextCustomizer@613520e1, org.springframework.boot.test.autoconfigure.filter.TypeExcludeFiltersContextCustomizer@351584c0, org.springframework.boot.test.autoconfigure.properties.PropertyMappingContextCustomizer@21896434, org.springframework.boot.test.autoconfigure.web.servlet.WebDriverContextCustomizerFactory$Customizer@9a30f15, [ImportsContextCustomizer@23c35f4 key = [org.springframework.boot.autoconfigure.cache.CacheAutoConfiguration, org.springframework.boot.autoconfigure.data.jpa.JpaRepositoriesAutoConfiguration, org.springframework.boot.autoconfigure.flyway.FlywayAutoConfiguration, org.springframework.boot.autoconfigure.jdbc.DataSourceAutoConfiguration, org.springframework.boot.autoconfigure.jdbc.DataSourceTransactionManagerAutoConfiguration, org.springframework.boot.autoconfigure.jdbc.JdbcTemplateAutoConfiguration, org.springframework.boot.autoconfigure.liquibase.LiquibaseAutoConfiguration, org.springframework.boot.autoconfigure.orm.jpa.HibernateJpaAutoConfiguration, org.springframework.boot.autoconfigure.transaction.TransactionAutoConfiguration, org.springframework.boot.test.autoconfigure.jdbc.TestDatabaseAutoConfiguration, org.springframework.boot.test.autoconfigure.orm.jpa.TestEntityManagerAutoConfiguration]], org.springframework.boot.test.context.filter.ExcludeFilterContextCustomizer@23782f0d, org.springframework.boot.test.json.DuplicateJsonObjectContextCustomizerFactory$DuplicateJsonObjectContextCustomizer@4749f795, org.springframework.boot.test.mock.mockito.MockitoContextCustomizer@0], contextLoader = 'org.springframework.boot.test.context.SpringBootContextLoader', parent = [null]], attributes = map[[empty]]]
2020-02-04 22:32:04.018  INFO 12676 --- [    Test worker] o.s.t.c.transaction.TransactionContext   : Began transaction (1) for test context [DefaultTestContext@34a7ce02 testClass = RentCarTest, testInstance = com.cpe.backend.RentCarTest@570dc5b6, testMethod = b6004804_test_RentdayMustBePositiveOrZero@RentCarTest, testException = [null], mergedContextConfiguration = [MergedContextConfiguration@232dbdde testClass = RentCarTest, locations = '{}', classes = '{class com.cpe.backend.BackendApplication}', contextInitializerClasses = '[]', activeProfiles = '{}', propertySourceLocations = '{}', propertySourceProperties = '{org.springframework.boot.test.autoconfigure.orm.jpa.DataJpaTestContextBootstrapper=true}', contextCustomizers = set[org.springframework.boot.test.autoconfigure.OverrideAutoConfigurationContextCustomizerFactory$DisableAutoConfigurationContextCustomizer@613520e1, org.springframework.boot.test.autoconfigure.filter.TypeExcludeFiltersContextCustomizer@351584c0, org.springframework.boot.test.autoconfigure.properties.PropertyMappingContextCustomizer@21896434, org.springframework.boot.test.autoconfigure.web.servlet.WebDriverContextCustomizerFactory$Customizer@9a30f15, [ImportsContextCustomizer@23c35f4 key = [org.springframework.boot.autoconfigure.cache.CacheAutoConfiguration, org.springframework.boot.autoconfigure.data.jpa.JpaRepositoriesAutoConfiguration, org.springframework.boot.autoconfigure.flyway.FlywayAutoConfiguration, org.springframework.boot.autoconfigure.jdbc.DataSourceAutoConfiguration, org.springframework.boot.autoconfigure.jdbc.DataSourceTransactionManagerAutoConfiguration, org.springframework.boot.autoconfigure.jdbc.JdbcTemplateAutoConfiguration, org.springframework.boot.autoconfigure.liquibase.LiquibaseAutoConfiguration, org.springframework.boot.autoconfigure.orm.jpa.HibernateJpaAutoConfiguration, org.springframework.boot.autoconfigure.transaction.TransactionAutoConfiguration, org.springframework.boot.test.autoconfigure.jdbc.TestDatabaseAutoConfiguration, org.springframework.boot.test.autoconfigure.orm.jpa.TestEntityManagerAutoConfiguration]], org.springframework.boot.test.context.filter.ExcludeFilterContextCustomizer@23782f0d, org.springframework.boot.test.json.DuplicateJsonObjectContextCustomizerFactory$DuplicateJsonObjectContextCustomizer@4749f795, org.springframework.boot.test.mock.mockito.MockitoContextCustomizer@0], contextLoader = 'org.springframework.boot.test.context.SpringBootContextLoader', parent = [null]], attributes = map[[empty]]]; transaction manager [org.springframework.orm.jpa.JpaTransactionManager@34d55a52]; rollback [true]
Hibernate: select customer0_.customer_id as customer1_5_0_, customer0_.address as address2_5_0_, customer0_.age as age3_5_0_, customer0_.employee as employee8_5_0_, customer0_.date as date4_5_0_, customer0_.name as name5_5_0_, customer0_.num_id as num_id6_5_0_, customer0_.tel as tel7_5_0_, customer0_.registype as registyp9_5_0_, customer0_.job as job10_5_0_, employee1_.employee_id as employee1_6_1_, employee1_.name as name2_6_1_, employee1_.password as password3_6_1_, employee1_.username as username4_6_1_, registype2_.regis_type_id as regis_ty1_23_2_, registype2_.type as type2_23_2_, cus3_.regis_type_regis_type_id as regis_ty1_24_3_, customer4_.customer_id as cus_cust2_24_3_, customer4_.customer_id as customer1_5_4_, customer4_.address as address2_5_4_, customer4_.age as age3_5_4_, customer4_.employee as employee8_5_4_, customer4_.date as date4_5_4_, customer4_.name as name5_5_4_, customer4_.num_id as num_id6_5_4_, customer4_.tel as tel7_5_4_, customer4_.registype as registyp9_5_4_, customer4_.job as job10_5_4_, job5_.job_id as job_id1_8_5_, job5_.job as job2_8_5_, cus6_.job_job_id as job_job_1_9_6_, customer7_.customer_id as cus_cust2_9_6_, customer7_.customer_id as customer1_5_7_, customer7_.address as address2_5_7_, customer7_.age as age3_5_7_, customer7_.employee as employee8_5_7_, customer7_.date as date4_5_7_, customer7_.name as name5_5_7_, customer7_.num_id as num_id6_5_7_, customer7_.tel as tel7_5_7_, customer7_.registype as registyp9_5_7_, customer7_.job as job10_5_7_ from customer customer0_ left outer join employee employee1_ on customer0_.employee=employee1_.employee_id left outer join resgistype registype2_ on customer0_.registype=registype2_.regis_type_id left outer join resgistype_cus cus3_ on registype2_.regis_type_id=cus3_.regis_type_regis_type_id left outer join customer customer4_ on cus3_.cus_customer_id=customer4_.customer_id left outer join job job5_ on customer4_.job=job5_.job_id left outer join job_cus cus6_ on job5_.job_id=cus6_.job_job_id left outer join customer customer7_ on cus6_.cus_customer_id=customer7_.customer_id where customer0_.customer_id=?
Hibernate: select job0_.job_id as job_id1_8_0_, job0_.job as job2_8_0_, cus1_.job_job_id as job_job_1_9_1_, customer2_.customer_id as cus_cust2_9_1_, customer2_.customer_id as customer1_5_2_, customer2_.address as address2_5_2_, customer2_.age as age3_5_2_, customer2_.employee as employee8_5_2_, customer2_.date as date4_5_2_, customer2_.name as name5_5_2_, customer2_.num_id as num_id6_5_2_, customer2_.tel as tel7_5_2_, customer2_.registype as registyp9_5_2_, customer2_.job as job10_5_2_, employee3_.employee_id as employee1_6_3_, employee3_.name as name2_6_3_, employee3_.password as password3_6_3_, employee3_.username as username4_6_3_, registype4_.regis_type_id as regis_ty1_23_4_, registype4_.type as type2_23_4_, cus5_.regis_type_regis_type_id as regis_ty1_24_5_, customer6_.customer_id as cus_cust2_24_5_, customer6_.customer_id as customer1_5_6_, customer6_.address as address2_5_6_, customer6_.age as age3_5_6_, customer6_.employee as employee8_5_6_, customer6_.date as date4_5_6_, customer6_.name as name5_5_6_, customer6_.num_id as num_id6_5_6_, customer6_.tel as tel7_5_6_, customer6_.registype as registyp9_5_6_, customer6_.job as job10_5_6_, job7_.job_id as job_id1_8_7_, job7_.job as job2_8_7_ from job job0_ left outer join job_cus cus1_ on job0_.job_id=cus1_.job_job_id left outer join customer customer2_ on cus1_.cus_customer_id=customer2_.customer_id left outer join employee employee3_ on customer2_.employee=employee3_.employee_id left outer join resgistype registype4_ on customer2_.registype=registype4_.regis_type_id left outer join resgistype_cus cus5_ on registype4_.regis_type_id=cus5_.regis_type_regis_type_id left outer join customer customer6_ on cus5_.cus_customer_id=customer6_.customer_id left outer join job job7_ on customer6_.job=job7_.job_id where job0_.job_id=?
Hibernate: select rent0_.employee_employee_id as employee1_7_0_, rent0_.rent_rent_car_id as rent_ren2_7_0_, rentcar1_.rent_car_id as rent_car1_18_1_, rentcar1_.employee_id as employee5_18_1_, rentcar1_.price as price2_18_1_, rentcar1_.rent_date as rent_dat3_18_1_, rentcar1_.customer_id as customer6_18_1_, rentcar1_.rentday as rentday4_18_1_, rentcar1_.car_id as car_id7_18_1_, rentcar1_.renttype_id as renttype8_18_1_, employee2_.employee_id as employee1_6_2_, employee2_.name as name2_6_2_, employee2_.password as password3_6_2_, employee2_.username as username4_6_2_, customer3_.customer_id as customer1_5_3_, customer3_.address as address2_5_3_, customer3_.age as age3_5_3_, customer3_.employee as employee8_5_3_, customer3_.date as date4_5_3_, customer3_.name as name5_5_3_, customer3_.num_id as num_id6_5_3_, customer3_.tel as tel7_5_3_, customer3_.registype as registyp9_5_3_, customer3_.job as job10_5_3_, employee4_.employee_id as employee1_6_4_, employee4_.name as name2_6_4_, employee4_.password as password3_6_4_, employee4_.username as username4_6_4_, registype5_.regis_type_id as regis_ty1_23_5_, registype5_.type as type2_23_5_, job6_.job_id as job_id1_8_6_, job6_.job as job2_8_6_, car7_.car_id as car_id1_2_7_, car7_.brand_id as brand_id4_2_7_, car7_.seat_id as seat_id5_2_7_, car7_.employee_id as employee6_2_7_, car7_.plate as plate2_2_7_, car7_.province_id as province7_2_7_, car7_.vin as vin3_2_7_, brand8_.brand_id as brand_id1_0_8_, brand8_.brand as brand2_0_8_, carseat9_.seat_id as seat_id1_3_9_, carseat9_.carseat as carseat2_3_9_, employee10_.employee_id as employee1_6_10_, employee10_.name as name2_6_10_, employee10_.password as password3_6_10_, employee10_.username as username4_6_10_, province11_.province_id as province1_16_11_, province11_.province as province2_16_11_, renttype12_.renttype_id as renttype1_19_12_, renttype12_.nametype as nametype2_19_12_, renttype12_.unitprice as unitpric3_19_12_ from employee_rent rent0_ inner join rent_car rentcar1_ on rent0_.rent_rent_car_id=rentcar1_.rent_car_id left outer join employee employee2_ on rentcar1_.employee_id=employee2_.employee_id left outer join customer customer3_ on rentcar1_.customer_id=customer3_.customer_id left outer join employee employee4_ on customer3_.employee=employee4_.employee_id left outer join resgistype registype5_ on customer3_.registype=registype5_.regis_type_id left outer join job job6_ on customer3_.job=job6_.job_id left outer join car car7_ on rentcar1_.car_id=car7_.car_id left outer join brand brand8_ on car7_.brand_id=brand8_.brand_id left outer join carseat carseat9_ on car7_.seat_id=carseat9_.seat_id left outer join employee employee10_ on car7_.employee_id=employee10_.employee_id left outer join plateprovince province11_ on car7_.province_id=province11_.province_id left outer join renttype renttype12_ on rentcar1_.renttype_id=renttype12_.renttype_id where rent0_.employee_employee_id=?
>>>>>>> issue-147
Hibernate: select car0_.car_id as car_id1_2_0_, car0_.brand_id as brand_id4_2_0_, car0_.seat_id as seat_id5_2_0_, car0_.employee_id as employee6_2_0_, car0_.plate as plate2_2_0_, car0_.province_id as province7_2_0_, car0_.vin as vin3_2_0_, brand1_.brand_id as brand_id1_0_1_, brand1_.brand as brand2_0_1_, carseat2_.seat_id as seat_id1_3_2_, carseat2_.carseat as carseat2_3_2_, employee3_.employee_id as employee1_6_3_, employee3_.name as name2_6_3_, employee3_.password as password3_6_3_, employee3_.username as username4_6_3_, province4_.province_id as province1_16_4_, province4_.province as province2_16_4_ from car car0_ left outer join brand brand1_ on car0_.brand_id=brand1_.brand_id left outer join carseat carseat2_ on car0_.seat_id=carseat2_.seat_id left outer join employee employee3_ on car0_.employee_id=employee3_.employee_id left outer join plateprovince province4_ on car0_.province_id=province4_.province_id where car0_.car_id=?
Hibernate: select car0_.province_province_id as province1_17_0_, car0_.car_car_id as car_car_2_17_0_, car1_.car_id as car_id1_2_1_, car1_.brand_id as brand_id4_2_1_, car1_.seat_id as seat_id5_2_1_, car1_.employee_id as employee6_2_1_, car1_.plate as plate2_2_1_, car1_.province_id as province7_2_1_, car1_.vin as vin3_2_1_, brand2_.brand_id as brand_id1_0_2_, brand2_.brand as brand2_0_2_, carseat3_.seat_id as seat_id1_3_3_, carseat3_.carseat as carseat2_3_3_, employee4_.employee_id as employee1_6_4_, employee4_.name as name2_6_4_, employee4_.password as password3_6_4_, employee4_.username as username4_6_4_, province5_.province_id as province1_16_5_, province5_.province as province2_16_5_ from plateprovince_car car0_ inner join car car1_ on car0_.car_car_id=car1_.car_id left outer join brand brand2_ on car1_.brand_id=brand2_.brand_id left outer join carseat carseat3_ on car1_.seat_id=carseat3_.seat_id left outer join employee employee4_ on car1_.employee_id=employee4_.employee_id left outer join plateprovince province5_ on car1_.province_id=province5_.province_id where car0_.province_province_id=?
Hibernate: select car0_.carseat_seat_id as carseat_1_4_0_, car0_.car_car_id as car_car_2_4_0_, car1_.car_id as car_id1_2_1_, car1_.brand_id as brand_id4_2_1_, car1_.seat_id as seat_id5_2_1_, car1_.employee_id as employee6_2_1_, car1_.plate as plate2_2_1_, car1_.province_id as province7_2_1_, car1_.vin as vin3_2_1_, brand2_.brand_id as brand_id1_0_2_, brand2_.brand as brand2_0_2_, carseat3_.seat_id as seat_id1_3_3_, carseat3_.carseat as carseat2_3_3_, employee4_.employee_id as employee1_6_4_, employee4_.name as name2_6_4_, employee4_.password as password3_6_4_, employee4_.username as username4_6_4_, province5_.province_id as province1_16_5_, province5_.province as province2_16_5_ from carseat_car car0_ inner join car car1_ on car0_.car_car_id=car1_.car_id left outer join brand brand2_ on car1_.brand_id=brand2_.brand_id left outer join carseat carseat3_ on car1_.seat_id=carseat3_.seat_id left outer join employee employee4_ on car1_.employee_id=employee4_.employee_id left outer join plateprovince province5_ on car1_.province_id=province5_.province_id where car0_.carseat_seat_id=?
Hibernate: select car0_.brand_brand_id as brand_br1_1_0_, car0_.car_car_id as car_car_2_1_0_, car1_.car_id as car_id1_2_1_, car1_.brand_id as brand_id4_2_1_, car1_.seat_id as seat_id5_2_1_, car1_.employee_id as employee6_2_1_, car1_.plate as plate2_2_1_, car1_.province_id as province7_2_1_, car1_.vin as vin3_2_1_, brand2_.brand_id as brand_id1_0_2_, brand2_.brand as brand2_0_2_, carseat3_.seat_id as seat_id1_3_3_, carseat3_.carseat as carseat2_3_3_, employee4_.employee_id as employee1_6_4_, employee4_.name as name2_6_4_, employee4_.password as password3_6_4_, employee4_.username as username4_6_4_, province5_.province_id as province1_16_5_, province5_.province as province2_16_5_ from brand_car car0_ inner join car car1_ on car0_.car_car_id=car1_.car_id left outer join brand brand2_ on car1_.brand_id=brand2_.brand_id left outer join carseat carseat3_ on car1_.seat_id=carseat3_.seat_id left outer join employee employee4_ on car1_.employee_id=employee4_.employee_id left outer join plateprovince province5_ on car1_.province_id=province5_.province_id where car0_.brand_brand_id=?
Hibernate: select renttype0_.renttype_id as renttype1_19_0_, renttype0_.nametype as nametype2_19_0_, renttype0_.unitprice as unitpric3_19_0_ from renttype renttype0_ where renttype0_.renttype_id=?
Hibernate: select rent0_.rent_type_renttype_id as rent_typ1_20_0_, rent0_.rent_rent_car_id as rent_ren2_20_0_, rentcar1_.rent_car_id as rent_car1_18_1_, rentcar1_.employee_id as employee5_18_1_, rentcar1_.price as price2_18_1_, rentcar1_.rent_date as rent_dat3_18_1_, rentcar1_.customer_id as customer6_18_1_, rentcar1_.rentday as rentday4_18_1_, rentcar1_.car_id as car_id7_18_1_, rentcar1_.renttype_id as renttype8_18_1_, employee2_.employee_id as employee1_6_2_, employee2_.name as name2_6_2_, employee2_.password as password3_6_2_, employee2_.username as username4_6_2_, customer3_.customer_id as customer1_5_3_, customer3_.address as address2_5_3_, customer3_.age as age3_5_3_, customer3_.card_num as card_num4_5_3_, customer3_.employee as employee8_5_3_, customer3_.date as date5_5_3_, customer3_.name as name6_5_3_, customer3_.tel as tel7_5_3_, customer3_.registype as registyp9_5_3_, customer3_.job as job10_5_3_, employee4_.employee_id as employee1_6_4_, employee4_.name as name2_6_4_, employee4_.password as password3_6_4_, employee4_.username as username4_6_4_, registype5_.regis_type_id as regis_ty1_23_5_, registype5_.type as type2_23_5_, job6_.job_id as job_id1_8_6_, job6_.job as job2_8_6_, car7_.car_id as car_id1_2_7_, car7_.brand_id as brand_id4_2_7_, car7_.seat_id as seat_id5_2_7_, car7_.employee_id as employee6_2_7_, car7_.plate as plate2_2_7_, car7_.province_id as province7_2_7_, car7_.vin as vin3_2_7_, brand8_.brand_id as brand_id1_0_8_, brand8_.brand as brand2_0_8_, carseat9_.seat_id as seat_id1_3_9_, carseat9_.carseat as carseat2_3_9_, employee10_.employee_id as employee1_6_10_, employee10_.name as name2_6_10_, employee10_.password as password3_6_10_, employee10_.username as username4_6_10_, province11_.province_id as province1_16_11_, province11_.province as province2_16_11_, renttype12_.renttype_id as renttype1_19_12_, renttype12_.nametype as nametype2_19_12_, renttype12_.unitprice as unitpric3_19_12_ from renttype_rent rent0_ inner join rent_car rentcar1_ on rent0_.rent_rent_car_id=rentcar1_.rent_car_id inner join employee employee2_ on rentcar1_.employee_id=employee2_.employee_id inner join customer customer3_ on rentcar1_.customer_id=customer3_.customer_id left outer join employee employee4_ on customer3_.employee=employee4_.employee_id left outer join resgistype registype5_ on customer3_.registype=registype5_.regis_type_id left outer join job job6_ on customer3_.job=job6_.job_id inner join car car7_ on rentcar1_.car_id=car7_.car_id left outer join brand brand8_ on car7_.brand_id=brand8_.brand_id left outer join carseat carseat9_ on car7_.seat_id=carseat9_.seat_id left outer join employee employee10_ on car7_.employee_id=employee10_.employee_id left outer join plateprovince province11_ on car7_.province_id=province11_.province_id inner join renttype renttype12_ on rentcar1_.renttype_id=renttype12_.renttype_id where rent0_.rent_type_renttype_id=?

==========================================

Test rentday Must Be Positive Or Zero

==========================================

<<<<<<< HEAD
2020-02-05 23:58:49.658  INFO 2420 --- [    Test worker] o.s.t.c.transaction.TransactionContext   : Rolled back transaction for test: [DefaultTestContext@4bae3d89 testClass = RentCarTest, testInstance = com.cpe.backend.RentCarTest@28c20dca, testMethod = b6004804_test_RentdayMustBePositiveOrZero@RentCarTest, testException = [null], mergedContextConfiguration = [MergedContextConfiguration@20536c91 testClass = RentCarTest, locations = '{}', classes = '{class com.cpe.backend.BackendApplication}', contextInitializerClasses = '[]', activeProfiles = '{}', propertySourceLocations = '{}', propertySourceProperties = '{org.springframework.boot.test.autoconfigure.orm.jpa.DataJpaTestContextBootstrapper=true}', contextCustomizers = set[org.springframework.boot.test.autoconfigure.OverrideAutoConfigurationContextCustomizerFactory$DisableAutoConfigurationContextCustomizer@519ef83d, org.springframework.boot.test.autoconfigure.filter.TypeExcludeFiltersContextCustomizer@351584c0, org.springframework.boot.test.autoconfigure.properties.PropertyMappingContextCustomizer@4de046bd, org.springframework.boot.test.autoconfigure.web.servlet.WebDriverContextCustomizerFactory$Customizer@2068602d, [ImportsContextCustomizer@29b2d49 key = [org.springframework.boot.autoconfigure.cache.CacheAutoConfiguration, org.springframework.boot.autoconfigure.data.jpa.JpaRepositoriesAutoConfiguration, org.springframework.boot.autoconfigure.flyway.FlywayAutoConfiguration, org.springframework.boot.autoconfigure.jdbc.DataSourceAutoConfiguration, org.springframework.boot.autoconfigure.jdbc.DataSourceTransactionManagerAutoConfiguration, org.springframework.boot.autoconfigure.jdbc.JdbcTemplateAutoConfiguration, org.springframework.boot.autoconfigure.liquibase.LiquibaseAutoConfiguration, org.springframework.boot.autoconfigure.orm.jpa.HibernateJpaAutoConfiguration, org.springframework.boot.autoconfigure.transaction.TransactionAutoConfiguration, org.springframework.boot.test.autoconfigure.jdbc.TestDatabaseAutoConfiguration, org.springframework.boot.test.autoconfigure.orm.jpa.TestEntityManagerAutoConfiguration]], org.springframework.boot.test.context.filter.ExcludeFilterContextCustomizer@18486d60, org.springframework.boot.test.json.DuplicateJsonObjectContextCustomizerFactory$DuplicateJsonObjectContextCustomizer@5a267fa8, org.springframework.boot.test.mock.mockito.MockitoContextCustomizer@0], contextLoader = 'org.springframework.boot.test.context.SpringBootContextLoader', parent = [null]], attributes = map[[empty]]]
2020-02-05 23:58:49.661  INFO 2420 --- [    Test worker] o.s.t.c.transaction.TransactionContext   : Began transaction (1) for test context [DefaultTestContext@4bae3d89 testClass = RentCarTest, testInstance = com.cpe.backend.RentCarTest@65c5b325, testMethod = b6004804_test_createdbyMustNotBeNull@RentCarTest, testException = [null], mergedContextConfiguration = [MergedContextConfiguration@20536c91 testClass = RentCarTest, locations = '{}', classes = '{class com.cpe.backend.BackendApplication}', contextInitializerClasses = '[]', activeProfiles = '{}', propertySourceLocations = '{}', propertySourceProperties = '{org.springframework.boot.test.autoconfigure.orm.jpa.DataJpaTestContextBootstrapper=true}', contextCustomizers = set[org.springframework.boot.test.autoconfigure.OverrideAutoConfigurationContextCustomizerFactory$DisableAutoConfigurationContextCustomizer@519ef83d, org.springframework.boot.test.autoconfigure.filter.TypeExcludeFiltersContextCustomizer@351584c0, org.springframework.boot.test.autoconfigure.properties.PropertyMappingContextCustomizer@4de046bd, org.springframework.boot.test.autoconfigure.web.servlet.WebDriverContextCustomizerFactory$Customizer@2068602d, [ImportsContextCustomizer@29b2d49 key = [org.springframework.boot.autoconfigure.cache.CacheAutoConfiguration, org.springframework.boot.autoconfigure.data.jpa.JpaRepositoriesAutoConfiguration, org.springframework.boot.autoconfigure.flyway.FlywayAutoConfiguration, org.springframework.boot.autoconfigure.jdbc.DataSourceAutoConfiguration, org.springframework.boot.autoconfigure.jdbc.DataSourceTransactionManagerAutoConfiguration, org.springframework.boot.autoconfigure.jdbc.JdbcTemplateAutoConfiguration, org.springframework.boot.autoconfigure.liquibase.LiquibaseAutoConfiguration, org.springframework.boot.autoconfigure.orm.jpa.HibernateJpaAutoConfiguration, org.springframework.boot.autoconfigure.transaction.TransactionAutoConfiguration, org.springframework.boot.test.autoconfigure.jdbc.TestDatabaseAutoConfiguration, org.springframework.boot.test.autoconfigure.orm.jpa.TestEntityManagerAutoConfiguration]], org.springframework.boot.test.context.filter.ExcludeFilterContextCustomizer@18486d60, org.springframework.boot.test.json.DuplicateJsonObjectContextCustomizerFactory$DuplicateJsonObjectContextCustomizer@5a267fa8, org.springframework.boot.test.mock.mockito.MockitoContextCustomizer@0], contextLoader = 'org.springframework.boot.test.context.SpringBootContextLoader', parent = [null]], attributes = map[[empty]]]; transaction manager [org.springframework.orm.jpa.JpaTransactionManager@16cc0635]; rollback [true]
Hibernate: select customer0_.customer_id as customer1_5_0_, customer0_.address as address2_5_0_, customer0_.age as age3_5_0_, customer0_.card_num as card_num4_5_0_, customer0_.employee as employee8_5_0_, customer0_.date as date5_5_0_, customer0_.name as name6_5_0_, customer0_.tel as tel7_5_0_, customer0_.registype as registyp9_5_0_, customer0_.job as job10_5_0_, employee1_.employee_id as employee1_6_1_, employee1_.name as name2_6_1_, employee1_.password as password3_6_1_, employee1_.username as username4_6_1_, registype2_.regis_type_id as regis_ty1_23_2_, registype2_.type as type2_23_2_, cus3_.regis_type_regis_type_id as regis_ty1_24_3_, customer4_.customer_id as cus_cust2_24_3_, customer4_.customer_id as customer1_5_4_, customer4_.address as address2_5_4_, customer4_.age as age3_5_4_, customer4_.card_num as card_num4_5_4_, customer4_.employee as employee8_5_4_, customer4_.date as date5_5_4_, customer4_.name as name6_5_4_, customer4_.tel as tel7_5_4_, customer4_.registype as registyp9_5_4_, customer4_.job as job10_5_4_, job5_.job_id as job_id1_8_5_, job5_.job as job2_8_5_, cus6_.job_job_id as job_job_1_9_6_, customer7_.customer_id as cus_cust2_9_6_, customer7_.customer_id as customer1_5_7_, customer7_.address as address2_5_7_, customer7_.age as age3_5_7_, customer7_.card_num as card_num4_5_7_, customer7_.employee as employee8_5_7_, customer7_.date as date5_5_7_, customer7_.name as name6_5_7_, customer7_.tel as tel7_5_7_, customer7_.registype as registyp9_5_7_, customer7_.job as job10_5_7_ from customer customer0_ left outer join employee employee1_ on customer0_.employee=employee1_.employee_id left outer join resgistype registype2_ on customer0_.registype=registype2_.regis_type_id left outer join resgistype_cus cus3_ on registype2_.regis_type_id=cus3_.regis_type_regis_type_id left outer join customer customer4_ on cus3_.cus_customer_id=customer4_.customer_id left outer join job job5_ on customer4_.job=job5_.job_id left outer join job_cus cus6_ on job5_.job_id=cus6_.job_job_id left outer join customer customer7_ on cus6_.cus_customer_id=customer7_.customer_id where customer0_.customer_id=?
Hibernate: select job0_.job_id as job_id1_8_0_, job0_.job as job2_8_0_, cus1_.job_job_id as job_job_1_9_1_, customer2_.customer_id as cus_cust2_9_1_, customer2_.customer_id as customer1_5_2_, customer2_.address as address2_5_2_, customer2_.age as age3_5_2_, customer2_.card_num as card_num4_5_2_, customer2_.employee as employee8_5_2_, customer2_.date as date5_5_2_, customer2_.name as name6_5_2_, customer2_.tel as tel7_5_2_, customer2_.registype as registyp9_5_2_, customer2_.job as job10_5_2_, employee3_.employee_id as employee1_6_3_, employee3_.name as name2_6_3_, employee3_.password as password3_6_3_, employee3_.username as username4_6_3_, registype4_.regis_type_id as regis_ty1_23_4_, registype4_.type as type2_23_4_, cus5_.regis_type_regis_type_id as regis_ty1_24_5_, customer6_.customer_id as cus_cust2_24_5_, customer6_.customer_id as customer1_5_6_, customer6_.address as address2_5_6_, customer6_.age as age3_5_6_, customer6_.card_num as card_num4_5_6_, customer6_.employee as employee8_5_6_, customer6_.date as date5_5_6_, customer6_.name as name6_5_6_, customer6_.tel as tel7_5_6_, customer6_.registype as registyp9_5_6_, customer6_.job as job10_5_6_, job7_.job_id as job_id1_8_7_, job7_.job as job2_8_7_ from job job0_ left outer join job_cus cus1_ on job0_.job_id=cus1_.job_job_id left outer join customer customer2_ on cus1_.cus_customer_id=customer2_.customer_id left outer join employee employee3_ on customer2_.employee=employee3_.employee_id left outer join resgistype registype4_ on customer2_.registype=registype4_.regis_type_id left outer join resgistype_cus cus5_ on registype4_.regis_type_id=cus5_.regis_type_regis_type_id left outer join customer customer6_ on cus5_.cus_customer_id=customer6_.customer_id left outer join job job7_ on customer6_.job=job7_.job_id where job0_.job_id=?
Hibernate: select rent0_.employee_employee_id as employee1_7_0_, rent0_.rent_rent_car_id as rent_ren2_7_0_, rentcar1_.rent_car_id as rent_car1_18_1_, rentcar1_.employee_id as employee5_18_1_, rentcar1_.price as price2_18_1_, rentcar1_.rent_date as rent_dat3_18_1_, rentcar1_.customer_id as customer6_18_1_, rentcar1_.rentday as rentday4_18_1_, rentcar1_.car_id as car_id7_18_1_, rentcar1_.renttype_id as renttype8_18_1_, employee2_.employee_id as employee1_6_2_, employee2_.name as name2_6_2_, employee2_.password as password3_6_2_, employee2_.username as username4_6_2_, customer3_.customer_id as customer1_5_3_, customer3_.address as address2_5_3_, customer3_.age as age3_5_3_, customer3_.card_num as card_num4_5_3_, customer3_.employee as employee8_5_3_, customer3_.date as date5_5_3_, customer3_.name as name6_5_3_, customer3_.tel as tel7_5_3_, customer3_.registype as registyp9_5_3_, customer3_.job as job10_5_3_, employee4_.employee_id as employee1_6_4_, employee4_.name as name2_6_4_, employee4_.password as password3_6_4_, employee4_.username as username4_6_4_, registype5_.regis_type_id as regis_ty1_23_5_, registype5_.type as type2_23_5_, job6_.job_id as job_id1_8_6_, job6_.job as job2_8_6_, car7_.car_id as car_id1_2_7_, car7_.brand_id as brand_id4_2_7_, car7_.seat_id as seat_id5_2_7_, car7_.employee_id as employee6_2_7_, car7_.plate as plate2_2_7_, car7_.province_id as province7_2_7_, car7_.vin as vin3_2_7_, brand8_.brand_id as brand_id1_0_8_, brand8_.brand as brand2_0_8_, carseat9_.seat_id as seat_id1_3_9_, carseat9_.carseat as carseat2_3_9_, employee10_.employee_id as employee1_6_10_, employee10_.name as name2_6_10_, employee10_.password as password3_6_10_, employee10_.username as username4_6_10_, province11_.province_id as province1_16_11_, province11_.province as province2_16_11_, renttype12_.renttype_id as renttype1_19_12_, renttype12_.nametype as nametype2_19_12_, renttype12_.unitprice as unitpric3_19_12_ from employee_rent rent0_ inner join rent_car rentcar1_ on rent0_.rent_rent_car_id=rentcar1_.rent_car_id inner join employee employee2_ on rentcar1_.employee_id=employee2_.employee_id inner join customer customer3_ on rentcar1_.customer_id=customer3_.customer_id left outer join employee employee4_ on customer3_.employee=employee4_.employee_id left outer join resgistype registype5_ on customer3_.registype=registype5_.regis_type_id left outer join job job6_ on customer3_.job=job6_.job_id inner join car car7_ on rentcar1_.car_id=car7_.car_id left outer join brand brand8_ on car7_.brand_id=brand8_.brand_id left outer join carseat carseat9_ on car7_.seat_id=carseat9_.seat_id left outer join employee employee10_ on car7_.employee_id=employee10_.employee_id left outer join plateprovince province11_ on car7_.province_id=province11_.province_id inner join renttype renttype12_ on rentcar1_.renttype_id=renttype12_.renttype_id where rent0_.employee_employee_id=?
Hibernate: select car0_.car_id as car_id1_2_0_, car0_.brand_id as brand_id4_2_0_, car0_.seat_id as seat_id5_2_0_, car0_.employee_id as employee6_2_0_, car0_.plate as plate2_2_0_, car0_.province_id as province7_2_0_, car0_.vin as vin3_2_0_, brand1_.brand_id as brand_id1_0_1_, brand1_.brand as brand2_0_1_, carseat2_.seat_id as seat_id1_3_2_, carseat2_.carseat as carseat2_3_2_, employee3_.employee_id as employee1_6_3_, employee3_.name as name2_6_3_, employee3_.password as password3_6_3_, employee3_.username as username4_6_3_, province4_.province_id as province1_16_4_, province4_.province as province2_16_4_ from car car0_ left outer join brand brand1_ on car0_.brand_id=brand1_.brand_id left outer join carseat carseat2_ on car0_.seat_id=carseat2_.seat_id left outer join employee employee3_ on car0_.employee_id=employee3_.employee_id left outer join plateprovince province4_ on car0_.province_id=province4_.province_id where car0_.car_id=?
Hibernate: select car0_.province_province_id as province1_17_0_, car0_.car_car_id as car_car_2_17_0_, car1_.car_id as car_id1_2_1_, car1_.brand_id as brand_id4_2_1_, car1_.seat_id as seat_id5_2_1_, car1_.employee_id as employee6_2_1_, car1_.plate as plate2_2_1_, car1_.province_id as province7_2_1_, car1_.vin as vin3_2_1_, brand2_.brand_id as brand_id1_0_2_, brand2_.brand as brand2_0_2_, carseat3_.seat_id as seat_id1_3_3_, carseat3_.carseat as carseat2_3_3_, employee4_.employee_id as employee1_6_4_, employee4_.name as name2_6_4_, employee4_.password as password3_6_4_, employee4_.username as username4_6_4_, province5_.province_id as province1_16_5_, province5_.province as province2_16_5_ from plateprovince_car car0_ inner join car car1_ on car0_.car_car_id=car1_.car_id left outer join brand brand2_ on car1_.brand_id=brand2_.brand_id left outer join carseat carseat3_ on car1_.seat_id=carseat3_.seat_id left outer join employee employee4_ on car1_.employee_id=employee4_.employee_id left outer join plateprovince province5_ on car1_.province_id=province5_.province_id where car0_.province_province_id=?
Hibernate: select car0_.carseat_seat_id as carseat_1_4_0_, car0_.car_car_id as car_car_2_4_0_, car1_.car_id as car_id1_2_1_, car1_.brand_id as brand_id4_2_1_, car1_.seat_id as seat_id5_2_1_, car1_.employee_id as employee6_2_1_, car1_.plate as plate2_2_1_, car1_.province_id as province7_2_1_, car1_.vin as vin3_2_1_, brand2_.brand_id as brand_id1_0_2_, brand2_.brand as brand2_0_2_, carseat3_.seat_id as seat_id1_3_3_, carseat3_.carseat as carseat2_3_3_, employee4_.employee_id as employee1_6_4_, employee4_.name as name2_6_4_, employee4_.password as password3_6_4_, employee4_.username as username4_6_4_, province5_.province_id as province1_16_5_, province5_.province as province2_16_5_ from carseat_car car0_ inner join car car1_ on car0_.car_car_id=car1_.car_id left outer join brand brand2_ on car1_.brand_id=brand2_.brand_id left outer join carseat carseat3_ on car1_.seat_id=carseat3_.seat_id left outer join employee employee4_ on car1_.employee_id=employee4_.employee_id left outer join plateprovince province5_ on car1_.province_id=province5_.province_id where car0_.carseat_seat_id=?
Hibernate: select car0_.brand_brand_id as brand_br1_1_0_, car0_.car_car_id as car_car_2_1_0_, car1_.car_id as car_id1_2_1_, car1_.brand_id as brand_id4_2_1_, car1_.seat_id as seat_id5_2_1_, car1_.employee_id as employee6_2_1_, car1_.plate as plate2_2_1_, car1_.province_id as province7_2_1_, car1_.vin as vin3_2_1_, brand2_.brand_id as brand_id1_0_2_, brand2_.brand as brand2_0_2_, carseat3_.seat_id as seat_id1_3_3_, carseat3_.carseat as carseat2_3_3_, employee4_.employee_id as employee1_6_4_, employee4_.name as name2_6_4_, employee4_.password as password3_6_4_, employee4_.username as username4_6_4_, province5_.province_id as province1_16_5_, province5_.province as province2_16_5_ from brand_car car0_ inner join car car1_ on car0_.car_car_id=car1_.car_id left outer join brand brand2_ on car1_.brand_id=brand2_.brand_id left outer join carseat carseat3_ on car1_.seat_id=carseat3_.seat_id left outer join employee employee4_ on car1_.employee_id=employee4_.employee_id left outer join plateprovince province5_ on car1_.province_id=province5_.province_id where car0_.brand_brand_id=?
Hibernate: select renttype0_.renttype_id as renttype1_19_0_, renttype0_.nametype as nametype2_19_0_, renttype0_.unitprice as unitpric3_19_0_ from renttype renttype0_ where renttype0_.renttype_id=?
Hibernate: select rent0_.rent_type_renttype_id as rent_typ1_20_0_, rent0_.rent_rent_car_id as rent_ren2_20_0_, rentcar1_.rent_car_id as rent_car1_18_1_, rentcar1_.employee_id as employee5_18_1_, rentcar1_.price as price2_18_1_, rentcar1_.rent_date as rent_dat3_18_1_, rentcar1_.customer_id as customer6_18_1_, rentcar1_.rentday as rentday4_18_1_, rentcar1_.car_id as car_id7_18_1_, rentcar1_.renttype_id as renttype8_18_1_, employee2_.employee_id as employee1_6_2_, employee2_.name as name2_6_2_, employee2_.password as password3_6_2_, employee2_.username as username4_6_2_, customer3_.customer_id as customer1_5_3_, customer3_.address as address2_5_3_, customer3_.age as age3_5_3_, customer3_.card_num as card_num4_5_3_, customer3_.employee as employee8_5_3_, customer3_.date as date5_5_3_, customer3_.name as name6_5_3_, customer3_.tel as tel7_5_3_, customer3_.registype as registyp9_5_3_, customer3_.job as job10_5_3_, employee4_.employee_id as employee1_6_4_, employee4_.name as name2_6_4_, employee4_.password as password3_6_4_, employee4_.username as username4_6_4_, registype5_.regis_type_id as regis_ty1_23_5_, registype5_.type as type2_23_5_, job6_.job_id as job_id1_8_6_, job6_.job as job2_8_6_, car7_.car_id as car_id1_2_7_, car7_.brand_id as brand_id4_2_7_, car7_.seat_id as seat_id5_2_7_, car7_.employee_id as employee6_2_7_, car7_.plate as plate2_2_7_, car7_.province_id as province7_2_7_, car7_.vin as vin3_2_7_, brand8_.brand_id as brand_id1_0_8_, brand8_.brand as brand2_0_8_, carseat9_.seat_id as seat_id1_3_9_, carseat9_.carseat as carseat2_3_9_, employee10_.employee_id as employee1_6_10_, employee10_.name as name2_6_10_, employee10_.password as password3_6_10_, employee10_.username as username4_6_10_, province11_.province_id as province1_16_11_, province11_.province as province2_16_11_, renttype12_.renttype_id as renttype1_19_12_, renttype12_.nametype as nametype2_19_12_, renttype12_.unitprice as unitpric3_19_12_ from renttype_rent rent0_ inner join rent_car rentcar1_ on rent0_.rent_rent_car_id=rentcar1_.rent_car_id inner join employee employee2_ on rentcar1_.employee_id=employee2_.employee_id inner join customer customer3_ on rentcar1_.customer_id=customer3_.customer_id left outer join employee employee4_ on customer3_.employee=employee4_.employee_id left outer join resgistype registype5_ on customer3_.registype=registype5_.regis_type_id left outer join job job6_ on customer3_.job=job6_.job_id inner join car car7_ on rentcar1_.car_id=car7_.car_id left outer join brand brand8_ on car7_.brand_id=brand8_.brand_id left outer join carseat carseat9_ on car7_.seat_id=carseat9_.seat_id left outer join employee employee10_ on car7_.employee_id=employee10_.employee_id left outer join plateprovince province11_ on car7_.province_id=province11_.province_id inner join renttype renttype12_ on rentcar1_.renttype_id=renttype12_.renttype_id where rent0_.rent_type_renttype_id=?

=======================================

Test createdby Must Not Be Null

=======================================

2020-02-05 23:58:49.718  INFO 2420 --- [    Test worker] o.s.t.c.transaction.TransactionContext   : Rolled back transaction for test: [DefaultTestContext@4bae3d89 testClass = RentCarTest, testInstance = com.cpe.backend.RentCarTest@65c5b325, testMethod = b6004804_test_createdbyMustNotBeNull@RentCarTest, testException = [null], mergedContextConfiguration = [MergedContextConfiguration@20536c91 testClass = RentCarTest, locations = '{}', classes = '{class com.cpe.backend.BackendApplication}', contextInitializerClasses = '[]', activeProfiles = '{}', propertySourceLocations = '{}', propertySourceProperties = '{org.springframework.boot.test.autoconfigure.orm.jpa.DataJpaTestContextBootstrapper=true}', contextCustomizers = set[org.springframework.boot.test.autoconfigure.OverrideAutoConfigurationContextCustomizerFactory$DisableAutoConfigurationContextCustomizer@519ef83d, org.springframework.boot.test.autoconfigure.filter.TypeExcludeFiltersContextCustomizer@351584c0, org.springframework.boot.test.autoconfigure.properties.PropertyMappingContextCustomizer@4de046bd, org.springframework.boot.test.autoconfigure.web.servlet.WebDriverContextCustomizerFactory$Customizer@2068602d, [ImportsContextCustomizer@29b2d49 key = [org.springframework.boot.autoconfigure.cache.CacheAutoConfiguration, org.springframework.boot.autoconfigure.data.jpa.JpaRepositoriesAutoConfiguration, org.springframework.boot.autoconfigure.flyway.FlywayAutoConfiguration, org.springframework.boot.autoconfigure.jdbc.DataSourceAutoConfiguration, org.springframework.boot.autoconfigure.jdbc.DataSourceTransactionManagerAutoConfiguration, org.springframework.boot.autoconfigure.jdbc.JdbcTemplateAutoConfiguration, org.springframework.boot.autoconfigure.liquibase.LiquibaseAutoConfiguration, org.springframework.boot.autoconfigure.orm.jpa.HibernateJpaAutoConfiguration, org.springframework.boot.autoconfigure.transaction.TransactionAutoConfiguration, org.springframework.boot.test.autoconfigure.jdbc.TestDatabaseAutoConfiguration, org.springframework.boot.test.autoconfigure.orm.jpa.TestEntityManagerAutoConfiguration]], org.springframework.boot.test.context.filter.ExcludeFilterContextCustomizer@18486d60, org.springframework.boot.test.json.DuplicateJsonObjectContextCustomizerFactory$DuplicateJsonObjectContextCustomizer@5a267fa8, org.springframework.boot.test.mock.mockito.MockitoContextCustomizer@0], contextLoader = 'org.springframework.boot.test.context.SpringBootContextLoader', parent = [null]], attributes = map[[empty]]]
2020-02-05 23:58:49.722  INFO 2420 --- [    Test worker] o.s.t.c.transaction.TransactionContext   : Began transaction (1) for test context [DefaultTestContext@4bae3d89 testClass = RentCarTest, testInstance = com.cpe.backend.RentCarTest@a92157b, testMethod = b6004804_test_InsertDataNormal@RentCarTest, testException = [null], mergedContextConfiguration = [MergedContextConfiguration@20536c91 testClass = RentCarTest, locations = '{}', classes = '{class com.cpe.backend.BackendApplication}', contextInitializerClasses = '[]', activeProfiles = '{}', propertySourceLocations = '{}', propertySourceProperties = '{org.springframework.boot.test.autoconfigure.orm.jpa.DataJpaTestContextBootstrapper=true}', contextCustomizers = set[org.springframework.boot.test.autoconfigure.OverrideAutoConfigurationContextCustomizerFactory$DisableAutoConfigurationContextCustomizer@519ef83d, org.springframework.boot.test.autoconfigure.filter.TypeExcludeFiltersContextCustomizer@351584c0, org.springframework.boot.test.autoconfigure.properties.PropertyMappingContextCustomizer@4de046bd, org.springframework.boot.test.autoconfigure.web.servlet.WebDriverContextCustomizerFactory$Customizer@2068602d, [ImportsContextCustomizer@29b2d49 key = [org.springframework.boot.autoconfigure.cache.CacheAutoConfiguration, org.springframework.boot.autoconfigure.data.jpa.JpaRepositoriesAutoConfiguration, org.springframework.boot.autoconfigure.flyway.FlywayAutoConfiguration, org.springframework.boot.autoconfigure.jdbc.DataSourceAutoConfiguration, org.springframework.boot.autoconfigure.jdbc.DataSourceTransactionManagerAutoConfiguration, org.springframework.boot.autoconfigure.jdbc.JdbcTemplateAutoConfiguration, org.springframework.boot.autoconfigure.liquibase.LiquibaseAutoConfiguration, org.springframework.boot.autoconfigure.orm.jpa.HibernateJpaAutoConfiguration, org.springframework.boot.autoconfigure.transaction.TransactionAutoConfiguration, org.springframework.boot.test.autoconfigure.jdbc.TestDatabaseAutoConfiguration, org.springframework.boot.test.autoconfigure.orm.jpa.TestEntityManagerAutoConfiguration]], org.springframework.boot.test.context.filter.ExcludeFilterContextCustomizer@18486d60, org.springframework.boot.test.json.DuplicateJsonObjectContextCustomizerFactory$DuplicateJsonObjectContextCustomizer@5a267fa8, org.springframework.boot.test.mock.mockito.MockitoContextCustomizer@0], contextLoader = 'org.springframework.boot.test.context.SpringBootContextLoader', parent = [null]], attributes = map[[empty]]]; transaction manager [org.springframework.orm.jpa.JpaTransactionManager@16cc0635]; rollback [true]
Hibernate: select customer0_.customer_id as customer1_5_0_, customer0_.address as address2_5_0_, customer0_.age as age3_5_0_, customer0_.card_num as card_num4_5_0_, customer0_.employee as employee8_5_0_, customer0_.date as date5_5_0_, customer0_.name as name6_5_0_, customer0_.tel as tel7_5_0_, customer0_.registype as registyp9_5_0_, customer0_.job as job10_5_0_, employee1_.employee_id as employee1_6_1_, employee1_.name as name2_6_1_, employee1_.password as password3_6_1_, employee1_.username as username4_6_1_, registype2_.regis_type_id as regis_ty1_23_2_, registype2_.type as type2_23_2_, cus3_.regis_type_regis_type_id as regis_ty1_24_3_, customer4_.customer_id as cus_cust2_24_3_, customer4_.customer_id as customer1_5_4_, customer4_.address as address2_5_4_, customer4_.age as age3_5_4_, customer4_.card_num as card_num4_5_4_, customer4_.employee as employee8_5_4_, customer4_.date as date5_5_4_, customer4_.name as name6_5_4_, customer4_.tel as tel7_5_4_, customer4_.registype as registyp9_5_4_, customer4_.job as job10_5_4_, job5_.job_id as job_id1_8_5_, job5_.job as job2_8_5_, cus6_.job_job_id as job_job_1_9_6_, customer7_.customer_id as cus_cust2_9_6_, customer7_.customer_id as customer1_5_7_, customer7_.address as address2_5_7_, customer7_.age as age3_5_7_, customer7_.card_num as card_num4_5_7_, customer7_.employee as employee8_5_7_, customer7_.date as date5_5_7_, customer7_.name as name6_5_7_, customer7_.tel as tel7_5_7_, customer7_.registype as registyp9_5_7_, customer7_.job as job10_5_7_ from customer customer0_ left outer join employee employee1_ on customer0_.employee=employee1_.employee_id left outer join resgistype registype2_ on customer0_.registype=registype2_.regis_type_id left outer join resgistype_cus cus3_ on registype2_.regis_type_id=cus3_.regis_type_regis_type_id left outer join customer customer4_ on cus3_.cus_customer_id=customer4_.customer_id left outer join job job5_ on customer4_.job=job5_.job_id left outer join job_cus cus6_ on job5_.job_id=cus6_.job_job_id left outer join customer customer7_ on cus6_.cus_customer_id=customer7_.customer_id where customer0_.customer_id=?
Hibernate: select job0_.job_id as job_id1_8_0_, job0_.job as job2_8_0_, cus1_.job_job_id as job_job_1_9_1_, customer2_.customer_id as cus_cust2_9_1_, customer2_.customer_id as customer1_5_2_, customer2_.address as address2_5_2_, customer2_.age as age3_5_2_, customer2_.card_num as card_num4_5_2_, customer2_.employee as employee8_5_2_, customer2_.date as date5_5_2_, customer2_.name as name6_5_2_, customer2_.tel as tel7_5_2_, customer2_.registype as registyp9_5_2_, customer2_.job as job10_5_2_, employee3_.employee_id as employee1_6_3_, employee3_.name as name2_6_3_, employee3_.password as password3_6_3_, employee3_.username as username4_6_3_, registype4_.regis_type_id as regis_ty1_23_4_, registype4_.type as type2_23_4_, cus5_.regis_type_regis_type_id as regis_ty1_24_5_, customer6_.customer_id as cus_cust2_24_5_, customer6_.customer_id as customer1_5_6_, customer6_.address as address2_5_6_, customer6_.age as age3_5_6_, customer6_.card_num as card_num4_5_6_, customer6_.employee as employee8_5_6_, customer6_.date as date5_5_6_, customer6_.name as name6_5_6_, customer6_.tel as tel7_5_6_, customer6_.registype as registyp9_5_6_, customer6_.job as job10_5_6_, job7_.job_id as job_id1_8_7_, job7_.job as job2_8_7_ from job job0_ left outer join job_cus cus1_ on job0_.job_id=cus1_.job_job_id left outer join customer customer2_ on cus1_.cus_customer_id=customer2_.customer_id left outer join employee employee3_ on customer2_.employee=employee3_.employee_id left outer join resgistype registype4_ on customer2_.registype=registype4_.regis_type_id left outer join resgistype_cus cus5_ on registype4_.regis_type_id=cus5_.regis_type_regis_type_id left outer join customer customer6_ on cus5_.cus_customer_id=customer6_.customer_id left outer join job job7_ on customer6_.job=job7_.job_id where job0_.job_id=?
Hibernate: select rent0_.employee_employee_id as employee1_7_0_, rent0_.rent_rent_car_id as rent_ren2_7_0_, rentcar1_.rent_car_id as rent_car1_18_1_, rentcar1_.employee_id as employee5_18_1_, rentcar1_.price as price2_18_1_, rentcar1_.rent_date as rent_dat3_18_1_, rentcar1_.customer_id as customer6_18_1_, rentcar1_.rentday as rentday4_18_1_, rentcar1_.car_id as car_id7_18_1_, rentcar1_.renttype_id as renttype8_18_1_, employee2_.employee_id as employee1_6_2_, employee2_.name as name2_6_2_, employee2_.password as password3_6_2_, employee2_.username as username4_6_2_, customer3_.customer_id as customer1_5_3_, customer3_.address as address2_5_3_, customer3_.age as age3_5_3_, customer3_.card_num as card_num4_5_3_, customer3_.employee as employee8_5_3_, customer3_.date as date5_5_3_, customer3_.name as name6_5_3_, customer3_.tel as tel7_5_3_, customer3_.registype as registyp9_5_3_, customer3_.job as job10_5_3_, employee4_.employee_id as employee1_6_4_, employee4_.name as name2_6_4_, employee4_.password as password3_6_4_, employee4_.username as username4_6_4_, registype5_.regis_type_id as regis_ty1_23_5_, registype5_.type as type2_23_5_, job6_.job_id as job_id1_8_6_, job6_.job as job2_8_6_, car7_.car_id as car_id1_2_7_, car7_.brand_id as brand_id4_2_7_, car7_.seat_id as seat_id5_2_7_, car7_.employee_id as employee6_2_7_, car7_.plate as plate2_2_7_, car7_.province_id as province7_2_7_, car7_.vin as vin3_2_7_, brand8_.brand_id as brand_id1_0_8_, brand8_.brand as brand2_0_8_, carseat9_.seat_id as seat_id1_3_9_, carseat9_.carseat as carseat2_3_9_, employee10_.employee_id as employee1_6_10_, employee10_.name as name2_6_10_, employee10_.password as password3_6_10_, employee10_.username as username4_6_10_, province11_.province_id as province1_16_11_, province11_.province as province2_16_11_, renttype12_.renttype_id as renttype1_19_12_, renttype12_.nametype as nametype2_19_12_, renttype12_.unitprice as unitpric3_19_12_ from employee_rent rent0_ inner join rent_car rentcar1_ on rent0_.rent_rent_car_id=rentcar1_.rent_car_id inner join employee employee2_ on rentcar1_.employee_id=employee2_.employee_id inner join customer customer3_ on rentcar1_.customer_id=customer3_.customer_id left outer join employee employee4_ on customer3_.employee=employee4_.employee_id left outer join resgistype registype5_ on customer3_.registype=registype5_.regis_type_id left outer join job job6_ on customer3_.job=job6_.job_id inner join car car7_ on rentcar1_.car_id=car7_.car_id left outer join brand brand8_ on car7_.brand_id=brand8_.brand_id left outer join carseat carseat9_ on car7_.seat_id=carseat9_.seat_id left outer join employee employee10_ on car7_.employee_id=employee10_.employee_id left outer join plateprovince province11_ on car7_.province_id=province11_.province_id inner join renttype renttype12_ on rentcar1_.renttype_id=renttype12_.renttype_id where rent0_.employee_employee_id=?
=======
2020-02-04 22:32:04.054  INFO 12676 --- [    Test worker] o.s.t.c.transaction.TransactionContext   : Rolled back transaction for test: [DefaultTestContext@34a7ce02 testClass = RentCarTest, testInstance = com.cpe.backend.RentCarTest@570dc5b6, testMethod = b6004804_test_RentdayMustBePositiveOrZero@RentCarTest, testException = [null], mergedContextConfiguration = [MergedContextConfiguration@232dbdde testClass = RentCarTest, locations = '{}', classes = '{class com.cpe.backend.BackendApplication}', contextInitializerClasses = '[]', activeProfiles = '{}', propertySourceLocations = '{}', propertySourceProperties = '{org.springframework.boot.test.autoconfigure.orm.jpa.DataJpaTestContextBootstrapper=true}', contextCustomizers = set[org.springframework.boot.test.autoconfigure.OverrideAutoConfigurationContextCustomizerFactory$DisableAutoConfigurationContextCustomizer@613520e1, org.springframework.boot.test.autoconfigure.filter.TypeExcludeFiltersContextCustomizer@351584c0, org.springframework.boot.test.autoconfigure.properties.PropertyMappingContextCustomizer@21896434, org.springframework.boot.test.autoconfigure.web.servlet.WebDriverContextCustomizerFactory$Customizer@9a30f15, [ImportsContextCustomizer@23c35f4 key = [org.springframework.boot.autoconfigure.cache.CacheAutoConfiguration, org.springframework.boot.autoconfigure.data.jpa.JpaRepositoriesAutoConfiguration, org.springframework.boot.autoconfigure.flyway.FlywayAutoConfiguration, org.springframework.boot.autoconfigure.jdbc.DataSourceAutoConfiguration, org.springframework.boot.autoconfigure.jdbc.DataSourceTransactionManagerAutoConfiguration, org.springframework.boot.autoconfigure.jdbc.JdbcTemplateAutoConfiguration, org.springframework.boot.autoconfigure.liquibase.LiquibaseAutoConfiguration, org.springframework.boot.autoconfigure.orm.jpa.HibernateJpaAutoConfiguration, org.springframework.boot.autoconfigure.transaction.TransactionAutoConfiguration, org.springframework.boot.test.autoconfigure.jdbc.TestDatabaseAutoConfiguration, org.springframework.boot.test.autoconfigure.orm.jpa.TestEntityManagerAutoConfiguration]], org.springframework.boot.test.context.filter.ExcludeFilterContextCustomizer@23782f0d, org.springframework.boot.test.json.DuplicateJsonObjectContextCustomizerFactory$DuplicateJsonObjectContextCustomizer@4749f795, org.springframework.boot.test.mock.mockito.MockitoContextCustomizer@0], contextLoader = 'org.springframework.boot.test.context.SpringBootContextLoader', parent = [null]], attributes = map[[empty]]]
2020-02-04 22:32:04.058  INFO 12676 --- [    Test worker] o.s.t.c.transaction.TransactionContext   : Began transaction (1) for test context [DefaultTestContext@34a7ce02 testClass = RentCarTest, testInstance = com.cpe.backend.RentCarTest@2db5223e, testMethod = b6004804_test_InsertDataNormal@RentCarTest, testException = [null], mergedContextConfiguration = [MergedContextConfiguration@232dbdde testClass = RentCarTest, locations = '{}', classes = '{class com.cpe.backend.BackendApplication}', contextInitializerClasses = '[]', activeProfiles = '{}', propertySourceLocations = '{}', propertySourceProperties = '{org.springframework.boot.test.autoconfigure.orm.jpa.DataJpaTestContextBootstrapper=true}', contextCustomizers = set[org.springframework.boot.test.autoconfigure.OverrideAutoConfigurationContextCustomizerFactory$DisableAutoConfigurationContextCustomizer@613520e1, org.springframework.boot.test.autoconfigure.filter.TypeExcludeFiltersContextCustomizer@351584c0, org.springframework.boot.test.autoconfigure.properties.PropertyMappingContextCustomizer@21896434, org.springframework.boot.test.autoconfigure.web.servlet.WebDriverContextCustomizerFactory$Customizer@9a30f15, [ImportsContextCustomizer@23c35f4 key = [org.springframework.boot.autoconfigure.cache.CacheAutoConfiguration, org.springframework.boot.autoconfigure.data.jpa.JpaRepositoriesAutoConfiguration, org.springframework.boot.autoconfigure.flyway.FlywayAutoConfiguration, org.springframework.boot.autoconfigure.jdbc.DataSourceAutoConfiguration, org.springframework.boot.autoconfigure.jdbc.DataSourceTransactionManagerAutoConfiguration, org.springframework.boot.autoconfigure.jdbc.JdbcTemplateAutoConfiguration, org.springframework.boot.autoconfigure.liquibase.LiquibaseAutoConfiguration, org.springframework.boot.autoconfigure.orm.jpa.HibernateJpaAutoConfiguration, org.springframework.boot.autoconfigure.transaction.TransactionAutoConfiguration, org.springframework.boot.test.autoconfigure.jdbc.TestDatabaseAutoConfiguration, org.springframework.boot.test.autoconfigure.orm.jpa.TestEntityManagerAutoConfiguration]], org.springframework.boot.test.context.filter.ExcludeFilterContextCustomizer@23782f0d, org.springframework.boot.test.json.DuplicateJsonObjectContextCustomizerFactory$DuplicateJsonObjectContextCustomizer@4749f795, org.springframework.boot.test.mock.mockito.MockitoContextCustomizer@0], contextLoader = 'org.springframework.boot.test.context.SpringBootContextLoader', parent = [null]], attributes = map[[empty]]]; transaction manager [org.springframework.orm.jpa.JpaTransactionManager@34d55a52]; rollback [true]
Hibernate: select customer0_.customer_id as customer1_5_0_, customer0_.address as address2_5_0_, customer0_.age as age3_5_0_, customer0_.employee as employee8_5_0_, customer0_.date as date4_5_0_, customer0_.name as name5_5_0_, customer0_.num_id as num_id6_5_0_, customer0_.tel as tel7_5_0_, customer0_.registype as registyp9_5_0_, customer0_.job as job10_5_0_, employee1_.employee_id as employee1_6_1_, employee1_.name as name2_6_1_, employee1_.password as password3_6_1_, employee1_.username as username4_6_1_, registype2_.regis_type_id as regis_ty1_23_2_, registype2_.type as type2_23_2_, cus3_.regis_type_regis_type_id as regis_ty1_24_3_, customer4_.customer_id as cus_cust2_24_3_, customer4_.customer_id as customer1_5_4_, customer4_.address as address2_5_4_, customer4_.age as age3_5_4_, customer4_.employee as employee8_5_4_, customer4_.date as date4_5_4_, customer4_.name as name5_5_4_, customer4_.num_id as num_id6_5_4_, customer4_.tel as tel7_5_4_, customer4_.registype as registyp9_5_4_, customer4_.job as job10_5_4_, job5_.job_id as job_id1_8_5_, job5_.job as job2_8_5_, cus6_.job_job_id as job_job_1_9_6_, customer7_.customer_id as cus_cust2_9_6_, customer7_.customer_id as customer1_5_7_, customer7_.address as address2_5_7_, customer7_.age as age3_5_7_, customer7_.employee as employee8_5_7_, customer7_.date as date4_5_7_, customer7_.name as name5_5_7_, customer7_.num_id as num_id6_5_7_, customer7_.tel as tel7_5_7_, customer7_.registype as registyp9_5_7_, customer7_.job as job10_5_7_ from customer customer0_ left outer join employee employee1_ on customer0_.employee=employee1_.employee_id left outer join resgistype registype2_ on customer0_.registype=registype2_.regis_type_id left outer join resgistype_cus cus3_ on registype2_.regis_type_id=cus3_.regis_type_regis_type_id left outer join customer customer4_ on cus3_.cus_customer_id=customer4_.customer_id left outer join job job5_ on customer4_.job=job5_.job_id left outer join job_cus cus6_ on job5_.job_id=cus6_.job_job_id left outer join customer customer7_ on cus6_.cus_customer_id=customer7_.customer_id where customer0_.customer_id=?
Hibernate: select job0_.job_id as job_id1_8_0_, job0_.job as job2_8_0_, cus1_.job_job_id as job_job_1_9_1_, customer2_.customer_id as cus_cust2_9_1_, customer2_.customer_id as customer1_5_2_, customer2_.address as address2_5_2_, customer2_.age as age3_5_2_, customer2_.employee as employee8_5_2_, customer2_.date as date4_5_2_, customer2_.name as name5_5_2_, customer2_.num_id as num_id6_5_2_, customer2_.tel as tel7_5_2_, customer2_.registype as registyp9_5_2_, customer2_.job as job10_5_2_, employee3_.employee_id as employee1_6_3_, employee3_.name as name2_6_3_, employee3_.password as password3_6_3_, employee3_.username as username4_6_3_, registype4_.regis_type_id as regis_ty1_23_4_, registype4_.type as type2_23_4_, cus5_.regis_type_regis_type_id as regis_ty1_24_5_, customer6_.customer_id as cus_cust2_24_5_, customer6_.customer_id as customer1_5_6_, customer6_.address as address2_5_6_, customer6_.age as age3_5_6_, customer6_.employee as employee8_5_6_, customer6_.date as date4_5_6_, customer6_.name as name5_5_6_, customer6_.num_id as num_id6_5_6_, customer6_.tel as tel7_5_6_, customer6_.registype as registyp9_5_6_, customer6_.job as job10_5_6_, job7_.job_id as job_id1_8_7_, job7_.job as job2_8_7_ from job job0_ left outer join job_cus cus1_ on job0_.job_id=cus1_.job_job_id left outer join customer customer2_ on cus1_.cus_customer_id=customer2_.customer_id left outer join employee employee3_ on customer2_.employee=employee3_.employee_id left outer join resgistype registype4_ on customer2_.registype=registype4_.regis_type_id left outer join resgistype_cus cus5_ on registype4_.regis_type_id=cus5_.regis_type_regis_type_id left outer join customer customer6_ on cus5_.cus_customer_id=customer6_.customer_id left outer join job job7_ on customer6_.job=job7_.job_id where job0_.job_id=?
Hibernate: select rent0_.employee_employee_id as employee1_7_0_, rent0_.rent_rent_car_id as rent_ren2_7_0_, rentcar1_.rent_car_id as rent_car1_18_1_, rentcar1_.employee_id as employee5_18_1_, rentcar1_.price as price2_18_1_, rentcar1_.rent_date as rent_dat3_18_1_, rentcar1_.customer_id as customer6_18_1_, rentcar1_.rentday as rentday4_18_1_, rentcar1_.car_id as car_id7_18_1_, rentcar1_.renttype_id as renttype8_18_1_, employee2_.employee_id as employee1_6_2_, employee2_.name as name2_6_2_, employee2_.password as password3_6_2_, employee2_.username as username4_6_2_, customer3_.customer_id as customer1_5_3_, customer3_.address as address2_5_3_, customer3_.age as age3_5_3_, customer3_.employee as employee8_5_3_, customer3_.date as date4_5_3_, customer3_.name as name5_5_3_, customer3_.num_id as num_id6_5_3_, customer3_.tel as tel7_5_3_, customer3_.registype as registyp9_5_3_, customer3_.job as job10_5_3_, employee4_.employee_id as employee1_6_4_, employee4_.name as name2_6_4_, employee4_.password as password3_6_4_, employee4_.username as username4_6_4_, registype5_.regis_type_id as regis_ty1_23_5_, registype5_.type as type2_23_5_, job6_.job_id as job_id1_8_6_, job6_.job as job2_8_6_, car7_.car_id as car_id1_2_7_, car7_.brand_id as brand_id4_2_7_, car7_.seat_id as seat_id5_2_7_, car7_.employee_id as employee6_2_7_, car7_.plate as plate2_2_7_, car7_.province_id as province7_2_7_, car7_.vin as vin3_2_7_, brand8_.brand_id as brand_id1_0_8_, brand8_.brand as brand2_0_8_, carseat9_.seat_id as seat_id1_3_9_, carseat9_.carseat as carseat2_3_9_, employee10_.employee_id as employee1_6_10_, employee10_.name as name2_6_10_, employee10_.password as password3_6_10_, employee10_.username as username4_6_10_, province11_.province_id as province1_16_11_, province11_.province as province2_16_11_, renttype12_.renttype_id as renttype1_19_12_, renttype12_.nametype as nametype2_19_12_, renttype12_.unitprice as unitpric3_19_12_ from employee_rent rent0_ inner join rent_car rentcar1_ on rent0_.rent_rent_car_id=rentcar1_.rent_car_id left outer join employee employee2_ on rentcar1_.employee_id=employee2_.employee_id left outer join customer customer3_ on rentcar1_.customer_id=customer3_.customer_id left outer join employee employee4_ on customer3_.employee=employee4_.employee_id left outer join resgistype registype5_ on customer3_.registype=registype5_.regis_type_id left outer join job job6_ on customer3_.job=job6_.job_id left outer join car car7_ on rentcar1_.car_id=car7_.car_id left outer join brand brand8_ on car7_.brand_id=brand8_.brand_id left outer join carseat carseat9_ on car7_.seat_id=carseat9_.seat_id left outer join employee employee10_ on car7_.employee_id=employee10_.employee_id left outer join plateprovince province11_ on car7_.province_id=province11_.province_id left outer join renttype renttype12_ on rentcar1_.renttype_id=renttype12_.renttype_id where rent0_.employee_employee_id=?
>>>>>>> issue-147
Hibernate: select car0_.car_id as car_id1_2_0_, car0_.brand_id as brand_id4_2_0_, car0_.seat_id as seat_id5_2_0_, car0_.employee_id as employee6_2_0_, car0_.plate as plate2_2_0_, car0_.province_id as province7_2_0_, car0_.vin as vin3_2_0_, brand1_.brand_id as brand_id1_0_1_, brand1_.brand as brand2_0_1_, carseat2_.seat_id as seat_id1_3_2_, carseat2_.carseat as carseat2_3_2_, employee3_.employee_id as employee1_6_3_, employee3_.name as name2_6_3_, employee3_.password as password3_6_3_, employee3_.username as username4_6_3_, province4_.province_id as province1_16_4_, province4_.province as province2_16_4_ from car car0_ left outer join brand brand1_ on car0_.brand_id=brand1_.brand_id left outer join carseat carseat2_ on car0_.seat_id=carseat2_.seat_id left outer join employee employee3_ on car0_.employee_id=employee3_.employee_id left outer join plateprovince province4_ on car0_.province_id=province4_.province_id where car0_.car_id=?
Hibernate: select car0_.province_province_id as province1_17_0_, car0_.car_car_id as car_car_2_17_0_, car1_.car_id as car_id1_2_1_, car1_.brand_id as brand_id4_2_1_, car1_.seat_id as seat_id5_2_1_, car1_.employee_id as employee6_2_1_, car1_.plate as plate2_2_1_, car1_.province_id as province7_2_1_, car1_.vin as vin3_2_1_, brand2_.brand_id as brand_id1_0_2_, brand2_.brand as brand2_0_2_, carseat3_.seat_id as seat_id1_3_3_, carseat3_.carseat as carseat2_3_3_, employee4_.employee_id as employee1_6_4_, employee4_.name as name2_6_4_, employee4_.password as password3_6_4_, employee4_.username as username4_6_4_, province5_.province_id as province1_16_5_, province5_.province as province2_16_5_ from plateprovince_car car0_ inner join car car1_ on car0_.car_car_id=car1_.car_id left outer join brand brand2_ on car1_.brand_id=brand2_.brand_id left outer join carseat carseat3_ on car1_.seat_id=carseat3_.seat_id left outer join employee employee4_ on car1_.employee_id=employee4_.employee_id left outer join plateprovince province5_ on car1_.province_id=province5_.province_id where car0_.province_province_id=?
Hibernate: select car0_.carseat_seat_id as carseat_1_4_0_, car0_.car_car_id as car_car_2_4_0_, car1_.car_id as car_id1_2_1_, car1_.brand_id as brand_id4_2_1_, car1_.seat_id as seat_id5_2_1_, car1_.employee_id as employee6_2_1_, car1_.plate as plate2_2_1_, car1_.province_id as province7_2_1_, car1_.vin as vin3_2_1_, brand2_.brand_id as brand_id1_0_2_, brand2_.brand as brand2_0_2_, carseat3_.seat_id as seat_id1_3_3_, carseat3_.carseat as carseat2_3_3_, employee4_.employee_id as employee1_6_4_, employee4_.name as name2_6_4_, employee4_.password as password3_6_4_, employee4_.username as username4_6_4_, province5_.province_id as province1_16_5_, province5_.province as province2_16_5_ from carseat_car car0_ inner join car car1_ on car0_.car_car_id=car1_.car_id left outer join brand brand2_ on car1_.brand_id=brand2_.brand_id left outer join carseat carseat3_ on car1_.seat_id=carseat3_.seat_id left outer join employee employee4_ on car1_.employee_id=employee4_.employee_id left outer join plateprovince province5_ on car1_.province_id=province5_.province_id where car0_.carseat_seat_id=?
Hibernate: select car0_.brand_brand_id as brand_br1_1_0_, car0_.car_car_id as car_car_2_1_0_, car1_.car_id as car_id1_2_1_, car1_.brand_id as brand_id4_2_1_, car1_.seat_id as seat_id5_2_1_, car1_.employee_id as employee6_2_1_, car1_.plate as plate2_2_1_, car1_.province_id as province7_2_1_, car1_.vin as vin3_2_1_, brand2_.brand_id as brand_id1_0_2_, brand2_.brand as brand2_0_2_, carseat3_.seat_id as seat_id1_3_3_, carseat3_.carseat as carseat2_3_3_, employee4_.employee_id as employee1_6_4_, employee4_.name as name2_6_4_, employee4_.password as password3_6_4_, employee4_.username as username4_6_4_, province5_.province_id as province1_16_5_, province5_.province as province2_16_5_ from brand_car car0_ inner join car car1_ on car0_.car_car_id=car1_.car_id left outer join brand brand2_ on car1_.brand_id=brand2_.brand_id left outer join carseat carseat3_ on car1_.seat_id=carseat3_.seat_id left outer join employee employee4_ on car1_.employee_id=employee4_.employee_id left outer join plateprovince province5_ on car1_.province_id=province5_.province_id where car0_.brand_brand_id=?
Hibernate: select renttype0_.renttype_id as renttype1_19_0_, renttype0_.nametype as nametype2_19_0_, renttype0_.unitprice as unitpric3_19_0_ from renttype renttype0_ where renttype0_.renttype_id=?
<<<<<<< HEAD
Hibernate: select rent0_.rent_type_renttype_id as rent_typ1_20_0_, rent0_.rent_rent_car_id as rent_ren2_20_0_, rentcar1_.rent_car_id as rent_car1_18_1_, rentcar1_.employee_id as employee5_18_1_, rentcar1_.price as price2_18_1_, rentcar1_.rent_date as rent_dat3_18_1_, rentcar1_.customer_id as customer6_18_1_, rentcar1_.rentday as rentday4_18_1_, rentcar1_.car_id as car_id7_18_1_, rentcar1_.renttype_id as renttype8_18_1_, employee2_.employee_id as employee1_6_2_, employee2_.name as name2_6_2_, employee2_.password as password3_6_2_, employee2_.username as username4_6_2_, customer3_.customer_id as customer1_5_3_, customer3_.address as address2_5_3_, customer3_.age as age3_5_3_, customer3_.card_num as card_num4_5_3_, customer3_.employee as employee8_5_3_, customer3_.date as date5_5_3_, customer3_.name as name6_5_3_, customer3_.tel as tel7_5_3_, customer3_.registype as registyp9_5_3_, customer3_.job as job10_5_3_, employee4_.employee_id as employee1_6_4_, employee4_.name as name2_6_4_, employee4_.password as password3_6_4_, employee4_.username as username4_6_4_, registype5_.regis_type_id as regis_ty1_23_5_, registype5_.type as type2_23_5_, job6_.job_id as job_id1_8_6_, job6_.job as job2_8_6_, car7_.car_id as car_id1_2_7_, car7_.brand_id as brand_id4_2_7_, car7_.seat_id as seat_id5_2_7_, car7_.employee_id as employee6_2_7_, car7_.plate as plate2_2_7_, car7_.province_id as province7_2_7_, car7_.vin as vin3_2_7_, brand8_.brand_id as brand_id1_0_8_, brand8_.brand as brand2_0_8_, carseat9_.seat_id as seat_id1_3_9_, carseat9_.carseat as carseat2_3_9_, employee10_.employee_id as employee1_6_10_, employee10_.name as name2_6_10_, employee10_.password as password3_6_10_, employee10_.username as username4_6_10_, province11_.province_id as province1_16_11_, province11_.province as province2_16_11_, renttype12_.renttype_id as renttype1_19_12_, renttype12_.nametype as nametype2_19_12_, renttype12_.unitprice as unitpric3_19_12_ from renttype_rent rent0_ inner join rent_car rentcar1_ on rent0_.rent_rent_car_id=rentcar1_.rent_car_id inner join employee employee2_ on rentcar1_.employee_id=employee2_.employee_id inner join customer customer3_ on rentcar1_.customer_id=customer3_.customer_id left outer join employee employee4_ on customer3_.employee=employee4_.employee_id left outer join resgistype registype5_ on customer3_.registype=registype5_.regis_type_id left outer join job job6_ on customer3_.job=job6_.job_id inner join car car7_ on rentcar1_.car_id=car7_.car_id left outer join brand brand8_ on car7_.brand_id=brand8_.brand_id left outer join carseat carseat9_ on car7_.seat_id=carseat9_.seat_id left outer join employee employee10_ on car7_.employee_id=employee10_.employee_id left outer join plateprovince province11_ on car7_.province_id=province11_.province_id inner join renttype renttype12_ on rentcar1_.renttype_id=renttype12_.renttype_id where rent0_.rent_type_renttype_id=?
Hibernate: insert into rent_car (employee_id, price, rent_date, customer_id, rentday, car_id, renttype_id, rent_car_id) values (?, ?, ?, ?, ?, ?, ?, ?)
2020-02-05 23:58:49.769  INFO 2420 --- [    Test worker] o.s.t.c.transaction.TransactionContext   : Rolled back transaction for test: [DefaultTestContext@4bae3d89 testClass = RentCarTest, testInstance = com.cpe.backend.RentCarTest@a92157b, testMethod = b6004804_test_InsertDataNormal@RentCarTest, testException = [null], mergedContextConfiguration = [MergedContextConfiguration@20536c91 testClass = RentCarTest, locations = '{}', classes = '{class com.cpe.backend.BackendApplication}', contextInitializerClasses = '[]', activeProfiles = '{}', propertySourceLocations = '{}', propertySourceProperties = '{org.springframework.boot.test.autoconfigure.orm.jpa.DataJpaTestContextBootstrapper=true}', contextCustomizers = set[org.springframework.boot.test.autoconfigure.OverrideAutoConfigurationContextCustomizerFactory$DisableAutoConfigurationContextCustomizer@519ef83d, org.springframework.boot.test.autoconfigure.filter.TypeExcludeFiltersContextCustomizer@351584c0, org.springframework.boot.test.autoconfigure.properties.PropertyMappingContextCustomizer@4de046bd, org.springframework.boot.test.autoconfigure.web.servlet.WebDriverContextCustomizerFactory$Customizer@2068602d, [ImportsContextCustomizer@29b2d49 key = [org.springframework.boot.autoconfigure.cache.CacheAutoConfiguration, org.springframework.boot.autoconfigure.data.jpa.JpaRepositoriesAutoConfiguration, org.springframework.boot.autoconfigure.flyway.FlywayAutoConfiguration, org.springframework.boot.autoconfigure.jdbc.DataSourceAutoConfiguration, org.springframework.boot.autoconfigure.jdbc.DataSourceTransactionManagerAutoConfiguration, org.springframework.boot.autoconfigure.jdbc.JdbcTemplateAutoConfiguration, org.springframework.boot.autoconfigure.liquibase.LiquibaseAutoConfiguration, org.springframework.boot.autoconfigure.orm.jpa.HibernateJpaAutoConfiguration, org.springframework.boot.autoconfigure.transaction.TransactionAutoConfiguration, org.springframework.boot.test.autoconfigure.jdbc.TestDatabaseAutoConfiguration, org.springframework.boot.test.autoconfigure.orm.jpa.TestEntityManagerAutoConfiguration]], org.springframework.boot.test.context.filter.ExcludeFilterContextCustomizer@18486d60, org.springframework.boot.test.json.DuplicateJsonObjectContextCustomizerFactory$DuplicateJsonObjectContextCustomizer@5a267fa8, org.springframework.boot.test.mock.mockito.MockitoContextCustomizer@0], contextLoader = 'org.springframework.boot.test.context.SpringBootContextLoader', parent = [null]], attributes = map[[empty]]]
2020-02-05 23:58:49.774  INFO 2420 --- [    Test worker] o.s.t.c.transaction.TransactionContext   : Began transaction (1) for test context [DefaultTestContext@4bae3d89 testClass = RentCarTest, testInstance = com.cpe.backend.RentCarTest@5427e034, testMethod = b6004804_test_rentalByMustNotBeNull@RentCarTest, testException = [null], mergedContextConfiguration = [MergedContextConfiguration@20536c91 testClass = RentCarTest, locations = '{}', classes = '{class com.cpe.backend.BackendApplication}', contextInitializerClasses = '[]', activeProfiles = '{}', propertySourceLocations = '{}', propertySourceProperties = '{org.springframework.boot.test.autoconfigure.orm.jpa.DataJpaTestContextBootstrapper=true}', contextCustomizers = set[org.springframework.boot.test.autoconfigure.OverrideAutoConfigurationContextCustomizerFactory$DisableAutoConfigurationContextCustomizer@519ef83d, org.springframework.boot.test.autoconfigure.filter.TypeExcludeFiltersContextCustomizer@351584c0, org.springframework.boot.test.autoconfigure.properties.PropertyMappingContextCustomizer@4de046bd, org.springframework.boot.test.autoconfigure.web.servlet.WebDriverContextCustomizerFactory$Customizer@2068602d, [ImportsContextCustomizer@29b2d49 key = [org.springframework.boot.autoconfigure.cache.CacheAutoConfiguration, org.springframework.boot.autoconfigure.data.jpa.JpaRepositoriesAutoConfiguration, org.springframework.boot.autoconfigure.flyway.FlywayAutoConfiguration, org.springframework.boot.autoconfigure.jdbc.DataSourceAutoConfiguration, org.springframework.boot.autoconfigure.jdbc.DataSourceTransactionManagerAutoConfiguration, org.springframework.boot.autoconfigure.jdbc.JdbcTemplateAutoConfiguration, org.springframework.boot.autoconfigure.liquibase.LiquibaseAutoConfiguration, org.springframework.boot.autoconfigure.orm.jpa.HibernateJpaAutoConfiguration, org.springframework.boot.autoconfigure.transaction.TransactionAutoConfiguration, org.springframework.boot.test.autoconfigure.jdbc.TestDatabaseAutoConfiguration, org.springframework.boot.test.autoconfigure.orm.jpa.TestEntityManagerAutoConfiguration]], org.springframework.boot.test.context.filter.ExcludeFilterContextCustomizer@18486d60, org.springframework.boot.test.json.DuplicateJsonObjectContextCustomizerFactory$DuplicateJsonObjectContextCustomizer@5a267fa8, org.springframework.boot.test.mock.mockito.MockitoContextCustomizer@0], contextLoader = 'org.springframework.boot.test.context.SpringBootContextLoader', parent = [null]], attributes = map[[empty]]]; transaction manager [org.springframework.orm.jpa.JpaTransactionManager@16cc0635]; rollback [true]
Hibernate: select car0_.car_id as car_id1_2_0_, car0_.brand_id as brand_id4_2_0_, car0_.seat_id as seat_id5_2_0_, car0_.employee_id as employee6_2_0_, car0_.plate as plate2_2_0_, car0_.province_id as province7_2_0_, car0_.vin as vin3_2_0_, brand1_.brand_id as brand_id1_0_1_, brand1_.brand as brand2_0_1_, carseat2_.seat_id as seat_id1_3_2_, carseat2_.carseat as carseat2_3_2_, employee3_.employee_id as employee1_6_3_, employee3_.name as name2_6_3_, employee3_.password as password3_6_3_, employee3_.username as username4_6_3_, province4_.province_id as province1_16_4_, province4_.province as province2_16_4_ from car car0_ left outer join brand brand1_ on car0_.brand_id=brand1_.brand_id left outer join carseat carseat2_ on car0_.seat_id=carseat2_.seat_id left outer join employee employee3_ on car0_.employee_id=employee3_.employee_id left outer join plateprovince province4_ on car0_.province_id=province4_.province_id where car0_.car_id=?
Hibernate: select car0_.province_province_id as province1_17_0_, car0_.car_car_id as car_car_2_17_0_, car1_.car_id as car_id1_2_1_, car1_.brand_id as brand_id4_2_1_, car1_.seat_id as seat_id5_2_1_, car1_.employee_id as employee6_2_1_, car1_.plate as plate2_2_1_, car1_.province_id as province7_2_1_, car1_.vin as vin3_2_1_, brand2_.brand_id as brand_id1_0_2_, brand2_.brand as brand2_0_2_, carseat3_.seat_id as seat_id1_3_3_, carseat3_.carseat as carseat2_3_3_, employee4_.employee_id as employee1_6_4_, employee4_.name as name2_6_4_, employee4_.password as password3_6_4_, employee4_.username as username4_6_4_, province5_.province_id as province1_16_5_, province5_.province as province2_16_5_ from plateprovince_car car0_ inner join car car1_ on car0_.car_car_id=car1_.car_id left outer join brand brand2_ on car1_.brand_id=brand2_.brand_id left outer join carseat carseat3_ on car1_.seat_id=carseat3_.seat_id left outer join employee employee4_ on car1_.employee_id=employee4_.employee_id left outer join plateprovince province5_ on car1_.province_id=province5_.province_id where car0_.province_province_id=?
Hibernate: select rent0_.employee_employee_id as employee1_7_0_, rent0_.rent_rent_car_id as rent_ren2_7_0_, rentcar1_.rent_car_id as rent_car1_18_1_, rentcar1_.employee_id as employee5_18_1_, rentcar1_.price as price2_18_1_, rentcar1_.rent_date as rent_dat3_18_1_, rentcar1_.customer_id as customer6_18_1_, rentcar1_.rentday as rentday4_18_1_, rentcar1_.car_id as car_id7_18_1_, rentcar1_.renttype_id as renttype8_18_1_, employee2_.employee_id as employee1_6_2_, employee2_.name as name2_6_2_, employee2_.password as password3_6_2_, employee2_.username as username4_6_2_, customer3_.customer_id as customer1_5_3_, customer3_.address as address2_5_3_, customer3_.age as age3_5_3_, customer3_.card_num as card_num4_5_3_, customer3_.employee as employee8_5_3_, customer3_.date as date5_5_3_, customer3_.name as name6_5_3_, customer3_.tel as tel7_5_3_, customer3_.registype as registyp9_5_3_, customer3_.job as job10_5_3_, employee4_.employee_id as employee1_6_4_, employee4_.name as name2_6_4_, employee4_.password as password3_6_4_, employee4_.username as username4_6_4_, registype5_.regis_type_id as regis_ty1_23_5_, registype5_.type as type2_23_5_, job6_.job_id as job_id1_8_6_, job6_.job as job2_8_6_, car7_.car_id as car_id1_2_7_, car7_.brand_id as brand_id4_2_7_, car7_.seat_id as seat_id5_2_7_, car7_.employee_id as employee6_2_7_, car7_.plate as plate2_2_7_, car7_.province_id as province7_2_7_, car7_.vin as vin3_2_7_, brand8_.brand_id as brand_id1_0_8_, brand8_.brand as brand2_0_8_, carseat9_.seat_id as seat_id1_3_9_, carseat9_.carseat as carseat2_3_9_, employee10_.employee_id as employee1_6_10_, employee10_.name as name2_6_10_, employee10_.password as password3_6_10_, employee10_.username as username4_6_10_, province11_.province_id as province1_16_11_, province11_.province as province2_16_11_, renttype12_.renttype_id as renttype1_19_12_, renttype12_.nametype as nametype2_19_12_, renttype12_.unitprice as unitpric3_19_12_ from employee_rent rent0_ inner join rent_car rentcar1_ on rent0_.rent_rent_car_id=rentcar1_.rent_car_id inner join employee employee2_ on rentcar1_.employee_id=employee2_.employee_id inner join customer customer3_ on rentcar1_.customer_id=customer3_.customer_id left outer join employee employee4_ on customer3_.employee=employee4_.employee_id left outer join resgistype registype5_ on customer3_.registype=registype5_.regis_type_id left outer join job job6_ on customer3_.job=job6_.job_id inner join car car7_ on rentcar1_.car_id=car7_.car_id left outer join brand brand8_ on car7_.brand_id=brand8_.brand_id left outer join carseat carseat9_ on car7_.seat_id=carseat9_.seat_id left outer join employee employee10_ on car7_.employee_id=employee10_.employee_id left outer join plateprovince province11_ on car7_.province_id=province11_.province_id inner join renttype renttype12_ on rentcar1_.renttype_id=renttype12_.renttype_id where rent0_.employee_employee_id=?
=======
Hibernate: select rent0_.rent_type_renttype_id as rent_typ1_20_0_, rent0_.rent_rent_car_id as rent_ren2_20_0_, rentcar1_.rent_car_id as rent_car1_18_1_, rentcar1_.employee_id as employee5_18_1_, rentcar1_.price as price2_18_1_, rentcar1_.rent_date as rent_dat3_18_1_, rentcar1_.customer_id as customer6_18_1_, rentcar1_.rentday as rentday4_18_1_, rentcar1_.car_id as car_id7_18_1_, rentcar1_.renttype_id as renttype8_18_1_, employee2_.employee_id as employee1_6_2_, employee2_.name as name2_6_2_, employee2_.password as password3_6_2_, employee2_.username as username4_6_2_, customer3_.customer_id as customer1_5_3_, customer3_.address as address2_5_3_, customer3_.age as age3_5_3_, customer3_.employee as employee8_5_3_, customer3_.date as date4_5_3_, customer3_.name as name5_5_3_, customer3_.num_id as num_id6_5_3_, customer3_.tel as tel7_5_3_, customer3_.registype as registyp9_5_3_, customer3_.job as job10_5_3_, employee4_.employee_id as employee1_6_4_, employee4_.name as name2_6_4_, employee4_.password as password3_6_4_, employee4_.username as username4_6_4_, registype5_.regis_type_id as regis_ty1_23_5_, registype5_.type as type2_23_5_, job6_.job_id as job_id1_8_6_, job6_.job as job2_8_6_, car7_.car_id as car_id1_2_7_, car7_.brand_id as brand_id4_2_7_, car7_.seat_id as seat_id5_2_7_, car7_.employee_id as employee6_2_7_, car7_.plate as plate2_2_7_, car7_.province_id as province7_2_7_, car7_.vin as vin3_2_7_, brand8_.brand_id as brand_id1_0_8_, brand8_.brand as brand2_0_8_, carseat9_.seat_id as seat_id1_3_9_, carseat9_.carseat as carseat2_3_9_, employee10_.employee_id as employee1_6_10_, employee10_.name as name2_6_10_, employee10_.password as password3_6_10_, employee10_.username as username4_6_10_, province11_.province_id as province1_16_11_, province11_.province as province2_16_11_, renttype12_.renttype_id as renttype1_19_12_, renttype12_.nametype as nametype2_19_12_, renttype12_.unitprice as unitpric3_19_12_ from renttype_rent rent0_ inner join rent_car rentcar1_ on rent0_.rent_rent_car_id=rentcar1_.rent_car_id left outer join employee employee2_ on rentcar1_.employee_id=employee2_.employee_id left outer join customer customer3_ on rentcar1_.customer_id=customer3_.customer_id left outer join employee employee4_ on customer3_.employee=employee4_.employee_id left outer join resgistype registype5_ on customer3_.registype=registype5_.regis_type_id left outer join job job6_ on customer3_.job=job6_.job_id left outer join car car7_ on rentcar1_.car_id=car7_.car_id left outer join brand brand8_ on car7_.brand_id=brand8_.brand_id left outer join carseat carseat9_ on car7_.seat_id=carseat9_.seat_id left outer join employee employee10_ on car7_.employee_id=employee10_.employee_id left outer join plateprovince province11_ on car7_.province_id=province11_.province_id left outer join renttype renttype12_ on rentcar1_.renttype_id=renttype12_.renttype_id where rent0_.rent_type_renttype_id=?
Hibernate: insert into rent_car (employee_id, price, rent_date, customer_id, rentday, car_id, renttype_id, rent_car_id) values (?, ?, ?, ?, ?, ?, ?, ?)
2020-02-04 22:32:04.083  INFO 12676 --- [    Test worker] o.s.t.c.transaction.TransactionContext   : Rolled back transaction for test: [DefaultTestContext@34a7ce02 testClass = RentCarTest, testInstance = com.cpe.backend.RentCarTest@2db5223e, testMethod = b6004804_test_InsertDataNormal@RentCarTest, testException = [null], mergedContextConfiguration = [MergedContextConfiguration@232dbdde testClass = RentCarTest, locations = '{}', classes = '{class com.cpe.backend.BackendApplication}', contextInitializerClasses = '[]', activeProfiles = '{}', propertySourceLocations = '{}', propertySourceProperties = '{org.springframework.boot.test.autoconfigure.orm.jpa.DataJpaTestContextBootstrapper=true}', contextCustomizers = set[org.springframework.boot.test.autoconfigure.OverrideAutoConfigurationContextCustomizerFactory$DisableAutoConfigurationContextCustomizer@613520e1, org.springframework.boot.test.autoconfigure.filter.TypeExcludeFiltersContextCustomizer@351584c0, org.springframework.boot.test.autoconfigure.properties.PropertyMappingContextCustomizer@21896434, org.springframework.boot.test.autoconfigure.web.servlet.WebDriverContextCustomizerFactory$Customizer@9a30f15, [ImportsContextCustomizer@23c35f4 key = [org.springframework.boot.autoconfigure.cache.CacheAutoConfiguration, org.springframework.boot.autoconfigure.data.jpa.JpaRepositoriesAutoConfiguration, org.springframework.boot.autoconfigure.flyway.FlywayAutoConfiguration, org.springframework.boot.autoconfigure.jdbc.DataSourceAutoConfiguration, org.springframework.boot.autoconfigure.jdbc.DataSourceTransactionManagerAutoConfiguration, org.springframework.boot.autoconfigure.jdbc.JdbcTemplateAutoConfiguration, org.springframework.boot.autoconfigure.liquibase.LiquibaseAutoConfiguration, org.springframework.boot.autoconfigure.orm.jpa.HibernateJpaAutoConfiguration, org.springframework.boot.autoconfigure.transaction.TransactionAutoConfiguration, org.springframework.boot.test.autoconfigure.jdbc.TestDatabaseAutoConfiguration, org.springframework.boot.test.autoconfigure.orm.jpa.TestEntityManagerAutoConfiguration]], org.springframework.boot.test.context.filter.ExcludeFilterContextCustomizer@23782f0d, org.springframework.boot.test.json.DuplicateJsonObjectContextCustomizerFactory$DuplicateJsonObjectContextCustomizer@4749f795, org.springframework.boot.test.mock.mockito.MockitoContextCustomizer@0], contextLoader = 'org.springframework.boot.test.context.SpringBootContextLoader', parent = [null]], attributes = map[[empty]]]
2020-02-04 22:32:04.087  INFO 12676 --- [    Test worker] o.s.t.c.transaction.TransactionContext   : Began transaction (1) for test context [DefaultTestContext@34a7ce02 testClass = RentCarTest, testInstance = com.cpe.backend.RentCarTest@55b0863c, testMethod = b6004804_test_RentdayMustNotBeNull@RentCarTest, testException = [null], mergedContextConfiguration = [MergedContextConfiguration@232dbdde testClass = RentCarTest, locations = '{}', classes = '{class com.cpe.backend.BackendApplication}', contextInitializerClasses = '[]', activeProfiles = '{}', propertySourceLocations = '{}', propertySourceProperties = '{org.springframework.boot.test.autoconfigure.orm.jpa.DataJpaTestContextBootstrapper=true}', contextCustomizers = set[org.springframework.boot.test.autoconfigure.OverrideAutoConfigurationContextCustomizerFactory$DisableAutoConfigurationContextCustomizer@613520e1, org.springframework.boot.test.autoconfigure.filter.TypeExcludeFiltersContextCustomizer@351584c0, org.springframework.boot.test.autoconfigure.properties.PropertyMappingContextCustomizer@21896434, org.springframework.boot.test.autoconfigure.web.servlet.WebDriverContextCustomizerFactory$Customizer@9a30f15, [ImportsContextCustomizer@23c35f4 key = [org.springframework.boot.autoconfigure.cache.CacheAutoConfiguration, org.springframework.boot.autoconfigure.data.jpa.JpaRepositoriesAutoConfiguration, org.springframework.boot.autoconfigure.flyway.FlywayAutoConfiguration, org.springframework.boot.autoconfigure.jdbc.DataSourceAutoConfiguration, org.springframework.boot.autoconfigure.jdbc.DataSourceTransactionManagerAutoConfiguration, org.springframework.boot.autoconfigure.jdbc.JdbcTemplateAutoConfiguration, org.springframework.boot.autoconfigure.liquibase.LiquibaseAutoConfiguration, org.springframework.boot.autoconfigure.orm.jpa.HibernateJpaAutoConfiguration, org.springframework.boot.autoconfigure.transaction.TransactionAutoConfiguration, org.springframework.boot.test.autoconfigure.jdbc.TestDatabaseAutoConfiguration, org.springframework.boot.test.autoconfigure.orm.jpa.TestEntityManagerAutoConfiguration]], org.springframework.boot.test.context.filter.ExcludeFilterContextCustomizer@23782f0d, org.springframework.boot.test.json.DuplicateJsonObjectContextCustomizerFactory$DuplicateJsonObjectContextCustomizer@4749f795, org.springframework.boot.test.mock.mockito.MockitoContextCustomizer@0], contextLoader = 'org.springframework.boot.test.context.SpringBootContextLoader', parent = [null]], attributes = map[[empty]]]; transaction manager [org.springframework.orm.jpa.JpaTransactionManager@34d55a52]; rollback [true]
Hibernate: select customer0_.customer_id as customer1_5_0_, customer0_.address as address2_5_0_, customer0_.age as age3_5_0_, customer0_.employee as employee8_5_0_, customer0_.date as date4_5_0_, customer0_.name as name5_5_0_, customer0_.num_id as num_id6_5_0_, customer0_.tel as tel7_5_0_, customer0_.registype as registyp9_5_0_, customer0_.job as job10_5_0_, employee1_.employee_id as employee1_6_1_, employee1_.name as name2_6_1_, employee1_.password as password3_6_1_, employee1_.username as username4_6_1_, registype2_.regis_type_id as regis_ty1_23_2_, registype2_.type as type2_23_2_, cus3_.regis_type_regis_type_id as regis_ty1_24_3_, customer4_.customer_id as cus_cust2_24_3_, customer4_.customer_id as customer1_5_4_, customer4_.address as address2_5_4_, customer4_.age as age3_5_4_, customer4_.employee as employee8_5_4_, customer4_.date as date4_5_4_, customer4_.name as name5_5_4_, customer4_.num_id as num_id6_5_4_, customer4_.tel as tel7_5_4_, customer4_.registype as registyp9_5_4_, customer4_.job as job10_5_4_, job5_.job_id as job_id1_8_5_, job5_.job as job2_8_5_, cus6_.job_job_id as job_job_1_9_6_, customer7_.customer_id as cus_cust2_9_6_, customer7_.customer_id as customer1_5_7_, customer7_.address as address2_5_7_, customer7_.age as age3_5_7_, customer7_.employee as employee8_5_7_, customer7_.date as date4_5_7_, customer7_.name as name5_5_7_, customer7_.num_id as num_id6_5_7_, customer7_.tel as tel7_5_7_, customer7_.registype as registyp9_5_7_, customer7_.job as job10_5_7_ from customer customer0_ left outer join employee employee1_ on customer0_.employee=employee1_.employee_id left outer join resgistype registype2_ on customer0_.registype=registype2_.regis_type_id left outer join resgistype_cus cus3_ on registype2_.regis_type_id=cus3_.regis_type_regis_type_id left outer join customer customer4_ on cus3_.cus_customer_id=customer4_.customer_id left outer join job job5_ on customer4_.job=job5_.job_id left outer join job_cus cus6_ on job5_.job_id=cus6_.job_job_id left outer join customer customer7_ on cus6_.cus_customer_id=customer7_.customer_id where customer0_.customer_id=?
Hibernate: select job0_.job_id as job_id1_8_0_, job0_.job as job2_8_0_, cus1_.job_job_id as job_job_1_9_1_, customer2_.customer_id as cus_cust2_9_1_, customer2_.customer_id as customer1_5_2_, customer2_.address as address2_5_2_, customer2_.age as age3_5_2_, customer2_.employee as employee8_5_2_, customer2_.date as date4_5_2_, customer2_.name as name5_5_2_, customer2_.num_id as num_id6_5_2_, customer2_.tel as tel7_5_2_, customer2_.registype as registyp9_5_2_, customer2_.job as job10_5_2_, employee3_.employee_id as employee1_6_3_, employee3_.name as name2_6_3_, employee3_.password as password3_6_3_, employee3_.username as username4_6_3_, registype4_.regis_type_id as regis_ty1_23_4_, registype4_.type as type2_23_4_, cus5_.regis_type_regis_type_id as regis_ty1_24_5_, customer6_.customer_id as cus_cust2_24_5_, customer6_.customer_id as customer1_5_6_, customer6_.address as address2_5_6_, customer6_.age as age3_5_6_, customer6_.employee as employee8_5_6_, customer6_.date as date4_5_6_, customer6_.name as name5_5_6_, customer6_.num_id as num_id6_5_6_, customer6_.tel as tel7_5_6_, customer6_.registype as registyp9_5_6_, customer6_.job as job10_5_6_, job7_.job_id as job_id1_8_7_, job7_.job as job2_8_7_ from job job0_ left outer join job_cus cus1_ on job0_.job_id=cus1_.job_job_id left outer join customer customer2_ on cus1_.cus_customer_id=customer2_.customer_id left outer join employee employee3_ on customer2_.employee=employee3_.employee_id left outer join resgistype registype4_ on customer2_.registype=registype4_.regis_type_id left outer join resgistype_cus cus5_ on registype4_.regis_type_id=cus5_.regis_type_regis_type_id left outer join customer customer6_ on cus5_.cus_customer_id=customer6_.customer_id left outer join job job7_ on customer6_.job=job7_.job_id where job0_.job_id=?
Hibernate: select rent0_.employee_employee_id as employee1_7_0_, rent0_.rent_rent_car_id as rent_ren2_7_0_, rentcar1_.rent_car_id as rent_car1_18_1_, rentcar1_.employee_id as employee5_18_1_, rentcar1_.price as price2_18_1_, rentcar1_.rent_date as rent_dat3_18_1_, rentcar1_.customer_id as customer6_18_1_, rentcar1_.rentday as rentday4_18_1_, rentcar1_.car_id as car_id7_18_1_, rentcar1_.renttype_id as renttype8_18_1_, employee2_.employee_id as employee1_6_2_, employee2_.name as name2_6_2_, employee2_.password as password3_6_2_, employee2_.username as username4_6_2_, customer3_.customer_id as customer1_5_3_, customer3_.address as address2_5_3_, customer3_.age as age3_5_3_, customer3_.employee as employee8_5_3_, customer3_.date as date4_5_3_, customer3_.name as name5_5_3_, customer3_.num_id as num_id6_5_3_, customer3_.tel as tel7_5_3_, customer3_.registype as registyp9_5_3_, customer3_.job as job10_5_3_, employee4_.employee_id as employee1_6_4_, employee4_.name as name2_6_4_, employee4_.password as password3_6_4_, employee4_.username as username4_6_4_, registype5_.regis_type_id as regis_ty1_23_5_, registype5_.type as type2_23_5_, job6_.job_id as job_id1_8_6_, job6_.job as job2_8_6_, car7_.car_id as car_id1_2_7_, car7_.brand_id as brand_id4_2_7_, car7_.seat_id as seat_id5_2_7_, car7_.employee_id as employee6_2_7_, car7_.plate as plate2_2_7_, car7_.province_id as province7_2_7_, car7_.vin as vin3_2_7_, brand8_.brand_id as brand_id1_0_8_, brand8_.brand as brand2_0_8_, carseat9_.seat_id as seat_id1_3_9_, carseat9_.carseat as carseat2_3_9_, employee10_.employee_id as employee1_6_10_, employee10_.name as name2_6_10_, employee10_.password as password3_6_10_, employee10_.username as username4_6_10_, province11_.province_id as province1_16_11_, province11_.province as province2_16_11_, renttype12_.renttype_id as renttype1_19_12_, renttype12_.nametype as nametype2_19_12_, renttype12_.unitprice as unitpric3_19_12_ from employee_rent rent0_ inner join rent_car rentcar1_ on rent0_.rent_rent_car_id=rentcar1_.rent_car_id left outer join employee employee2_ on rentcar1_.employee_id=employee2_.employee_id left outer join customer customer3_ on rentcar1_.customer_id=customer3_.customer_id left outer join employee employee4_ on customer3_.employee=employee4_.employee_id left outer join resgistype registype5_ on customer3_.registype=registype5_.regis_type_id left outer join job job6_ on customer3_.job=job6_.job_id left outer join car car7_ on rentcar1_.car_id=car7_.car_id left outer join brand brand8_ on car7_.brand_id=brand8_.brand_id left outer join carseat carseat9_ on car7_.seat_id=carseat9_.seat_id left outer join employee employee10_ on car7_.employee_id=employee10_.employee_id left outer join plateprovince province11_ on car7_.province_id=province11_.province_id left outer join renttype renttype12_ on rentcar1_.renttype_id=renttype12_.renttype_id where rent0_.employee_employee_id=?
Hibernate: select car0_.car_id as car_id1_2_0_, car0_.brand_id as brand_id4_2_0_, car0_.seat_id as seat_id5_2_0_, car0_.employee_id as employee6_2_0_, car0_.plate as plate2_2_0_, car0_.province_id as province7_2_0_, car0_.vin as vin3_2_0_, brand1_.brand_id as brand_id1_0_1_, brand1_.brand as brand2_0_1_, carseat2_.seat_id as seat_id1_3_2_, carseat2_.carseat as carseat2_3_2_, employee3_.employee_id as employee1_6_3_, employee3_.name as name2_6_3_, employee3_.password as password3_6_3_, employee3_.username as username4_6_3_, province4_.province_id as province1_16_4_, province4_.province as province2_16_4_ from car car0_ left outer join brand brand1_ on car0_.brand_id=brand1_.brand_id left outer join carseat carseat2_ on car0_.seat_id=carseat2_.seat_id left outer join employee employee3_ on car0_.employee_id=employee3_.employee_id left outer join plateprovince province4_ on car0_.province_id=province4_.province_id where car0_.car_id=?
Hibernate: select car0_.province_province_id as province1_17_0_, car0_.car_car_id as car_car_2_17_0_, car1_.car_id as car_id1_2_1_, car1_.brand_id as brand_id4_2_1_, car1_.seat_id as seat_id5_2_1_, car1_.employee_id as employee6_2_1_, car1_.plate as plate2_2_1_, car1_.province_id as province7_2_1_, car1_.vin as vin3_2_1_, brand2_.brand_id as brand_id1_0_2_, brand2_.brand as brand2_0_2_, carseat3_.seat_id as seat_id1_3_3_, carseat3_.carseat as carseat2_3_3_, employee4_.employee_id as employee1_6_4_, employee4_.name as name2_6_4_, employee4_.password as password3_6_4_, employee4_.username as username4_6_4_, province5_.province_id as province1_16_5_, province5_.province as province2_16_5_ from plateprovince_car car0_ inner join car car1_ on car0_.car_car_id=car1_.car_id left outer join brand brand2_ on car1_.brand_id=brand2_.brand_id left outer join carseat carseat3_ on car1_.seat_id=carseat3_.seat_id left outer join employee employee4_ on car1_.employee_id=employee4_.employee_id left outer join plateprovince province5_ on car1_.province_id=province5_.province_id where car0_.province_province_id=?
>>>>>>> issue-147
Hibernate: select car0_.carseat_seat_id as carseat_1_4_0_, car0_.car_car_id as car_car_2_4_0_, car1_.car_id as car_id1_2_1_, car1_.brand_id as brand_id4_2_1_, car1_.seat_id as seat_id5_2_1_, car1_.employee_id as employee6_2_1_, car1_.plate as plate2_2_1_, car1_.province_id as province7_2_1_, car1_.vin as vin3_2_1_, brand2_.brand_id as brand_id1_0_2_, brand2_.brand as brand2_0_2_, carseat3_.seat_id as seat_id1_3_3_, carseat3_.carseat as carseat2_3_3_, employee4_.employee_id as employee1_6_4_, employee4_.name as name2_6_4_, employee4_.password as password3_6_4_, employee4_.username as username4_6_4_, province5_.province_id as province1_16_5_, province5_.province as province2_16_5_ from carseat_car car0_ inner join car car1_ on car0_.car_car_id=car1_.car_id left outer join brand brand2_ on car1_.brand_id=brand2_.brand_id left outer join carseat carseat3_ on car1_.seat_id=carseat3_.seat_id left outer join employee employee4_ on car1_.employee_id=employee4_.employee_id left outer join plateprovince province5_ on car1_.province_id=province5_.province_id where car0_.carseat_seat_id=?
Hibernate: select car0_.brand_brand_id as brand_br1_1_0_, car0_.car_car_id as car_car_2_1_0_, car1_.car_id as car_id1_2_1_, car1_.brand_id as brand_id4_2_1_, car1_.seat_id as seat_id5_2_1_, car1_.employee_id as employee6_2_1_, car1_.plate as plate2_2_1_, car1_.province_id as province7_2_1_, car1_.vin as vin3_2_1_, brand2_.brand_id as brand_id1_0_2_, brand2_.brand as brand2_0_2_, carseat3_.seat_id as seat_id1_3_3_, carseat3_.carseat as carseat2_3_3_, employee4_.employee_id as employee1_6_4_, employee4_.name as name2_6_4_, employee4_.password as password3_6_4_, employee4_.username as username4_6_4_, province5_.province_id as province1_16_5_, province5_.province as province2_16_5_ from brand_car car0_ inner join car car1_ on car0_.car_car_id=car1_.car_id left outer join brand brand2_ on car1_.brand_id=brand2_.brand_id left outer join carseat carseat3_ on car1_.seat_id=carseat3_.seat_id left outer join employee employee4_ on car1_.employee_id=employee4_.employee_id left outer join plateprovince province5_ on car1_.province_id=province5_.province_id where car0_.brand_brand_id=?
Hibernate: select renttype0_.renttype_id as renttype1_19_0_, renttype0_.nametype as nametype2_19_0_, renttype0_.unitprice as unitpric3_19_0_ from renttype renttype0_ where renttype0_.renttype_id=?
Hibernate: select rent0_.rent_type_renttype_id as rent_typ1_20_0_, rent0_.rent_rent_car_id as rent_ren2_20_0_, rentcar1_.rent_car_id as rent_car1_18_1_, rentcar1_.employee_id as employee5_18_1_, rentcar1_.price as price2_18_1_, rentcar1_.rent_date as rent_dat3_18_1_, rentcar1_.customer_id as customer6_18_1_, rentcar1_.rentday as rentday4_18_1_, rentcar1_.car_id as car_id7_18_1_, rentcar1_.renttype_id as renttype8_18_1_, employee2_.employee_id as employee1_6_2_, employee2_.name as name2_6_2_, employee2_.password as password3_6_2_, employee2_.username as username4_6_2_, customer3_.customer_id as customer1_5_3_, customer3_.address as address2_5_3_, customer3_.age as age3_5_3_, customer3_.card_num as card_num4_5_3_, customer3_.employee as employee8_5_3_, customer3_.date as date5_5_3_, customer3_.name as name6_5_3_, customer3_.tel as tel7_5_3_, customer3_.registype as registyp9_5_3_, customer3_.job as job10_5_3_, employee4_.employee_id as employee1_6_4_, employee4_.name as name2_6_4_, employee4_.password as password3_6_4_, employee4_.username as username4_6_4_, registype5_.regis_type_id as regis_ty1_23_5_, registype5_.type as type2_23_5_, job6_.job_id as job_id1_8_6_, job6_.job as job2_8_6_, car7_.car_id as car_id1_2_7_, car7_.brand_id as brand_id4_2_7_, car7_.seat_id as seat_id5_2_7_, car7_.employee_id as employee6_2_7_, car7_.plate as plate2_2_7_, car7_.province_id as province7_2_7_, car7_.vin as vin3_2_7_, brand8_.brand_id as brand_id1_0_8_, brand8_.brand as brand2_0_8_, carseat9_.seat_id as seat_id1_3_9_, carseat9_.carseat as carseat2_3_9_, employee10_.employee_id as employee1_6_10_, employee10_.name as name2_6_10_, employee10_.password as password3_6_10_, employee10_.username as username4_6_10_, province11_.province_id as province1_16_11_, province11_.province as province2_16_11_, renttype12_.renttype_id as renttype1_19_12_, renttype12_.nametype as nametype2_19_12_, renttype12_.unitprice as unitpric3_19_12_ from renttype_rent rent0_ inner join rent_car rentcar1_ on rent0_.rent_rent_car_id=rentcar1_.rent_car_id inner join employee employee2_ on rentcar1_.employee_id=employee2_.employee_id inner join customer customer3_ on rentcar1_.customer_id=customer3_.customer_id left outer join employee employee4_ on customer3_.employee=employee4_.employee_id left outer join resgistype registype5_ on customer3_.registype=registype5_.regis_type_id left outer join job job6_ on customer3_.job=job6_.job_id inner join car car7_ on rentcar1_.car_id=car7_.car_id left outer join brand brand8_ on car7_.brand_id=brand8_.brand_id left outer join carseat carseat9_ on car7_.seat_id=carseat9_.seat_id left outer join employee employee10_ on car7_.employee_id=employee10_.employee_id left outer join plateprovince province11_ on car7_.province_id=province11_.province_id inner join renttype renttype12_ on rentcar1_.renttype_id=renttype12_.renttype_id where rent0_.rent_type_renttype_id=?

=======================================

Test rentalBy Must Not Be Null

=======================================

2020-02-05 23:58:49.814  INFO 2420 --- [    Test worker] o.s.t.c.transaction.TransactionContext   : Rolled back transaction for test: [DefaultTestContext@4bae3d89 testClass = RentCarTest, testInstance = com.cpe.backend.RentCarTest@5427e034, testMethod = b6004804_test_rentalByMustNotBeNull@RentCarTest, testException = [null], mergedContextConfiguration = [MergedContextConfiguration@20536c91 testClass = RentCarTest, locations = '{}', classes = '{class com.cpe.backend.BackendApplication}', contextInitializerClasses = '[]', activeProfiles = '{}', propertySourceLocations = '{}', propertySourceProperties = '{org.springframework.boot.test.autoconfigure.orm.jpa.DataJpaTestContextBootstrapper=true}', contextCustomizers = set[org.springframework.boot.test.autoconfigure.OverrideAutoConfigurationContextCustomizerFactory$DisableAutoConfigurationContextCustomizer@519ef83d, org.springframework.boot.test.autoconfigure.filter.TypeExcludeFiltersContextCustomizer@351584c0, org.springframework.boot.test.autoconfigure.properties.PropertyMappingContextCustomizer@4de046bd, org.springframework.boot.test.autoconfigure.web.servlet.WebDriverContextCustomizerFactory$Customizer@2068602d, [ImportsContextCustomizer@29b2d49 key = [org.springframework.boot.autoconfigure.cache.CacheAutoConfiguration, org.springframework.boot.autoconfigure.data.jpa.JpaRepositoriesAutoConfiguration, org.springframework.boot.autoconfigure.flyway.FlywayAutoConfiguration, org.springframework.boot.autoconfigure.jdbc.DataSourceAutoConfiguration, org.springframework.boot.autoconfigure.jdbc.DataSourceTransactionManagerAutoConfiguration, org.springframework.boot.autoconfigure.jdbc.JdbcTemplateAutoConfiguration, org.springframework.boot.autoconfigure.liquibase.LiquibaseAutoConfiguration, org.springframework.boot.autoconfigure.orm.jpa.HibernateJpaAutoConfiguration, org.springframework.boot.autoconfigure.transaction.TransactionAutoConfiguration, org.springframework.boot.test.autoconfigure.jdbc.TestDatabaseAutoConfiguration, org.springframework.boot.test.autoconfigure.orm.jpa.TestEntityManagerAutoConfiguration]], org.springframework.boot.test.context.filter.ExcludeFilterContextCustomizer@18486d60, org.springframework.boot.test.json.DuplicateJsonObjectContextCustomizerFactory$DuplicateJsonObjectContextCustomizer@5a267fa8, org.springframework.boot.test.mock.mockito.MockitoContextCustomizer@0], contextLoader = 'org.springframework.boot.test.context.SpringBootContextLoader', parent = [null]], attributes = map[[empty]]]
2020-02-05 23:58:49.818  INFO 2420 --- [    Test worker] o.s.t.c.transaction.TransactionContext   : Began transaction (1) for test context [DefaultTestContext@4bae3d89 testClass = RentCarTest, testInstance = com.cpe.backend.RentCarTest@4fe7aef7, testMethod = b6004804_test_RentdayMustNotBeNull@RentCarTest, testException = [null], mergedContextConfiguration = [MergedContextConfiguration@20536c91 testClass = RentCarTest, locations = '{}', classes = '{class com.cpe.backend.BackendApplication}', contextInitializerClasses = '[]', activeProfiles = '{}', propertySourceLocations = '{}', propertySourceProperties = '{org.springframework.boot.test.autoconfigure.orm.jpa.DataJpaTestContextBootstrapper=true}', contextCustomizers = set[org.springframework.boot.test.autoconfigure.OverrideAutoConfigurationContextCustomizerFactory$DisableAutoConfigurationContextCustomizer@519ef83d, org.springframework.boot.test.autoconfigure.filter.TypeExcludeFiltersContextCustomizer@351584c0, org.springframework.boot.test.autoconfigure.properties.PropertyMappingContextCustomizer@4de046bd, org.springframework.boot.test.autoconfigure.web.servlet.WebDriverContextCustomizerFactory$Customizer@2068602d, [ImportsContextCustomizer@29b2d49 key = [org.springframework.boot.autoconfigure.cache.CacheAutoConfiguration, org.springframework.boot.autoconfigure.data.jpa.JpaRepositoriesAutoConfiguration, org.springframework.boot.autoconfigure.flyway.FlywayAutoConfiguration, org.springframework.boot.autoconfigure.jdbc.DataSourceAutoConfiguration, org.springframework.boot.autoconfigure.jdbc.DataSourceTransactionManagerAutoConfiguration, org.springframework.boot.autoconfigure.jdbc.JdbcTemplateAutoConfiguration, org.springframework.boot.autoconfigure.liquibase.LiquibaseAutoConfiguration, org.springframework.boot.autoconfigure.orm.jpa.HibernateJpaAutoConfiguration, org.springframework.boot.autoconfigure.transaction.TransactionAutoConfiguration, org.springframework.boot.test.autoconfigure.jdbc.TestDatabaseAutoConfiguration, org.springframework.boot.test.autoconfigure.orm.jpa.TestEntityManagerAutoConfiguration]], org.springframework.boot.test.context.filter.ExcludeFilterContextCustomizer@18486d60, org.springframework.boot.test.json.DuplicateJsonObjectContextCustomizerFactory$DuplicateJsonObjectContextCustomizer@5a267fa8, org.springframework.boot.test.mock.mockito.MockitoContextCustomizer@0], contextLoader = 'org.springframework.boot.test.context.SpringBootContextLoader', parent = [null]], attributes = map[[empty]]]; transaction manager [org.springframework.orm.jpa.JpaTransactionManager@16cc0635]; rollback [true]
Hibernate: select customer0_.customer_id as customer1_5_0_, customer0_.address as address2_5_0_, customer0_.age as age3_5_0_, customer0_.card_num as card_num4_5_0_, customer0_.employee as employee8_5_0_, customer0_.date as date5_5_0_, customer0_.name as name6_5_0_, customer0_.tel as tel7_5_0_, customer0_.registype as registyp9_5_0_, customer0_.job as job10_5_0_, employee1_.employee_id as employee1_6_1_, employee1_.name as name2_6_1_, employee1_.password as password3_6_1_, employee1_.username as username4_6_1_, registype2_.regis_type_id as regis_ty1_23_2_, registype2_.type as type2_23_2_, cus3_.regis_type_regis_type_id as regis_ty1_24_3_, customer4_.customer_id as cus_cust2_24_3_, customer4_.customer_id as customer1_5_4_, customer4_.address as address2_5_4_, customer4_.age as age3_5_4_, customer4_.card_num as card_num4_5_4_, customer4_.employee as employee8_5_4_, customer4_.date as date5_5_4_, customer4_.name as name6_5_4_, customer4_.tel as tel7_5_4_, customer4_.registype as registyp9_5_4_, customer4_.job as job10_5_4_, job5_.job_id as job_id1_8_5_, job5_.job as job2_8_5_, cus6_.job_job_id as job_job_1_9_6_, customer7_.customer_id as cus_cust2_9_6_, customer7_.customer_id as customer1_5_7_, customer7_.address as address2_5_7_, customer7_.age as age3_5_7_, customer7_.card_num as card_num4_5_7_, customer7_.employee as employee8_5_7_, customer7_.date as date5_5_7_, customer7_.name as name6_5_7_, customer7_.tel as tel7_5_7_, customer7_.registype as registyp9_5_7_, customer7_.job as job10_5_7_ from customer customer0_ left outer join employee employee1_ on customer0_.employee=employee1_.employee_id left outer join resgistype registype2_ on customer0_.registype=registype2_.regis_type_id left outer join resgistype_cus cus3_ on registype2_.regis_type_id=cus3_.regis_type_regis_type_id left outer join customer customer4_ on cus3_.cus_customer_id=customer4_.customer_id left outer join job job5_ on customer4_.job=job5_.job_id left outer join job_cus cus6_ on job5_.job_id=cus6_.job_job_id left outer join customer customer7_ on cus6_.cus_customer_id=customer7_.customer_id where customer0_.customer_id=?
Hibernate: select job0_.job_id as job_id1_8_0_, job0_.job as job2_8_0_, cus1_.job_job_id as job_job_1_9_1_, customer2_.customer_id as cus_cust2_9_1_, customer2_.customer_id as customer1_5_2_, customer2_.address as address2_5_2_, customer2_.age as age3_5_2_, customer2_.card_num as card_num4_5_2_, customer2_.employee as employee8_5_2_, customer2_.date as date5_5_2_, customer2_.name as name6_5_2_, customer2_.tel as tel7_5_2_, customer2_.registype as registyp9_5_2_, customer2_.job as job10_5_2_, employee3_.employee_id as employee1_6_3_, employee3_.name as name2_6_3_, employee3_.password as password3_6_3_, employee3_.username as username4_6_3_, registype4_.regis_type_id as regis_ty1_23_4_, registype4_.type as type2_23_4_, cus5_.regis_type_regis_type_id as regis_ty1_24_5_, customer6_.customer_id as cus_cust2_24_5_, customer6_.customer_id as customer1_5_6_, customer6_.address as address2_5_6_, customer6_.age as age3_5_6_, customer6_.card_num as card_num4_5_6_, customer6_.employee as employee8_5_6_, customer6_.date as date5_5_6_, customer6_.name as name6_5_6_, customer6_.tel as tel7_5_6_, customer6_.registype as registyp9_5_6_, customer6_.job as job10_5_6_, job7_.job_id as job_id1_8_7_, job7_.job as job2_8_7_ from job job0_ left outer join job_cus cus1_ on job0_.job_id=cus1_.job_job_id left outer join customer customer2_ on cus1_.cus_customer_id=customer2_.customer_id left outer join employee employee3_ on customer2_.employee=employee3_.employee_id left outer join resgistype registype4_ on customer2_.registype=registype4_.regis_type_id left outer join resgistype_cus cus5_ on registype4_.regis_type_id=cus5_.regis_type_regis_type_id left outer join customer customer6_ on cus5_.cus_customer_id=customer6_.customer_id left outer join job job7_ on customer6_.job=job7_.job_id where job0_.job_id=?
Hibernate: select rent0_.employee_employee_id as employee1_7_0_, rent0_.rent_rent_car_id as rent_ren2_7_0_, rentcar1_.rent_car_id as rent_car1_18_1_, rentcar1_.employee_id as employee5_18_1_, rentcar1_.price as price2_18_1_, rentcar1_.rent_date as rent_dat3_18_1_, rentcar1_.customer_id as customer6_18_1_, rentcar1_.rentday as rentday4_18_1_, rentcar1_.car_id as car_id7_18_1_, rentcar1_.renttype_id as renttype8_18_1_, employee2_.employee_id as employee1_6_2_, employee2_.name as name2_6_2_, employee2_.password as password3_6_2_, employee2_.username as username4_6_2_, customer3_.customer_id as customer1_5_3_, customer3_.address as address2_5_3_, customer3_.age as age3_5_3_, customer3_.card_num as card_num4_5_3_, customer3_.employee as employee8_5_3_, customer3_.date as date5_5_3_, customer3_.name as name6_5_3_, customer3_.tel as tel7_5_3_, customer3_.registype as registyp9_5_3_, customer3_.job as job10_5_3_, employee4_.employee_id as employee1_6_4_, employee4_.name as name2_6_4_, employee4_.password as password3_6_4_, employee4_.username as username4_6_4_, registype5_.regis_type_id as regis_ty1_23_5_, registype5_.type as type2_23_5_, job6_.job_id as job_id1_8_6_, job6_.job as job2_8_6_, car7_.car_id as car_id1_2_7_, car7_.brand_id as brand_id4_2_7_, car7_.seat_id as seat_id5_2_7_, car7_.employee_id as employee6_2_7_, car7_.plate as plate2_2_7_, car7_.province_id as province7_2_7_, car7_.vin as vin3_2_7_, brand8_.brand_id as brand_id1_0_8_, brand8_.brand as brand2_0_8_, carseat9_.seat_id as seat_id1_3_9_, carseat9_.carseat as carseat2_3_9_, employee10_.employee_id as employee1_6_10_, employee10_.name as name2_6_10_, employee10_.password as password3_6_10_, employee10_.username as username4_6_10_, province11_.province_id as province1_16_11_, province11_.province as province2_16_11_, renttype12_.renttype_id as renttype1_19_12_, renttype12_.nametype as nametype2_19_12_, renttype12_.unitprice as unitpric3_19_12_ from employee_rent rent0_ inner join rent_car rentcar1_ on rent0_.rent_rent_car_id=rentcar1_.rent_car_id inner join employee employee2_ on rentcar1_.employee_id=employee2_.employee_id inner join customer customer3_ on rentcar1_.customer_id=customer3_.customer_id left outer join employee employee4_ on customer3_.employee=employee4_.employee_id left outer join resgistype registype5_ on customer3_.registype=registype5_.regis_type_id left outer join job job6_ on customer3_.job=job6_.job_id inner join car car7_ on rentcar1_.car_id=car7_.car_id left outer join brand brand8_ on car7_.brand_id=brand8_.brand_id left outer join carseat carseat9_ on car7_.seat_id=carseat9_.seat_id left outer join employee employee10_ on car7_.employee_id=employee10_.employee_id left outer join plateprovince province11_ on car7_.province_id=province11_.province_id inner join renttype renttype12_ on rentcar1_.renttype_id=renttype12_.renttype_id where rent0_.employee_employee_id=?
Hibernate: select car0_.car_id as car_id1_2_0_, car0_.brand_id as brand_id4_2_0_, car0_.seat_id as seat_id5_2_0_, car0_.employee_id as employee6_2_0_, car0_.plate as plate2_2_0_, car0_.province_id as province7_2_0_, car0_.vin as vin3_2_0_, brand1_.brand_id as brand_id1_0_1_, brand1_.brand as brand2_0_1_, carseat2_.seat_id as seat_id1_3_2_, carseat2_.carseat as carseat2_3_2_, employee3_.employee_id as employee1_6_3_, employee3_.name as name2_6_3_, employee3_.password as password3_6_3_, employee3_.username as username4_6_3_, province4_.province_id as province1_16_4_, province4_.province as province2_16_4_ from car car0_ left outer join brand brand1_ on car0_.brand_id=brand1_.brand_id left outer join carseat carseat2_ on car0_.seat_id=carseat2_.seat_id left outer join employee employee3_ on car0_.employee_id=employee3_.employee_id left outer join plateprovince province4_ on car0_.province_id=province4_.province_id where car0_.car_id=?
Hibernate: select car0_.province_province_id as province1_17_0_, car0_.car_car_id as car_car_2_17_0_, car1_.car_id as car_id1_2_1_, car1_.brand_id as brand_id4_2_1_, car1_.seat_id as seat_id5_2_1_, car1_.employee_id as employee6_2_1_, car1_.plate as plate2_2_1_, car1_.province_id as province7_2_1_, car1_.vin as vin3_2_1_, brand2_.brand_id as brand_id1_0_2_, brand2_.brand as brand2_0_2_, carseat3_.seat_id as seat_id1_3_3_, carseat3_.carseat as carseat2_3_3_, employee4_.employee_id as employee1_6_4_, employee4_.name as name2_6_4_, employee4_.password as password3_6_4_, employee4_.username as username4_6_4_, province5_.province_id as province1_16_5_, province5_.province as province2_16_5_ from plateprovince_car car0_ inner join car car1_ on car0_.car_car_id=car1_.car_id left outer join brand brand2_ on car1_.brand_id=brand2_.brand_id left outer join carseat carseat3_ on car1_.seat_id=carseat3_.seat_id left outer join employee employee4_ on car1_.employee_id=employee4_.employee_id left outer join plateprovince province5_ on car1_.province_id=province5_.province_id where car0_.province_province_id=?
Hibernate: select car0_.carseat_seat_id as carseat_1_4_0_, car0_.car_car_id as car_car_2_4_0_, car1_.car_id as car_id1_2_1_, car1_.brand_id as brand_id4_2_1_, car1_.seat_id as seat_id5_2_1_, car1_.employee_id as employee6_2_1_, car1_.plate as plate2_2_1_, car1_.province_id as province7_2_1_, car1_.vin as vin3_2_1_, brand2_.brand_id as brand_id1_0_2_, brand2_.brand as brand2_0_2_, carseat3_.seat_id as seat_id1_3_3_, carseat3_.carseat as carseat2_3_3_, employee4_.employee_id as employee1_6_4_, employee4_.name as name2_6_4_, employee4_.password as password3_6_4_, employee4_.username as username4_6_4_, province5_.province_id as province1_16_5_, province5_.province as province2_16_5_ from carseat_car car0_ inner join car car1_ on car0_.car_car_id=car1_.car_id left outer join brand brand2_ on car1_.brand_id=brand2_.brand_id left outer join carseat carseat3_ on car1_.seat_id=carseat3_.seat_id left outer join employee employee4_ on car1_.employee_id=employee4_.employee_id left outer join plateprovince province5_ on car1_.province_id=province5_.province_id where car0_.carseat_seat_id=?
Hibernate: select car0_.brand_brand_id as brand_br1_1_0_, car0_.car_car_id as car_car_2_1_0_, car1_.car_id as car_id1_2_1_, car1_.brand_id as brand_id4_2_1_, car1_.seat_id as seat_id5_2_1_, car1_.employee_id as employee6_2_1_, car1_.plate as plate2_2_1_, car1_.province_id as province7_2_1_, car1_.vin as vin3_2_1_, brand2_.brand_id as brand_id1_0_2_, brand2_.brand as brand2_0_2_, carseat3_.seat_id as seat_id1_3_3_, carseat3_.carseat as carseat2_3_3_, employee4_.employee_id as employee1_6_4_, employee4_.name as name2_6_4_, employee4_.password as password3_6_4_, employee4_.username as username4_6_4_, province5_.province_id as province1_16_5_, province5_.province as province2_16_5_ from brand_car car0_ inner join car car1_ on car0_.car_car_id=car1_.car_id left outer join brand brand2_ on car1_.brand_id=brand2_.brand_id left outer join carseat carseat3_ on car1_.seat_id=carseat3_.seat_id left outer join employee employee4_ on car1_.employee_id=employee4_.employee_id left outer join plateprovince province5_ on car1_.province_id=province5_.province_id where car0_.brand_brand_id=?
Hibernate: select renttype0_.renttype_id as renttype1_19_0_, renttype0_.nametype as nametype2_19_0_, renttype0_.unitprice as unitpric3_19_0_ from renttype renttype0_ where renttype0_.renttype_id=?
Hibernate: select rent0_.rent_type_renttype_id as rent_typ1_20_0_, rent0_.rent_rent_car_id as rent_ren2_20_0_, rentcar1_.rent_car_id as rent_car1_18_1_, rentcar1_.employee_id as employee5_18_1_, rentcar1_.price as price2_18_1_, rentcar1_.rent_date as rent_dat3_18_1_, rentcar1_.customer_id as customer6_18_1_, rentcar1_.rentday as rentday4_18_1_, rentcar1_.car_id as car_id7_18_1_, rentcar1_.renttype_id as renttype8_18_1_, employee2_.employee_id as employee1_6_2_, employee2_.name as name2_6_2_, employee2_.password as password3_6_2_, employee2_.username as username4_6_2_, customer3_.customer_id as customer1_5_3_, customer3_.address as address2_5_3_, customer3_.age as age3_5_3_, customer3_.card_num as card_num4_5_3_, customer3_.employee as employee8_5_3_, customer3_.date as date5_5_3_, customer3_.name as name6_5_3_, customer3_.tel as tel7_5_3_, customer3_.registype as registyp9_5_3_, customer3_.job as job10_5_3_, employee4_.employee_id as employee1_6_4_, employee4_.name as name2_6_4_, employee4_.password as password3_6_4_, employee4_.username as username4_6_4_, registype5_.regis_type_id as regis_ty1_23_5_, registype5_.type as type2_23_5_, job6_.job_id as job_id1_8_6_, job6_.job as job2_8_6_, car7_.car_id as car_id1_2_7_, car7_.brand_id as brand_id4_2_7_, car7_.seat_id as seat_id5_2_7_, car7_.employee_id as employee6_2_7_, car7_.plate as plate2_2_7_, car7_.province_id as province7_2_7_, car7_.vin as vin3_2_7_, brand8_.brand_id as brand_id1_0_8_, brand8_.brand as brand2_0_8_, carseat9_.seat_id as seat_id1_3_9_, carseat9_.carseat as carseat2_3_9_, employee10_.employee_id as employee1_6_10_, employee10_.name as name2_6_10_, employee10_.password as password3_6_10_, employee10_.username as username4_6_10_, province11_.province_id as province1_16_11_, province11_.province as province2_16_11_, renttype12_.renttype_id as renttype1_19_12_, renttype12_.nametype as nametype2_19_12_, renttype12_.unitprice as unitpric3_19_12_ from renttype_rent rent0_ inner join rent_car rentcar1_ on rent0_.rent_rent_car_id=rentcar1_.rent_car_id inner join employee employee2_ on rentcar1_.employee_id=employee2_.employee_id inner join customer customer3_ on rentcar1_.customer_id=customer3_.customer_id left outer join employee employee4_ on customer3_.employee=employee4_.employee_id left outer join resgistype registype5_ on customer3_.registype=registype5_.regis_type_id left outer join job job6_ on customer3_.job=job6_.job_id inner join car car7_ on rentcar1_.car_id=car7_.car_id left outer join brand brand8_ on car7_.brand_id=brand8_.brand_id left outer join carseat carseat9_ on car7_.seat_id=carseat9_.seat_id left outer join employee employee10_ on car7_.employee_id=employee10_.employee_id left outer join plateprovince province11_ on car7_.province_id=province11_.province_id inner join renttype renttype12_ on rentcar1_.renttype_id=renttype12_.renttype_id where rent0_.rent_type_renttype_id=?

=======================================

Test rentday Must Not Be Null

=======================================

<<<<<<< HEAD
2020-02-05 23:58:49.866  INFO 2420 --- [    Test worker] o.s.t.c.transaction.TransactionContext   : Rolled back transaction for test: [DefaultTestContext@4bae3d89 testClass = RentCarTest, testInstance = com.cpe.backend.RentCarTest@4fe7aef7, testMethod = b6004804_test_RentdayMustNotBeNull@RentCarTest, testException = [null], mergedContextConfiguration = [MergedContextConfiguration@20536c91 testClass = RentCarTest, locations = '{}', classes = '{class com.cpe.backend.BackendApplication}', contextInitializerClasses = '[]', activeProfiles = '{}', propertySourceLocations = '{}', propertySourceProperties = '{org.springframework.boot.test.autoconfigure.orm.jpa.DataJpaTestContextBootstrapper=true}', contextCustomizers = set[org.springframework.boot.test.autoconfigure.OverrideAutoConfigurationContextCustomizerFactory$DisableAutoConfigurationContextCustomizer@519ef83d, org.springframework.boot.test.autoconfigure.filter.TypeExcludeFiltersContextCustomizer@351584c0, org.springframework.boot.test.autoconfigure.properties.PropertyMappingContextCustomizer@4de046bd, org.springframework.boot.test.autoconfigure.web.servlet.WebDriverContextCustomizerFactory$Customizer@2068602d, [ImportsContextCustomizer@29b2d49 key = [org.springframework.boot.autoconfigure.cache.CacheAutoConfiguration, org.springframework.boot.autoconfigure.data.jpa.JpaRepositoriesAutoConfiguration, org.springframework.boot.autoconfigure.flyway.FlywayAutoConfiguration, org.springframework.boot.autoconfigure.jdbc.DataSourceAutoConfiguration, org.springframework.boot.autoconfigure.jdbc.DataSourceTransactionManagerAutoConfiguration, org.springframework.boot.autoconfigure.jdbc.JdbcTemplateAutoConfiguration, org.springframework.boot.autoconfigure.liquibase.LiquibaseAutoConfiguration, org.springframework.boot.autoconfigure.orm.jpa.HibernateJpaAutoConfiguration, org.springframework.boot.autoconfigure.transaction.TransactionAutoConfiguration, org.springframework.boot.test.autoconfigure.jdbc.TestDatabaseAutoConfiguration, org.springframework.boot.test.autoconfigure.orm.jpa.TestEntityManagerAutoConfiguration]], org.springframework.boot.test.context.filter.ExcludeFilterContextCustomizer@18486d60, org.springframework.boot.test.json.DuplicateJsonObjectContextCustomizerFactory$DuplicateJsonObjectContextCustomizer@5a267fa8, org.springframework.boot.test.mock.mockito.MockitoContextCustomizer@0], contextLoader = 'org.springframework.boot.test.context.SpringBootContextLoader', parent = [null]], attributes = map[[empty]]]
2020-02-05 23:58:49.875  INFO 2420 --- [    Test worker] o.s.t.c.transaction.TransactionContext   : Began transaction (1) for test context [DefaultTestContext@4bae3d89 testClass = RentCarTest, testInstance = com.cpe.backend.RentCarTest@314c139a, testMethod = b6004804_test_rentDateMustNotBeNull@RentCarTest, testException = [null], mergedContextConfiguration = [MergedContextConfiguration@20536c91 testClass = RentCarTest, locations = '{}', classes = '{class com.cpe.backend.BackendApplication}', contextInitializerClasses = '[]', activeProfiles = '{}', propertySourceLocations = '{}', propertySourceProperties = '{org.springframework.boot.test.autoconfigure.orm.jpa.DataJpaTestContextBootstrapper=true}', contextCustomizers = set[org.springframework.boot.test.autoconfigure.OverrideAutoConfigurationContextCustomizerFactory$DisableAutoConfigurationContextCustomizer@519ef83d, org.springframework.boot.test.autoconfigure.filter.TypeExcludeFiltersContextCustomizer@351584c0, org.springframework.boot.test.autoconfigure.properties.PropertyMappingContextCustomizer@4de046bd, org.springframework.boot.test.autoconfigure.web.servlet.WebDriverContextCustomizerFactory$Customizer@2068602d, [ImportsContextCustomizer@29b2d49 key = [org.springframework.boot.autoconfigure.cache.CacheAutoConfiguration, org.springframework.boot.autoconfigure.data.jpa.JpaRepositoriesAutoConfiguration, org.springframework.boot.autoconfigure.flyway.FlywayAutoConfiguration, org.springframework.boot.autoconfigure.jdbc.DataSourceAutoConfiguration, org.springframework.boot.autoconfigure.jdbc.DataSourceTransactionManagerAutoConfiguration, org.springframework.boot.autoconfigure.jdbc.JdbcTemplateAutoConfiguration, org.springframework.boot.autoconfigure.liquibase.LiquibaseAutoConfiguration, org.springframework.boot.autoconfigure.orm.jpa.HibernateJpaAutoConfiguration, org.springframework.boot.autoconfigure.transaction.TransactionAutoConfiguration, org.springframework.boot.test.autoconfigure.jdbc.TestDatabaseAutoConfiguration, org.springframework.boot.test.autoconfigure.orm.jpa.TestEntityManagerAutoConfiguration]], org.springframework.boot.test.context.filter.ExcludeFilterContextCustomizer@18486d60, org.springframework.boot.test.json.DuplicateJsonObjectContextCustomizerFactory$DuplicateJsonObjectContextCustomizer@5a267fa8, org.springframework.boot.test.mock.mockito.MockitoContextCustomizer@0], contextLoader = 'org.springframework.boot.test.context.SpringBootContextLoader', parent = [null]], attributes = map[[empty]]]; transaction manager [org.springframework.orm.jpa.JpaTransactionManager@16cc0635]; rollback [true]
Hibernate: select customer0_.customer_id as customer1_5_0_, customer0_.address as address2_5_0_, customer0_.age as age3_5_0_, customer0_.card_num as card_num4_5_0_, customer0_.employee as employee8_5_0_, customer0_.date as date5_5_0_, customer0_.name as name6_5_0_, customer0_.tel as tel7_5_0_, customer0_.registype as registyp9_5_0_, customer0_.job as job10_5_0_, employee1_.employee_id as employee1_6_1_, employee1_.name as name2_6_1_, employee1_.password as password3_6_1_, employee1_.username as username4_6_1_, registype2_.regis_type_id as regis_ty1_23_2_, registype2_.type as type2_23_2_, cus3_.regis_type_regis_type_id as regis_ty1_24_3_, customer4_.customer_id as cus_cust2_24_3_, customer4_.customer_id as customer1_5_4_, customer4_.address as address2_5_4_, customer4_.age as age3_5_4_, customer4_.card_num as card_num4_5_4_, customer4_.employee as employee8_5_4_, customer4_.date as date5_5_4_, customer4_.name as name6_5_4_, customer4_.tel as tel7_5_4_, customer4_.registype as registyp9_5_4_, customer4_.job as job10_5_4_, job5_.job_id as job_id1_8_5_, job5_.job as job2_8_5_, cus6_.job_job_id as job_job_1_9_6_, customer7_.customer_id as cus_cust2_9_6_, customer7_.customer_id as customer1_5_7_, customer7_.address as address2_5_7_, customer7_.age as age3_5_7_, customer7_.card_num as card_num4_5_7_, customer7_.employee as employee8_5_7_, customer7_.date as date5_5_7_, customer7_.name as name6_5_7_, customer7_.tel as tel7_5_7_, customer7_.registype as registyp9_5_7_, customer7_.job as job10_5_7_ from customer customer0_ left outer join employee employee1_ on customer0_.employee=employee1_.employee_id left outer join resgistype registype2_ on customer0_.registype=registype2_.regis_type_id left outer join resgistype_cus cus3_ on registype2_.regis_type_id=cus3_.regis_type_regis_type_id left outer join customer customer4_ on cus3_.cus_customer_id=customer4_.customer_id left outer join job job5_ on customer4_.job=job5_.job_id left outer join job_cus cus6_ on job5_.job_id=cus6_.job_job_id left outer join customer customer7_ on cus6_.cus_customer_id=customer7_.customer_id where customer0_.customer_id=?
Hibernate: select job0_.job_id as job_id1_8_0_, job0_.job as job2_8_0_, cus1_.job_job_id as job_job_1_9_1_, customer2_.customer_id as cus_cust2_9_1_, customer2_.customer_id as customer1_5_2_, customer2_.address as address2_5_2_, customer2_.age as age3_5_2_, customer2_.card_num as card_num4_5_2_, customer2_.employee as employee8_5_2_, customer2_.date as date5_5_2_, customer2_.name as name6_5_2_, customer2_.tel as tel7_5_2_, customer2_.registype as registyp9_5_2_, customer2_.job as job10_5_2_, employee3_.employee_id as employee1_6_3_, employee3_.name as name2_6_3_, employee3_.password as password3_6_3_, employee3_.username as username4_6_3_, registype4_.regis_type_id as regis_ty1_23_4_, registype4_.type as type2_23_4_, cus5_.regis_type_regis_type_id as regis_ty1_24_5_, customer6_.customer_id as cus_cust2_24_5_, customer6_.customer_id as customer1_5_6_, customer6_.address as address2_5_6_, customer6_.age as age3_5_6_, customer6_.card_num as card_num4_5_6_, customer6_.employee as employee8_5_6_, customer6_.date as date5_5_6_, customer6_.name as name6_5_6_, customer6_.tel as tel7_5_6_, customer6_.registype as registyp9_5_6_, customer6_.job as job10_5_6_, job7_.job_id as job_id1_8_7_, job7_.job as job2_8_7_ from job job0_ left outer join job_cus cus1_ on job0_.job_id=cus1_.job_job_id left outer join customer customer2_ on cus1_.cus_customer_id=customer2_.customer_id left outer join employee employee3_ on customer2_.employee=employee3_.employee_id left outer join resgistype registype4_ on customer2_.registype=registype4_.regis_type_id left outer join resgistype_cus cus5_ on registype4_.regis_type_id=cus5_.regis_type_regis_type_id left outer join customer customer6_ on cus5_.cus_customer_id=customer6_.customer_id left outer join job job7_ on customer6_.job=job7_.job_id where job0_.job_id=?
Hibernate: select rent0_.employee_employee_id as employee1_7_0_, rent0_.rent_rent_car_id as rent_ren2_7_0_, rentcar1_.rent_car_id as rent_car1_18_1_, rentcar1_.employee_id as employee5_18_1_, rentcar1_.price as price2_18_1_, rentcar1_.rent_date as rent_dat3_18_1_, rentcar1_.customer_id as customer6_18_1_, rentcar1_.rentday as rentday4_18_1_, rentcar1_.car_id as car_id7_18_1_, rentcar1_.renttype_id as renttype8_18_1_, employee2_.employee_id as employee1_6_2_, employee2_.name as name2_6_2_, employee2_.password as password3_6_2_, employee2_.username as username4_6_2_, customer3_.customer_id as customer1_5_3_, customer3_.address as address2_5_3_, customer3_.age as age3_5_3_, customer3_.card_num as card_num4_5_3_, customer3_.employee as employee8_5_3_, customer3_.date as date5_5_3_, customer3_.name as name6_5_3_, customer3_.tel as tel7_5_3_, customer3_.registype as registyp9_5_3_, customer3_.job as job10_5_3_, employee4_.employee_id as employee1_6_4_, employee4_.name as name2_6_4_, employee4_.password as password3_6_4_, employee4_.username as username4_6_4_, registype5_.regis_type_id as regis_ty1_23_5_, registype5_.type as type2_23_5_, job6_.job_id as job_id1_8_6_, job6_.job as job2_8_6_, car7_.car_id as car_id1_2_7_, car7_.brand_id as brand_id4_2_7_, car7_.seat_id as seat_id5_2_7_, car7_.employee_id as employee6_2_7_, car7_.plate as plate2_2_7_, car7_.province_id as province7_2_7_, car7_.vin as vin3_2_7_, brand8_.brand_id as brand_id1_0_8_, brand8_.brand as brand2_0_8_, carseat9_.seat_id as seat_id1_3_9_, carseat9_.carseat as carseat2_3_9_, employee10_.employee_id as employee1_6_10_, employee10_.name as name2_6_10_, employee10_.password as password3_6_10_, employee10_.username as username4_6_10_, province11_.province_id as province1_16_11_, province11_.province as province2_16_11_, renttype12_.renttype_id as renttype1_19_12_, renttype12_.nametype as nametype2_19_12_, renttype12_.unitprice as unitpric3_19_12_ from employee_rent rent0_ inner join rent_car rentcar1_ on rent0_.rent_rent_car_id=rentcar1_.rent_car_id inner join employee employee2_ on rentcar1_.employee_id=employee2_.employee_id inner join customer customer3_ on rentcar1_.customer_id=customer3_.customer_id left outer join employee employee4_ on customer3_.employee=employee4_.employee_id left outer join resgistype registype5_ on customer3_.registype=registype5_.regis_type_id left outer join job job6_ on customer3_.job=job6_.job_id inner join car car7_ on rentcar1_.car_id=car7_.car_id left outer join brand brand8_ on car7_.brand_id=brand8_.brand_id left outer join carseat carseat9_ on car7_.seat_id=carseat9_.seat_id left outer join employee employee10_ on car7_.employee_id=employee10_.employee_id left outer join plateprovince province11_ on car7_.province_id=province11_.province_id inner join renttype renttype12_ on rentcar1_.renttype_id=renttype12_.renttype_id where rent0_.employee_employee_id=?
=======
2020-02-04 22:32:04.119  INFO 12676 --- [    Test worker] o.s.t.c.transaction.TransactionContext   : Rolled back transaction for test: [DefaultTestContext@34a7ce02 testClass = RentCarTest, testInstance = com.cpe.backend.RentCarTest@55b0863c, testMethod = b6004804_test_RentdayMustNotBeNull@RentCarTest, testException = [null], mergedContextConfiguration = [MergedContextConfiguration@232dbdde testClass = RentCarTest, locations = '{}', classes = '{class com.cpe.backend.BackendApplication}', contextInitializerClasses = '[]', activeProfiles = '{}', propertySourceLocations = '{}', propertySourceProperties = '{org.springframework.boot.test.autoconfigure.orm.jpa.DataJpaTestContextBootstrapper=true}', contextCustomizers = set[org.springframework.boot.test.autoconfigure.OverrideAutoConfigurationContextCustomizerFactory$DisableAutoConfigurationContextCustomizer@613520e1, org.springframework.boot.test.autoconfigure.filter.TypeExcludeFiltersContextCustomizer@351584c0, org.springframework.boot.test.autoconfigure.properties.PropertyMappingContextCustomizer@21896434, org.springframework.boot.test.autoconfigure.web.servlet.WebDriverContextCustomizerFactory$Customizer@9a30f15, [ImportsContextCustomizer@23c35f4 key = [org.springframework.boot.autoconfigure.cache.CacheAutoConfiguration, org.springframework.boot.autoconfigure.data.jpa.JpaRepositoriesAutoConfiguration, org.springframework.boot.autoconfigure.flyway.FlywayAutoConfiguration, org.springframework.boot.autoconfigure.jdbc.DataSourceAutoConfiguration, org.springframework.boot.autoconfigure.jdbc.DataSourceTransactionManagerAutoConfiguration, org.springframework.boot.autoconfigure.jdbc.JdbcTemplateAutoConfiguration, org.springframework.boot.autoconfigure.liquibase.LiquibaseAutoConfiguration, org.springframework.boot.autoconfigure.orm.jpa.HibernateJpaAutoConfiguration, org.springframework.boot.autoconfigure.transaction.TransactionAutoConfiguration, org.springframework.boot.test.autoconfigure.jdbc.TestDatabaseAutoConfiguration, org.springframework.boot.test.autoconfigure.orm.jpa.TestEntityManagerAutoConfiguration]], org.springframework.boot.test.context.filter.ExcludeFilterContextCustomizer@23782f0d, org.springframework.boot.test.json.DuplicateJsonObjectContextCustomizerFactory$DuplicateJsonObjectContextCustomizer@4749f795, org.springframework.boot.test.mock.mockito.MockitoContextCustomizer@0], contextLoader = 'org.springframework.boot.test.context.SpringBootContextLoader', parent = [null]], attributes = map[[empty]]]
2020-02-04 22:32:04.123  INFO 12676 --- [    Test worker] o.s.t.c.transaction.TransactionContext   : Began transaction (1) for test context [DefaultTestContext@34a7ce02 testClass = RentCarTest, testInstance = com.cpe.backend.RentCarTest@380f5b3a, testMethod = b6004804_test_rentDateMustNotBeNull@RentCarTest, testException = [null], mergedContextConfiguration = [MergedContextConfiguration@232dbdde testClass = RentCarTest, locations = '{}', classes = '{class com.cpe.backend.BackendApplication}', contextInitializerClasses = '[]', activeProfiles = '{}', propertySourceLocations = '{}', propertySourceProperties = '{org.springframework.boot.test.autoconfigure.orm.jpa.DataJpaTestContextBootstrapper=true}', contextCustomizers = set[org.springframework.boot.test.autoconfigure.OverrideAutoConfigurationContextCustomizerFactory$DisableAutoConfigurationContextCustomizer@613520e1, org.springframework.boot.test.autoconfigure.filter.TypeExcludeFiltersContextCustomizer@351584c0, org.springframework.boot.test.autoconfigure.properties.PropertyMappingContextCustomizer@21896434, org.springframework.boot.test.autoconfigure.web.servlet.WebDriverContextCustomizerFactory$Customizer@9a30f15, [ImportsContextCustomizer@23c35f4 key = [org.springframework.boot.autoconfigure.cache.CacheAutoConfiguration, org.springframework.boot.autoconfigure.data.jpa.JpaRepositoriesAutoConfiguration, org.springframework.boot.autoconfigure.flyway.FlywayAutoConfiguration, org.springframework.boot.autoconfigure.jdbc.DataSourceAutoConfiguration, org.springframework.boot.autoconfigure.jdbc.DataSourceTransactionManagerAutoConfiguration, org.springframework.boot.autoconfigure.jdbc.JdbcTemplateAutoConfiguration, org.springframework.boot.autoconfigure.liquibase.LiquibaseAutoConfiguration, org.springframework.boot.autoconfigure.orm.jpa.HibernateJpaAutoConfiguration, org.springframework.boot.autoconfigure.transaction.TransactionAutoConfiguration, org.springframework.boot.test.autoconfigure.jdbc.TestDatabaseAutoConfiguration, org.springframework.boot.test.autoconfigure.orm.jpa.TestEntityManagerAutoConfiguration]], org.springframework.boot.test.context.filter.ExcludeFilterContextCustomizer@23782f0d, org.springframework.boot.test.json.DuplicateJsonObjectContextCustomizerFactory$DuplicateJsonObjectContextCustomizer@4749f795, org.springframework.boot.test.mock.mockito.MockitoContextCustomizer@0], contextLoader = 'org.springframework.boot.test.context.SpringBootContextLoader', parent = [null]], attributes = map[[empty]]]; transaction manager [org.springframework.orm.jpa.JpaTransactionManager@34d55a52]; rollback [true]
Hibernate: select customer0_.customer_id as customer1_5_0_, customer0_.address as address2_5_0_, customer0_.age as age3_5_0_, customer0_.employee as employee8_5_0_, customer0_.date as date4_5_0_, customer0_.name as name5_5_0_, customer0_.num_id as num_id6_5_0_, customer0_.tel as tel7_5_0_, customer0_.registype as registyp9_5_0_, customer0_.job as job10_5_0_, employee1_.employee_id as employee1_6_1_, employee1_.name as name2_6_1_, employee1_.password as password3_6_1_, employee1_.username as username4_6_1_, registype2_.regis_type_id as regis_ty1_23_2_, registype2_.type as type2_23_2_, cus3_.regis_type_regis_type_id as regis_ty1_24_3_, customer4_.customer_id as cus_cust2_24_3_, customer4_.customer_id as customer1_5_4_, customer4_.address as address2_5_4_, customer4_.age as age3_5_4_, customer4_.employee as employee8_5_4_, customer4_.date as date4_5_4_, customer4_.name as name5_5_4_, customer4_.num_id as num_id6_5_4_, customer4_.tel as tel7_5_4_, customer4_.registype as registyp9_5_4_, customer4_.job as job10_5_4_, job5_.job_id as job_id1_8_5_, job5_.job as job2_8_5_, cus6_.job_job_id as job_job_1_9_6_, customer7_.customer_id as cus_cust2_9_6_, customer7_.customer_id as customer1_5_7_, customer7_.address as address2_5_7_, customer7_.age as age3_5_7_, customer7_.employee as employee8_5_7_, customer7_.date as date4_5_7_, customer7_.name as name5_5_7_, customer7_.num_id as num_id6_5_7_, customer7_.tel as tel7_5_7_, customer7_.registype as registyp9_5_7_, customer7_.job as job10_5_7_ from customer customer0_ left outer join employee employee1_ on customer0_.employee=employee1_.employee_id left outer join resgistype registype2_ on customer0_.registype=registype2_.regis_type_id left outer join resgistype_cus cus3_ on registype2_.regis_type_id=cus3_.regis_type_regis_type_id left outer join customer customer4_ on cus3_.cus_customer_id=customer4_.customer_id left outer join job job5_ on customer4_.job=job5_.job_id left outer join job_cus cus6_ on job5_.job_id=cus6_.job_job_id left outer join customer customer7_ on cus6_.cus_customer_id=customer7_.customer_id where customer0_.customer_id=?
Hibernate: select job0_.job_id as job_id1_8_0_, job0_.job as job2_8_0_, cus1_.job_job_id as job_job_1_9_1_, customer2_.customer_id as cus_cust2_9_1_, customer2_.customer_id as customer1_5_2_, customer2_.address as address2_5_2_, customer2_.age as age3_5_2_, customer2_.employee as employee8_5_2_, customer2_.date as date4_5_2_, customer2_.name as name5_5_2_, customer2_.num_id as num_id6_5_2_, customer2_.tel as tel7_5_2_, customer2_.registype as registyp9_5_2_, customer2_.job as job10_5_2_, employee3_.employee_id as employee1_6_3_, employee3_.name as name2_6_3_, employee3_.password as password3_6_3_, employee3_.username as username4_6_3_, registype4_.regis_type_id as regis_ty1_23_4_, registype4_.type as type2_23_4_, cus5_.regis_type_regis_type_id as regis_ty1_24_5_, customer6_.customer_id as cus_cust2_24_5_, customer6_.customer_id as customer1_5_6_, customer6_.address as address2_5_6_, customer6_.age as age3_5_6_, customer6_.employee as employee8_5_6_, customer6_.date as date4_5_6_, customer6_.name as name5_5_6_, customer6_.num_id as num_id6_5_6_, customer6_.tel as tel7_5_6_, customer6_.registype as registyp9_5_6_, customer6_.job as job10_5_6_, job7_.job_id as job_id1_8_7_, job7_.job as job2_8_7_ from job job0_ left outer join job_cus cus1_ on job0_.job_id=cus1_.job_job_id left outer join customer customer2_ on cus1_.cus_customer_id=customer2_.customer_id left outer join employee employee3_ on customer2_.employee=employee3_.employee_id left outer join resgistype registype4_ on customer2_.registype=registype4_.regis_type_id left outer join resgistype_cus cus5_ on registype4_.regis_type_id=cus5_.regis_type_regis_type_id left outer join customer customer6_ on cus5_.cus_customer_id=customer6_.customer_id left outer join job job7_ on customer6_.job=job7_.job_id where job0_.job_id=?
Hibernate: select rent0_.employee_employee_id as employee1_7_0_, rent0_.rent_rent_car_id as rent_ren2_7_0_, rentcar1_.rent_car_id as rent_car1_18_1_, rentcar1_.employee_id as employee5_18_1_, rentcar1_.price as price2_18_1_, rentcar1_.rent_date as rent_dat3_18_1_, rentcar1_.customer_id as customer6_18_1_, rentcar1_.rentday as rentday4_18_1_, rentcar1_.car_id as car_id7_18_1_, rentcar1_.renttype_id as renttype8_18_1_, employee2_.employee_id as employee1_6_2_, employee2_.name as name2_6_2_, employee2_.password as password3_6_2_, employee2_.username as username4_6_2_, customer3_.customer_id as customer1_5_3_, customer3_.address as address2_5_3_, customer3_.age as age3_5_3_, customer3_.employee as employee8_5_3_, customer3_.date as date4_5_3_, customer3_.name as name5_5_3_, customer3_.num_id as num_id6_5_3_, customer3_.tel as tel7_5_3_, customer3_.registype as registyp9_5_3_, customer3_.job as job10_5_3_, employee4_.employee_id as employee1_6_4_, employee4_.name as name2_6_4_, employee4_.password as password3_6_4_, employee4_.username as username4_6_4_, registype5_.regis_type_id as regis_ty1_23_5_, registype5_.type as type2_23_5_, job6_.job_id as job_id1_8_6_, job6_.job as job2_8_6_, car7_.car_id as car_id1_2_7_, car7_.brand_id as brand_id4_2_7_, car7_.seat_id as seat_id5_2_7_, car7_.employee_id as employee6_2_7_, car7_.plate as plate2_2_7_, car7_.province_id as province7_2_7_, car7_.vin as vin3_2_7_, brand8_.brand_id as brand_id1_0_8_, brand8_.brand as brand2_0_8_, carseat9_.seat_id as seat_id1_3_9_, carseat9_.carseat as carseat2_3_9_, employee10_.employee_id as employee1_6_10_, employee10_.name as name2_6_10_, employee10_.password as password3_6_10_, employee10_.username as username4_6_10_, province11_.province_id as province1_16_11_, province11_.province as province2_16_11_, renttype12_.renttype_id as renttype1_19_12_, renttype12_.nametype as nametype2_19_12_, renttype12_.unitprice as unitpric3_19_12_ from employee_rent rent0_ inner join rent_car rentcar1_ on rent0_.rent_rent_car_id=rentcar1_.rent_car_id left outer join employee employee2_ on rentcar1_.employee_id=employee2_.employee_id left outer join customer customer3_ on rentcar1_.customer_id=customer3_.customer_id left outer join employee employee4_ on customer3_.employee=employee4_.employee_id left outer join resgistype registype5_ on customer3_.registype=registype5_.regis_type_id left outer join job job6_ on customer3_.job=job6_.job_id left outer join car car7_ on rentcar1_.car_id=car7_.car_id left outer join brand brand8_ on car7_.brand_id=brand8_.brand_id left outer join carseat carseat9_ on car7_.seat_id=carseat9_.seat_id left outer join employee employee10_ on car7_.employee_id=employee10_.employee_id left outer join plateprovince province11_ on car7_.province_id=province11_.province_id left outer join renttype renttype12_ on rentcar1_.renttype_id=renttype12_.renttype_id where rent0_.employee_employee_id=?
>>>>>>> issue-147
Hibernate: select car0_.car_id as car_id1_2_0_, car0_.brand_id as brand_id4_2_0_, car0_.seat_id as seat_id5_2_0_, car0_.employee_id as employee6_2_0_, car0_.plate as plate2_2_0_, car0_.province_id as province7_2_0_, car0_.vin as vin3_2_0_, brand1_.brand_id as brand_id1_0_1_, brand1_.brand as brand2_0_1_, carseat2_.seat_id as seat_id1_3_2_, carseat2_.carseat as carseat2_3_2_, employee3_.employee_id as employee1_6_3_, employee3_.name as name2_6_3_, employee3_.password as password3_6_3_, employee3_.username as username4_6_3_, province4_.province_id as province1_16_4_, province4_.province as province2_16_4_ from car car0_ left outer join brand brand1_ on car0_.brand_id=brand1_.brand_id left outer join carseat carseat2_ on car0_.seat_id=carseat2_.seat_id left outer join employee employee3_ on car0_.employee_id=employee3_.employee_id left outer join plateprovince province4_ on car0_.province_id=province4_.province_id where car0_.car_id=?
Hibernate: select car0_.province_province_id as province1_17_0_, car0_.car_car_id as car_car_2_17_0_, car1_.car_id as car_id1_2_1_, car1_.brand_id as brand_id4_2_1_, car1_.seat_id as seat_id5_2_1_, car1_.employee_id as employee6_2_1_, car1_.plate as plate2_2_1_, car1_.province_id as province7_2_1_, car1_.vin as vin3_2_1_, brand2_.brand_id as brand_id1_0_2_, brand2_.brand as brand2_0_2_, carseat3_.seat_id as seat_id1_3_3_, carseat3_.carseat as carseat2_3_3_, employee4_.employee_id as employee1_6_4_, employee4_.name as name2_6_4_, employee4_.password as password3_6_4_, employee4_.username as username4_6_4_, province5_.province_id as province1_16_5_, province5_.province as province2_16_5_ from plateprovince_car car0_ inner join car car1_ on car0_.car_car_id=car1_.car_id left outer join brand brand2_ on car1_.brand_id=brand2_.brand_id left outer join carseat carseat3_ on car1_.seat_id=carseat3_.seat_id left outer join employee employee4_ on car1_.employee_id=employee4_.employee_id left outer join plateprovince province5_ on car1_.province_id=province5_.province_id where car0_.province_province_id=?
Hibernate: select car0_.carseat_seat_id as carseat_1_4_0_, car0_.car_car_id as car_car_2_4_0_, car1_.car_id as car_id1_2_1_, car1_.brand_id as brand_id4_2_1_, car1_.seat_id as seat_id5_2_1_, car1_.employee_id as employee6_2_1_, car1_.plate as plate2_2_1_, car1_.province_id as province7_2_1_, car1_.vin as vin3_2_1_, brand2_.brand_id as brand_id1_0_2_, brand2_.brand as brand2_0_2_, carseat3_.seat_id as seat_id1_3_3_, carseat3_.carseat as carseat2_3_3_, employee4_.employee_id as employee1_6_4_, employee4_.name as name2_6_4_, employee4_.password as password3_6_4_, employee4_.username as username4_6_4_, province5_.province_id as province1_16_5_, province5_.province as province2_16_5_ from carseat_car car0_ inner join car car1_ on car0_.car_car_id=car1_.car_id left outer join brand brand2_ on car1_.brand_id=brand2_.brand_id left outer join carseat carseat3_ on car1_.seat_id=carseat3_.seat_id left outer join employee employee4_ on car1_.employee_id=employee4_.employee_id left outer join plateprovince province5_ on car1_.province_id=province5_.province_id where car0_.carseat_seat_id=?
Hibernate: select car0_.brand_brand_id as brand_br1_1_0_, car0_.car_car_id as car_car_2_1_0_, car1_.car_id as car_id1_2_1_, car1_.brand_id as brand_id4_2_1_, car1_.seat_id as seat_id5_2_1_, car1_.employee_id as employee6_2_1_, car1_.plate as plate2_2_1_, car1_.province_id as province7_2_1_, car1_.vin as vin3_2_1_, brand2_.brand_id as brand_id1_0_2_, brand2_.brand as brand2_0_2_, carseat3_.seat_id as seat_id1_3_3_, carseat3_.carseat as carseat2_3_3_, employee4_.employee_id as employee1_6_4_, employee4_.name as name2_6_4_, employee4_.password as password3_6_4_, employee4_.username as username4_6_4_, province5_.province_id as province1_16_5_, province5_.province as province2_16_5_ from brand_car car0_ inner join car car1_ on car0_.car_car_id=car1_.car_id left outer join brand brand2_ on car1_.brand_id=brand2_.brand_id left outer join carseat carseat3_ on car1_.seat_id=carseat3_.seat_id left outer join employee employee4_ on car1_.employee_id=employee4_.employee_id left outer join plateprovince province5_ on car1_.province_id=province5_.province_id where car0_.brand_brand_id=?
Hibernate: select renttype0_.renttype_id as renttype1_19_0_, renttype0_.nametype as nametype2_19_0_, renttype0_.unitprice as unitpric3_19_0_ from renttype renttype0_ where renttype0_.renttype_id=?
Hibernate: select rent0_.rent_type_renttype_id as rent_typ1_20_0_, rent0_.rent_rent_car_id as rent_ren2_20_0_, rentcar1_.rent_car_id as rent_car1_18_1_, rentcar1_.employee_id as employee5_18_1_, rentcar1_.price as price2_18_1_, rentcar1_.rent_date as rent_dat3_18_1_, rentcar1_.customer_id as customer6_18_1_, rentcar1_.rentday as rentday4_18_1_, rentcar1_.car_id as car_id7_18_1_, rentcar1_.renttype_id as renttype8_18_1_, employee2_.employee_id as employee1_6_2_, employee2_.name as name2_6_2_, employee2_.password as password3_6_2_, employee2_.username as username4_6_2_, customer3_.customer_id as customer1_5_3_, customer3_.address as address2_5_3_, customer3_.age as age3_5_3_, customer3_.card_num as card_num4_5_3_, customer3_.employee as employee8_5_3_, customer3_.date as date5_5_3_, customer3_.name as name6_5_3_, customer3_.tel as tel7_5_3_, customer3_.registype as registyp9_5_3_, customer3_.job as job10_5_3_, employee4_.employee_id as employee1_6_4_, employee4_.name as name2_6_4_, employee4_.password as password3_6_4_, employee4_.username as username4_6_4_, registype5_.regis_type_id as regis_ty1_23_5_, registype5_.type as type2_23_5_, job6_.job_id as job_id1_8_6_, job6_.job as job2_8_6_, car7_.car_id as car_id1_2_7_, car7_.brand_id as brand_id4_2_7_, car7_.seat_id as seat_id5_2_7_, car7_.employee_id as employee6_2_7_, car7_.plate as plate2_2_7_, car7_.province_id as province7_2_7_, car7_.vin as vin3_2_7_, brand8_.brand_id as brand_id1_0_8_, brand8_.brand as brand2_0_8_, carseat9_.seat_id as seat_id1_3_9_, carseat9_.carseat as carseat2_3_9_, employee10_.employee_id as employee1_6_10_, employee10_.name as name2_6_10_, employee10_.password as password3_6_10_, employee10_.username as username4_6_10_, province11_.province_id as province1_16_11_, province11_.province as province2_16_11_, renttype12_.renttype_id as renttype1_19_12_, renttype12_.nametype as nametype2_19_12_, renttype12_.unitprice as unitpric3_19_12_ from renttype_rent rent0_ inner join rent_car rentcar1_ on rent0_.rent_rent_car_id=rentcar1_.rent_car_id inner join employee employee2_ on rentcar1_.employee_id=employee2_.employee_id inner join customer customer3_ on rentcar1_.customer_id=customer3_.customer_id left outer join employee employee4_ on customer3_.employee=employee4_.employee_id left outer join resgistype registype5_ on customer3_.registype=registype5_.regis_type_id left outer join job job6_ on customer3_.job=job6_.job_id inner join car car7_ on rentcar1_.car_id=car7_.car_id left outer join brand brand8_ on car7_.brand_id=brand8_.brand_id left outer join carseat carseat9_ on car7_.seat_id=carseat9_.seat_id left outer join employee employee10_ on car7_.employee_id=employee10_.employee_id left outer join plateprovince province11_ on car7_.province_id=province11_.province_id inner join renttype renttype12_ on rentcar1_.renttype_id=renttype12_.renttype_id where rent0_.rent_type_renttype_id=?

=======================================

Test rentDate Must Not Be Null

=======================================

<<<<<<< HEAD
2020-02-05 23:58:49.940  INFO 2420 --- [    Test worker] o.s.t.c.transaction.TransactionContext   : Rolled back transaction for test: [DefaultTestContext@4bae3d89 testClass = RentCarTest, testInstance = com.cpe.backend.RentCarTest@314c139a, testMethod = b6004804_test_rentDateMustNotBeNull@RentCarTest, testException = [null], mergedContextConfiguration = [MergedContextConfiguration@20536c91 testClass = RentCarTest, locations = '{}', classes = '{class com.cpe.backend.BackendApplication}', contextInitializerClasses = '[]', activeProfiles = '{}', propertySourceLocations = '{}', propertySourceProperties = '{org.springframework.boot.test.autoconfigure.orm.jpa.DataJpaTestContextBootstrapper=true}', contextCustomizers = set[org.springframework.boot.test.autoconfigure.OverrideAutoConfigurationContextCustomizerFactory$DisableAutoConfigurationContextCustomizer@519ef83d, org.springframework.boot.test.autoconfigure.filter.TypeExcludeFiltersContextCustomizer@351584c0, org.springframework.boot.test.autoconfigure.properties.PropertyMappingContextCustomizer@4de046bd, org.springframework.boot.test.autoconfigure.web.servlet.WebDriverContextCustomizerFactory$Customizer@2068602d, [ImportsContextCustomizer@29b2d49 key = [org.springframework.boot.autoconfigure.cache.CacheAutoConfiguration, org.springframework.boot.autoconfigure.data.jpa.JpaRepositoriesAutoConfiguration, org.springframework.boot.autoconfigure.flyway.FlywayAutoConfiguration, org.springframework.boot.autoconfigure.jdbc.DataSourceAutoConfiguration, org.springframework.boot.autoconfigure.jdbc.DataSourceTransactionManagerAutoConfiguration, org.springframework.boot.autoconfigure.jdbc.JdbcTemplateAutoConfiguration, org.springframework.boot.autoconfigure.liquibase.LiquibaseAutoConfiguration, org.springframework.boot.autoconfigure.orm.jpa.HibernateJpaAutoConfiguration, org.springframework.boot.autoconfigure.transaction.TransactionAutoConfiguration, org.springframework.boot.test.autoconfigure.jdbc.TestDatabaseAutoConfiguration, org.springframework.boot.test.autoconfigure.orm.jpa.TestEntityManagerAutoConfiguration]], org.springframework.boot.test.context.filter.ExcludeFilterContextCustomizer@18486d60, org.springframework.boot.test.json.DuplicateJsonObjectContextCustomizerFactory$DuplicateJsonObjectContextCustomizer@5a267fa8, org.springframework.boot.test.mock.mockito.MockitoContextCustomizer@0], contextLoader = 'org.springframework.boot.test.context.SpringBootContextLoader', parent = [null]], attributes = map[[empty]]]
2020-02-05 23:58:49.943  INFO 2420 --- [    Test worker] o.s.t.c.transaction.TransactionContext   : Began transaction (1) for test context [DefaultTestContext@4bae3d89 testClass = RentCarTest, testInstance = com.cpe.backend.RentCarTest@2745a1f2, testMethod = b6004804_test_RentdayMustBeMax@RentCarTest, testException = [null], mergedContextConfiguration = [MergedContextConfiguration@20536c91 testClass = RentCarTest, locations = '{}', classes = '{class com.cpe.backend.BackendApplication}', contextInitializerClasses = '[]', activeProfiles = '{}', propertySourceLocations = '{}', propertySourceProperties = '{org.springframework.boot.test.autoconfigure.orm.jpa.DataJpaTestContextBootstrapper=true}', contextCustomizers = set[org.springframework.boot.test.autoconfigure.OverrideAutoConfigurationContextCustomizerFactory$DisableAutoConfigurationContextCustomizer@519ef83d, org.springframework.boot.test.autoconfigure.filter.TypeExcludeFiltersContextCustomizer@351584c0, org.springframework.boot.test.autoconfigure.properties.PropertyMappingContextCustomizer@4de046bd, org.springframework.boot.test.autoconfigure.web.servlet.WebDriverContextCustomizerFactory$Customizer@2068602d, [ImportsContextCustomizer@29b2d49 key = [org.springframework.boot.autoconfigure.cache.CacheAutoConfiguration, org.springframework.boot.autoconfigure.data.jpa.JpaRepositoriesAutoConfiguration, org.springframework.boot.autoconfigure.flyway.FlywayAutoConfiguration, org.springframework.boot.autoconfigure.jdbc.DataSourceAutoConfiguration, org.springframework.boot.autoconfigure.jdbc.DataSourceTransactionManagerAutoConfiguration, org.springframework.boot.autoconfigure.jdbc.JdbcTemplateAutoConfiguration, org.springframework.boot.autoconfigure.liquibase.LiquibaseAutoConfiguration, org.springframework.boot.autoconfigure.orm.jpa.HibernateJpaAutoConfiguration, org.springframework.boot.autoconfigure.transaction.TransactionAutoConfiguration, org.springframework.boot.test.autoconfigure.jdbc.TestDatabaseAutoConfiguration, org.springframework.boot.test.autoconfigure.orm.jpa.TestEntityManagerAutoConfiguration]], org.springframework.boot.test.context.filter.ExcludeFilterContextCustomizer@18486d60, org.springframework.boot.test.json.DuplicateJsonObjectContextCustomizerFactory$DuplicateJsonObjectContextCustomizer@5a267fa8, org.springframework.boot.test.mock.mockito.MockitoContextCustomizer@0], contextLoader = 'org.springframework.boot.test.context.SpringBootContextLoader', parent = [null]], attributes = map[[empty]]]; transaction manager [org.springframework.orm.jpa.JpaTransactionManager@16cc0635]; rollback [true]
Hibernate: select customer0_.customer_id as customer1_5_0_, customer0_.address as address2_5_0_, customer0_.age as age3_5_0_, customer0_.card_num as card_num4_5_0_, customer0_.employee as employee8_5_0_, customer0_.date as date5_5_0_, customer0_.name as name6_5_0_, customer0_.tel as tel7_5_0_, customer0_.registype as registyp9_5_0_, customer0_.job as job10_5_0_, employee1_.employee_id as employee1_6_1_, employee1_.name as name2_6_1_, employee1_.password as password3_6_1_, employee1_.username as username4_6_1_, registype2_.regis_type_id as regis_ty1_23_2_, registype2_.type as type2_23_2_, cus3_.regis_type_regis_type_id as regis_ty1_24_3_, customer4_.customer_id as cus_cust2_24_3_, customer4_.customer_id as customer1_5_4_, customer4_.address as address2_5_4_, customer4_.age as age3_5_4_, customer4_.card_num as card_num4_5_4_, customer4_.employee as employee8_5_4_, customer4_.date as date5_5_4_, customer4_.name as name6_5_4_, customer4_.tel as tel7_5_4_, customer4_.registype as registyp9_5_4_, customer4_.job as job10_5_4_, job5_.job_id as job_id1_8_5_, job5_.job as job2_8_5_, cus6_.job_job_id as job_job_1_9_6_, customer7_.customer_id as cus_cust2_9_6_, customer7_.customer_id as customer1_5_7_, customer7_.address as address2_5_7_, customer7_.age as age3_5_7_, customer7_.card_num as card_num4_5_7_, customer7_.employee as employee8_5_7_, customer7_.date as date5_5_7_, customer7_.name as name6_5_7_, customer7_.tel as tel7_5_7_, customer7_.registype as registyp9_5_7_, customer7_.job as job10_5_7_ from customer customer0_ left outer join employee employee1_ on customer0_.employee=employee1_.employee_id left outer join resgistype registype2_ on customer0_.registype=registype2_.regis_type_id left outer join resgistype_cus cus3_ on registype2_.regis_type_id=cus3_.regis_type_regis_type_id left outer join customer customer4_ on cus3_.cus_customer_id=customer4_.customer_id left outer join job job5_ on customer4_.job=job5_.job_id left outer join job_cus cus6_ on job5_.job_id=cus6_.job_job_id left outer join customer customer7_ on cus6_.cus_customer_id=customer7_.customer_id where customer0_.customer_id=?
Hibernate: select job0_.job_id as job_id1_8_0_, job0_.job as job2_8_0_, cus1_.job_job_id as job_job_1_9_1_, customer2_.customer_id as cus_cust2_9_1_, customer2_.customer_id as customer1_5_2_, customer2_.address as address2_5_2_, customer2_.age as age3_5_2_, customer2_.card_num as card_num4_5_2_, customer2_.employee as employee8_5_2_, customer2_.date as date5_5_2_, customer2_.name as name6_5_2_, customer2_.tel as tel7_5_2_, customer2_.registype as registyp9_5_2_, customer2_.job as job10_5_2_, employee3_.employee_id as employee1_6_3_, employee3_.name as name2_6_3_, employee3_.password as password3_6_3_, employee3_.username as username4_6_3_, registype4_.regis_type_id as regis_ty1_23_4_, registype4_.type as type2_23_4_, cus5_.regis_type_regis_type_id as regis_ty1_24_5_, customer6_.customer_id as cus_cust2_24_5_, customer6_.customer_id as customer1_5_6_, customer6_.address as address2_5_6_, customer6_.age as age3_5_6_, customer6_.card_num as card_num4_5_6_, customer6_.employee as employee8_5_6_, customer6_.date as date5_5_6_, customer6_.name as name6_5_6_, customer6_.tel as tel7_5_6_, customer6_.registype as registyp9_5_6_, customer6_.job as job10_5_6_, job7_.job_id as job_id1_8_7_, job7_.job as job2_8_7_ from job job0_ left outer join job_cus cus1_ on job0_.job_id=cus1_.job_job_id left outer join customer customer2_ on cus1_.cus_customer_id=customer2_.customer_id left outer join employee employee3_ on customer2_.employee=employee3_.employee_id left outer join resgistype registype4_ on customer2_.registype=registype4_.regis_type_id left outer join resgistype_cus cus5_ on registype4_.regis_type_id=cus5_.regis_type_regis_type_id left outer join customer customer6_ on cus5_.cus_customer_id=customer6_.customer_id left outer join job job7_ on customer6_.job=job7_.job_id where job0_.job_id=?
Hibernate: select rent0_.employee_employee_id as employee1_7_0_, rent0_.rent_rent_car_id as rent_ren2_7_0_, rentcar1_.rent_car_id as rent_car1_18_1_, rentcar1_.employee_id as employee5_18_1_, rentcar1_.price as price2_18_1_, rentcar1_.rent_date as rent_dat3_18_1_, rentcar1_.customer_id as customer6_18_1_, rentcar1_.rentday as rentday4_18_1_, rentcar1_.car_id as car_id7_18_1_, rentcar1_.renttype_id as renttype8_18_1_, employee2_.employee_id as employee1_6_2_, employee2_.name as name2_6_2_, employee2_.password as password3_6_2_, employee2_.username as username4_6_2_, customer3_.customer_id as customer1_5_3_, customer3_.address as address2_5_3_, customer3_.age as age3_5_3_, customer3_.card_num as card_num4_5_3_, customer3_.employee as employee8_5_3_, customer3_.date as date5_5_3_, customer3_.name as name6_5_3_, customer3_.tel as tel7_5_3_, customer3_.registype as registyp9_5_3_, customer3_.job as job10_5_3_, employee4_.employee_id as employee1_6_4_, employee4_.name as name2_6_4_, employee4_.password as password3_6_4_, employee4_.username as username4_6_4_, registype5_.regis_type_id as regis_ty1_23_5_, registype5_.type as type2_23_5_, job6_.job_id as job_id1_8_6_, job6_.job as job2_8_6_, car7_.car_id as car_id1_2_7_, car7_.brand_id as brand_id4_2_7_, car7_.seat_id as seat_id5_2_7_, car7_.employee_id as employee6_2_7_, car7_.plate as plate2_2_7_, car7_.province_id as province7_2_7_, car7_.vin as vin3_2_7_, brand8_.brand_id as brand_id1_0_8_, brand8_.brand as brand2_0_8_, carseat9_.seat_id as seat_id1_3_9_, carseat9_.carseat as carseat2_3_9_, employee10_.employee_id as employee1_6_10_, employee10_.name as name2_6_10_, employee10_.password as password3_6_10_, employee10_.username as username4_6_10_, province11_.province_id as province1_16_11_, province11_.province as province2_16_11_, renttype12_.renttype_id as renttype1_19_12_, renttype12_.nametype as nametype2_19_12_, renttype12_.unitprice as unitpric3_19_12_ from employee_rent rent0_ inner join rent_car rentcar1_ on rent0_.rent_rent_car_id=rentcar1_.rent_car_id inner join employee employee2_ on rentcar1_.employee_id=employee2_.employee_id inner join customer customer3_ on rentcar1_.customer_id=customer3_.customer_id left outer join employee employee4_ on customer3_.employee=employee4_.employee_id left outer join resgistype registype5_ on customer3_.registype=registype5_.regis_type_id left outer join job job6_ on customer3_.job=job6_.job_id inner join car car7_ on rentcar1_.car_id=car7_.car_id left outer join brand brand8_ on car7_.brand_id=brand8_.brand_id left outer join carseat carseat9_ on car7_.seat_id=carseat9_.seat_id left outer join employee employee10_ on car7_.employee_id=employee10_.employee_id left outer join plateprovince province11_ on car7_.province_id=province11_.province_id inner join renttype renttype12_ on rentcar1_.renttype_id=renttype12_.renttype_id where rent0_.employee_employee_id=?
=======
2020-02-04 22:32:04.155  INFO 12676 --- [    Test worker] o.s.t.c.transaction.TransactionContext   : Rolled back transaction for test: [DefaultTestContext@34a7ce02 testClass = RentCarTest, testInstance = com.cpe.backend.RentCarTest@380f5b3a, testMethod = b6004804_test_rentDateMustNotBeNull@RentCarTest, testException = [null], mergedContextConfiguration = [MergedContextConfiguration@232dbdde testClass = RentCarTest, locations = '{}', classes = '{class com.cpe.backend.BackendApplication}', contextInitializerClasses = '[]', activeProfiles = '{}', propertySourceLocations = '{}', propertySourceProperties = '{org.springframework.boot.test.autoconfigure.orm.jpa.DataJpaTestContextBootstrapper=true}', contextCustomizers = set[org.springframework.boot.test.autoconfigure.OverrideAutoConfigurationContextCustomizerFactory$DisableAutoConfigurationContextCustomizer@613520e1, org.springframework.boot.test.autoconfigure.filter.TypeExcludeFiltersContextCustomizer@351584c0, org.springframework.boot.test.autoconfigure.properties.PropertyMappingContextCustomizer@21896434, org.springframework.boot.test.autoconfigure.web.servlet.WebDriverContextCustomizerFactory$Customizer@9a30f15, [ImportsContextCustomizer@23c35f4 key = [org.springframework.boot.autoconfigure.cache.CacheAutoConfiguration, org.springframework.boot.autoconfigure.data.jpa.JpaRepositoriesAutoConfiguration, org.springframework.boot.autoconfigure.flyway.FlywayAutoConfiguration, org.springframework.boot.autoconfigure.jdbc.DataSourceAutoConfiguration, org.springframework.boot.autoconfigure.jdbc.DataSourceTransactionManagerAutoConfiguration, org.springframework.boot.autoconfigure.jdbc.JdbcTemplateAutoConfiguration, org.springframework.boot.autoconfigure.liquibase.LiquibaseAutoConfiguration, org.springframework.boot.autoconfigure.orm.jpa.HibernateJpaAutoConfiguration, org.springframework.boot.autoconfigure.transaction.TransactionAutoConfiguration, org.springframework.boot.test.autoconfigure.jdbc.TestDatabaseAutoConfiguration, org.springframework.boot.test.autoconfigure.orm.jpa.TestEntityManagerAutoConfiguration]], org.springframework.boot.test.context.filter.ExcludeFilterContextCustomizer@23782f0d, org.springframework.boot.test.json.DuplicateJsonObjectContextCustomizerFactory$DuplicateJsonObjectContextCustomizer@4749f795, org.springframework.boot.test.mock.mockito.MockitoContextCustomizer@0], contextLoader = 'org.springframework.boot.test.context.SpringBootContextLoader', parent = [null]], attributes = map[[empty]]]
2020-02-04 22:32:04.159  INFO 12676 --- [    Test worker] o.s.t.c.transaction.TransactionContext   : Began transaction (1) for test context [DefaultTestContext@34a7ce02 testClass = RentCarTest, testInstance = com.cpe.backend.RentCarTest@17521aa3, testMethod = b6004804_test_RentdayMustBeMax@RentCarTest, testException = [null], mergedContextConfiguration = [MergedContextConfiguration@232dbdde testClass = RentCarTest, locations = '{}', classes = '{class com.cpe.backend.BackendApplication}', contextInitializerClasses = '[]', activeProfiles = '{}', propertySourceLocations = '{}', propertySourceProperties = '{org.springframework.boot.test.autoconfigure.orm.jpa.DataJpaTestContextBootstrapper=true}', contextCustomizers = set[org.springframework.boot.test.autoconfigure.OverrideAutoConfigurationContextCustomizerFactory$DisableAutoConfigurationContextCustomizer@613520e1, org.springframework.boot.test.autoconfigure.filter.TypeExcludeFiltersContextCustomizer@351584c0, org.springframework.boot.test.autoconfigure.properties.PropertyMappingContextCustomizer@21896434, org.springframework.boot.test.autoconfigure.web.servlet.WebDriverContextCustomizerFactory$Customizer@9a30f15, [ImportsContextCustomizer@23c35f4 key = [org.springframework.boot.autoconfigure.cache.CacheAutoConfiguration, org.springframework.boot.autoconfigure.data.jpa.JpaRepositoriesAutoConfiguration, org.springframework.boot.autoconfigure.flyway.FlywayAutoConfiguration, org.springframework.boot.autoconfigure.jdbc.DataSourceAutoConfiguration, org.springframework.boot.autoconfigure.jdbc.DataSourceTransactionManagerAutoConfiguration, org.springframework.boot.autoconfigure.jdbc.JdbcTemplateAutoConfiguration, org.springframework.boot.autoconfigure.liquibase.LiquibaseAutoConfiguration, org.springframework.boot.autoconfigure.orm.jpa.HibernateJpaAutoConfiguration, org.springframework.boot.autoconfigure.transaction.TransactionAutoConfiguration, org.springframework.boot.test.autoconfigure.jdbc.TestDatabaseAutoConfiguration, org.springframework.boot.test.autoconfigure.orm.jpa.TestEntityManagerAutoConfiguration]], org.springframework.boot.test.context.filter.ExcludeFilterContextCustomizer@23782f0d, org.springframework.boot.test.json.DuplicateJsonObjectContextCustomizerFactory$DuplicateJsonObjectContextCustomizer@4749f795, org.springframework.boot.test.mock.mockito.MockitoContextCustomizer@0], contextLoader = 'org.springframework.boot.test.context.SpringBootContextLoader', parent = [null]], attributes = map[[empty]]]; transaction manager [org.springframework.orm.jpa.JpaTransactionManager@34d55a52]; rollback [true]
Hibernate: select customer0_.customer_id as customer1_5_0_, customer0_.address as address2_5_0_, customer0_.age as age3_5_0_, customer0_.employee as employee8_5_0_, customer0_.date as date4_5_0_, customer0_.name as name5_5_0_, customer0_.num_id as num_id6_5_0_, customer0_.tel as tel7_5_0_, customer0_.registype as registyp9_5_0_, customer0_.job as job10_5_0_, employee1_.employee_id as employee1_6_1_, employee1_.name as name2_6_1_, employee1_.password as password3_6_1_, employee1_.username as username4_6_1_, registype2_.regis_type_id as regis_ty1_23_2_, registype2_.type as type2_23_2_, cus3_.regis_type_regis_type_id as regis_ty1_24_3_, customer4_.customer_id as cus_cust2_24_3_, customer4_.customer_id as customer1_5_4_, customer4_.address as address2_5_4_, customer4_.age as age3_5_4_, customer4_.employee as employee8_5_4_, customer4_.date as date4_5_4_, customer4_.name as name5_5_4_, customer4_.num_id as num_id6_5_4_, customer4_.tel as tel7_5_4_, customer4_.registype as registyp9_5_4_, customer4_.job as job10_5_4_, job5_.job_id as job_id1_8_5_, job5_.job as job2_8_5_, cus6_.job_job_id as job_job_1_9_6_, customer7_.customer_id as cus_cust2_9_6_, customer7_.customer_id as customer1_5_7_, customer7_.address as address2_5_7_, customer7_.age as age3_5_7_, customer7_.employee as employee8_5_7_, customer7_.date as date4_5_7_, customer7_.name as name5_5_7_, customer7_.num_id as num_id6_5_7_, customer7_.tel as tel7_5_7_, customer7_.registype as registyp9_5_7_, customer7_.job as job10_5_7_ from customer customer0_ left outer join employee employee1_ on customer0_.employee=employee1_.employee_id left outer join resgistype registype2_ on customer0_.registype=registype2_.regis_type_id left outer join resgistype_cus cus3_ on registype2_.regis_type_id=cus3_.regis_type_regis_type_id left outer join customer customer4_ on cus3_.cus_customer_id=customer4_.customer_id left outer join job job5_ on customer4_.job=job5_.job_id left outer join job_cus cus6_ on job5_.job_id=cus6_.job_job_id left outer join customer customer7_ on cus6_.cus_customer_id=customer7_.customer_id where customer0_.customer_id=?
Hibernate: select job0_.job_id as job_id1_8_0_, job0_.job as job2_8_0_, cus1_.job_job_id as job_job_1_9_1_, customer2_.customer_id as cus_cust2_9_1_, customer2_.customer_id as customer1_5_2_, customer2_.address as address2_5_2_, customer2_.age as age3_5_2_, customer2_.employee as employee8_5_2_, customer2_.date as date4_5_2_, customer2_.name as name5_5_2_, customer2_.num_id as num_id6_5_2_, customer2_.tel as tel7_5_2_, customer2_.registype as registyp9_5_2_, customer2_.job as job10_5_2_, employee3_.employee_id as employee1_6_3_, employee3_.name as name2_6_3_, employee3_.password as password3_6_3_, employee3_.username as username4_6_3_, registype4_.regis_type_id as regis_ty1_23_4_, registype4_.type as type2_23_4_, cus5_.regis_type_regis_type_id as regis_ty1_24_5_, customer6_.customer_id as cus_cust2_24_5_, customer6_.customer_id as customer1_5_6_, customer6_.address as address2_5_6_, customer6_.age as age3_5_6_, customer6_.employee as employee8_5_6_, customer6_.date as date4_5_6_, customer6_.name as name5_5_6_, customer6_.num_id as num_id6_5_6_, customer6_.tel as tel7_5_6_, customer6_.registype as registyp9_5_6_, customer6_.job as job10_5_6_, job7_.job_id as job_id1_8_7_, job7_.job as job2_8_7_ from job job0_ left outer join job_cus cus1_ on job0_.job_id=cus1_.job_job_id left outer join customer customer2_ on cus1_.cus_customer_id=customer2_.customer_id left outer join employee employee3_ on customer2_.employee=employee3_.employee_id left outer join resgistype registype4_ on customer2_.registype=registype4_.regis_type_id left outer join resgistype_cus cus5_ on registype4_.regis_type_id=cus5_.regis_type_regis_type_id left outer join customer customer6_ on cus5_.cus_customer_id=customer6_.customer_id left outer join job job7_ on customer6_.job=job7_.job_id where job0_.job_id=?
Hibernate: select rent0_.employee_employee_id as employee1_7_0_, rent0_.rent_rent_car_id as rent_ren2_7_0_, rentcar1_.rent_car_id as rent_car1_18_1_, rentcar1_.employee_id as employee5_18_1_, rentcar1_.price as price2_18_1_, rentcar1_.rent_date as rent_dat3_18_1_, rentcar1_.customer_id as customer6_18_1_, rentcar1_.rentday as rentday4_18_1_, rentcar1_.car_id as car_id7_18_1_, rentcar1_.renttype_id as renttype8_18_1_, employee2_.employee_id as employee1_6_2_, employee2_.name as name2_6_2_, employee2_.password as password3_6_2_, employee2_.username as username4_6_2_, customer3_.customer_id as customer1_5_3_, customer3_.address as address2_5_3_, customer3_.age as age3_5_3_, customer3_.employee as employee8_5_3_, customer3_.date as date4_5_3_, customer3_.name as name5_5_3_, customer3_.num_id as num_id6_5_3_, customer3_.tel as tel7_5_3_, customer3_.registype as registyp9_5_3_, customer3_.job as job10_5_3_, employee4_.employee_id as employee1_6_4_, employee4_.name as name2_6_4_, employee4_.password as password3_6_4_, employee4_.username as username4_6_4_, registype5_.regis_type_id as regis_ty1_23_5_, registype5_.type as type2_23_5_, job6_.job_id as job_id1_8_6_, job6_.job as job2_8_6_, car7_.car_id as car_id1_2_7_, car7_.brand_id as brand_id4_2_7_, car7_.seat_id as seat_id5_2_7_, car7_.employee_id as employee6_2_7_, car7_.plate as plate2_2_7_, car7_.province_id as province7_2_7_, car7_.vin as vin3_2_7_, brand8_.brand_id as brand_id1_0_8_, brand8_.brand as brand2_0_8_, carseat9_.seat_id as seat_id1_3_9_, carseat9_.carseat as carseat2_3_9_, employee10_.employee_id as employee1_6_10_, employee10_.name as name2_6_10_, employee10_.password as password3_6_10_, employee10_.username as username4_6_10_, province11_.province_id as province1_16_11_, province11_.province as province2_16_11_, renttype12_.renttype_id as renttype1_19_12_, renttype12_.nametype as nametype2_19_12_, renttype12_.unitprice as unitpric3_19_12_ from employee_rent rent0_ inner join rent_car rentcar1_ on rent0_.rent_rent_car_id=rentcar1_.rent_car_id left outer join employee employee2_ on rentcar1_.employee_id=employee2_.employee_id left outer join customer customer3_ on rentcar1_.customer_id=customer3_.customer_id left outer join employee employee4_ on customer3_.employee=employee4_.employee_id left outer join resgistype registype5_ on customer3_.registype=registype5_.regis_type_id left outer join job job6_ on customer3_.job=job6_.job_id left outer join car car7_ on rentcar1_.car_id=car7_.car_id left outer join brand brand8_ on car7_.brand_id=brand8_.brand_id left outer join carseat carseat9_ on car7_.seat_id=carseat9_.seat_id left outer join employee employee10_ on car7_.employee_id=employee10_.employee_id left outer join plateprovince province11_ on car7_.province_id=province11_.province_id left outer join renttype renttype12_ on rentcar1_.renttype_id=renttype12_.renttype_id where rent0_.employee_employee_id=?
>>>>>>> issue-147
Hibernate: select car0_.car_id as car_id1_2_0_, car0_.brand_id as brand_id4_2_0_, car0_.seat_id as seat_id5_2_0_, car0_.employee_id as employee6_2_0_, car0_.plate as plate2_2_0_, car0_.province_id as province7_2_0_, car0_.vin as vin3_2_0_, brand1_.brand_id as brand_id1_0_1_, brand1_.brand as brand2_0_1_, carseat2_.seat_id as seat_id1_3_2_, carseat2_.carseat as carseat2_3_2_, employee3_.employee_id as employee1_6_3_, employee3_.name as name2_6_3_, employee3_.password as password3_6_3_, employee3_.username as username4_6_3_, province4_.province_id as province1_16_4_, province4_.province as province2_16_4_ from car car0_ left outer join brand brand1_ on car0_.brand_id=brand1_.brand_id left outer join carseat carseat2_ on car0_.seat_id=carseat2_.seat_id left outer join employee employee3_ on car0_.employee_id=employee3_.employee_id left outer join plateprovince province4_ on car0_.province_id=province4_.province_id where car0_.car_id=?
Hibernate: select car0_.province_province_id as province1_17_0_, car0_.car_car_id as car_car_2_17_0_, car1_.car_id as car_id1_2_1_, car1_.brand_id as brand_id4_2_1_, car1_.seat_id as seat_id5_2_1_, car1_.employee_id as employee6_2_1_, car1_.plate as plate2_2_1_, car1_.province_id as province7_2_1_, car1_.vin as vin3_2_1_, brand2_.brand_id as brand_id1_0_2_, brand2_.brand as brand2_0_2_, carseat3_.seat_id as seat_id1_3_3_, carseat3_.carseat as carseat2_3_3_, employee4_.employee_id as employee1_6_4_, employee4_.name as name2_6_4_, employee4_.password as password3_6_4_, employee4_.username as username4_6_4_, province5_.province_id as province1_16_5_, province5_.province as province2_16_5_ from plateprovince_car car0_ inner join car car1_ on car0_.car_car_id=car1_.car_id left outer join brand brand2_ on car1_.brand_id=brand2_.brand_id left outer join carseat carseat3_ on car1_.seat_id=carseat3_.seat_id left outer join employee employee4_ on car1_.employee_id=employee4_.employee_id left outer join plateprovince province5_ on car1_.province_id=province5_.province_id where car0_.province_province_id=?
Hibernate: select car0_.carseat_seat_id as carseat_1_4_0_, car0_.car_car_id as car_car_2_4_0_, car1_.car_id as car_id1_2_1_, car1_.brand_id as brand_id4_2_1_, car1_.seat_id as seat_id5_2_1_, car1_.employee_id as employee6_2_1_, car1_.plate as plate2_2_1_, car1_.province_id as province7_2_1_, car1_.vin as vin3_2_1_, brand2_.brand_id as brand_id1_0_2_, brand2_.brand as brand2_0_2_, carseat3_.seat_id as seat_id1_3_3_, carseat3_.carseat as carseat2_3_3_, employee4_.employee_id as employee1_6_4_, employee4_.name as name2_6_4_, employee4_.password as password3_6_4_, employee4_.username as username4_6_4_, province5_.province_id as province1_16_5_, province5_.province as province2_16_5_ from carseat_car car0_ inner join car car1_ on car0_.car_car_id=car1_.car_id left outer join brand brand2_ on car1_.brand_id=brand2_.brand_id left outer join carseat carseat3_ on car1_.seat_id=carseat3_.seat_id left outer join employee employee4_ on car1_.employee_id=employee4_.employee_id left outer join plateprovince province5_ on car1_.province_id=province5_.province_id where car0_.carseat_seat_id=?
Hibernate: select car0_.brand_brand_id as brand_br1_1_0_, car0_.car_car_id as car_car_2_1_0_, car1_.car_id as car_id1_2_1_, car1_.brand_id as brand_id4_2_1_, car1_.seat_id as seat_id5_2_1_, car1_.employee_id as employee6_2_1_, car1_.plate as plate2_2_1_, car1_.province_id as province7_2_1_, car1_.vin as vin3_2_1_, brand2_.brand_id as brand_id1_0_2_, brand2_.brand as brand2_0_2_, carseat3_.seat_id as seat_id1_3_3_, carseat3_.carseat as carseat2_3_3_, employee4_.employee_id as employee1_6_4_, employee4_.name as name2_6_4_, employee4_.password as password3_6_4_, employee4_.username as username4_6_4_, province5_.province_id as province1_16_5_, province5_.province as province2_16_5_ from brand_car car0_ inner join car car1_ on car0_.car_car_id=car1_.car_id left outer join brand brand2_ on car1_.brand_id=brand2_.brand_id left outer join carseat carseat3_ on car1_.seat_id=carseat3_.seat_id left outer join employee employee4_ on car1_.employee_id=employee4_.employee_id left outer join plateprovince province5_ on car1_.province_id=province5_.province_id where car0_.brand_brand_id=?
Hibernate: select renttype0_.renttype_id as renttype1_19_0_, renttype0_.nametype as nametype2_19_0_, renttype0_.unitprice as unitpric3_19_0_ from renttype renttype0_ where renttype0_.renttype_id=?
Hibernate: select rent0_.rent_type_renttype_id as rent_typ1_20_0_, rent0_.rent_rent_car_id as rent_ren2_20_0_, rentcar1_.rent_car_id as rent_car1_18_1_, rentcar1_.employee_id as employee5_18_1_, rentcar1_.price as price2_18_1_, rentcar1_.rent_date as rent_dat3_18_1_, rentcar1_.customer_id as customer6_18_1_, rentcar1_.rentday as rentday4_18_1_, rentcar1_.car_id as car_id7_18_1_, rentcar1_.renttype_id as renttype8_18_1_, employee2_.employee_id as employee1_6_2_, employee2_.name as name2_6_2_, employee2_.password as password3_6_2_, employee2_.username as username4_6_2_, customer3_.customer_id as customer1_5_3_, customer3_.address as address2_5_3_, customer3_.age as age3_5_3_, customer3_.card_num as card_num4_5_3_, customer3_.employee as employee8_5_3_, customer3_.date as date5_5_3_, customer3_.name as name6_5_3_, customer3_.tel as tel7_5_3_, customer3_.registype as registyp9_5_3_, customer3_.job as job10_5_3_, employee4_.employee_id as employee1_6_4_, employee4_.name as name2_6_4_, employee4_.password as password3_6_4_, employee4_.username as username4_6_4_, registype5_.regis_type_id as regis_ty1_23_5_, registype5_.type as type2_23_5_, job6_.job_id as job_id1_8_6_, job6_.job as job2_8_6_, car7_.car_id as car_id1_2_7_, car7_.brand_id as brand_id4_2_7_, car7_.seat_id as seat_id5_2_7_, car7_.employee_id as employee6_2_7_, car7_.plate as plate2_2_7_, car7_.province_id as province7_2_7_, car7_.vin as vin3_2_7_, brand8_.brand_id as brand_id1_0_8_, brand8_.brand as brand2_0_8_, carseat9_.seat_id as seat_id1_3_9_, carseat9_.carseat as carseat2_3_9_, employee10_.employee_id as employee1_6_10_, employee10_.name as name2_6_10_, employee10_.password as password3_6_10_, employee10_.username as username4_6_10_, province11_.province_id as province1_16_11_, province11_.province as province2_16_11_, renttype12_.renttype_id as renttype1_19_12_, renttype12_.nametype as nametype2_19_12_, renttype12_.unitprice as unitpric3_19_12_ from renttype_rent rent0_ inner join rent_car rentcar1_ on rent0_.rent_rent_car_id=rentcar1_.rent_car_id inner join employee employee2_ on rentcar1_.employee_id=employee2_.employee_id inner join customer customer3_ on rentcar1_.customer_id=customer3_.customer_id left outer join employee employee4_ on customer3_.employee=employee4_.employee_id left outer join resgistype registype5_ on customer3_.registype=registype5_.regis_type_id left outer join job job6_ on customer3_.job=job6_.job_id inner join car car7_ on rentcar1_.car_id=car7_.car_id left outer join brand brand8_ on car7_.brand_id=brand8_.brand_id left outer join carseat carseat9_ on car7_.seat_id=carseat9_.seat_id left outer join employee employee10_ on car7_.employee_id=employee10_.employee_id left outer join plateprovince province11_ on car7_.province_id=province11_.province_id inner join renttype renttype12_ on rentcar1_.renttype_id=renttype12_.renttype_id where rent0_.rent_type_renttype_id=?

=======================================

Test rentday Must Be Max

=======================================

<<<<<<< HEAD
2020-02-05 23:58:49.993  INFO 2420 --- [    Test worker] o.s.t.c.transaction.TransactionContext   : Rolled back transaction for test: [DefaultTestContext@4bae3d89 testClass = RentCarTest, testInstance = com.cpe.backend.RentCarTest@2745a1f2, testMethod = b6004804_test_RentdayMustBeMax@RentCarTest, testException = [null], mergedContextConfiguration = [MergedContextConfiguration@20536c91 testClass = RentCarTest, locations = '{}', classes = '{class com.cpe.backend.BackendApplication}', contextInitializerClasses = '[]', activeProfiles = '{}', propertySourceLocations = '{}', propertySourceProperties = '{org.springframework.boot.test.autoconfigure.orm.jpa.DataJpaTestContextBootstrapper=true}', contextCustomizers = set[org.springframework.boot.test.autoconfigure.OverrideAutoConfigurationContextCustomizerFactory$DisableAutoConfigurationContextCustomizer@519ef83d, org.springframework.boot.test.autoconfigure.filter.TypeExcludeFiltersContextCustomizer@351584c0, org.springframework.boot.test.autoconfigure.properties.PropertyMappingContextCustomizer@4de046bd, org.springframework.boot.test.autoconfigure.web.servlet.WebDriverContextCustomizerFactory$Customizer@2068602d, [ImportsContextCustomizer@29b2d49 key = [org.springframework.boot.autoconfigure.cache.CacheAutoConfiguration, org.springframework.boot.autoconfigure.data.jpa.JpaRepositoriesAutoConfiguration, org.springframework.boot.autoconfigure.flyway.FlywayAutoConfiguration, org.springframework.boot.autoconfigure.jdbc.DataSourceAutoConfiguration, org.springframework.boot.autoconfigure.jdbc.DataSourceTransactionManagerAutoConfiguration, org.springframework.boot.autoconfigure.jdbc.JdbcTemplateAutoConfiguration, org.springframework.boot.autoconfigure.liquibase.LiquibaseAutoConfiguration, org.springframework.boot.autoconfigure.orm.jpa.HibernateJpaAutoConfiguration, org.springframework.boot.autoconfigure.transaction.TransactionAutoConfiguration, org.springframework.boot.test.autoconfigure.jdbc.TestDatabaseAutoConfiguration, org.springframework.boot.test.autoconfigure.orm.jpa.TestEntityManagerAutoConfiguration]], org.springframework.boot.test.context.filter.ExcludeFilterContextCustomizer@18486d60, org.springframework.boot.test.json.DuplicateJsonObjectContextCustomizerFactory$DuplicateJsonObjectContextCustomizer@5a267fa8, org.springframework.boot.test.mock.mockito.MockitoContextCustomizer@0], contextLoader = 'org.springframework.boot.test.context.SpringBootContextLoader', parent = [null]], attributes = map[[empty]]]
2020-02-05 23:58:49.999  INFO 2420 --- [    Test worker] o.s.t.c.transaction.TransactionContext   : Began transaction (1) for test context [DefaultTestContext@4bae3d89 testClass = RentCarTest, testInstance = com.cpe.backend.RentCarTest@47824da9, testMethod = b6004804_test_selectcarMustNotBeNull@RentCarTest, testException = [null], mergedContextConfiguration = [MergedContextConfiguration@20536c91 testClass = RentCarTest, locations = '{}', classes = '{class com.cpe.backend.BackendApplication}', contextInitializerClasses = '[]', activeProfiles = '{}', propertySourceLocations = '{}', propertySourceProperties = '{org.springframework.boot.test.autoconfigure.orm.jpa.DataJpaTestContextBootstrapper=true}', contextCustomizers = set[org.springframework.boot.test.autoconfigure.OverrideAutoConfigurationContextCustomizerFactory$DisableAutoConfigurationContextCustomizer@519ef83d, org.springframework.boot.test.autoconfigure.filter.TypeExcludeFiltersContextCustomizer@351584c0, org.springframework.boot.test.autoconfigure.properties.PropertyMappingContextCustomizer@4de046bd, org.springframework.boot.test.autoconfigure.web.servlet.WebDriverContextCustomizerFactory$Customizer@2068602d, [ImportsContextCustomizer@29b2d49 key = [org.springframework.boot.autoconfigure.cache.CacheAutoConfiguration, org.springframework.boot.autoconfigure.data.jpa.JpaRepositoriesAutoConfiguration, org.springframework.boot.autoconfigure.flyway.FlywayAutoConfiguration, org.springframework.boot.autoconfigure.jdbc.DataSourceAutoConfiguration, org.springframework.boot.autoconfigure.jdbc.DataSourceTransactionManagerAutoConfiguration, org.springframework.boot.autoconfigure.jdbc.JdbcTemplateAutoConfiguration, org.springframework.boot.autoconfigure.liquibase.LiquibaseAutoConfiguration, org.springframework.boot.autoconfigure.orm.jpa.HibernateJpaAutoConfiguration, org.springframework.boot.autoconfigure.transaction.TransactionAutoConfiguration, org.springframework.boot.test.autoconfigure.jdbc.TestDatabaseAutoConfiguration, org.springframework.boot.test.autoconfigure.orm.jpa.TestEntityManagerAutoConfiguration]], org.springframework.boot.test.context.filter.ExcludeFilterContextCustomizer@18486d60, org.springframework.boot.test.json.DuplicateJsonObjectContextCustomizerFactory$DuplicateJsonObjectContextCustomizer@5a267fa8, org.springframework.boot.test.mock.mockito.MockitoContextCustomizer@0], contextLoader = 'org.springframework.boot.test.context.SpringBootContextLoader', parent = [null]], attributes = map[[empty]]]; transaction manager [org.springframework.orm.jpa.JpaTransactionManager@16cc0635]; rollback [true]
Hibernate: select customer0_.customer_id as customer1_5_0_, customer0_.address as address2_5_0_, customer0_.age as age3_5_0_, customer0_.card_num as card_num4_5_0_, customer0_.employee as employee8_5_0_, customer0_.date as date5_5_0_, customer0_.name as name6_5_0_, customer0_.tel as tel7_5_0_, customer0_.registype as registyp9_5_0_, customer0_.job as job10_5_0_, employee1_.employee_id as employee1_6_1_, employee1_.name as name2_6_1_, employee1_.password as password3_6_1_, employee1_.username as username4_6_1_, registype2_.regis_type_id as regis_ty1_23_2_, registype2_.type as type2_23_2_, cus3_.regis_type_regis_type_id as regis_ty1_24_3_, customer4_.customer_id as cus_cust2_24_3_, customer4_.customer_id as customer1_5_4_, customer4_.address as address2_5_4_, customer4_.age as age3_5_4_, customer4_.card_num as card_num4_5_4_, customer4_.employee as employee8_5_4_, customer4_.date as date5_5_4_, customer4_.name as name6_5_4_, customer4_.tel as tel7_5_4_, customer4_.registype as registyp9_5_4_, customer4_.job as job10_5_4_, job5_.job_id as job_id1_8_5_, job5_.job as job2_8_5_, cus6_.job_job_id as job_job_1_9_6_, customer7_.customer_id as cus_cust2_9_6_, customer7_.customer_id as customer1_5_7_, customer7_.address as address2_5_7_, customer7_.age as age3_5_7_, customer7_.card_num as card_num4_5_7_, customer7_.employee as employee8_5_7_, customer7_.date as date5_5_7_, customer7_.name as name6_5_7_, customer7_.tel as tel7_5_7_, customer7_.registype as registyp9_5_7_, customer7_.job as job10_5_7_ from customer customer0_ left outer join employee employee1_ on customer0_.employee=employee1_.employee_id left outer join resgistype registype2_ on customer0_.registype=registype2_.regis_type_id left outer join resgistype_cus cus3_ on registype2_.regis_type_id=cus3_.regis_type_regis_type_id left outer join customer customer4_ on cus3_.cus_customer_id=customer4_.customer_id left outer join job job5_ on customer4_.job=job5_.job_id left outer join job_cus cus6_ on job5_.job_id=cus6_.job_job_id left outer join customer customer7_ on cus6_.cus_customer_id=customer7_.customer_id where customer0_.customer_id=?
Hibernate: select job0_.job_id as job_id1_8_0_, job0_.job as job2_8_0_, cus1_.job_job_id as job_job_1_9_1_, customer2_.customer_id as cus_cust2_9_1_, customer2_.customer_id as customer1_5_2_, customer2_.address as address2_5_2_, customer2_.age as age3_5_2_, customer2_.card_num as card_num4_5_2_, customer2_.employee as employee8_5_2_, customer2_.date as date5_5_2_, customer2_.name as name6_5_2_, customer2_.tel as tel7_5_2_, customer2_.registype as registyp9_5_2_, customer2_.job as job10_5_2_, employee3_.employee_id as employee1_6_3_, employee3_.name as name2_6_3_, employee3_.password as password3_6_3_, employee3_.username as username4_6_3_, registype4_.regis_type_id as regis_ty1_23_4_, registype4_.type as type2_23_4_, cus5_.regis_type_regis_type_id as regis_ty1_24_5_, customer6_.customer_id as cus_cust2_24_5_, customer6_.customer_id as customer1_5_6_, customer6_.address as address2_5_6_, customer6_.age as age3_5_6_, customer6_.card_num as card_num4_5_6_, customer6_.employee as employee8_5_6_, customer6_.date as date5_5_6_, customer6_.name as name6_5_6_, customer6_.tel as tel7_5_6_, customer6_.registype as registyp9_5_6_, customer6_.job as job10_5_6_, job7_.job_id as job_id1_8_7_, job7_.job as job2_8_7_ from job job0_ left outer join job_cus cus1_ on job0_.job_id=cus1_.job_job_id left outer join customer customer2_ on cus1_.cus_customer_id=customer2_.customer_id left outer join employee employee3_ on customer2_.employee=employee3_.employee_id left outer join resgistype registype4_ on customer2_.registype=registype4_.regis_type_id left outer join resgistype_cus cus5_ on registype4_.regis_type_id=cus5_.regis_type_regis_type_id left outer join customer customer6_ on cus5_.cus_customer_id=customer6_.customer_id left outer join job job7_ on customer6_.job=job7_.job_id where job0_.job_id=?
Hibernate: select rent0_.employee_employee_id as employee1_7_0_, rent0_.rent_rent_car_id as rent_ren2_7_0_, rentcar1_.rent_car_id as rent_car1_18_1_, rentcar1_.employee_id as employee5_18_1_, rentcar1_.price as price2_18_1_, rentcar1_.rent_date as rent_dat3_18_1_, rentcar1_.customer_id as customer6_18_1_, rentcar1_.rentday as rentday4_18_1_, rentcar1_.car_id as car_id7_18_1_, rentcar1_.renttype_id as renttype8_18_1_, employee2_.employee_id as employee1_6_2_, employee2_.name as name2_6_2_, employee2_.password as password3_6_2_, employee2_.username as username4_6_2_, customer3_.customer_id as customer1_5_3_, customer3_.address as address2_5_3_, customer3_.age as age3_5_3_, customer3_.card_num as card_num4_5_3_, customer3_.employee as employee8_5_3_, customer3_.date as date5_5_3_, customer3_.name as name6_5_3_, customer3_.tel as tel7_5_3_, customer3_.registype as registyp9_5_3_, customer3_.job as job10_5_3_, employee4_.employee_id as employee1_6_4_, employee4_.name as name2_6_4_, employee4_.password as password3_6_4_, employee4_.username as username4_6_4_, registype5_.regis_type_id as regis_ty1_23_5_, registype5_.type as type2_23_5_, job6_.job_id as job_id1_8_6_, job6_.job as job2_8_6_, car7_.car_id as car_id1_2_7_, car7_.brand_id as brand_id4_2_7_, car7_.seat_id as seat_id5_2_7_, car7_.employee_id as employee6_2_7_, car7_.plate as plate2_2_7_, car7_.province_id as province7_2_7_, car7_.vin as vin3_2_7_, brand8_.brand_id as brand_id1_0_8_, brand8_.brand as brand2_0_8_, carseat9_.seat_id as seat_id1_3_9_, carseat9_.carseat as carseat2_3_9_, employee10_.employee_id as employee1_6_10_, employee10_.name as name2_6_10_, employee10_.password as password3_6_10_, employee10_.username as username4_6_10_, province11_.province_id as province1_16_11_, province11_.province as province2_16_11_, renttype12_.renttype_id as renttype1_19_12_, renttype12_.nametype as nametype2_19_12_, renttype12_.unitprice as unitpric3_19_12_ from employee_rent rent0_ inner join rent_car rentcar1_ on rent0_.rent_rent_car_id=rentcar1_.rent_car_id inner join employee employee2_ on rentcar1_.employee_id=employee2_.employee_id inner join customer customer3_ on rentcar1_.customer_id=customer3_.customer_id left outer join employee employee4_ on customer3_.employee=employee4_.employee_id left outer join resgistype registype5_ on customer3_.registype=registype5_.regis_type_id left outer join job job6_ on customer3_.job=job6_.job_id inner join car car7_ on rentcar1_.car_id=car7_.car_id left outer join brand brand8_ on car7_.brand_id=brand8_.brand_id left outer join carseat carseat9_ on car7_.seat_id=carseat9_.seat_id left outer join employee employee10_ on car7_.employee_id=employee10_.employee_id left outer join plateprovince province11_ on car7_.province_id=province11_.province_id inner join renttype renttype12_ on rentcar1_.renttype_id=renttype12_.renttype_id where rent0_.employee_employee_id=?
Hibernate: select renttype0_.renttype_id as renttype1_19_0_, renttype0_.nametype as nametype2_19_0_, renttype0_.unitprice as unitpric3_19_0_ from renttype renttype0_ where renttype0_.renttype_id=?
Hibernate: select rent0_.rent_type_renttype_id as rent_typ1_20_0_, rent0_.rent_rent_car_id as rent_ren2_20_0_, rentcar1_.rent_car_id as rent_car1_18_1_, rentcar1_.employee_id as employee5_18_1_, rentcar1_.price as price2_18_1_, rentcar1_.rent_date as rent_dat3_18_1_, rentcar1_.customer_id as customer6_18_1_, rentcar1_.rentday as rentday4_18_1_, rentcar1_.car_id as car_id7_18_1_, rentcar1_.renttype_id as renttype8_18_1_, employee2_.employee_id as employee1_6_2_, employee2_.name as name2_6_2_, employee2_.password as password3_6_2_, employee2_.username as username4_6_2_, customer3_.customer_id as customer1_5_3_, customer3_.address as address2_5_3_, customer3_.age as age3_5_3_, customer3_.card_num as card_num4_5_3_, customer3_.employee as employee8_5_3_, customer3_.date as date5_5_3_, customer3_.name as name6_5_3_, customer3_.tel as tel7_5_3_, customer3_.registype as registyp9_5_3_, customer3_.job as job10_5_3_, employee4_.employee_id as employee1_6_4_, employee4_.name as name2_6_4_, employee4_.password as password3_6_4_, employee4_.username as username4_6_4_, registype5_.regis_type_id as regis_ty1_23_5_, registype5_.type as type2_23_5_, job6_.job_id as job_id1_8_6_, job6_.job as job2_8_6_, car7_.car_id as car_id1_2_7_, car7_.brand_id as brand_id4_2_7_, car7_.seat_id as seat_id5_2_7_, car7_.employee_id as employee6_2_7_, car7_.plate as plate2_2_7_, car7_.province_id as province7_2_7_, car7_.vin as vin3_2_7_, brand8_.brand_id as brand_id1_0_8_, brand8_.brand as brand2_0_8_, carseat9_.seat_id as seat_id1_3_9_, carseat9_.carseat as carseat2_3_9_, employee10_.employee_id as employee1_6_10_, employee10_.name as name2_6_10_, employee10_.password as password3_6_10_, employee10_.username as username4_6_10_, province11_.province_id as province1_16_11_, province11_.province as province2_16_11_, renttype12_.renttype_id as renttype1_19_12_, renttype12_.nametype as nametype2_19_12_, renttype12_.unitprice as unitpric3_19_12_ from renttype_rent rent0_ inner join rent_car rentcar1_ on rent0_.rent_rent_car_id=rentcar1_.rent_car_id inner join employee employee2_ on rentcar1_.employee_id=employee2_.employee_id inner join customer customer3_ on rentcar1_.customer_id=customer3_.customer_id left outer join employee employee4_ on customer3_.employee=employee4_.employee_id left outer join resgistype registype5_ on customer3_.registype=registype5_.regis_type_id left outer join job job6_ on customer3_.job=job6_.job_id inner join car car7_ on rentcar1_.car_id=car7_.car_id left outer join brand brand8_ on car7_.brand_id=brand8_.brand_id left outer join carseat carseat9_ on car7_.seat_id=carseat9_.seat_id left outer join employee employee10_ on car7_.employee_id=employee10_.employee_id left outer join plateprovince province11_ on car7_.province_id=province11_.province_id inner join renttype renttype12_ on rentcar1_.renttype_id=renttype12_.renttype_id where rent0_.rent_type_renttype_id=?

=======================================

Test selectcar Must Not Be Null

=======================================

2020-02-05 23:58:50.041  INFO 2420 --- [    Test worker] o.s.t.c.transaction.TransactionContext   : Rolled back transaction for test: [DefaultTestContext@4bae3d89 testClass = RentCarTest, testInstance = com.cpe.backend.RentCarTest@47824da9, testMethod = b6004804_test_selectcarMustNotBeNull@RentCarTest, testException = [null], mergedContextConfiguration = [MergedContextConfiguration@20536c91 testClass = RentCarTest, locations = '{}', classes = '{class com.cpe.backend.BackendApplication}', contextInitializerClasses = '[]', activeProfiles = '{}', propertySourceLocations = '{}', propertySourceProperties = '{org.springframework.boot.test.autoconfigure.orm.jpa.DataJpaTestContextBootstrapper=true}', contextCustomizers = set[org.springframework.boot.test.autoconfigure.OverrideAutoConfigurationContextCustomizerFactory$DisableAutoConfigurationContextCustomizer@519ef83d, org.springframework.boot.test.autoconfigure.filter.TypeExcludeFiltersContextCustomizer@351584c0, org.springframework.boot.test.autoconfigure.properties.PropertyMappingContextCustomizer@4de046bd, org.springframework.boot.test.autoconfigure.web.servlet.WebDriverContextCustomizerFactory$Customizer@2068602d, [ImportsContextCustomizer@29b2d49 key = [org.springframework.boot.autoconfigure.cache.CacheAutoConfiguration, org.springframework.boot.autoconfigure.data.jpa.JpaRepositoriesAutoConfiguration, org.springframework.boot.autoconfigure.flyway.FlywayAutoConfiguration, org.springframework.boot.autoconfigure.jdbc.DataSourceAutoConfiguration, org.springframework.boot.autoconfigure.jdbc.DataSourceTransactionManagerAutoConfiguration, org.springframework.boot.autoconfigure.jdbc.JdbcTemplateAutoConfiguration, org.springframework.boot.autoconfigure.liquibase.LiquibaseAutoConfiguration, org.springframework.boot.autoconfigure.orm.jpa.HibernateJpaAutoConfiguration, org.springframework.boot.autoconfigure.transaction.TransactionAutoConfiguration, org.springframework.boot.test.autoconfigure.jdbc.TestDatabaseAutoConfiguration, org.springframework.boot.test.autoconfigure.orm.jpa.TestEntityManagerAutoConfiguration]], org.springframework.boot.test.context.filter.ExcludeFilterContextCustomizer@18486d60, org.springframework.boot.test.json.DuplicateJsonObjectContextCustomizerFactory$DuplicateJsonObjectContextCustomizer@5a267fa8, org.springframework.boot.test.mock.mockito.MockitoContextCustomizer@0], contextLoader = 'org.springframework.boot.test.context.SpringBootContextLoader', parent = [null]], attributes = map[[empty]]]
2020-02-05 23:58:50.046  INFO 2420 --- [    Test worker] o.s.t.c.transaction.TransactionContext   : Began transaction (1) for test context [DefaultTestContext@4bae3d89 testClass = RentCarTest, testInstance = com.cpe.backend.RentCarTest@3ac858ed, testMethod = b6004804_test_PriceMustNotBeNull@RentCarTest, testException = [null], mergedContextConfiguration = [MergedContextConfiguration@20536c91 testClass = RentCarTest, locations = '{}', classes = '{class com.cpe.backend.BackendApplication}', contextInitializerClasses = '[]', activeProfiles = '{}', propertySourceLocations = '{}', propertySourceProperties = '{org.springframework.boot.test.autoconfigure.orm.jpa.DataJpaTestContextBootstrapper=true}', contextCustomizers = set[org.springframework.boot.test.autoconfigure.OverrideAutoConfigurationContextCustomizerFactory$DisableAutoConfigurationContextCustomizer@519ef83d, org.springframework.boot.test.autoconfigure.filter.TypeExcludeFiltersContextCustomizer@351584c0, org.springframework.boot.test.autoconfigure.properties.PropertyMappingContextCustomizer@4de046bd, org.springframework.boot.test.autoconfigure.web.servlet.WebDriverContextCustomizerFactory$Customizer@2068602d, [ImportsContextCustomizer@29b2d49 key = [org.springframework.boot.autoconfigure.cache.CacheAutoConfiguration, org.springframework.boot.autoconfigure.data.jpa.JpaRepositoriesAutoConfiguration, org.springframework.boot.autoconfigure.flyway.FlywayAutoConfiguration, org.springframework.boot.autoconfigure.jdbc.DataSourceAutoConfiguration, org.springframework.boot.autoconfigure.jdbc.DataSourceTransactionManagerAutoConfiguration, org.springframework.boot.autoconfigure.jdbc.JdbcTemplateAutoConfiguration, org.springframework.boot.autoconfigure.liquibase.LiquibaseAutoConfiguration, org.springframework.boot.autoconfigure.orm.jpa.HibernateJpaAutoConfiguration, org.springframework.boot.autoconfigure.transaction.TransactionAutoConfiguration, org.springframework.boot.test.autoconfigure.jdbc.TestDatabaseAutoConfiguration, org.springframework.boot.test.autoconfigure.orm.jpa.TestEntityManagerAutoConfiguration]], org.springframework.boot.test.context.filter.ExcludeFilterContextCustomizer@18486d60, org.springframework.boot.test.json.DuplicateJsonObjectContextCustomizerFactory$DuplicateJsonObjectContextCustomizer@5a267fa8, org.springframework.boot.test.mock.mockito.MockitoContextCustomizer@0], contextLoader = 'org.springframework.boot.test.context.SpringBootContextLoader', parent = [null]], attributes = map[[empty]]]; transaction manager [org.springframework.orm.jpa.JpaTransactionManager@16cc0635]; rollback [true]
Hibernate: select customer0_.customer_id as customer1_5_0_, customer0_.address as address2_5_0_, customer0_.age as age3_5_0_, customer0_.card_num as card_num4_5_0_, customer0_.employee as employee8_5_0_, customer0_.date as date5_5_0_, customer0_.name as name6_5_0_, customer0_.tel as tel7_5_0_, customer0_.registype as registyp9_5_0_, customer0_.job as job10_5_0_, employee1_.employee_id as employee1_6_1_, employee1_.name as name2_6_1_, employee1_.password as password3_6_1_, employee1_.username as username4_6_1_, registype2_.regis_type_id as regis_ty1_23_2_, registype2_.type as type2_23_2_, cus3_.regis_type_regis_type_id as regis_ty1_24_3_, customer4_.customer_id as cus_cust2_24_3_, customer4_.customer_id as customer1_5_4_, customer4_.address as address2_5_4_, customer4_.age as age3_5_4_, customer4_.card_num as card_num4_5_4_, customer4_.employee as employee8_5_4_, customer4_.date as date5_5_4_, customer4_.name as name6_5_4_, customer4_.tel as tel7_5_4_, customer4_.registype as registyp9_5_4_, customer4_.job as job10_5_4_, job5_.job_id as job_id1_8_5_, job5_.job as job2_8_5_, cus6_.job_job_id as job_job_1_9_6_, customer7_.customer_id as cus_cust2_9_6_, customer7_.customer_id as customer1_5_7_, customer7_.address as address2_5_7_, customer7_.age as age3_5_7_, customer7_.card_num as card_num4_5_7_, customer7_.employee as employee8_5_7_, customer7_.date as date5_5_7_, customer7_.name as name6_5_7_, customer7_.tel as tel7_5_7_, customer7_.registype as registyp9_5_7_, customer7_.job as job10_5_7_ from customer customer0_ left outer join employee employee1_ on customer0_.employee=employee1_.employee_id left outer join resgistype registype2_ on customer0_.registype=registype2_.regis_type_id left outer join resgistype_cus cus3_ on registype2_.regis_type_id=cus3_.regis_type_regis_type_id left outer join customer customer4_ on cus3_.cus_customer_id=customer4_.customer_id left outer join job job5_ on customer4_.job=job5_.job_id left outer join job_cus cus6_ on job5_.job_id=cus6_.job_job_id left outer join customer customer7_ on cus6_.cus_customer_id=customer7_.customer_id where customer0_.customer_id=?
Hibernate: select job0_.job_id as job_id1_8_0_, job0_.job as job2_8_0_, cus1_.job_job_id as job_job_1_9_1_, customer2_.customer_id as cus_cust2_9_1_, customer2_.customer_id as customer1_5_2_, customer2_.address as address2_5_2_, customer2_.age as age3_5_2_, customer2_.card_num as card_num4_5_2_, customer2_.employee as employee8_5_2_, customer2_.date as date5_5_2_, customer2_.name as name6_5_2_, customer2_.tel as tel7_5_2_, customer2_.registype as registyp9_5_2_, customer2_.job as job10_5_2_, employee3_.employee_id as employee1_6_3_, employee3_.name as name2_6_3_, employee3_.password as password3_6_3_, employee3_.username as username4_6_3_, registype4_.regis_type_id as regis_ty1_23_4_, registype4_.type as type2_23_4_, cus5_.regis_type_regis_type_id as regis_ty1_24_5_, customer6_.customer_id as cus_cust2_24_5_, customer6_.customer_id as customer1_5_6_, customer6_.address as address2_5_6_, customer6_.age as age3_5_6_, customer6_.card_num as card_num4_5_6_, customer6_.employee as employee8_5_6_, customer6_.date as date5_5_6_, customer6_.name as name6_5_6_, customer6_.tel as tel7_5_6_, customer6_.registype as registyp9_5_6_, customer6_.job as job10_5_6_, job7_.job_id as job_id1_8_7_, job7_.job as job2_8_7_ from job job0_ left outer join job_cus cus1_ on job0_.job_id=cus1_.job_job_id left outer join customer customer2_ on cus1_.cus_customer_id=customer2_.customer_id left outer join employee employee3_ on customer2_.employee=employee3_.employee_id left outer join resgistype registype4_ on customer2_.registype=registype4_.regis_type_id left outer join resgistype_cus cus5_ on registype4_.regis_type_id=cus5_.regis_type_regis_type_id left outer join customer customer6_ on cus5_.cus_customer_id=customer6_.customer_id left outer join job job7_ on customer6_.job=job7_.job_id where job0_.job_id=?
Hibernate: select rent0_.employee_employee_id as employee1_7_0_, rent0_.rent_rent_car_id as rent_ren2_7_0_, rentcar1_.rent_car_id as rent_car1_18_1_, rentcar1_.employee_id as employee5_18_1_, rentcar1_.price as price2_18_1_, rentcar1_.rent_date as rent_dat3_18_1_, rentcar1_.customer_id as customer6_18_1_, rentcar1_.rentday as rentday4_18_1_, rentcar1_.car_id as car_id7_18_1_, rentcar1_.renttype_id as renttype8_18_1_, employee2_.employee_id as employee1_6_2_, employee2_.name as name2_6_2_, employee2_.password as password3_6_2_, employee2_.username as username4_6_2_, customer3_.customer_id as customer1_5_3_, customer3_.address as address2_5_3_, customer3_.age as age3_5_3_, customer3_.card_num as card_num4_5_3_, customer3_.employee as employee8_5_3_, customer3_.date as date5_5_3_, customer3_.name as name6_5_3_, customer3_.tel as tel7_5_3_, customer3_.registype as registyp9_5_3_, customer3_.job as job10_5_3_, employee4_.employee_id as employee1_6_4_, employee4_.name as name2_6_4_, employee4_.password as password3_6_4_, employee4_.username as username4_6_4_, registype5_.regis_type_id as regis_ty1_23_5_, registype5_.type as type2_23_5_, job6_.job_id as job_id1_8_6_, job6_.job as job2_8_6_, car7_.car_id as car_id1_2_7_, car7_.brand_id as brand_id4_2_7_, car7_.seat_id as seat_id5_2_7_, car7_.employee_id as employee6_2_7_, car7_.plate as plate2_2_7_, car7_.province_id as province7_2_7_, car7_.vin as vin3_2_7_, brand8_.brand_id as brand_id1_0_8_, brand8_.brand as brand2_0_8_, carseat9_.seat_id as seat_id1_3_9_, carseat9_.carseat as carseat2_3_9_, employee10_.employee_id as employee1_6_10_, employee10_.name as name2_6_10_, employee10_.password as password3_6_10_, employee10_.username as username4_6_10_, province11_.province_id as province1_16_11_, province11_.province as province2_16_11_, renttype12_.renttype_id as renttype1_19_12_, renttype12_.nametype as nametype2_19_12_, renttype12_.unitprice as unitpric3_19_12_ from employee_rent rent0_ inner join rent_car rentcar1_ on rent0_.rent_rent_car_id=rentcar1_.rent_car_id inner join employee employee2_ on rentcar1_.employee_id=employee2_.employee_id inner join customer customer3_ on rentcar1_.customer_id=customer3_.customer_id left outer join employee employee4_ on customer3_.employee=employee4_.employee_id left outer join resgistype registype5_ on customer3_.registype=registype5_.regis_type_id left outer join job job6_ on customer3_.job=job6_.job_id inner join car car7_ on rentcar1_.car_id=car7_.car_id left outer join brand brand8_ on car7_.brand_id=brand8_.brand_id left outer join carseat carseat9_ on car7_.seat_id=carseat9_.seat_id left outer join employee employee10_ on car7_.employee_id=employee10_.employee_id left outer join plateprovince province11_ on car7_.province_id=province11_.province_id inner join renttype renttype12_ on rentcar1_.renttype_id=renttype12_.renttype_id where rent0_.employee_employee_id=?
=======
2020-02-04 22:32:04.184  INFO 12676 --- [    Test worker] o.s.t.c.transaction.TransactionContext   : Rolled back transaction for test: [DefaultTestContext@34a7ce02 testClass = RentCarTest, testInstance = com.cpe.backend.RentCarTest@17521aa3, testMethod = b6004804_test_RentdayMustBeMax@RentCarTest, testException = [null], mergedContextConfiguration = [MergedContextConfiguration@232dbdde testClass = RentCarTest, locations = '{}', classes = '{class com.cpe.backend.BackendApplication}', contextInitializerClasses = '[]', activeProfiles = '{}', propertySourceLocations = '{}', propertySourceProperties = '{org.springframework.boot.test.autoconfigure.orm.jpa.DataJpaTestContextBootstrapper=true}', contextCustomizers = set[org.springframework.boot.test.autoconfigure.OverrideAutoConfigurationContextCustomizerFactory$DisableAutoConfigurationContextCustomizer@613520e1, org.springframework.boot.test.autoconfigure.filter.TypeExcludeFiltersContextCustomizer@351584c0, org.springframework.boot.test.autoconfigure.properties.PropertyMappingContextCustomizer@21896434, org.springframework.boot.test.autoconfigure.web.servlet.WebDriverContextCustomizerFactory$Customizer@9a30f15, [ImportsContextCustomizer@23c35f4 key = [org.springframework.boot.autoconfigure.cache.CacheAutoConfiguration, org.springframework.boot.autoconfigure.data.jpa.JpaRepositoriesAutoConfiguration, org.springframework.boot.autoconfigure.flyway.FlywayAutoConfiguration, org.springframework.boot.autoconfigure.jdbc.DataSourceAutoConfiguration, org.springframework.boot.autoconfigure.jdbc.DataSourceTransactionManagerAutoConfiguration, org.springframework.boot.autoconfigure.jdbc.JdbcTemplateAutoConfiguration, org.springframework.boot.autoconfigure.liquibase.LiquibaseAutoConfiguration, org.springframework.boot.autoconfigure.orm.jpa.HibernateJpaAutoConfiguration, org.springframework.boot.autoconfigure.transaction.TransactionAutoConfiguration, org.springframework.boot.test.autoconfigure.jdbc.TestDatabaseAutoConfiguration, org.springframework.boot.test.autoconfigure.orm.jpa.TestEntityManagerAutoConfiguration]], org.springframework.boot.test.context.filter.ExcludeFilterContextCustomizer@23782f0d, org.springframework.boot.test.json.DuplicateJsonObjectContextCustomizerFactory$DuplicateJsonObjectContextCustomizer@4749f795, org.springframework.boot.test.mock.mockito.MockitoContextCustomizer@0], contextLoader = 'org.springframework.boot.test.context.SpringBootContextLoader', parent = [null]], attributes = map[[empty]]]
2020-02-04 22:32:04.188  INFO 12676 --- [    Test worker] o.s.t.c.transaction.TransactionContext   : Began transaction (1) for test context [DefaultTestContext@34a7ce02 testClass = RentCarTest, testInstance = com.cpe.backend.RentCarTest@4a00d270, testMethod = b6004804_test_PriceMustNotBeNull@RentCarTest, testException = [null], mergedContextConfiguration = [MergedContextConfiguration@232dbdde testClass = RentCarTest, locations = '{}', classes = '{class com.cpe.backend.BackendApplication}', contextInitializerClasses = '[]', activeProfiles = '{}', propertySourceLocations = '{}', propertySourceProperties = '{org.springframework.boot.test.autoconfigure.orm.jpa.DataJpaTestContextBootstrapper=true}', contextCustomizers = set[org.springframework.boot.test.autoconfigure.OverrideAutoConfigurationContextCustomizerFactory$DisableAutoConfigurationContextCustomizer@613520e1, org.springframework.boot.test.autoconfigure.filter.TypeExcludeFiltersContextCustomizer@351584c0, org.springframework.boot.test.autoconfigure.properties.PropertyMappingContextCustomizer@21896434, org.springframework.boot.test.autoconfigure.web.servlet.WebDriverContextCustomizerFactory$Customizer@9a30f15, [ImportsContextCustomizer@23c35f4 key = [org.springframework.boot.autoconfigure.cache.CacheAutoConfiguration, org.springframework.boot.autoconfigure.data.jpa.JpaRepositoriesAutoConfiguration, org.springframework.boot.autoconfigure.flyway.FlywayAutoConfiguration, org.springframework.boot.autoconfigure.jdbc.DataSourceAutoConfiguration, org.springframework.boot.autoconfigure.jdbc.DataSourceTransactionManagerAutoConfiguration, org.springframework.boot.autoconfigure.jdbc.JdbcTemplateAutoConfiguration, org.springframework.boot.autoconfigure.liquibase.LiquibaseAutoConfiguration, org.springframework.boot.autoconfigure.orm.jpa.HibernateJpaAutoConfiguration, org.springframework.boot.autoconfigure.transaction.TransactionAutoConfiguration, org.springframework.boot.test.autoconfigure.jdbc.TestDatabaseAutoConfiguration, org.springframework.boot.test.autoconfigure.orm.jpa.TestEntityManagerAutoConfiguration]], org.springframework.boot.test.context.filter.ExcludeFilterContextCustomizer@23782f0d, org.springframework.boot.test.json.DuplicateJsonObjectContextCustomizerFactory$DuplicateJsonObjectContextCustomizer@4749f795, org.springframework.boot.test.mock.mockito.MockitoContextCustomizer@0], contextLoader = 'org.springframework.boot.test.context.SpringBootContextLoader', parent = [null]], attributes = map[[empty]]]; transaction manager [org.springframework.orm.jpa.JpaTransactionManager@34d55a52]; rollback [true]
Hibernate: select customer0_.customer_id as customer1_5_0_, customer0_.address as address2_5_0_, customer0_.age as age3_5_0_, customer0_.employee as employee8_5_0_, customer0_.date as date4_5_0_, customer0_.name as name5_5_0_, customer0_.num_id as num_id6_5_0_, customer0_.tel as tel7_5_0_, customer0_.registype as registyp9_5_0_, customer0_.job as job10_5_0_, employee1_.employee_id as employee1_6_1_, employee1_.name as name2_6_1_, employee1_.password as password3_6_1_, employee1_.username as username4_6_1_, registype2_.regis_type_id as regis_ty1_23_2_, registype2_.type as type2_23_2_, cus3_.regis_type_regis_type_id as regis_ty1_24_3_, customer4_.customer_id as cus_cust2_24_3_, customer4_.customer_id as customer1_5_4_, customer4_.address as address2_5_4_, customer4_.age as age3_5_4_, customer4_.employee as employee8_5_4_, customer4_.date as date4_5_4_, customer4_.name as name5_5_4_, customer4_.num_id as num_id6_5_4_, customer4_.tel as tel7_5_4_, customer4_.registype as registyp9_5_4_, customer4_.job as job10_5_4_, job5_.job_id as job_id1_8_5_, job5_.job as job2_8_5_, cus6_.job_job_id as job_job_1_9_6_, customer7_.customer_id as cus_cust2_9_6_, customer7_.customer_id as customer1_5_7_, customer7_.address as address2_5_7_, customer7_.age as age3_5_7_, customer7_.employee as employee8_5_7_, customer7_.date as date4_5_7_, customer7_.name as name5_5_7_, customer7_.num_id as num_id6_5_7_, customer7_.tel as tel7_5_7_, customer7_.registype as registyp9_5_7_, customer7_.job as job10_5_7_ from customer customer0_ left outer join employee employee1_ on customer0_.employee=employee1_.employee_id left outer join resgistype registype2_ on customer0_.registype=registype2_.regis_type_id left outer join resgistype_cus cus3_ on registype2_.regis_type_id=cus3_.regis_type_regis_type_id left outer join customer customer4_ on cus3_.cus_customer_id=customer4_.customer_id left outer join job job5_ on customer4_.job=job5_.job_id left outer join job_cus cus6_ on job5_.job_id=cus6_.job_job_id left outer join customer customer7_ on cus6_.cus_customer_id=customer7_.customer_id where customer0_.customer_id=?
Hibernate: select job0_.job_id as job_id1_8_0_, job0_.job as job2_8_0_, cus1_.job_job_id as job_job_1_9_1_, customer2_.customer_id as cus_cust2_9_1_, customer2_.customer_id as customer1_5_2_, customer2_.address as address2_5_2_, customer2_.age as age3_5_2_, customer2_.employee as employee8_5_2_, customer2_.date as date4_5_2_, customer2_.name as name5_5_2_, customer2_.num_id as num_id6_5_2_, customer2_.tel as tel7_5_2_, customer2_.registype as registyp9_5_2_, customer2_.job as job10_5_2_, employee3_.employee_id as employee1_6_3_, employee3_.name as name2_6_3_, employee3_.password as password3_6_3_, employee3_.username as username4_6_3_, registype4_.regis_type_id as regis_ty1_23_4_, registype4_.type as type2_23_4_, cus5_.regis_type_regis_type_id as regis_ty1_24_5_, customer6_.customer_id as cus_cust2_24_5_, customer6_.customer_id as customer1_5_6_, customer6_.address as address2_5_6_, customer6_.age as age3_5_6_, customer6_.employee as employee8_5_6_, customer6_.date as date4_5_6_, customer6_.name as name5_5_6_, customer6_.num_id as num_id6_5_6_, customer6_.tel as tel7_5_6_, customer6_.registype as registyp9_5_6_, customer6_.job as job10_5_6_, job7_.job_id as job_id1_8_7_, job7_.job as job2_8_7_ from job job0_ left outer join job_cus cus1_ on job0_.job_id=cus1_.job_job_id left outer join customer customer2_ on cus1_.cus_customer_id=customer2_.customer_id left outer join employee employee3_ on customer2_.employee=employee3_.employee_id left outer join resgistype registype4_ on customer2_.registype=registype4_.regis_type_id left outer join resgistype_cus cus5_ on registype4_.regis_type_id=cus5_.regis_type_regis_type_id left outer join customer customer6_ on cus5_.cus_customer_id=customer6_.customer_id left outer join job job7_ on customer6_.job=job7_.job_id where job0_.job_id=?
Hibernate: select rent0_.employee_employee_id as employee1_7_0_, rent0_.rent_rent_car_id as rent_ren2_7_0_, rentcar1_.rent_car_id as rent_car1_18_1_, rentcar1_.employee_id as employee5_18_1_, rentcar1_.price as price2_18_1_, rentcar1_.rent_date as rent_dat3_18_1_, rentcar1_.customer_id as customer6_18_1_, rentcar1_.rentday as rentday4_18_1_, rentcar1_.car_id as car_id7_18_1_, rentcar1_.renttype_id as renttype8_18_1_, employee2_.employee_id as employee1_6_2_, employee2_.name as name2_6_2_, employee2_.password as password3_6_2_, employee2_.username as username4_6_2_, customer3_.customer_id as customer1_5_3_, customer3_.address as address2_5_3_, customer3_.age as age3_5_3_, customer3_.employee as employee8_5_3_, customer3_.date as date4_5_3_, customer3_.name as name5_5_3_, customer3_.num_id as num_id6_5_3_, customer3_.tel as tel7_5_3_, customer3_.registype as registyp9_5_3_, customer3_.job as job10_5_3_, employee4_.employee_id as employee1_6_4_, employee4_.name as name2_6_4_, employee4_.password as password3_6_4_, employee4_.username as username4_6_4_, registype5_.regis_type_id as regis_ty1_23_5_, registype5_.type as type2_23_5_, job6_.job_id as job_id1_8_6_, job6_.job as job2_8_6_, car7_.car_id as car_id1_2_7_, car7_.brand_id as brand_id4_2_7_, car7_.seat_id as seat_id5_2_7_, car7_.employee_id as employee6_2_7_, car7_.plate as plate2_2_7_, car7_.province_id as province7_2_7_, car7_.vin as vin3_2_7_, brand8_.brand_id as brand_id1_0_8_, brand8_.brand as brand2_0_8_, carseat9_.seat_id as seat_id1_3_9_, carseat9_.carseat as carseat2_3_9_, employee10_.employee_id as employee1_6_10_, employee10_.name as name2_6_10_, employee10_.password as password3_6_10_, employee10_.username as username4_6_10_, province11_.province_id as province1_16_11_, province11_.province as province2_16_11_, renttype12_.renttype_id as renttype1_19_12_, renttype12_.nametype as nametype2_19_12_, renttype12_.unitprice as unitpric3_19_12_ from employee_rent rent0_ inner join rent_car rentcar1_ on rent0_.rent_rent_car_id=rentcar1_.rent_car_id left outer join employee employee2_ on rentcar1_.employee_id=employee2_.employee_id left outer join customer customer3_ on rentcar1_.customer_id=customer3_.customer_id left outer join employee employee4_ on customer3_.employee=employee4_.employee_id left outer join resgistype registype5_ on customer3_.registype=registype5_.regis_type_id left outer join job job6_ on customer3_.job=job6_.job_id left outer join car car7_ on rentcar1_.car_id=car7_.car_id left outer join brand brand8_ on car7_.brand_id=brand8_.brand_id left outer join carseat carseat9_ on car7_.seat_id=carseat9_.seat_id left outer join employee employee10_ on car7_.employee_id=employee10_.employee_id left outer join plateprovince province11_ on car7_.province_id=province11_.province_id left outer join renttype renttype12_ on rentcar1_.renttype_id=renttype12_.renttype_id where rent0_.employee_employee_id=?
>>>>>>> issue-147
Hibernate: select car0_.car_id as car_id1_2_0_, car0_.brand_id as brand_id4_2_0_, car0_.seat_id as seat_id5_2_0_, car0_.employee_id as employee6_2_0_, car0_.plate as plate2_2_0_, car0_.province_id as province7_2_0_, car0_.vin as vin3_2_0_, brand1_.brand_id as brand_id1_0_1_, brand1_.brand as brand2_0_1_, carseat2_.seat_id as seat_id1_3_2_, carseat2_.carseat as carseat2_3_2_, employee3_.employee_id as employee1_6_3_, employee3_.name as name2_6_3_, employee3_.password as password3_6_3_, employee3_.username as username4_6_3_, province4_.province_id as province1_16_4_, province4_.province as province2_16_4_ from car car0_ left outer join brand brand1_ on car0_.brand_id=brand1_.brand_id left outer join carseat carseat2_ on car0_.seat_id=carseat2_.seat_id left outer join employee employee3_ on car0_.employee_id=employee3_.employee_id left outer join plateprovince province4_ on car0_.province_id=province4_.province_id where car0_.car_id=?
Hibernate: select car0_.province_province_id as province1_17_0_, car0_.car_car_id as car_car_2_17_0_, car1_.car_id as car_id1_2_1_, car1_.brand_id as brand_id4_2_1_, car1_.seat_id as seat_id5_2_1_, car1_.employee_id as employee6_2_1_, car1_.plate as plate2_2_1_, car1_.province_id as province7_2_1_, car1_.vin as vin3_2_1_, brand2_.brand_id as brand_id1_0_2_, brand2_.brand as brand2_0_2_, carseat3_.seat_id as seat_id1_3_3_, carseat3_.carseat as carseat2_3_3_, employee4_.employee_id as employee1_6_4_, employee4_.name as name2_6_4_, employee4_.password as password3_6_4_, employee4_.username as username4_6_4_, province5_.province_id as province1_16_5_, province5_.province as province2_16_5_ from plateprovince_car car0_ inner join car car1_ on car0_.car_car_id=car1_.car_id left outer join brand brand2_ on car1_.brand_id=brand2_.brand_id left outer join carseat carseat3_ on car1_.seat_id=carseat3_.seat_id left outer join employee employee4_ on car1_.employee_id=employee4_.employee_id left outer join plateprovince province5_ on car1_.province_id=province5_.province_id where car0_.province_province_id=?
Hibernate: select car0_.carseat_seat_id as carseat_1_4_0_, car0_.car_car_id as car_car_2_4_0_, car1_.car_id as car_id1_2_1_, car1_.brand_id as brand_id4_2_1_, car1_.seat_id as seat_id5_2_1_, car1_.employee_id as employee6_2_1_, car1_.plate as plate2_2_1_, car1_.province_id as province7_2_1_, car1_.vin as vin3_2_1_, brand2_.brand_id as brand_id1_0_2_, brand2_.brand as brand2_0_2_, carseat3_.seat_id as seat_id1_3_3_, carseat3_.carseat as carseat2_3_3_, employee4_.employee_id as employee1_6_4_, employee4_.name as name2_6_4_, employee4_.password as password3_6_4_, employee4_.username as username4_6_4_, province5_.province_id as province1_16_5_, province5_.province as province2_16_5_ from carseat_car car0_ inner join car car1_ on car0_.car_car_id=car1_.car_id left outer join brand brand2_ on car1_.brand_id=brand2_.brand_id left outer join carseat carseat3_ on car1_.seat_id=carseat3_.seat_id left outer join employee employee4_ on car1_.employee_id=employee4_.employee_id left outer join plateprovince province5_ on car1_.province_id=province5_.province_id where car0_.carseat_seat_id=?
Hibernate: select car0_.brand_brand_id as brand_br1_1_0_, car0_.car_car_id as car_car_2_1_0_, car1_.car_id as car_id1_2_1_, car1_.brand_id as brand_id4_2_1_, car1_.seat_id as seat_id5_2_1_, car1_.employee_id as employee6_2_1_, car1_.plate as plate2_2_1_, car1_.province_id as province7_2_1_, car1_.vin as vin3_2_1_, brand2_.brand_id as brand_id1_0_2_, brand2_.brand as brand2_0_2_, carseat3_.seat_id as seat_id1_3_3_, carseat3_.carseat as carseat2_3_3_, employee4_.employee_id as employee1_6_4_, employee4_.name as name2_6_4_, employee4_.password as password3_6_4_, employee4_.username as username4_6_4_, province5_.province_id as province1_16_5_, province5_.province as province2_16_5_ from brand_car car0_ inner join car car1_ on car0_.car_car_id=car1_.car_id left outer join brand brand2_ on car1_.brand_id=brand2_.brand_id left outer join carseat carseat3_ on car1_.seat_id=carseat3_.seat_id left outer join employee employee4_ on car1_.employee_id=employee4_.employee_id left outer join plateprovince province5_ on car1_.province_id=province5_.province_id where car0_.brand_brand_id=?
Hibernate: select renttype0_.renttype_id as renttype1_19_0_, renttype0_.nametype as nametype2_19_0_, renttype0_.unitprice as unitpric3_19_0_ from renttype renttype0_ where renttype0_.renttype_id=?
Hibernate: select rent0_.rent_type_renttype_id as rent_typ1_20_0_, rent0_.rent_rent_car_id as rent_ren2_20_0_, rentcar1_.rent_car_id as rent_car1_18_1_, rentcar1_.employee_id as employee5_18_1_, rentcar1_.price as price2_18_1_, rentcar1_.rent_date as rent_dat3_18_1_, rentcar1_.customer_id as customer6_18_1_, rentcar1_.rentday as rentday4_18_1_, rentcar1_.car_id as car_id7_18_1_, rentcar1_.renttype_id as renttype8_18_1_, employee2_.employee_id as employee1_6_2_, employee2_.name as name2_6_2_, employee2_.password as password3_6_2_, employee2_.username as username4_6_2_, customer3_.customer_id as customer1_5_3_, customer3_.address as address2_5_3_, customer3_.age as age3_5_3_, customer3_.card_num as card_num4_5_3_, customer3_.employee as employee8_5_3_, customer3_.date as date5_5_3_, customer3_.name as name6_5_3_, customer3_.tel as tel7_5_3_, customer3_.registype as registyp9_5_3_, customer3_.job as job10_5_3_, employee4_.employee_id as employee1_6_4_, employee4_.name as name2_6_4_, employee4_.password as password3_6_4_, employee4_.username as username4_6_4_, registype5_.regis_type_id as regis_ty1_23_5_, registype5_.type as type2_23_5_, job6_.job_id as job_id1_8_6_, job6_.job as job2_8_6_, car7_.car_id as car_id1_2_7_, car7_.brand_id as brand_id4_2_7_, car7_.seat_id as seat_id5_2_7_, car7_.employee_id as employee6_2_7_, car7_.plate as plate2_2_7_, car7_.province_id as province7_2_7_, car7_.vin as vin3_2_7_, brand8_.brand_id as brand_id1_0_8_, brand8_.brand as brand2_0_8_, carseat9_.seat_id as seat_id1_3_9_, carseat9_.carseat as carseat2_3_9_, employee10_.employee_id as employee1_6_10_, employee10_.name as name2_6_10_, employee10_.password as password3_6_10_, employee10_.username as username4_6_10_, province11_.province_id as province1_16_11_, province11_.province as province2_16_11_, renttype12_.renttype_id as renttype1_19_12_, renttype12_.nametype as nametype2_19_12_, renttype12_.unitprice as unitpric3_19_12_ from renttype_rent rent0_ inner join rent_car rentcar1_ on rent0_.rent_rent_car_id=rentcar1_.rent_car_id inner join employee employee2_ on rentcar1_.employee_id=employee2_.employee_id inner join customer customer3_ on rentcar1_.customer_id=customer3_.customer_id left outer join employee employee4_ on customer3_.employee=employee4_.employee_id left outer join resgistype registype5_ on customer3_.registype=registype5_.regis_type_id left outer join job job6_ on customer3_.job=job6_.job_id inner join car car7_ on rentcar1_.car_id=car7_.car_id left outer join brand brand8_ on car7_.brand_id=brand8_.brand_id left outer join carseat carseat9_ on car7_.seat_id=carseat9_.seat_id left outer join employee employee10_ on car7_.employee_id=employee10_.employee_id left outer join plateprovince province11_ on car7_.province_id=province11_.province_id inner join renttype renttype12_ on rentcar1_.renttype_id=renttype12_.renttype_id where rent0_.rent_type_renttype_id=?

=======================================

Test price Must Not Be Null

=======================================

<<<<<<< HEAD
2020-02-05 23:58:50.108  INFO 2420 --- [    Test worker] o.s.t.c.transaction.TransactionContext   : Rolled back transaction for test: [DefaultTestContext@4bae3d89 testClass = RentCarTest, testInstance = com.cpe.backend.RentCarTest@3ac858ed, testMethod = b6004804_test_PriceMustNotBeNull@RentCarTest, testException = [null], mergedContextConfiguration = [MergedContextConfiguration@20536c91 testClass = RentCarTest, locations = '{}', classes = '{class com.cpe.backend.BackendApplication}', contextInitializerClasses = '[]', activeProfiles = '{}', propertySourceLocations = '{}', propertySourceProperties = '{org.springframework.boot.test.autoconfigure.orm.jpa.DataJpaTestContextBootstrapper=true}', contextCustomizers = set[org.springframework.boot.test.autoconfigure.OverrideAutoConfigurationContextCustomizerFactory$DisableAutoConfigurationContextCustomizer@519ef83d, org.springframework.boot.test.autoconfigure.filter.TypeExcludeFiltersContextCustomizer@351584c0, org.springframework.boot.test.autoconfigure.properties.PropertyMappingContextCustomizer@4de046bd, org.springframework.boot.test.autoconfigure.web.servlet.WebDriverContextCustomizerFactory$Customizer@2068602d, [ImportsContextCustomizer@29b2d49 key = [org.springframework.boot.autoconfigure.cache.CacheAutoConfiguration, org.springframework.boot.autoconfigure.data.jpa.JpaRepositoriesAutoConfiguration, org.springframework.boot.autoconfigure.flyway.FlywayAutoConfiguration, org.springframework.boot.autoconfigure.jdbc.DataSourceAutoConfiguration, org.springframework.boot.autoconfigure.jdbc.DataSourceTransactionManagerAutoConfiguration, org.springframework.boot.autoconfigure.jdbc.JdbcTemplateAutoConfiguration, org.springframework.boot.autoconfigure.liquibase.LiquibaseAutoConfiguration, org.springframework.boot.autoconfigure.orm.jpa.HibernateJpaAutoConfiguration, org.springframework.boot.autoconfigure.transaction.TransactionAutoConfiguration, org.springframework.boot.test.autoconfigure.jdbc.TestDatabaseAutoConfiguration, org.springframework.boot.test.autoconfigure.orm.jpa.TestEntityManagerAutoConfiguration]], org.springframework.boot.test.context.filter.ExcludeFilterContextCustomizer@18486d60, org.springframework.boot.test.json.DuplicateJsonObjectContextCustomizerFactory$DuplicateJsonObjectContextCustomizer@5a267fa8, org.springframework.boot.test.mock.mockito.MockitoContextCustomizer@0], contextLoader = 'org.springframework.boot.test.context.SpringBootContextLoader', parent = [null]], attributes = map[[empty]]]
=======
2020-02-04 22:32:04.224  INFO 12676 --- [    Test worker] o.s.t.c.transaction.TransactionContext   : Rolled back transaction for test: [DefaultTestContext@34a7ce02 testClass = RentCarTest, testInstance = com.cpe.backend.RentCarTest@4a00d270, testMethod = b6004804_test_PriceMustNotBeNull@RentCarTest, testException = [null], mergedContextConfiguration = [MergedContextConfiguration@232dbdde testClass = RentCarTest, locations = '{}', classes = '{class com.cpe.backend.BackendApplication}', contextInitializerClasses = '[]', activeProfiles = '{}', propertySourceLocations = '{}', propertySourceProperties = '{org.springframework.boot.test.autoconfigure.orm.jpa.DataJpaTestContextBootstrapper=true}', contextCustomizers = set[org.springframework.boot.test.autoconfigure.OverrideAutoConfigurationContextCustomizerFactory$DisableAutoConfigurationContextCustomizer@613520e1, org.springframework.boot.test.autoconfigure.filter.TypeExcludeFiltersContextCustomizer@351584c0, org.springframework.boot.test.autoconfigure.properties.PropertyMappingContextCustomizer@21896434, org.springframework.boot.test.autoconfigure.web.servlet.WebDriverContextCustomizerFactory$Customizer@9a30f15, [ImportsContextCustomizer@23c35f4 key = [org.springframework.boot.autoconfigure.cache.CacheAutoConfiguration, org.springframework.boot.autoconfigure.data.jpa.JpaRepositoriesAutoConfiguration, org.springframework.boot.autoconfigure.flyway.FlywayAutoConfiguration, org.springframework.boot.autoconfigure.jdbc.DataSourceAutoConfiguration, org.springframework.boot.autoconfigure.jdbc.DataSourceTransactionManagerAutoConfiguration, org.springframework.boot.autoconfigure.jdbc.JdbcTemplateAutoConfiguration, org.springframework.boot.autoconfigure.liquibase.LiquibaseAutoConfiguration, org.springframework.boot.autoconfigure.orm.jpa.HibernateJpaAutoConfiguration, org.springframework.boot.autoconfigure.transaction.TransactionAutoConfiguration, org.springframework.boot.test.autoconfigure.jdbc.TestDatabaseAutoConfiguration, org.springframework.boot.test.autoconfigure.orm.jpa.TestEntityManagerAutoConfiguration]], org.springframework.boot.test.context.filter.ExcludeFilterContextCustomizer@23782f0d, org.springframework.boot.test.json.DuplicateJsonObjectContextCustomizerFactory$DuplicateJsonObjectContextCustomizer@4749f795, org.springframework.boot.test.mock.mockito.MockitoContextCustomizer@0], contextLoader = 'org.springframework.boot.test.context.SpringBootContextLoader', parent = [null]], attributes = map[[empty]]]
>>>>>>> issue-147
]]></system-out>
  <system-err><![CDATA[]]></system-err>
</testsuite>
