<?xml version="1.0" encoding="UTF-8"?>
<testsuite name="com.cpe.backend.CustomerTest" tests="22" skipped="0" failures="0" errors="0" timestamp="2020-02-09T12:51:06" hostname="LABTOP-PATCHAREEYA" time="0.449">
  <properties/>
  <testcase name="B6015107_testTelMustNotBe9Digits()" classname="com.cpe.backend.CustomerTest" time="0.015"/>
  <testcase name="B6015107_testDateMustNotBeNull()" classname="com.cpe.backend.CustomerTest" time="0.016"/>
  <testcase name="B6015107_testAgeMustNotBeNull()" classname="com.cpe.backend.CustomerTest" time="0.021"/>
  <testcase name="B6015107_testCard_numMustNotDigits()" classname="com.cpe.backend.CustomerTest" time="0.026"/>
  <testcase name="B6015107_testAddressMustMatch()" classname="com.cpe.backend.CustomerTest" time="0.018"/>
  <testcase name="B6015107_testCard_numMustNotBe14Digits()" classname="com.cpe.backend.CustomerTest" time="0.017"/>
  <testcase name="B6015107_testCustomerOK()" classname="com.cpe.backend.CustomerTest" time="0.015"/>
  <testcase name="testCard_numMustBeUnique()" classname="com.cpe.backend.CustomerTest" time="0.024"/>
  <testcase name="B6015107_testAddressMustNotBeNull()" classname="com.cpe.backend.CustomerTest" time="0.024"/>
  <testcase name="B6015107_testTelMustNotBeNull()" classname="com.cpe.backend.CustomerTest" time="0.019"/>
  <testcase name="B6015107_testTelMustNotDigits()" classname="com.cpe.backend.CustomerTest" time="0.017"/>
  <testcase name="B6015107_test_createdByMustNotBeNull()" classname="com.cpe.backend.CustomerTest" time="0.015"/>
  <testcase name="B6015107_testNameMustMatchString()" classname="com.cpe.backend.CustomerTest" time="0.039"/>
  <testcase name="B6015107_testTelMustNotBe11Digits()" classname="com.cpe.backend.CustomerTest" time="0.017"/>
  <testcase name="B6015107_test_typeMustNotBeNull()" classname="com.cpe.backend.CustomerTest" time="0.015"/>
  <testcase name="B6015107_testNameMustNotBeNull()" classname="com.cpe.backend.CustomerTest" time="0.017"/>
  <testcase name="B6015107_testAgeMustBeLessThan70()" classname="com.cpe.backend.CustomerTest" time="0.018"/>
  <testcase name="B6015107_testAgeMustBeGreaterThan20()" classname="com.cpe.backend.CustomerTest" time="0.021"/>
  <testcase name="B6015107_testNameMustBeMore30String()" classname="com.cpe.backend.CustomerTest" time="0.022"/>
  <testcase name="B6015107_testCard_NumMustNotBe12Digits()" classname="com.cpe.backend.CustomerTest" time="0.021"/>
  <testcase name="B6015107_test_workMustNotBeNull()" classname="com.cpe.backend.CustomerTest" time="0.016"/>
  <testcase name="B6015107_testCard_NumMustNotBeNull()" classname="com.cpe.backend.CustomerTest" time="0.018"/>
  <system-out><![CDATA[2020-02-09 19:51:06.801  INFO 94504 --- [    Test worker] b.t.a.o.j.DataJpaTestContextBootstrapper : Neither @ContextConfiguration nor @ContextHierarchy found for test class [com.cpe.backend.CustomerTest], using SpringBootContextLoader
2020-02-09 19:51:06.802  INFO 94504 --- [    Test worker] o.s.t.c.support.AbstractContextLoader    : Could not detect default resource locations for test class [com.cpe.backend.CustomerTest]: no resource found for suffixes {-context.xml, Context.groovy}.
2020-02-09 19:51:06.802  INFO 94504 --- [    Test worker] t.c.s.AnnotationConfigContextLoaderUtils : Could not detect default configuration classes for test class [com.cpe.backend.CustomerTest]: CustomerTest does not declare any static, non-private, non-final, nested classes annotated with @Configuration.
2020-02-09 19:51:06.803  INFO 94504 --- [    Test worker] .b.t.c.SpringBootTestContextBootstrapper : Found @SpringBootConfiguration com.cpe.backend.BackendApplication for test class com.cpe.backend.CustomerTest
2020-02-09 19:51:06.804  INFO 94504 --- [    Test worker] b.t.a.o.j.DataJpaTestContextBootstrapper : Loaded default TestExecutionListener class names from location [META-INF/spring.factories]: [org.springframework.boot.test.autoconfigure.restdocs.RestDocsTestExecutionListener, org.springframework.boot.test.autoconfigure.web.client.MockRestServiceServerResetTestExecutionListener, org.springframework.boot.test.autoconfigure.web.servlet.MockMvcPrintOnlyOnFailureTestExecutionListener, org.springframework.boot.test.autoconfigure.web.servlet.WebDriverTestExecutionListener, org.springframework.boot.test.mock.mockito.MockitoTestExecutionListener, org.springframework.boot.test.mock.mockito.ResetMocksTestExecutionListener, org.springframework.test.context.web.ServletTestExecutionListener, org.springframework.test.context.support.DirtiesContextBeforeModesTestExecutionListener, org.springframework.test.context.support.DependencyInjectionTestExecutionListener, org.springframework.test.context.support.DirtiesContextTestExecutionListener, org.springframework.test.context.transaction.TransactionalTestExecutionListener, org.springframework.test.context.jdbc.SqlScriptsTestExecutionListener, org.springframework.test.context.event.EventPublishingTestExecutionListener]
2020-02-09 19:51:06.804  INFO 94504 --- [    Test worker] b.t.a.o.j.DataJpaTestContextBootstrapper : Using TestExecutionListeners: [org.springframework.test.context.web.ServletTestExecutionListener@5f8e4501, org.springframework.test.context.support.DirtiesContextBeforeModesTestExecutionListener@40187b2f, org.springframework.boot.test.mock.mockito.MockitoTestExecutionListener@23530d6, org.springframework.boot.test.autoconfigure.SpringBootDependencyInjectionTestExecutionListener@c85ba52, org.springframework.test.context.support.DirtiesContextTestExecutionListener@210e508e, org.springframework.test.context.transaction.TransactionalTestExecutionListener@22cc9683, org.springframework.test.context.jdbc.SqlScriptsTestExecutionListener@954a18c, org.springframework.test.context.event.EventPublishingTestExecutionListener@2822ddde, org.springframework.boot.test.autoconfigure.restdocs.RestDocsTestExecutionListener@7bfb7274, org.springframework.boot.test.autoconfigure.web.client.MockRestServiceServerResetTestExecutionListener@3dc58b06, org.springframework.boot.test.autoconfigure.web.servlet.MockMvcPrintOnlyOnFailureTestExecutionListener@113115f3, org.springframework.boot.test.autoconfigure.web.servlet.WebDriverTestExecutionListener@2fc3e626, org.springframework.boot.test.mock.mockito.ResetMocksTestExecutionListener@f0b4978]
2020-02-09 19:51:06.806  INFO 94504 --- [    Test worker] o.s.t.c.transaction.TransactionContext   : Began transaction (1) for test context [DefaultTestContext@4374e3f7 testClass = CustomerTest, testInstance = com.cpe.backend.CustomerTest@6647e789, testMethod = B6015107_testTelMustNotBe9Digits@CustomerTest, testException = [null], mergedContextConfiguration = [MergedContextConfiguration@38620d5f testClass = CustomerTest, locations = '{}', classes = '{class com.cpe.backend.BackendApplication}', contextInitializerClasses = '[]', activeProfiles = '{}', propertySourceLocations = '{}', propertySourceProperties = '{org.springframework.boot.test.autoconfigure.orm.jpa.DataJpaTestContextBootstrapper=true}', contextCustomizers = set[org.springframework.boot.test.autoconfigure.OverrideAutoConfigurationContextCustomizerFactory$DisableAutoConfigurationContextCustomizer@7ef5e9d1, org.springframework.boot.test.autoconfigure.filter.TypeExcludeFiltersContextCustomizer@351584c0, org.springframework.boot.test.autoconfigure.properties.PropertyMappingContextCustomizer@5dc7d2ae, org.springframework.boot.test.autoconfigure.web.servlet.WebDriverContextCustomizerFactory$Customizer@1e10bd64, [ImportsContextCustomizer@5e0dbac9 key = [org.springframework.boot.autoconfigure.cache.CacheAutoConfiguration, org.springframework.boot.autoconfigure.data.jpa.JpaRepositoriesAutoConfiguration, org.springframework.boot.autoconfigure.flyway.FlywayAutoConfiguration, org.springframework.boot.autoconfigure.jdbc.DataSourceAutoConfiguration, org.springframework.boot.autoconfigure.jdbc.DataSourceTransactionManagerAutoConfiguration, org.springframework.boot.autoconfigure.jdbc.JdbcTemplateAutoConfiguration, org.springframework.boot.autoconfigure.liquibase.LiquibaseAutoConfiguration, org.springframework.boot.autoconfigure.orm.jpa.HibernateJpaAutoConfiguration, org.springframework.boot.autoconfigure.transaction.TransactionAutoConfiguration, org.springframework.boot.test.autoconfigure.jdbc.TestDatabaseAutoConfiguration, org.springframework.boot.test.autoconfigure.orm.jpa.TestEntityManagerAutoConfiguration]], org.springframework.boot.test.context.filter.ExcludeFilterContextCustomizer@3eeedba0, org.springframework.boot.test.json.DuplicateJsonObjectContextCustomizerFactory$DuplicateJsonObjectContextCustomizer@4c95ef13, org.springframework.boot.test.mock.mockito.MockitoContextCustomizer@0], contextLoader = 'org.springframework.boot.test.context.SpringBootContextLoader', parent = [null]], attributes = map[[empty]]]; transaction manager [org.springframework.orm.jpa.JpaTransactionManager@177de9ad]; rollback [true]
Hibernate: select job0_.job_id as job_id1_8_0_, job0_.job as job2_8_0_, cus1_.job_job_id as job_job_1_9_1_, customer2_.customer_id as cus_cust2_9_1_, customer2_.customer_id as customer1_5_2_, customer2_.address as address2_5_2_, customer2_.age as age3_5_2_, customer2_.card_num as card_num4_5_2_, customer2_.employee as employee8_5_2_, customer2_.date as date5_5_2_, customer2_.name as name6_5_2_, customer2_.tel as tel7_5_2_, customer2_.registype as registyp9_5_2_, customer2_.job as job10_5_2_, employee3_.employee_id as employee1_6_3_, employee3_.name as name2_6_3_, employee3_.password as password3_6_3_, employee3_.username as username4_6_3_, registype4_.regis_type_id as regis_ty1_23_4_, registype4_.type as type2_23_4_, cus5_.regis_type_regis_type_id as regis_ty1_24_5_, customer6_.customer_id as cus_cust2_24_5_, customer6_.customer_id as customer1_5_6_, customer6_.address as address2_5_6_, customer6_.age as age3_5_6_, customer6_.card_num as card_num4_5_6_, customer6_.employee as employee8_5_6_, customer6_.date as date5_5_6_, customer6_.name as name6_5_6_, customer6_.tel as tel7_5_6_, customer6_.registype as registyp9_5_6_, customer6_.job as job10_5_6_, job7_.job_id as job_id1_8_7_, job7_.job as job2_8_7_ from job job0_ left outer join job_cus cus1_ on job0_.job_id=cus1_.job_job_id left outer join customer customer2_ on cus1_.cus_customer_id=customer2_.customer_id left outer join employee employee3_ on customer2_.employee=employee3_.employee_id left outer join resgistype registype4_ on customer2_.registype=registype4_.regis_type_id left outer join resgistype_cus cus5_ on registype4_.regis_type_id=cus5_.regis_type_regis_type_id left outer join customer customer6_ on cus5_.cus_customer_id=customer6_.customer_id left outer join job job7_ on customer6_.job=job7_.job_id where job0_.job_id=?
Hibernate: select employee0_.employee_id as employee1_6_0_, employee0_.name as name2_6_0_, employee0_.password as password3_6_0_, employee0_.username as username4_6_0_ from employee employee0_ where employee0_.employee_id=?
Hibernate: select rent0_.employee_employee_id as employee1_7_0_, rent0_.rent_rent_car_id as rent_ren2_7_0_, rentcar1_.rent_car_id as rent_car1_18_1_, rentcar1_.employee_id as employee5_18_1_, rentcar1_.price as price2_18_1_, rentcar1_.rent_date as rent_dat3_18_1_, rentcar1_.customer_id as customer6_18_1_, rentcar1_.rentday as rentday4_18_1_, rentcar1_.car_id as car_id7_18_1_, rentcar1_.renttype_id as renttype8_18_1_, employee2_.employee_id as employee1_6_2_, employee2_.name as name2_6_2_, employee2_.password as password3_6_2_, employee2_.username as username4_6_2_, customer3_.customer_id as customer1_5_3_, customer3_.address as address2_5_3_, customer3_.age as age3_5_3_, customer3_.card_num as card_num4_5_3_, customer3_.employee as employee8_5_3_, customer3_.date as date5_5_3_, customer3_.name as name6_5_3_, customer3_.tel as tel7_5_3_, customer3_.registype as registyp9_5_3_, customer3_.job as job10_5_3_, employee4_.employee_id as employee1_6_4_, employee4_.name as name2_6_4_, employee4_.password as password3_6_4_, employee4_.username as username4_6_4_, registype5_.regis_type_id as regis_ty1_23_5_, registype5_.type as type2_23_5_, job6_.job_id as job_id1_8_6_, job6_.job as job2_8_6_, car7_.car_id as car_id1_2_7_, car7_.brand_id as brand_id4_2_7_, car7_.seat_id as seat_id5_2_7_, car7_.employee_id as employee6_2_7_, car7_.plate as plate2_2_7_, car7_.province_id as province7_2_7_, car7_.vin as vin3_2_7_, brand8_.brand_id as brand_id1_0_8_, brand8_.brand as brand2_0_8_, carseat9_.seat_id as seat_id1_3_9_, carseat9_.carseat as carseat2_3_9_, employee10_.employee_id as employee1_6_10_, employee10_.name as name2_6_10_, employee10_.password as password3_6_10_, employee10_.username as username4_6_10_, province11_.province_id as province1_16_11_, province11_.province as province2_16_11_, renttype12_.renttype_id as renttype1_19_12_, renttype12_.nametype as nametype2_19_12_, renttype12_.unitprice as unitpric3_19_12_ from employee_rent rent0_ inner join rent_car rentcar1_ on rent0_.rent_rent_car_id=rentcar1_.rent_car_id inner join employee employee2_ on rentcar1_.employee_id=employee2_.employee_id inner join customer customer3_ on rentcar1_.customer_id=customer3_.customer_id inner join employee employee4_ on customer3_.employee=employee4_.employee_id inner join resgistype registype5_ on customer3_.registype=registype5_.regis_type_id inner join job job6_ on customer3_.job=job6_.job_id inner join car car7_ on rentcar1_.car_id=car7_.car_id inner join brand brand8_ on car7_.brand_id=brand8_.brand_id inner join carseat carseat9_ on car7_.seat_id=carseat9_.seat_id inner join employee employee10_ on car7_.employee_id=employee10_.employee_id inner join plateprovince province11_ on car7_.province_id=province11_.province_id inner join renttype renttype12_ on rentcar1_.renttype_id=renttype12_.renttype_id where rent0_.employee_employee_id=?
Hibernate: select registype0_.regis_type_id as regis_ty1_23_0_, registype0_.type as type2_23_0_, cus1_.regis_type_regis_type_id as regis_ty1_24_1_, customer2_.customer_id as cus_cust2_24_1_, customer2_.customer_id as customer1_5_2_, customer2_.address as address2_5_2_, customer2_.age as age3_5_2_, customer2_.card_num as card_num4_5_2_, customer2_.employee as employee8_5_2_, customer2_.date as date5_5_2_, customer2_.name as name6_5_2_, customer2_.tel as tel7_5_2_, customer2_.registype as registyp9_5_2_, customer2_.job as job10_5_2_, employee3_.employee_id as employee1_6_3_, employee3_.name as name2_6_3_, employee3_.password as password3_6_3_, employee3_.username as username4_6_3_, registype4_.regis_type_id as regis_ty1_23_4_, registype4_.type as type2_23_4_, job5_.job_id as job_id1_8_5_, job5_.job as job2_8_5_, cus6_.job_job_id as job_job_1_9_6_, customer7_.customer_id as cus_cust2_9_6_, customer7_.customer_id as customer1_5_7_, customer7_.address as address2_5_7_, customer7_.age as age3_5_7_, customer7_.card_num as card_num4_5_7_, customer7_.employee as employee8_5_7_, customer7_.date as date5_5_7_, customer7_.name as name6_5_7_, customer7_.tel as tel7_5_7_, customer7_.registype as registyp9_5_7_, customer7_.job as job10_5_7_ from resgistype registype0_ left outer join resgistype_cus cus1_ on registype0_.regis_type_id=cus1_.regis_type_regis_type_id left outer join customer customer2_ on cus1_.cus_customer_id=customer2_.customer_id left outer join employee employee3_ on customer2_.employee=employee3_.employee_id left outer join resgistype registype4_ on customer2_.registype=registype4_.regis_type_id left outer join job job5_ on customer2_.job=job5_.job_id left outer join job_cus cus6_ on job5_.job_id=cus6_.job_job_id left outer join customer customer7_ on cus6_.cus_customer_id=customer7_.customer_id where registype0_.regis_type_id=?
2020-02-09 19:51:06.820  INFO 94504 --- [    Test worker] o.s.t.c.transaction.TransactionContext   : Rolled back transaction for test: [DefaultTestContext@4374e3f7 testClass = CustomerTest, testInstance = com.cpe.backend.CustomerTest@6647e789, testMethod = B6015107_testTelMustNotBe9Digits@CustomerTest, testException = [null], mergedContextConfiguration = [MergedContextConfiguration@38620d5f testClass = CustomerTest, locations = '{}', classes = '{class com.cpe.backend.BackendApplication}', contextInitializerClasses = '[]', activeProfiles = '{}', propertySourceLocations = '{}', propertySourceProperties = '{org.springframework.boot.test.autoconfigure.orm.jpa.DataJpaTestContextBootstrapper=true}', contextCustomizers = set[org.springframework.boot.test.autoconfigure.OverrideAutoConfigurationContextCustomizerFactory$DisableAutoConfigurationContextCustomizer@7ef5e9d1, org.springframework.boot.test.autoconfigure.filter.TypeExcludeFiltersContextCustomizer@351584c0, org.springframework.boot.test.autoconfigure.properties.PropertyMappingContextCustomizer@5dc7d2ae, org.springframework.boot.test.autoconfigure.web.servlet.WebDriverContextCustomizerFactory$Customizer@1e10bd64, [ImportsContextCustomizer@5e0dbac9 key = [org.springframework.boot.autoconfigure.cache.CacheAutoConfiguration, org.springframework.boot.autoconfigure.data.jpa.JpaRepositoriesAutoConfiguration, org.springframework.boot.autoconfigure.flyway.FlywayAutoConfiguration, org.springframework.boot.autoconfigure.jdbc.DataSourceAutoConfiguration, org.springframework.boot.autoconfigure.jdbc.DataSourceTransactionManagerAutoConfiguration, org.springframework.boot.autoconfigure.jdbc.JdbcTemplateAutoConfiguration, org.springframework.boot.autoconfigure.liquibase.LiquibaseAutoConfiguration, org.springframework.boot.autoconfigure.orm.jpa.HibernateJpaAutoConfiguration, org.springframework.boot.autoconfigure.transaction.TransactionAutoConfiguration, org.springframework.boot.test.autoconfigure.jdbc.TestDatabaseAutoConfiguration, org.springframework.boot.test.autoconfigure.orm.jpa.TestEntityManagerAutoConfiguration]], org.springframework.boot.test.context.filter.ExcludeFilterContextCustomizer@3eeedba0, org.springframework.boot.test.json.DuplicateJsonObjectContextCustomizerFactory$DuplicateJsonObjectContextCustomizer@4c95ef13, org.springframework.boot.test.mock.mockito.MockitoContextCustomizer@0], contextLoader = 'org.springframework.boot.test.context.SpringBootContextLoader', parent = [null]], attributes = map[[empty]]]
2020-02-09 19:51:06.822  INFO 94504 --- [    Test worker] o.s.t.c.transaction.TransactionContext   : Began transaction (1) for test context [DefaultTestContext@4374e3f7 testClass = CustomerTest, testInstance = com.cpe.backend.CustomerTest@216c3581, testMethod = B6015107_testDateMustNotBeNull@CustomerTest, testException = [null], mergedContextConfiguration = [MergedContextConfiguration@38620d5f testClass = CustomerTest, locations = '{}', classes = '{class com.cpe.backend.BackendApplication}', contextInitializerClasses = '[]', activeProfiles = '{}', propertySourceLocations = '{}', propertySourceProperties = '{org.springframework.boot.test.autoconfigure.orm.jpa.DataJpaTestContextBootstrapper=true}', contextCustomizers = set[org.springframework.boot.test.autoconfigure.OverrideAutoConfigurationContextCustomizerFactory$DisableAutoConfigurationContextCustomizer@7ef5e9d1, org.springframework.boot.test.autoconfigure.filter.TypeExcludeFiltersContextCustomizer@351584c0, org.springframework.boot.test.autoconfigure.properties.PropertyMappingContextCustomizer@5dc7d2ae, org.springframework.boot.test.autoconfigure.web.servlet.WebDriverContextCustomizerFactory$Customizer@1e10bd64, [ImportsContextCustomizer@5e0dbac9 key = [org.springframework.boot.autoconfigure.cache.CacheAutoConfiguration, org.springframework.boot.autoconfigure.data.jpa.JpaRepositoriesAutoConfiguration, org.springframework.boot.autoconfigure.flyway.FlywayAutoConfiguration, org.springframework.boot.autoconfigure.jdbc.DataSourceAutoConfiguration, org.springframework.boot.autoconfigure.jdbc.DataSourceTransactionManagerAutoConfiguration, org.springframework.boot.autoconfigure.jdbc.JdbcTemplateAutoConfiguration, org.springframework.boot.autoconfigure.liquibase.LiquibaseAutoConfiguration, org.springframework.boot.autoconfigure.orm.jpa.HibernateJpaAutoConfiguration, org.springframework.boot.autoconfigure.transaction.TransactionAutoConfiguration, org.springframework.boot.test.autoconfigure.jdbc.TestDatabaseAutoConfiguration, org.springframework.boot.test.autoconfigure.orm.jpa.TestEntityManagerAutoConfiguration]], org.springframework.boot.test.context.filter.ExcludeFilterContextCustomizer@3eeedba0, org.springframework.boot.test.json.DuplicateJsonObjectContextCustomizerFactory$DuplicateJsonObjectContextCustomizer@4c95ef13, org.springframework.boot.test.mock.mockito.MockitoContextCustomizer@0], contextLoader = 'org.springframework.boot.test.context.SpringBootContextLoader', parent = [null]], attributes = map[[empty]]]; transaction manager [org.springframework.orm.jpa.JpaTransactionManager@177de9ad]; rollback [true]
Hibernate: select job0_.job_id as job_id1_8_0_, job0_.job as job2_8_0_, cus1_.job_job_id as job_job_1_9_1_, customer2_.customer_id as cus_cust2_9_1_, customer2_.customer_id as customer1_5_2_, customer2_.address as address2_5_2_, customer2_.age as age3_5_2_, customer2_.card_num as card_num4_5_2_, customer2_.employee as employee8_5_2_, customer2_.date as date5_5_2_, customer2_.name as name6_5_2_, customer2_.tel as tel7_5_2_, customer2_.registype as registyp9_5_2_, customer2_.job as job10_5_2_, employee3_.employee_id as employee1_6_3_, employee3_.name as name2_6_3_, employee3_.password as password3_6_3_, employee3_.username as username4_6_3_, registype4_.regis_type_id as regis_ty1_23_4_, registype4_.type as type2_23_4_, cus5_.regis_type_regis_type_id as regis_ty1_24_5_, customer6_.customer_id as cus_cust2_24_5_, customer6_.customer_id as customer1_5_6_, customer6_.address as address2_5_6_, customer6_.age as age3_5_6_, customer6_.card_num as card_num4_5_6_, customer6_.employee as employee8_5_6_, customer6_.date as date5_5_6_, customer6_.name as name6_5_6_, customer6_.tel as tel7_5_6_, customer6_.registype as registyp9_5_6_, customer6_.job as job10_5_6_, job7_.job_id as job_id1_8_7_, job7_.job as job2_8_7_ from job job0_ left outer join job_cus cus1_ on job0_.job_id=cus1_.job_job_id left outer join customer customer2_ on cus1_.cus_customer_id=customer2_.customer_id left outer join employee employee3_ on customer2_.employee=employee3_.employee_id left outer join resgistype registype4_ on customer2_.registype=registype4_.regis_type_id left outer join resgistype_cus cus5_ on registype4_.regis_type_id=cus5_.regis_type_regis_type_id left outer join customer customer6_ on cus5_.cus_customer_id=customer6_.customer_id left outer join job job7_ on customer6_.job=job7_.job_id where job0_.job_id=?
Hibernate: select employee0_.employee_id as employee1_6_0_, employee0_.name as name2_6_0_, employee0_.password as password3_6_0_, employee0_.username as username4_6_0_ from employee employee0_ where employee0_.employee_id=?
Hibernate: select rent0_.employee_employee_id as employee1_7_0_, rent0_.rent_rent_car_id as rent_ren2_7_0_, rentcar1_.rent_car_id as rent_car1_18_1_, rentcar1_.employee_id as employee5_18_1_, rentcar1_.price as price2_18_1_, rentcar1_.rent_date as rent_dat3_18_1_, rentcar1_.customer_id as customer6_18_1_, rentcar1_.rentday as rentday4_18_1_, rentcar1_.car_id as car_id7_18_1_, rentcar1_.renttype_id as renttype8_18_1_, employee2_.employee_id as employee1_6_2_, employee2_.name as name2_6_2_, employee2_.password as password3_6_2_, employee2_.username as username4_6_2_, customer3_.customer_id as customer1_5_3_, customer3_.address as address2_5_3_, customer3_.age as age3_5_3_, customer3_.card_num as card_num4_5_3_, customer3_.employee as employee8_5_3_, customer3_.date as date5_5_3_, customer3_.name as name6_5_3_, customer3_.tel as tel7_5_3_, customer3_.registype as registyp9_5_3_, customer3_.job as job10_5_3_, employee4_.employee_id as employee1_6_4_, employee4_.name as name2_6_4_, employee4_.password as password3_6_4_, employee4_.username as username4_6_4_, registype5_.regis_type_id as regis_ty1_23_5_, registype5_.type as type2_23_5_, job6_.job_id as job_id1_8_6_, job6_.job as job2_8_6_, car7_.car_id as car_id1_2_7_, car7_.brand_id as brand_id4_2_7_, car7_.seat_id as seat_id5_2_7_, car7_.employee_id as employee6_2_7_, car7_.plate as plate2_2_7_, car7_.province_id as province7_2_7_, car7_.vin as vin3_2_7_, brand8_.brand_id as brand_id1_0_8_, brand8_.brand as brand2_0_8_, carseat9_.seat_id as seat_id1_3_9_, carseat9_.carseat as carseat2_3_9_, employee10_.employee_id as employee1_6_10_, employee10_.name as name2_6_10_, employee10_.password as password3_6_10_, employee10_.username as username4_6_10_, province11_.province_id as province1_16_11_, province11_.province as province2_16_11_, renttype12_.renttype_id as renttype1_19_12_, renttype12_.nametype as nametype2_19_12_, renttype12_.unitprice as unitpric3_19_12_ from employee_rent rent0_ inner join rent_car rentcar1_ on rent0_.rent_rent_car_id=rentcar1_.rent_car_id inner join employee employee2_ on rentcar1_.employee_id=employee2_.employee_id inner join customer customer3_ on rentcar1_.customer_id=customer3_.customer_id inner join employee employee4_ on customer3_.employee=employee4_.employee_id inner join resgistype registype5_ on customer3_.registype=registype5_.regis_type_id inner join job job6_ on customer3_.job=job6_.job_id inner join car car7_ on rentcar1_.car_id=car7_.car_id inner join brand brand8_ on car7_.brand_id=brand8_.brand_id inner join carseat carseat9_ on car7_.seat_id=carseat9_.seat_id inner join employee employee10_ on car7_.employee_id=employee10_.employee_id inner join plateprovince province11_ on car7_.province_id=province11_.province_id inner join renttype renttype12_ on rentcar1_.renttype_id=renttype12_.renttype_id where rent0_.employee_employee_id=?
Hibernate: select registype0_.regis_type_id as regis_ty1_23_0_, registype0_.type as type2_23_0_, cus1_.regis_type_regis_type_id as regis_ty1_24_1_, customer2_.customer_id as cus_cust2_24_1_, customer2_.customer_id as customer1_5_2_, customer2_.address as address2_5_2_, customer2_.age as age3_5_2_, customer2_.card_num as card_num4_5_2_, customer2_.employee as employee8_5_2_, customer2_.date as date5_5_2_, customer2_.name as name6_5_2_, customer2_.tel as tel7_5_2_, customer2_.registype as registyp9_5_2_, customer2_.job as job10_5_2_, employee3_.employee_id as employee1_6_3_, employee3_.name as name2_6_3_, employee3_.password as password3_6_3_, employee3_.username as username4_6_3_, registype4_.regis_type_id as regis_ty1_23_4_, registype4_.type as type2_23_4_, job5_.job_id as job_id1_8_5_, job5_.job as job2_8_5_, cus6_.job_job_id as job_job_1_9_6_, customer7_.customer_id as cus_cust2_9_6_, customer7_.customer_id as customer1_5_7_, customer7_.address as address2_5_7_, customer7_.age as age3_5_7_, customer7_.card_num as card_num4_5_7_, customer7_.employee as employee8_5_7_, customer7_.date as date5_5_7_, customer7_.name as name6_5_7_, customer7_.tel as tel7_5_7_, customer7_.registype as registyp9_5_7_, customer7_.job as job10_5_7_ from resgistype registype0_ left outer join resgistype_cus cus1_ on registype0_.regis_type_id=cus1_.regis_type_regis_type_id left outer join customer customer2_ on cus1_.cus_customer_id=customer2_.customer_id left outer join employee employee3_ on customer2_.employee=employee3_.employee_id left outer join resgistype registype4_ on customer2_.registype=registype4_.regis_type_id left outer join job job5_ on customer2_.job=job5_.job_id left outer join job_cus cus6_ on job5_.job_id=cus6_.job_job_id left outer join customer customer7_ on cus6_.cus_customer_id=customer7_.customer_id where registype0_.regis_type_id=?
2020-02-09 19:51:06.837  INFO 94504 --- [    Test worker] o.s.t.c.transaction.TransactionContext   : Rolled back transaction for test: [DefaultTestContext@4374e3f7 testClass = CustomerTest, testInstance = com.cpe.backend.CustomerTest@216c3581, testMethod = B6015107_testDateMustNotBeNull@CustomerTest, testException = [null], mergedContextConfiguration = [MergedContextConfiguration@38620d5f testClass = CustomerTest, locations = '{}', classes = '{class com.cpe.backend.BackendApplication}', contextInitializerClasses = '[]', activeProfiles = '{}', propertySourceLocations = '{}', propertySourceProperties = '{org.springframework.boot.test.autoconfigure.orm.jpa.DataJpaTestContextBootstrapper=true}', contextCustomizers = set[org.springframework.boot.test.autoconfigure.OverrideAutoConfigurationContextCustomizerFactory$DisableAutoConfigurationContextCustomizer@7ef5e9d1, org.springframework.boot.test.autoconfigure.filter.TypeExcludeFiltersContextCustomizer@351584c0, org.springframework.boot.test.autoconfigure.properties.PropertyMappingContextCustomizer@5dc7d2ae, org.springframework.boot.test.autoconfigure.web.servlet.WebDriverContextCustomizerFactory$Customizer@1e10bd64, [ImportsContextCustomizer@5e0dbac9 key = [org.springframework.boot.autoconfigure.cache.CacheAutoConfiguration, org.springframework.boot.autoconfigure.data.jpa.JpaRepositoriesAutoConfiguration, org.springframework.boot.autoconfigure.flyway.FlywayAutoConfiguration, org.springframework.boot.autoconfigure.jdbc.DataSourceAutoConfiguration, org.springframework.boot.autoconfigure.jdbc.DataSourceTransactionManagerAutoConfiguration, org.springframework.boot.autoconfigure.jdbc.JdbcTemplateAutoConfiguration, org.springframework.boot.autoconfigure.liquibase.LiquibaseAutoConfiguration, org.springframework.boot.autoconfigure.orm.jpa.HibernateJpaAutoConfiguration, org.springframework.boot.autoconfigure.transaction.TransactionAutoConfiguration, org.springframework.boot.test.autoconfigure.jdbc.TestDatabaseAutoConfiguration, org.springframework.boot.test.autoconfigure.orm.jpa.TestEntityManagerAutoConfiguration]], org.springframework.boot.test.context.filter.ExcludeFilterContextCustomizer@3eeedba0, org.springframework.boot.test.json.DuplicateJsonObjectContextCustomizerFactory$DuplicateJsonObjectContextCustomizer@4c95ef13, org.springframework.boot.test.mock.mockito.MockitoContextCustomizer@0], contextLoader = 'org.springframework.boot.test.context.SpringBootContextLoader', parent = [null]], attributes = map[[empty]]]
2020-02-09 19:51:06.839  INFO 94504 --- [    Test worker] o.s.t.c.transaction.TransactionContext   : Began transaction (1) for test context [DefaultTestContext@4374e3f7 testClass = CustomerTest, testInstance = com.cpe.backend.CustomerTest@5c8c98d1, testMethod = B6015107_testAgeMustNotBeNull@CustomerTest, testException = [null], mergedContextConfiguration = [MergedContextConfiguration@38620d5f testClass = CustomerTest, locations = '{}', classes = '{class com.cpe.backend.BackendApplication}', contextInitializerClasses = '[]', activeProfiles = '{}', propertySourceLocations = '{}', propertySourceProperties = '{org.springframework.boot.test.autoconfigure.orm.jpa.DataJpaTestContextBootstrapper=true}', contextCustomizers = set[org.springframework.boot.test.autoconfigure.OverrideAutoConfigurationContextCustomizerFactory$DisableAutoConfigurationContextCustomizer@7ef5e9d1, org.springframework.boot.test.autoconfigure.filter.TypeExcludeFiltersContextCustomizer@351584c0, org.springframework.boot.test.autoconfigure.properties.PropertyMappingContextCustomizer@5dc7d2ae, org.springframework.boot.test.autoconfigure.web.servlet.WebDriverContextCustomizerFactory$Customizer@1e10bd64, [ImportsContextCustomizer@5e0dbac9 key = [org.springframework.boot.autoconfigure.cache.CacheAutoConfiguration, org.springframework.boot.autoconfigure.data.jpa.JpaRepositoriesAutoConfiguration, org.springframework.boot.autoconfigure.flyway.FlywayAutoConfiguration, org.springframework.boot.autoconfigure.jdbc.DataSourceAutoConfiguration, org.springframework.boot.autoconfigure.jdbc.DataSourceTransactionManagerAutoConfiguration, org.springframework.boot.autoconfigure.jdbc.JdbcTemplateAutoConfiguration, org.springframework.boot.autoconfigure.liquibase.LiquibaseAutoConfiguration, org.springframework.boot.autoconfigure.orm.jpa.HibernateJpaAutoConfiguration, org.springframework.boot.autoconfigure.transaction.TransactionAutoConfiguration, org.springframework.boot.test.autoconfigure.jdbc.TestDatabaseAutoConfiguration, org.springframework.boot.test.autoconfigure.orm.jpa.TestEntityManagerAutoConfiguration]], org.springframework.boot.test.context.filter.ExcludeFilterContextCustomizer@3eeedba0, org.springframework.boot.test.json.DuplicateJsonObjectContextCustomizerFactory$DuplicateJsonObjectContextCustomizer@4c95ef13, org.springframework.boot.test.mock.mockito.MockitoContextCustomizer@0], contextLoader = 'org.springframework.boot.test.context.SpringBootContextLoader', parent = [null]], attributes = map[[empty]]]; transaction manager [org.springframework.orm.jpa.JpaTransactionManager@177de9ad]; rollback [true]
Hibernate: select job0_.job_id as job_id1_8_0_, job0_.job as job2_8_0_, cus1_.job_job_id as job_job_1_9_1_, customer2_.customer_id as cus_cust2_9_1_, customer2_.customer_id as customer1_5_2_, customer2_.address as address2_5_2_, customer2_.age as age3_5_2_, customer2_.card_num as card_num4_5_2_, customer2_.employee as employee8_5_2_, customer2_.date as date5_5_2_, customer2_.name as name6_5_2_, customer2_.tel as tel7_5_2_, customer2_.registype as registyp9_5_2_, customer2_.job as job10_5_2_, employee3_.employee_id as employee1_6_3_, employee3_.name as name2_6_3_, employee3_.password as password3_6_3_, employee3_.username as username4_6_3_, registype4_.regis_type_id as regis_ty1_23_4_, registype4_.type as type2_23_4_, cus5_.regis_type_regis_type_id as regis_ty1_24_5_, customer6_.customer_id as cus_cust2_24_5_, customer6_.customer_id as customer1_5_6_, customer6_.address as address2_5_6_, customer6_.age as age3_5_6_, customer6_.card_num as card_num4_5_6_, customer6_.employee as employee8_5_6_, customer6_.date as date5_5_6_, customer6_.name as name6_5_6_, customer6_.tel as tel7_5_6_, customer6_.registype as registyp9_5_6_, customer6_.job as job10_5_6_, job7_.job_id as job_id1_8_7_, job7_.job as job2_8_7_ from job job0_ left outer join job_cus cus1_ on job0_.job_id=cus1_.job_job_id left outer join customer customer2_ on cus1_.cus_customer_id=customer2_.customer_id left outer join employee employee3_ on customer2_.employee=employee3_.employee_id left outer join resgistype registype4_ on customer2_.registype=registype4_.regis_type_id left outer join resgistype_cus cus5_ on registype4_.regis_type_id=cus5_.regis_type_regis_type_id left outer join customer customer6_ on cus5_.cus_customer_id=customer6_.customer_id left outer join job job7_ on customer6_.job=job7_.job_id where job0_.job_id=?
Hibernate: select employee0_.employee_id as employee1_6_0_, employee0_.name as name2_6_0_, employee0_.password as password3_6_0_, employee0_.username as username4_6_0_ from employee employee0_ where employee0_.employee_id=?
Hibernate: select rent0_.employee_employee_id as employee1_7_0_, rent0_.rent_rent_car_id as rent_ren2_7_0_, rentcar1_.rent_car_id as rent_car1_18_1_, rentcar1_.employee_id as employee5_18_1_, rentcar1_.price as price2_18_1_, rentcar1_.rent_date as rent_dat3_18_1_, rentcar1_.customer_id as customer6_18_1_, rentcar1_.rentday as rentday4_18_1_, rentcar1_.car_id as car_id7_18_1_, rentcar1_.renttype_id as renttype8_18_1_, employee2_.employee_id as employee1_6_2_, employee2_.name as name2_6_2_, employee2_.password as password3_6_2_, employee2_.username as username4_6_2_, customer3_.customer_id as customer1_5_3_, customer3_.address as address2_5_3_, customer3_.age as age3_5_3_, customer3_.card_num as card_num4_5_3_, customer3_.employee as employee8_5_3_, customer3_.date as date5_5_3_, customer3_.name as name6_5_3_, customer3_.tel as tel7_5_3_, customer3_.registype as registyp9_5_3_, customer3_.job as job10_5_3_, employee4_.employee_id as employee1_6_4_, employee4_.name as name2_6_4_, employee4_.password as password3_6_4_, employee4_.username as username4_6_4_, registype5_.regis_type_id as regis_ty1_23_5_, registype5_.type as type2_23_5_, job6_.job_id as job_id1_8_6_, job6_.job as job2_8_6_, car7_.car_id as car_id1_2_7_, car7_.brand_id as brand_id4_2_7_, car7_.seat_id as seat_id5_2_7_, car7_.employee_id as employee6_2_7_, car7_.plate as plate2_2_7_, car7_.province_id as province7_2_7_, car7_.vin as vin3_2_7_, brand8_.brand_id as brand_id1_0_8_, brand8_.brand as brand2_0_8_, carseat9_.seat_id as seat_id1_3_9_, carseat9_.carseat as carseat2_3_9_, employee10_.employee_id as employee1_6_10_, employee10_.name as name2_6_10_, employee10_.password as password3_6_10_, employee10_.username as username4_6_10_, province11_.province_id as province1_16_11_, province11_.province as province2_16_11_, renttype12_.renttype_id as renttype1_19_12_, renttype12_.nametype as nametype2_19_12_, renttype12_.unitprice as unitpric3_19_12_ from employee_rent rent0_ inner join rent_car rentcar1_ on rent0_.rent_rent_car_id=rentcar1_.rent_car_id inner join employee employee2_ on rentcar1_.employee_id=employee2_.employee_id inner join customer customer3_ on rentcar1_.customer_id=customer3_.customer_id inner join employee employee4_ on customer3_.employee=employee4_.employee_id inner join resgistype registype5_ on customer3_.registype=registype5_.regis_type_id inner join job job6_ on customer3_.job=job6_.job_id inner join car car7_ on rentcar1_.car_id=car7_.car_id inner join brand brand8_ on car7_.brand_id=brand8_.brand_id inner join carseat carseat9_ on car7_.seat_id=carseat9_.seat_id inner join employee employee10_ on car7_.employee_id=employee10_.employee_id inner join plateprovince province11_ on car7_.province_id=province11_.province_id inner join renttype renttype12_ on rentcar1_.renttype_id=renttype12_.renttype_id where rent0_.employee_employee_id=?
Hibernate: select registype0_.regis_type_id as regis_ty1_23_0_, registype0_.type as type2_23_0_, cus1_.regis_type_regis_type_id as regis_ty1_24_1_, customer2_.customer_id as cus_cust2_24_1_, customer2_.customer_id as customer1_5_2_, customer2_.address as address2_5_2_, customer2_.age as age3_5_2_, customer2_.card_num as card_num4_5_2_, customer2_.employee as employee8_5_2_, customer2_.date as date5_5_2_, customer2_.name as name6_5_2_, customer2_.tel as tel7_5_2_, customer2_.registype as registyp9_5_2_, customer2_.job as job10_5_2_, employee3_.employee_id as employee1_6_3_, employee3_.name as name2_6_3_, employee3_.password as password3_6_3_, employee3_.username as username4_6_3_, registype4_.regis_type_id as regis_ty1_23_4_, registype4_.type as type2_23_4_, job5_.job_id as job_id1_8_5_, job5_.job as job2_8_5_, cus6_.job_job_id as job_job_1_9_6_, customer7_.customer_id as cus_cust2_9_6_, customer7_.customer_id as customer1_5_7_, customer7_.address as address2_5_7_, customer7_.age as age3_5_7_, customer7_.card_num as card_num4_5_7_, customer7_.employee as employee8_5_7_, customer7_.date as date5_5_7_, customer7_.name as name6_5_7_, customer7_.tel as tel7_5_7_, customer7_.registype as registyp9_5_7_, customer7_.job as job10_5_7_ from resgistype registype0_ left outer join resgistype_cus cus1_ on registype0_.regis_type_id=cus1_.regis_type_regis_type_id left outer join customer customer2_ on cus1_.cus_customer_id=customer2_.customer_id left outer join employee employee3_ on customer2_.employee=employee3_.employee_id left outer join resgistype registype4_ on customer2_.registype=registype4_.regis_type_id left outer join job job5_ on customer2_.job=job5_.job_id left outer join job_cus cus6_ on job5_.job_id=cus6_.job_job_id left outer join customer customer7_ on cus6_.cus_customer_id=customer7_.customer_id where registype0_.regis_type_id=?
2020-02-09 19:51:06.858  INFO 94504 --- [    Test worker] o.s.t.c.transaction.TransactionContext   : Rolled back transaction for test: [DefaultTestContext@4374e3f7 testClass = CustomerTest, testInstance = com.cpe.backend.CustomerTest@5c8c98d1, testMethod = B6015107_testAgeMustNotBeNull@CustomerTest, testException = [null], mergedContextConfiguration = [MergedContextConfiguration@38620d5f testClass = CustomerTest, locations = '{}', classes = '{class com.cpe.backend.BackendApplication}', contextInitializerClasses = '[]', activeProfiles = '{}', propertySourceLocations = '{}', propertySourceProperties = '{org.springframework.boot.test.autoconfigure.orm.jpa.DataJpaTestContextBootstrapper=true}', contextCustomizers = set[org.springframework.boot.test.autoconfigure.OverrideAutoConfigurationContextCustomizerFactory$DisableAutoConfigurationContextCustomizer@7ef5e9d1, org.springframework.boot.test.autoconfigure.filter.TypeExcludeFiltersContextCustomizer@351584c0, org.springframework.boot.test.autoconfigure.properties.PropertyMappingContextCustomizer@5dc7d2ae, org.springframework.boot.test.autoconfigure.web.servlet.WebDriverContextCustomizerFactory$Customizer@1e10bd64, [ImportsContextCustomizer@5e0dbac9 key = [org.springframework.boot.autoconfigure.cache.CacheAutoConfiguration, org.springframework.boot.autoconfigure.data.jpa.JpaRepositoriesAutoConfiguration, org.springframework.boot.autoconfigure.flyway.FlywayAutoConfiguration, org.springframework.boot.autoconfigure.jdbc.DataSourceAutoConfiguration, org.springframework.boot.autoconfigure.jdbc.DataSourceTransactionManagerAutoConfiguration, org.springframework.boot.autoconfigure.jdbc.JdbcTemplateAutoConfiguration, org.springframework.boot.autoconfigure.liquibase.LiquibaseAutoConfiguration, org.springframework.boot.autoconfigure.orm.jpa.HibernateJpaAutoConfiguration, org.springframework.boot.autoconfigure.transaction.TransactionAutoConfiguration, org.springframework.boot.test.autoconfigure.jdbc.TestDatabaseAutoConfiguration, org.springframework.boot.test.autoconfigure.orm.jpa.TestEntityManagerAutoConfiguration]], org.springframework.boot.test.context.filter.ExcludeFilterContextCustomizer@3eeedba0, org.springframework.boot.test.json.DuplicateJsonObjectContextCustomizerFactory$DuplicateJsonObjectContextCustomizer@4c95ef13, org.springframework.boot.test.mock.mockito.MockitoContextCustomizer@0], contextLoader = 'org.springframework.boot.test.context.SpringBootContextLoader', parent = [null]], attributes = map[[empty]]]
2020-02-09 19:51:06.862  INFO 94504 --- [    Test worker] o.s.t.c.transaction.TransactionContext   : Began transaction (1) for test context [DefaultTestContext@4374e3f7 testClass = CustomerTest, testInstance = com.cpe.backend.CustomerTest@283231fa, testMethod = B6015107_testCard_numMustNotDigits@CustomerTest, testException = [null], mergedContextConfiguration = [MergedContextConfiguration@38620d5f testClass = CustomerTest, locations = '{}', classes = '{class com.cpe.backend.BackendApplication}', contextInitializerClasses = '[]', activeProfiles = '{}', propertySourceLocations = '{}', propertySourceProperties = '{org.springframework.boot.test.autoconfigure.orm.jpa.DataJpaTestContextBootstrapper=true}', contextCustomizers = set[org.springframework.boot.test.autoconfigure.OverrideAutoConfigurationContextCustomizerFactory$DisableAutoConfigurationContextCustomizer@7ef5e9d1, org.springframework.boot.test.autoconfigure.filter.TypeExcludeFiltersContextCustomizer@351584c0, org.springframework.boot.test.autoconfigure.properties.PropertyMappingContextCustomizer@5dc7d2ae, org.springframework.boot.test.autoconfigure.web.servlet.WebDriverContextCustomizerFactory$Customizer@1e10bd64, [ImportsContextCustomizer@5e0dbac9 key = [org.springframework.boot.autoconfigure.cache.CacheAutoConfiguration, org.springframework.boot.autoconfigure.data.jpa.JpaRepositoriesAutoConfiguration, org.springframework.boot.autoconfigure.flyway.FlywayAutoConfiguration, org.springframework.boot.autoconfigure.jdbc.DataSourceAutoConfiguration, org.springframework.boot.autoconfigure.jdbc.DataSourceTransactionManagerAutoConfiguration, org.springframework.boot.autoconfigure.jdbc.JdbcTemplateAutoConfiguration, org.springframework.boot.autoconfigure.liquibase.LiquibaseAutoConfiguration, org.springframework.boot.autoconfigure.orm.jpa.HibernateJpaAutoConfiguration, org.springframework.boot.autoconfigure.transaction.TransactionAutoConfiguration, org.springframework.boot.test.autoconfigure.jdbc.TestDatabaseAutoConfiguration, org.springframework.boot.test.autoconfigure.orm.jpa.TestEntityManagerAutoConfiguration]], org.springframework.boot.test.context.filter.ExcludeFilterContextCustomizer@3eeedba0, org.springframework.boot.test.json.DuplicateJsonObjectContextCustomizerFactory$DuplicateJsonObjectContextCustomizer@4c95ef13, org.springframework.boot.test.mock.mockito.MockitoContextCustomizer@0], contextLoader = 'org.springframework.boot.test.context.SpringBootContextLoader', parent = [null]], attributes = map[[empty]]]; transaction manager [org.springframework.orm.jpa.JpaTransactionManager@177de9ad]; rollback [true]
Hibernate: select job0_.job_id as job_id1_8_0_, job0_.job as job2_8_0_, cus1_.job_job_id as job_job_1_9_1_, customer2_.customer_id as cus_cust2_9_1_, customer2_.customer_id as customer1_5_2_, customer2_.address as address2_5_2_, customer2_.age as age3_5_2_, customer2_.card_num as card_num4_5_2_, customer2_.employee as employee8_5_2_, customer2_.date as date5_5_2_, customer2_.name as name6_5_2_, customer2_.tel as tel7_5_2_, customer2_.registype as registyp9_5_2_, customer2_.job as job10_5_2_, employee3_.employee_id as employee1_6_3_, employee3_.name as name2_6_3_, employee3_.password as password3_6_3_, employee3_.username as username4_6_3_, registype4_.regis_type_id as regis_ty1_23_4_, registype4_.type as type2_23_4_, cus5_.regis_type_regis_type_id as regis_ty1_24_5_, customer6_.customer_id as cus_cust2_24_5_, customer6_.customer_id as customer1_5_6_, customer6_.address as address2_5_6_, customer6_.age as age3_5_6_, customer6_.card_num as card_num4_5_6_, customer6_.employee as employee8_5_6_, customer6_.date as date5_5_6_, customer6_.name as name6_5_6_, customer6_.tel as tel7_5_6_, customer6_.registype as registyp9_5_6_, customer6_.job as job10_5_6_, job7_.job_id as job_id1_8_7_, job7_.job as job2_8_7_ from job job0_ left outer join job_cus cus1_ on job0_.job_id=cus1_.job_job_id left outer join customer customer2_ on cus1_.cus_customer_id=customer2_.customer_id left outer join employee employee3_ on customer2_.employee=employee3_.employee_id left outer join resgistype registype4_ on customer2_.registype=registype4_.regis_type_id left outer join resgistype_cus cus5_ on registype4_.regis_type_id=cus5_.regis_type_regis_type_id left outer join customer customer6_ on cus5_.cus_customer_id=customer6_.customer_id left outer join job job7_ on customer6_.job=job7_.job_id where job0_.job_id=?
Hibernate: select employee0_.employee_id as employee1_6_0_, employee0_.name as name2_6_0_, employee0_.password as password3_6_0_, employee0_.username as username4_6_0_ from employee employee0_ where employee0_.employee_id=?
Hibernate: select rent0_.employee_employee_id as employee1_7_0_, rent0_.rent_rent_car_id as rent_ren2_7_0_, rentcar1_.rent_car_id as rent_car1_18_1_, rentcar1_.employee_id as employee5_18_1_, rentcar1_.price as price2_18_1_, rentcar1_.rent_date as rent_dat3_18_1_, rentcar1_.customer_id as customer6_18_1_, rentcar1_.rentday as rentday4_18_1_, rentcar1_.car_id as car_id7_18_1_, rentcar1_.renttype_id as renttype8_18_1_, employee2_.employee_id as employee1_6_2_, employee2_.name as name2_6_2_, employee2_.password as password3_6_2_, employee2_.username as username4_6_2_, customer3_.customer_id as customer1_5_3_, customer3_.address as address2_5_3_, customer3_.age as age3_5_3_, customer3_.card_num as card_num4_5_3_, customer3_.employee as employee8_5_3_, customer3_.date as date5_5_3_, customer3_.name as name6_5_3_, customer3_.tel as tel7_5_3_, customer3_.registype as registyp9_5_3_, customer3_.job as job10_5_3_, employee4_.employee_id as employee1_6_4_, employee4_.name as name2_6_4_, employee4_.password as password3_6_4_, employee4_.username as username4_6_4_, registype5_.regis_type_id as regis_ty1_23_5_, registype5_.type as type2_23_5_, job6_.job_id as job_id1_8_6_, job6_.job as job2_8_6_, car7_.car_id as car_id1_2_7_, car7_.brand_id as brand_id4_2_7_, car7_.seat_id as seat_id5_2_7_, car7_.employee_id as employee6_2_7_, car7_.plate as plate2_2_7_, car7_.province_id as province7_2_7_, car7_.vin as vin3_2_7_, brand8_.brand_id as brand_id1_0_8_, brand8_.brand as brand2_0_8_, carseat9_.seat_id as seat_id1_3_9_, carseat9_.carseat as carseat2_3_9_, employee10_.employee_id as employee1_6_10_, employee10_.name as name2_6_10_, employee10_.password as password3_6_10_, employee10_.username as username4_6_10_, province11_.province_id as province1_16_11_, province11_.province as province2_16_11_, renttype12_.renttype_id as renttype1_19_12_, renttype12_.nametype as nametype2_19_12_, renttype12_.unitprice as unitpric3_19_12_ from employee_rent rent0_ inner join rent_car rentcar1_ on rent0_.rent_rent_car_id=rentcar1_.rent_car_id inner join employee employee2_ on rentcar1_.employee_id=employee2_.employee_id inner join customer customer3_ on rentcar1_.customer_id=customer3_.customer_id inner join employee employee4_ on customer3_.employee=employee4_.employee_id inner join resgistype registype5_ on customer3_.registype=registype5_.regis_type_id inner join job job6_ on customer3_.job=job6_.job_id inner join car car7_ on rentcar1_.car_id=car7_.car_id inner join brand brand8_ on car7_.brand_id=brand8_.brand_id inner join carseat carseat9_ on car7_.seat_id=carseat9_.seat_id inner join employee employee10_ on car7_.employee_id=employee10_.employee_id inner join plateprovince province11_ on car7_.province_id=province11_.province_id inner join renttype renttype12_ on rentcar1_.renttype_id=renttype12_.renttype_id where rent0_.employee_employee_id=?
Hibernate: select registype0_.regis_type_id as regis_ty1_23_0_, registype0_.type as type2_23_0_, cus1_.regis_type_regis_type_id as regis_ty1_24_1_, customer2_.customer_id as cus_cust2_24_1_, customer2_.customer_id as customer1_5_2_, customer2_.address as address2_5_2_, customer2_.age as age3_5_2_, customer2_.card_num as card_num4_5_2_, customer2_.employee as employee8_5_2_, customer2_.date as date5_5_2_, customer2_.name as name6_5_2_, customer2_.tel as tel7_5_2_, customer2_.registype as registyp9_5_2_, customer2_.job as job10_5_2_, employee3_.employee_id as employee1_6_3_, employee3_.name as name2_6_3_, employee3_.password as password3_6_3_, employee3_.username as username4_6_3_, registype4_.regis_type_id as regis_ty1_23_4_, registype4_.type as type2_23_4_, job5_.job_id as job_id1_8_5_, job5_.job as job2_8_5_, cus6_.job_job_id as job_job_1_9_6_, customer7_.customer_id as cus_cust2_9_6_, customer7_.customer_id as customer1_5_7_, customer7_.address as address2_5_7_, customer7_.age as age3_5_7_, customer7_.card_num as card_num4_5_7_, customer7_.employee as employee8_5_7_, customer7_.date as date5_5_7_, customer7_.name as name6_5_7_, customer7_.tel as tel7_5_7_, customer7_.registype as registyp9_5_7_, customer7_.job as job10_5_7_ from resgistype registype0_ left outer join resgistype_cus cus1_ on registype0_.regis_type_id=cus1_.regis_type_regis_type_id left outer join customer customer2_ on cus1_.cus_customer_id=customer2_.customer_id left outer join employee employee3_ on customer2_.employee=employee3_.employee_id left outer join resgistype registype4_ on customer2_.registype=registype4_.regis_type_id left outer join job job5_ on customer2_.job=job5_.job_id left outer join job_cus cus6_ on job5_.job_id=cus6_.job_job_id left outer join customer customer7_ on cus6_.cus_customer_id=customer7_.customer_id where registype0_.regis_type_id=?
2020-02-09 19:51:06.886  INFO 94504 --- [    Test worker] o.s.t.c.transaction.TransactionContext   : Rolled back transaction for test: [DefaultTestContext@4374e3f7 testClass = CustomerTest, testInstance = com.cpe.backend.CustomerTest@283231fa, testMethod = B6015107_testCard_numMustNotDigits@CustomerTest, testException = [null], mergedContextConfiguration = [MergedContextConfiguration@38620d5f testClass = CustomerTest, locations = '{}', classes = '{class com.cpe.backend.BackendApplication}', contextInitializerClasses = '[]', activeProfiles = '{}', propertySourceLocations = '{}', propertySourceProperties = '{org.springframework.boot.test.autoconfigure.orm.jpa.DataJpaTestContextBootstrapper=true}', contextCustomizers = set[org.springframework.boot.test.autoconfigure.OverrideAutoConfigurationContextCustomizerFactory$DisableAutoConfigurationContextCustomizer@7ef5e9d1, org.springframework.boot.test.autoconfigure.filter.TypeExcludeFiltersContextCustomizer@351584c0, org.springframework.boot.test.autoconfigure.properties.PropertyMappingContextCustomizer@5dc7d2ae, org.springframework.boot.test.autoconfigure.web.servlet.WebDriverContextCustomizerFactory$Customizer@1e10bd64, [ImportsContextCustomizer@5e0dbac9 key = [org.springframework.boot.autoconfigure.cache.CacheAutoConfiguration, org.springframework.boot.autoconfigure.data.jpa.JpaRepositoriesAutoConfiguration, org.springframework.boot.autoconfigure.flyway.FlywayAutoConfiguration, org.springframework.boot.autoconfigure.jdbc.DataSourceAutoConfiguration, org.springframework.boot.autoconfigure.jdbc.DataSourceTransactionManagerAutoConfiguration, org.springframework.boot.autoconfigure.jdbc.JdbcTemplateAutoConfiguration, org.springframework.boot.autoconfigure.liquibase.LiquibaseAutoConfiguration, org.springframework.boot.autoconfigure.orm.jpa.HibernateJpaAutoConfiguration, org.springframework.boot.autoconfigure.transaction.TransactionAutoConfiguration, org.springframework.boot.test.autoconfigure.jdbc.TestDatabaseAutoConfiguration, org.springframework.boot.test.autoconfigure.orm.jpa.TestEntityManagerAutoConfiguration]], org.springframework.boot.test.context.filter.ExcludeFilterContextCustomizer@3eeedba0, org.springframework.boot.test.json.DuplicateJsonObjectContextCustomizerFactory$DuplicateJsonObjectContextCustomizer@4c95ef13, org.springframework.boot.test.mock.mockito.MockitoContextCustomizer@0], contextLoader = 'org.springframework.boot.test.context.SpringBootContextLoader', parent = [null]], attributes = map[[empty]]]
2020-02-09 19:51:06.888  INFO 94504 --- [    Test worker] o.s.t.c.transaction.TransactionContext   : Began transaction (1) for test context [DefaultTestContext@4374e3f7 testClass = CustomerTest, testInstance = com.cpe.backend.CustomerTest@3ffd1de3, testMethod = B6015107_testAddressMustMatch@CustomerTest, testException = [null], mergedContextConfiguration = [MergedContextConfiguration@38620d5f testClass = CustomerTest, locations = '{}', classes = '{class com.cpe.backend.BackendApplication}', contextInitializerClasses = '[]', activeProfiles = '{}', propertySourceLocations = '{}', propertySourceProperties = '{org.springframework.boot.test.autoconfigure.orm.jpa.DataJpaTestContextBootstrapper=true}', contextCustomizers = set[org.springframework.boot.test.autoconfigure.OverrideAutoConfigurationContextCustomizerFactory$DisableAutoConfigurationContextCustomizer@7ef5e9d1, org.springframework.boot.test.autoconfigure.filter.TypeExcludeFiltersContextCustomizer@351584c0, org.springframework.boot.test.autoconfigure.properties.PropertyMappingContextCustomizer@5dc7d2ae, org.springframework.boot.test.autoconfigure.web.servlet.WebDriverContextCustomizerFactory$Customizer@1e10bd64, [ImportsContextCustomizer@5e0dbac9 key = [org.springframework.boot.autoconfigure.cache.CacheAutoConfiguration, org.springframework.boot.autoconfigure.data.jpa.JpaRepositoriesAutoConfiguration, org.springframework.boot.autoconfigure.flyway.FlywayAutoConfiguration, org.springframework.boot.autoconfigure.jdbc.DataSourceAutoConfiguration, org.springframework.boot.autoconfigure.jdbc.DataSourceTransactionManagerAutoConfiguration, org.springframework.boot.autoconfigure.jdbc.JdbcTemplateAutoConfiguration, org.springframework.boot.autoconfigure.liquibase.LiquibaseAutoConfiguration, org.springframework.boot.autoconfigure.orm.jpa.HibernateJpaAutoConfiguration, org.springframework.boot.autoconfigure.transaction.TransactionAutoConfiguration, org.springframework.boot.test.autoconfigure.jdbc.TestDatabaseAutoConfiguration, org.springframework.boot.test.autoconfigure.orm.jpa.TestEntityManagerAutoConfiguration]], org.springframework.boot.test.context.filter.ExcludeFilterContextCustomizer@3eeedba0, org.springframework.boot.test.json.DuplicateJsonObjectContextCustomizerFactory$DuplicateJsonObjectContextCustomizer@4c95ef13, org.springframework.boot.test.mock.mockito.MockitoContextCustomizer@0], contextLoader = 'org.springframework.boot.test.context.SpringBootContextLoader', parent = [null]], attributes = map[[empty]]]; transaction manager [org.springframework.orm.jpa.JpaTransactionManager@177de9ad]; rollback [true]
Hibernate: select job0_.job_id as job_id1_8_0_, job0_.job as job2_8_0_, cus1_.job_job_id as job_job_1_9_1_, customer2_.customer_id as cus_cust2_9_1_, customer2_.customer_id as customer1_5_2_, customer2_.address as address2_5_2_, customer2_.age as age3_5_2_, customer2_.card_num as card_num4_5_2_, customer2_.employee as employee8_5_2_, customer2_.date as date5_5_2_, customer2_.name as name6_5_2_, customer2_.tel as tel7_5_2_, customer2_.registype as registyp9_5_2_, customer2_.job as job10_5_2_, employee3_.employee_id as employee1_6_3_, employee3_.name as name2_6_3_, employee3_.password as password3_6_3_, employee3_.username as username4_6_3_, registype4_.regis_type_id as regis_ty1_23_4_, registype4_.type as type2_23_4_, cus5_.regis_type_regis_type_id as regis_ty1_24_5_, customer6_.customer_id as cus_cust2_24_5_, customer6_.customer_id as customer1_5_6_, customer6_.address as address2_5_6_, customer6_.age as age3_5_6_, customer6_.card_num as card_num4_5_6_, customer6_.employee as employee8_5_6_, customer6_.date as date5_5_6_, customer6_.name as name6_5_6_, customer6_.tel as tel7_5_6_, customer6_.registype as registyp9_5_6_, customer6_.job as job10_5_6_, job7_.job_id as job_id1_8_7_, job7_.job as job2_8_7_ from job job0_ left outer join job_cus cus1_ on job0_.job_id=cus1_.job_job_id left outer join customer customer2_ on cus1_.cus_customer_id=customer2_.customer_id left outer join employee employee3_ on customer2_.employee=employee3_.employee_id left outer join resgistype registype4_ on customer2_.registype=registype4_.regis_type_id left outer join resgistype_cus cus5_ on registype4_.regis_type_id=cus5_.regis_type_regis_type_id left outer join customer customer6_ on cus5_.cus_customer_id=customer6_.customer_id left outer join job job7_ on customer6_.job=job7_.job_id where job0_.job_id=?
Hibernate: select employee0_.employee_id as employee1_6_0_, employee0_.name as name2_6_0_, employee0_.password as password3_6_0_, employee0_.username as username4_6_0_ from employee employee0_ where employee0_.employee_id=?
Hibernate: select rent0_.employee_employee_id as employee1_7_0_, rent0_.rent_rent_car_id as rent_ren2_7_0_, rentcar1_.rent_car_id as rent_car1_18_1_, rentcar1_.employee_id as employee5_18_1_, rentcar1_.price as price2_18_1_, rentcar1_.rent_date as rent_dat3_18_1_, rentcar1_.customer_id as customer6_18_1_, rentcar1_.rentday as rentday4_18_1_, rentcar1_.car_id as car_id7_18_1_, rentcar1_.renttype_id as renttype8_18_1_, employee2_.employee_id as employee1_6_2_, employee2_.name as name2_6_2_, employee2_.password as password3_6_2_, employee2_.username as username4_6_2_, customer3_.customer_id as customer1_5_3_, customer3_.address as address2_5_3_, customer3_.age as age3_5_3_, customer3_.card_num as card_num4_5_3_, customer3_.employee as employee8_5_3_, customer3_.date as date5_5_3_, customer3_.name as name6_5_3_, customer3_.tel as tel7_5_3_, customer3_.registype as registyp9_5_3_, customer3_.job as job10_5_3_, employee4_.employee_id as employee1_6_4_, employee4_.name as name2_6_4_, employee4_.password as password3_6_4_, employee4_.username as username4_6_4_, registype5_.regis_type_id as regis_ty1_23_5_, registype5_.type as type2_23_5_, job6_.job_id as job_id1_8_6_, job6_.job as job2_8_6_, car7_.car_id as car_id1_2_7_, car7_.brand_id as brand_id4_2_7_, car7_.seat_id as seat_id5_2_7_, car7_.employee_id as employee6_2_7_, car7_.plate as plate2_2_7_, car7_.province_id as province7_2_7_, car7_.vin as vin3_2_7_, brand8_.brand_id as brand_id1_0_8_, brand8_.brand as brand2_0_8_, carseat9_.seat_id as seat_id1_3_9_, carseat9_.carseat as carseat2_3_9_, employee10_.employee_id as employee1_6_10_, employee10_.name as name2_6_10_, employee10_.password as password3_6_10_, employee10_.username as username4_6_10_, province11_.province_id as province1_16_11_, province11_.province as province2_16_11_, renttype12_.renttype_id as renttype1_19_12_, renttype12_.nametype as nametype2_19_12_, renttype12_.unitprice as unitpric3_19_12_ from employee_rent rent0_ inner join rent_car rentcar1_ on rent0_.rent_rent_car_id=rentcar1_.rent_car_id inner join employee employee2_ on rentcar1_.employee_id=employee2_.employee_id inner join customer customer3_ on rentcar1_.customer_id=customer3_.customer_id inner join employee employee4_ on customer3_.employee=employee4_.employee_id inner join resgistype registype5_ on customer3_.registype=registype5_.regis_type_id inner join job job6_ on customer3_.job=job6_.job_id inner join car car7_ on rentcar1_.car_id=car7_.car_id inner join brand brand8_ on car7_.brand_id=brand8_.brand_id inner join carseat carseat9_ on car7_.seat_id=carseat9_.seat_id inner join employee employee10_ on car7_.employee_id=employee10_.employee_id inner join plateprovince province11_ on car7_.province_id=province11_.province_id inner join renttype renttype12_ on rentcar1_.renttype_id=renttype12_.renttype_id where rent0_.employee_employee_id=?
Hibernate: select registype0_.regis_type_id as regis_ty1_23_0_, registype0_.type as type2_23_0_, cus1_.regis_type_regis_type_id as regis_ty1_24_1_, customer2_.customer_id as cus_cust2_24_1_, customer2_.customer_id as customer1_5_2_, customer2_.address as address2_5_2_, customer2_.age as age3_5_2_, customer2_.card_num as card_num4_5_2_, customer2_.employee as employee8_5_2_, customer2_.date as date5_5_2_, customer2_.name as name6_5_2_, customer2_.tel as tel7_5_2_, customer2_.registype as registyp9_5_2_, customer2_.job as job10_5_2_, employee3_.employee_id as employee1_6_3_, employee3_.name as name2_6_3_, employee3_.password as password3_6_3_, employee3_.username as username4_6_3_, registype4_.regis_type_id as regis_ty1_23_4_, registype4_.type as type2_23_4_, job5_.job_id as job_id1_8_5_, job5_.job as job2_8_5_, cus6_.job_job_id as job_job_1_9_6_, customer7_.customer_id as cus_cust2_9_6_, customer7_.customer_id as customer1_5_7_, customer7_.address as address2_5_7_, customer7_.age as age3_5_7_, customer7_.card_num as card_num4_5_7_, customer7_.employee as employee8_5_7_, customer7_.date as date5_5_7_, customer7_.name as name6_5_7_, customer7_.tel as tel7_5_7_, customer7_.registype as registyp9_5_7_, customer7_.job as job10_5_7_ from resgistype registype0_ left outer join resgistype_cus cus1_ on registype0_.regis_type_id=cus1_.regis_type_regis_type_id left outer join customer customer2_ on cus1_.cus_customer_id=customer2_.customer_id left outer join employee employee3_ on customer2_.employee=employee3_.employee_id left outer join resgistype registype4_ on customer2_.registype=registype4_.regis_type_id left outer join job job5_ on customer2_.job=job5_.job_id left outer join job_cus cus6_ on job5_.job_id=cus6_.job_job_id left outer join customer customer7_ on cus6_.cus_customer_id=customer7_.customer_id where registype0_.regis_type_id=?
2020-02-09 19:51:06.906  INFO 94504 --- [    Test worker] o.s.t.c.transaction.TransactionContext   : Rolled back transaction for test: [DefaultTestContext@4374e3f7 testClass = CustomerTest, testInstance = com.cpe.backend.CustomerTest@3ffd1de3, testMethod = B6015107_testAddressMustMatch@CustomerTest, testException = [null], mergedContextConfiguration = [MergedContextConfiguration@38620d5f testClass = CustomerTest, locations = '{}', classes = '{class com.cpe.backend.BackendApplication}', contextInitializerClasses = '[]', activeProfiles = '{}', propertySourceLocations = '{}', propertySourceProperties = '{org.springframework.boot.test.autoconfigure.orm.jpa.DataJpaTestContextBootstrapper=true}', contextCustomizers = set[org.springframework.boot.test.autoconfigure.OverrideAutoConfigurationContextCustomizerFactory$DisableAutoConfigurationContextCustomizer@7ef5e9d1, org.springframework.boot.test.autoconfigure.filter.TypeExcludeFiltersContextCustomizer@351584c0, org.springframework.boot.test.autoconfigure.properties.PropertyMappingContextCustomizer@5dc7d2ae, org.springframework.boot.test.autoconfigure.web.servlet.WebDriverContextCustomizerFactory$Customizer@1e10bd64, [ImportsContextCustomizer@5e0dbac9 key = [org.springframework.boot.autoconfigure.cache.CacheAutoConfiguration, org.springframework.boot.autoconfigure.data.jpa.JpaRepositoriesAutoConfiguration, org.springframework.boot.autoconfigure.flyway.FlywayAutoConfiguration, org.springframework.boot.autoconfigure.jdbc.DataSourceAutoConfiguration, org.springframework.boot.autoconfigure.jdbc.DataSourceTransactionManagerAutoConfiguration, org.springframework.boot.autoconfigure.jdbc.JdbcTemplateAutoConfiguration, org.springframework.boot.autoconfigure.liquibase.LiquibaseAutoConfiguration, org.springframework.boot.autoconfigure.orm.jpa.HibernateJpaAutoConfiguration, org.springframework.boot.autoconfigure.transaction.TransactionAutoConfiguration, org.springframework.boot.test.autoconfigure.jdbc.TestDatabaseAutoConfiguration, org.springframework.boot.test.autoconfigure.orm.jpa.TestEntityManagerAutoConfiguration]], org.springframework.boot.test.context.filter.ExcludeFilterContextCustomizer@3eeedba0, org.springframework.boot.test.json.DuplicateJsonObjectContextCustomizerFactory$DuplicateJsonObjectContextCustomizer@4c95ef13, org.springframework.boot.test.mock.mockito.MockitoContextCustomizer@0], contextLoader = 'org.springframework.boot.test.context.SpringBootContextLoader', parent = [null]], attributes = map[[empty]]]
2020-02-09 19:51:06.907  INFO 94504 --- [    Test worker] o.s.t.c.transaction.TransactionContext   : Began transaction (1) for test context [DefaultTestContext@4374e3f7 testClass = CustomerTest, testInstance = com.cpe.backend.CustomerTest@71b0e2ee, testMethod = B6015107_testCard_numMustNotBe14Digits@CustomerTest, testException = [null], mergedContextConfiguration = [MergedContextConfiguration@38620d5f testClass = CustomerTest, locations = '{}', classes = '{class com.cpe.backend.BackendApplication}', contextInitializerClasses = '[]', activeProfiles = '{}', propertySourceLocations = '{}', propertySourceProperties = '{org.springframework.boot.test.autoconfigure.orm.jpa.DataJpaTestContextBootstrapper=true}', contextCustomizers = set[org.springframework.boot.test.autoconfigure.OverrideAutoConfigurationContextCustomizerFactory$DisableAutoConfigurationContextCustomizer@7ef5e9d1, org.springframework.boot.test.autoconfigure.filter.TypeExcludeFiltersContextCustomizer@351584c0, org.springframework.boot.test.autoconfigure.properties.PropertyMappingContextCustomizer@5dc7d2ae, org.springframework.boot.test.autoconfigure.web.servlet.WebDriverContextCustomizerFactory$Customizer@1e10bd64, [ImportsContextCustomizer@5e0dbac9 key = [org.springframework.boot.autoconfigure.cache.CacheAutoConfiguration, org.springframework.boot.autoconfigure.data.jpa.JpaRepositoriesAutoConfiguration, org.springframework.boot.autoconfigure.flyway.FlywayAutoConfiguration, org.springframework.boot.autoconfigure.jdbc.DataSourceAutoConfiguration, org.springframework.boot.autoconfigure.jdbc.DataSourceTransactionManagerAutoConfiguration, org.springframework.boot.autoconfigure.jdbc.JdbcTemplateAutoConfiguration, org.springframework.boot.autoconfigure.liquibase.LiquibaseAutoConfiguration, org.springframework.boot.autoconfigure.orm.jpa.HibernateJpaAutoConfiguration, org.springframework.boot.autoconfigure.transaction.TransactionAutoConfiguration, org.springframework.boot.test.autoconfigure.jdbc.TestDatabaseAutoConfiguration, org.springframework.boot.test.autoconfigure.orm.jpa.TestEntityManagerAutoConfiguration]], org.springframework.boot.test.context.filter.ExcludeFilterContextCustomizer@3eeedba0, org.springframework.boot.test.json.DuplicateJsonObjectContextCustomizerFactory$DuplicateJsonObjectContextCustomizer@4c95ef13, org.springframework.boot.test.mock.mockito.MockitoContextCustomizer@0], contextLoader = 'org.springframework.boot.test.context.SpringBootContextLoader', parent = [null]], attributes = map[[empty]]]; transaction manager [org.springframework.orm.jpa.JpaTransactionManager@177de9ad]; rollback [true]
Hibernate: select job0_.job_id as job_id1_8_0_, job0_.job as job2_8_0_, cus1_.job_job_id as job_job_1_9_1_, customer2_.customer_id as cus_cust2_9_1_, customer2_.customer_id as customer1_5_2_, customer2_.address as address2_5_2_, customer2_.age as age3_5_2_, customer2_.card_num as card_num4_5_2_, customer2_.employee as employee8_5_2_, customer2_.date as date5_5_2_, customer2_.name as name6_5_2_, customer2_.tel as tel7_5_2_, customer2_.registype as registyp9_5_2_, customer2_.job as job10_5_2_, employee3_.employee_id as employee1_6_3_, employee3_.name as name2_6_3_, employee3_.password as password3_6_3_, employee3_.username as username4_6_3_, registype4_.regis_type_id as regis_ty1_23_4_, registype4_.type as type2_23_4_, cus5_.regis_type_regis_type_id as regis_ty1_24_5_, customer6_.customer_id as cus_cust2_24_5_, customer6_.customer_id as customer1_5_6_, customer6_.address as address2_5_6_, customer6_.age as age3_5_6_, customer6_.card_num as card_num4_5_6_, customer6_.employee as employee8_5_6_, customer6_.date as date5_5_6_, customer6_.name as name6_5_6_, customer6_.tel as tel7_5_6_, customer6_.registype as registyp9_5_6_, customer6_.job as job10_5_6_, job7_.job_id as job_id1_8_7_, job7_.job as job2_8_7_ from job job0_ left outer join job_cus cus1_ on job0_.job_id=cus1_.job_job_id left outer join customer customer2_ on cus1_.cus_customer_id=customer2_.customer_id left outer join employee employee3_ on customer2_.employee=employee3_.employee_id left outer join resgistype registype4_ on customer2_.registype=registype4_.regis_type_id left outer join resgistype_cus cus5_ on registype4_.regis_type_id=cus5_.regis_type_regis_type_id left outer join customer customer6_ on cus5_.cus_customer_id=customer6_.customer_id left outer join job job7_ on customer6_.job=job7_.job_id where job0_.job_id=?
Hibernate: select employee0_.employee_id as employee1_6_0_, employee0_.name as name2_6_0_, employee0_.password as password3_6_0_, employee0_.username as username4_6_0_ from employee employee0_ where employee0_.employee_id=?
Hibernate: select rent0_.employee_employee_id as employee1_7_0_, rent0_.rent_rent_car_id as rent_ren2_7_0_, rentcar1_.rent_car_id as rent_car1_18_1_, rentcar1_.employee_id as employee5_18_1_, rentcar1_.price as price2_18_1_, rentcar1_.rent_date as rent_dat3_18_1_, rentcar1_.customer_id as customer6_18_1_, rentcar1_.rentday as rentday4_18_1_, rentcar1_.car_id as car_id7_18_1_, rentcar1_.renttype_id as renttype8_18_1_, employee2_.employee_id as employee1_6_2_, employee2_.name as name2_6_2_, employee2_.password as password3_6_2_, employee2_.username as username4_6_2_, customer3_.customer_id as customer1_5_3_, customer3_.address as address2_5_3_, customer3_.age as age3_5_3_, customer3_.card_num as card_num4_5_3_, customer3_.employee as employee8_5_3_, customer3_.date as date5_5_3_, customer3_.name as name6_5_3_, customer3_.tel as tel7_5_3_, customer3_.registype as registyp9_5_3_, customer3_.job as job10_5_3_, employee4_.employee_id as employee1_6_4_, employee4_.name as name2_6_4_, employee4_.password as password3_6_4_, employee4_.username as username4_6_4_, registype5_.regis_type_id as regis_ty1_23_5_, registype5_.type as type2_23_5_, job6_.job_id as job_id1_8_6_, job6_.job as job2_8_6_, car7_.car_id as car_id1_2_7_, car7_.brand_id as brand_id4_2_7_, car7_.seat_id as seat_id5_2_7_, car7_.employee_id as employee6_2_7_, car7_.plate as plate2_2_7_, car7_.province_id as province7_2_7_, car7_.vin as vin3_2_7_, brand8_.brand_id as brand_id1_0_8_, brand8_.brand as brand2_0_8_, carseat9_.seat_id as seat_id1_3_9_, carseat9_.carseat as carseat2_3_9_, employee10_.employee_id as employee1_6_10_, employee10_.name as name2_6_10_, employee10_.password as password3_6_10_, employee10_.username as username4_6_10_, province11_.province_id as province1_16_11_, province11_.province as province2_16_11_, renttype12_.renttype_id as renttype1_19_12_, renttype12_.nametype as nametype2_19_12_, renttype12_.unitprice as unitpric3_19_12_ from employee_rent rent0_ inner join rent_car rentcar1_ on rent0_.rent_rent_car_id=rentcar1_.rent_car_id inner join employee employee2_ on rentcar1_.employee_id=employee2_.employee_id inner join customer customer3_ on rentcar1_.customer_id=customer3_.customer_id inner join employee employee4_ on customer3_.employee=employee4_.employee_id inner join resgistype registype5_ on customer3_.registype=registype5_.regis_type_id inner join job job6_ on customer3_.job=job6_.job_id inner join car car7_ on rentcar1_.car_id=car7_.car_id inner join brand brand8_ on car7_.brand_id=brand8_.brand_id inner join carseat carseat9_ on car7_.seat_id=carseat9_.seat_id inner join employee employee10_ on car7_.employee_id=employee10_.employee_id inner join plateprovince province11_ on car7_.province_id=province11_.province_id inner join renttype renttype12_ on rentcar1_.renttype_id=renttype12_.renttype_id where rent0_.employee_employee_id=?
Hibernate: select registype0_.regis_type_id as regis_ty1_23_0_, registype0_.type as type2_23_0_, cus1_.regis_type_regis_type_id as regis_ty1_24_1_, customer2_.customer_id as cus_cust2_24_1_, customer2_.customer_id as customer1_5_2_, customer2_.address as address2_5_2_, customer2_.age as age3_5_2_, customer2_.card_num as card_num4_5_2_, customer2_.employee as employee8_5_2_, customer2_.date as date5_5_2_, customer2_.name as name6_5_2_, customer2_.tel as tel7_5_2_, customer2_.registype as registyp9_5_2_, customer2_.job as job10_5_2_, employee3_.employee_id as employee1_6_3_, employee3_.name as name2_6_3_, employee3_.password as password3_6_3_, employee3_.username as username4_6_3_, registype4_.regis_type_id as regis_ty1_23_4_, registype4_.type as type2_23_4_, job5_.job_id as job_id1_8_5_, job5_.job as job2_8_5_, cus6_.job_job_id as job_job_1_9_6_, customer7_.customer_id as cus_cust2_9_6_, customer7_.customer_id as customer1_5_7_, customer7_.address as address2_5_7_, customer7_.age as age3_5_7_, customer7_.card_num as card_num4_5_7_, customer7_.employee as employee8_5_7_, customer7_.date as date5_5_7_, customer7_.name as name6_5_7_, customer7_.tel as tel7_5_7_, customer7_.registype as registyp9_5_7_, customer7_.job as job10_5_7_ from resgistype registype0_ left outer join resgistype_cus cus1_ on registype0_.regis_type_id=cus1_.regis_type_regis_type_id left outer join customer customer2_ on cus1_.cus_customer_id=customer2_.customer_id left outer join employee employee3_ on customer2_.employee=employee3_.employee_id left outer join resgistype registype4_ on customer2_.registype=registype4_.regis_type_id left outer join job job5_ on customer2_.job=job5_.job_id left outer join job_cus cus6_ on job5_.job_id=cus6_.job_job_id left outer join customer customer7_ on cus6_.cus_customer_id=customer7_.customer_id where registype0_.regis_type_id=?
2020-02-09 19:51:06.923  INFO 94504 --- [    Test worker] o.s.t.c.transaction.TransactionContext   : Rolled back transaction for test: [DefaultTestContext@4374e3f7 testClass = CustomerTest, testInstance = com.cpe.backend.CustomerTest@71b0e2ee, testMethod = B6015107_testCard_numMustNotBe14Digits@CustomerTest, testException = [null], mergedContextConfiguration = [MergedContextConfiguration@38620d5f testClass = CustomerTest, locations = '{}', classes = '{class com.cpe.backend.BackendApplication}', contextInitializerClasses = '[]', activeProfiles = '{}', propertySourceLocations = '{}', propertySourceProperties = '{org.springframework.boot.test.autoconfigure.orm.jpa.DataJpaTestContextBootstrapper=true}', contextCustomizers = set[org.springframework.boot.test.autoconfigure.OverrideAutoConfigurationContextCustomizerFactory$DisableAutoConfigurationContextCustomizer@7ef5e9d1, org.springframework.boot.test.autoconfigure.filter.TypeExcludeFiltersContextCustomizer@351584c0, org.springframework.boot.test.autoconfigure.properties.PropertyMappingContextCustomizer@5dc7d2ae, org.springframework.boot.test.autoconfigure.web.servlet.WebDriverContextCustomizerFactory$Customizer@1e10bd64, [ImportsContextCustomizer@5e0dbac9 key = [org.springframework.boot.autoconfigure.cache.CacheAutoConfiguration, org.springframework.boot.autoconfigure.data.jpa.JpaRepositoriesAutoConfiguration, org.springframework.boot.autoconfigure.flyway.FlywayAutoConfiguration, org.springframework.boot.autoconfigure.jdbc.DataSourceAutoConfiguration, org.springframework.boot.autoconfigure.jdbc.DataSourceTransactionManagerAutoConfiguration, org.springframework.boot.autoconfigure.jdbc.JdbcTemplateAutoConfiguration, org.springframework.boot.autoconfigure.liquibase.LiquibaseAutoConfiguration, org.springframework.boot.autoconfigure.orm.jpa.HibernateJpaAutoConfiguration, org.springframework.boot.autoconfigure.transaction.TransactionAutoConfiguration, org.springframework.boot.test.autoconfigure.jdbc.TestDatabaseAutoConfiguration, org.springframework.boot.test.autoconfigure.orm.jpa.TestEntityManagerAutoConfiguration]], org.springframework.boot.test.context.filter.ExcludeFilterContextCustomizer@3eeedba0, org.springframework.boot.test.json.DuplicateJsonObjectContextCustomizerFactory$DuplicateJsonObjectContextCustomizer@4c95ef13, org.springframework.boot.test.mock.mockito.MockitoContextCustomizer@0], contextLoader = 'org.springframework.boot.test.context.SpringBootContextLoader', parent = [null]], attributes = map[[empty]]]
2020-02-09 19:51:06.926  INFO 94504 --- [    Test worker] o.s.t.c.transaction.TransactionContext   : Began transaction (1) for test context [DefaultTestContext@4374e3f7 testClass = CustomerTest, testInstance = com.cpe.backend.CustomerTest@19cef2da, testMethod = B6015107_testCustomerOK@CustomerTest, testException = [null], mergedContextConfiguration = [MergedContextConfiguration@38620d5f testClass = CustomerTest, locations = '{}', classes = '{class com.cpe.backend.BackendApplication}', contextInitializerClasses = '[]', activeProfiles = '{}', propertySourceLocations = '{}', propertySourceProperties = '{org.springframework.boot.test.autoconfigure.orm.jpa.DataJpaTestContextBootstrapper=true}', contextCustomizers = set[org.springframework.boot.test.autoconfigure.OverrideAutoConfigurationContextCustomizerFactory$DisableAutoConfigurationContextCustomizer@7ef5e9d1, org.springframework.boot.test.autoconfigure.filter.TypeExcludeFiltersContextCustomizer@351584c0, org.springframework.boot.test.autoconfigure.properties.PropertyMappingContextCustomizer@5dc7d2ae, org.springframework.boot.test.autoconfigure.web.servlet.WebDriverContextCustomizerFactory$Customizer@1e10bd64, [ImportsContextCustomizer@5e0dbac9 key = [org.springframework.boot.autoconfigure.cache.CacheAutoConfiguration, org.springframework.boot.autoconfigure.data.jpa.JpaRepositoriesAutoConfiguration, org.springframework.boot.autoconfigure.flyway.FlywayAutoConfiguration, org.springframework.boot.autoconfigure.jdbc.DataSourceAutoConfiguration, org.springframework.boot.autoconfigure.jdbc.DataSourceTransactionManagerAutoConfiguration, org.springframework.boot.autoconfigure.jdbc.JdbcTemplateAutoConfiguration, org.springframework.boot.autoconfigure.liquibase.LiquibaseAutoConfiguration, org.springframework.boot.autoconfigure.orm.jpa.HibernateJpaAutoConfiguration, org.springframework.boot.autoconfigure.transaction.TransactionAutoConfiguration, org.springframework.boot.test.autoconfigure.jdbc.TestDatabaseAutoConfiguration, org.springframework.boot.test.autoconfigure.orm.jpa.TestEntityManagerAutoConfiguration]], org.springframework.boot.test.context.filter.ExcludeFilterContextCustomizer@3eeedba0, org.springframework.boot.test.json.DuplicateJsonObjectContextCustomizerFactory$DuplicateJsonObjectContextCustomizer@4c95ef13, org.springframework.boot.test.mock.mockito.MockitoContextCustomizer@0], contextLoader = 'org.springframework.boot.test.context.SpringBootContextLoader', parent = [null]], attributes = map[[empty]]]; transaction manager [org.springframework.orm.jpa.JpaTransactionManager@177de9ad]; rollback [true]
Hibernate: select job0_.job_id as job_id1_8_0_, job0_.job as job2_8_0_, cus1_.job_job_id as job_job_1_9_1_, customer2_.customer_id as cus_cust2_9_1_, customer2_.customer_id as customer1_5_2_, customer2_.address as address2_5_2_, customer2_.age as age3_5_2_, customer2_.card_num as card_num4_5_2_, customer2_.employee as employee8_5_2_, customer2_.date as date5_5_2_, customer2_.name as name6_5_2_, customer2_.tel as tel7_5_2_, customer2_.registype as registyp9_5_2_, customer2_.job as job10_5_2_, employee3_.employee_id as employee1_6_3_, employee3_.name as name2_6_3_, employee3_.password as password3_6_3_, employee3_.username as username4_6_3_, registype4_.regis_type_id as regis_ty1_23_4_, registype4_.type as type2_23_4_, cus5_.regis_type_regis_type_id as regis_ty1_24_5_, customer6_.customer_id as cus_cust2_24_5_, customer6_.customer_id as customer1_5_6_, customer6_.address as address2_5_6_, customer6_.age as age3_5_6_, customer6_.card_num as card_num4_5_6_, customer6_.employee as employee8_5_6_, customer6_.date as date5_5_6_, customer6_.name as name6_5_6_, customer6_.tel as tel7_5_6_, customer6_.registype as registyp9_5_6_, customer6_.job as job10_5_6_, job7_.job_id as job_id1_8_7_, job7_.job as job2_8_7_ from job job0_ left outer join job_cus cus1_ on job0_.job_id=cus1_.job_job_id left outer join customer customer2_ on cus1_.cus_customer_id=customer2_.customer_id left outer join employee employee3_ on customer2_.employee=employee3_.employee_id left outer join resgistype registype4_ on customer2_.registype=registype4_.regis_type_id left outer join resgistype_cus cus5_ on registype4_.regis_type_id=cus5_.regis_type_regis_type_id left outer join customer customer6_ on cus5_.cus_customer_id=customer6_.customer_id left outer join job job7_ on customer6_.job=job7_.job_id where job0_.job_id=?
Hibernate: select employee0_.employee_id as employee1_6_0_, employee0_.name as name2_6_0_, employee0_.password as password3_6_0_, employee0_.username as username4_6_0_ from employee employee0_ where employee0_.employee_id=?
Hibernate: select rent0_.employee_employee_id as employee1_7_0_, rent0_.rent_rent_car_id as rent_ren2_7_0_, rentcar1_.rent_car_id as rent_car1_18_1_, rentcar1_.employee_id as employee5_18_1_, rentcar1_.price as price2_18_1_, rentcar1_.rent_date as rent_dat3_18_1_, rentcar1_.customer_id as customer6_18_1_, rentcar1_.rentday as rentday4_18_1_, rentcar1_.car_id as car_id7_18_1_, rentcar1_.renttype_id as renttype8_18_1_, employee2_.employee_id as employee1_6_2_, employee2_.name as name2_6_2_, employee2_.password as password3_6_2_, employee2_.username as username4_6_2_, customer3_.customer_id as customer1_5_3_, customer3_.address as address2_5_3_, customer3_.age as age3_5_3_, customer3_.card_num as card_num4_5_3_, customer3_.employee as employee8_5_3_, customer3_.date as date5_5_3_, customer3_.name as name6_5_3_, customer3_.tel as tel7_5_3_, customer3_.registype as registyp9_5_3_, customer3_.job as job10_5_3_, employee4_.employee_id as employee1_6_4_, employee4_.name as name2_6_4_, employee4_.password as password3_6_4_, employee4_.username as username4_6_4_, registype5_.regis_type_id as regis_ty1_23_5_, registype5_.type as type2_23_5_, job6_.job_id as job_id1_8_6_, job6_.job as job2_8_6_, car7_.car_id as car_id1_2_7_, car7_.brand_id as brand_id4_2_7_, car7_.seat_id as seat_id5_2_7_, car7_.employee_id as employee6_2_7_, car7_.plate as plate2_2_7_, car7_.province_id as province7_2_7_, car7_.vin as vin3_2_7_, brand8_.brand_id as brand_id1_0_8_, brand8_.brand as brand2_0_8_, carseat9_.seat_id as seat_id1_3_9_, carseat9_.carseat as carseat2_3_9_, employee10_.employee_id as employee1_6_10_, employee10_.name as name2_6_10_, employee10_.password as password3_6_10_, employee10_.username as username4_6_10_, province11_.province_id as province1_16_11_, province11_.province as province2_16_11_, renttype12_.renttype_id as renttype1_19_12_, renttype12_.nametype as nametype2_19_12_, renttype12_.unitprice as unitpric3_19_12_ from employee_rent rent0_ inner join rent_car rentcar1_ on rent0_.rent_rent_car_id=rentcar1_.rent_car_id inner join employee employee2_ on rentcar1_.employee_id=employee2_.employee_id inner join customer customer3_ on rentcar1_.customer_id=customer3_.customer_id inner join employee employee4_ on customer3_.employee=employee4_.employee_id inner join resgistype registype5_ on customer3_.registype=registype5_.regis_type_id inner join job job6_ on customer3_.job=job6_.job_id inner join car car7_ on rentcar1_.car_id=car7_.car_id inner join brand brand8_ on car7_.brand_id=brand8_.brand_id inner join carseat carseat9_ on car7_.seat_id=carseat9_.seat_id inner join employee employee10_ on car7_.employee_id=employee10_.employee_id inner join plateprovince province11_ on car7_.province_id=province11_.province_id inner join renttype renttype12_ on rentcar1_.renttype_id=renttype12_.renttype_id where rent0_.employee_employee_id=?
Hibernate: select registype0_.regis_type_id as regis_ty1_23_0_, registype0_.type as type2_23_0_, cus1_.regis_type_regis_type_id as regis_ty1_24_1_, customer2_.customer_id as cus_cust2_24_1_, customer2_.customer_id as customer1_5_2_, customer2_.address as address2_5_2_, customer2_.age as age3_5_2_, customer2_.card_num as card_num4_5_2_, customer2_.employee as employee8_5_2_, customer2_.date as date5_5_2_, customer2_.name as name6_5_2_, customer2_.tel as tel7_5_2_, customer2_.registype as registyp9_5_2_, customer2_.job as job10_5_2_, employee3_.employee_id as employee1_6_3_, employee3_.name as name2_6_3_, employee3_.password as password3_6_3_, employee3_.username as username4_6_3_, registype4_.regis_type_id as regis_ty1_23_4_, registype4_.type as type2_23_4_, job5_.job_id as job_id1_8_5_, job5_.job as job2_8_5_, cus6_.job_job_id as job_job_1_9_6_, customer7_.customer_id as cus_cust2_9_6_, customer7_.customer_id as customer1_5_7_, customer7_.address as address2_5_7_, customer7_.age as age3_5_7_, customer7_.card_num as card_num4_5_7_, customer7_.employee as employee8_5_7_, customer7_.date as date5_5_7_, customer7_.name as name6_5_7_, customer7_.tel as tel7_5_7_, customer7_.registype as registyp9_5_7_, customer7_.job as job10_5_7_ from resgistype registype0_ left outer join resgistype_cus cus1_ on registype0_.regis_type_id=cus1_.regis_type_regis_type_id left outer join customer customer2_ on cus1_.cus_customer_id=customer2_.customer_id left outer join employee employee3_ on customer2_.employee=employee3_.employee_id left outer join resgistype registype4_ on customer2_.registype=registype4_.regis_type_id left outer join job job5_ on customer2_.job=job5_.job_id left outer join job_cus cus6_ on job5_.job_id=cus6_.job_job_id left outer join customer customer7_ on cus6_.cus_customer_id=customer7_.customer_id where registype0_.regis_type_id=?
Hibernate: insert into customer (address, age, card_num, employee, date, name, tel, registype, job, customer_id) values (?, ?, ?, ?, ?, ?, ?, ?, ?, ?)
2020-02-09 19:51:06.939  INFO 94504 --- [    Test worker] o.s.t.c.transaction.TransactionContext   : Rolled back transaction for test: [DefaultTestContext@4374e3f7 testClass = CustomerTest, testInstance = com.cpe.backend.CustomerTest@19cef2da, testMethod = B6015107_testCustomerOK@CustomerTest, testException = [null], mergedContextConfiguration = [MergedContextConfiguration@38620d5f testClass = CustomerTest, locations = '{}', classes = '{class com.cpe.backend.BackendApplication}', contextInitializerClasses = '[]', activeProfiles = '{}', propertySourceLocations = '{}', propertySourceProperties = '{org.springframework.boot.test.autoconfigure.orm.jpa.DataJpaTestContextBootstrapper=true}', contextCustomizers = set[org.springframework.boot.test.autoconfigure.OverrideAutoConfigurationContextCustomizerFactory$DisableAutoConfigurationContextCustomizer@7ef5e9d1, org.springframework.boot.test.autoconfigure.filter.TypeExcludeFiltersContextCustomizer@351584c0, org.springframework.boot.test.autoconfigure.properties.PropertyMappingContextCustomizer@5dc7d2ae, org.springframework.boot.test.autoconfigure.web.servlet.WebDriverContextCustomizerFactory$Customizer@1e10bd64, [ImportsContextCustomizer@5e0dbac9 key = [org.springframework.boot.autoconfigure.cache.CacheAutoConfiguration, org.springframework.boot.autoconfigure.data.jpa.JpaRepositoriesAutoConfiguration, org.springframework.boot.autoconfigure.flyway.FlywayAutoConfiguration, org.springframework.boot.autoconfigure.jdbc.DataSourceAutoConfiguration, org.springframework.boot.autoconfigure.jdbc.DataSourceTransactionManagerAutoConfiguration, org.springframework.boot.autoconfigure.jdbc.JdbcTemplateAutoConfiguration, org.springframework.boot.autoconfigure.liquibase.LiquibaseAutoConfiguration, org.springframework.boot.autoconfigure.orm.jpa.HibernateJpaAutoConfiguration, org.springframework.boot.autoconfigure.transaction.TransactionAutoConfiguration, org.springframework.boot.test.autoconfigure.jdbc.TestDatabaseAutoConfiguration, org.springframework.boot.test.autoconfigure.orm.jpa.TestEntityManagerAutoConfiguration]], org.springframework.boot.test.context.filter.ExcludeFilterContextCustomizer@3eeedba0, org.springframework.boot.test.json.DuplicateJsonObjectContextCustomizerFactory$DuplicateJsonObjectContextCustomizer@4c95ef13, org.springframework.boot.test.mock.mockito.MockitoContextCustomizer@0], contextLoader = 'org.springframework.boot.test.context.SpringBootContextLoader', parent = [null]], attributes = map[[empty]]]
2020-02-09 19:51:06.941  INFO 94504 --- [    Test worker] o.s.t.c.transaction.TransactionContext   : Began transaction (1) for test context [DefaultTestContext@4374e3f7 testClass = CustomerTest, testInstance = com.cpe.backend.CustomerTest@5ac17806, testMethod = testCard_numMustBeUnique@CustomerTest, testException = [null], mergedContextConfiguration = [MergedContextConfiguration@38620d5f testClass = CustomerTest, locations = '{}', classes = '{class com.cpe.backend.BackendApplication}', contextInitializerClasses = '[]', activeProfiles = '{}', propertySourceLocations = '{}', propertySourceProperties = '{org.springframework.boot.test.autoconfigure.orm.jpa.DataJpaTestContextBootstrapper=true}', contextCustomizers = set[org.springframework.boot.test.autoconfigure.OverrideAutoConfigurationContextCustomizerFactory$DisableAutoConfigurationContextCustomizer@7ef5e9d1, org.springframework.boot.test.autoconfigure.filter.TypeExcludeFiltersContextCustomizer@351584c0, org.springframework.boot.test.autoconfigure.properties.PropertyMappingContextCustomizer@5dc7d2ae, org.springframework.boot.test.autoconfigure.web.servlet.WebDriverContextCustomizerFactory$Customizer@1e10bd64, [ImportsContextCustomizer@5e0dbac9 key = [org.springframework.boot.autoconfigure.cache.CacheAutoConfiguration, org.springframework.boot.autoconfigure.data.jpa.JpaRepositoriesAutoConfiguration, org.springframework.boot.autoconfigure.flyway.FlywayAutoConfiguration, org.springframework.boot.autoconfigure.jdbc.DataSourceAutoConfiguration, org.springframework.boot.autoconfigure.jdbc.DataSourceTransactionManagerAutoConfiguration, org.springframework.boot.autoconfigure.jdbc.JdbcTemplateAutoConfiguration, org.springframework.boot.autoconfigure.liquibase.LiquibaseAutoConfiguration, org.springframework.boot.autoconfigure.orm.jpa.HibernateJpaAutoConfiguration, org.springframework.boot.autoconfigure.transaction.TransactionAutoConfiguration, org.springframework.boot.test.autoconfigure.jdbc.TestDatabaseAutoConfiguration, org.springframework.boot.test.autoconfigure.orm.jpa.TestEntityManagerAutoConfiguration]], org.springframework.boot.test.context.filter.ExcludeFilterContextCustomizer@3eeedba0, org.springframework.boot.test.json.DuplicateJsonObjectContextCustomizerFactory$DuplicateJsonObjectContextCustomizer@4c95ef13, org.springframework.boot.test.mock.mockito.MockitoContextCustomizer@0], contextLoader = 'org.springframework.boot.test.context.SpringBootContextLoader', parent = [null]], attributes = map[[empty]]]; transaction manager [org.springframework.orm.jpa.JpaTransactionManager@177de9ad]; rollback [true]
Hibernate: select job0_.job_id as job_id1_8_0_, job0_.job as job2_8_0_, cus1_.job_job_id as job_job_1_9_1_, customer2_.customer_id as cus_cust2_9_1_, customer2_.customer_id as customer1_5_2_, customer2_.address as address2_5_2_, customer2_.age as age3_5_2_, customer2_.card_num as card_num4_5_2_, customer2_.employee as employee8_5_2_, customer2_.date as date5_5_2_, customer2_.name as name6_5_2_, customer2_.tel as tel7_5_2_, customer2_.registype as registyp9_5_2_, customer2_.job as job10_5_2_, employee3_.employee_id as employee1_6_3_, employee3_.name as name2_6_3_, employee3_.password as password3_6_3_, employee3_.username as username4_6_3_, registype4_.regis_type_id as regis_ty1_23_4_, registype4_.type as type2_23_4_, cus5_.regis_type_regis_type_id as regis_ty1_24_5_, customer6_.customer_id as cus_cust2_24_5_, customer6_.customer_id as customer1_5_6_, customer6_.address as address2_5_6_, customer6_.age as age3_5_6_, customer6_.card_num as card_num4_5_6_, customer6_.employee as employee8_5_6_, customer6_.date as date5_5_6_, customer6_.name as name6_5_6_, customer6_.tel as tel7_5_6_, customer6_.registype as registyp9_5_6_, customer6_.job as job10_5_6_, job7_.job_id as job_id1_8_7_, job7_.job as job2_8_7_ from job job0_ left outer join job_cus cus1_ on job0_.job_id=cus1_.job_job_id left outer join customer customer2_ on cus1_.cus_customer_id=customer2_.customer_id left outer join employee employee3_ on customer2_.employee=employee3_.employee_id left outer join resgistype registype4_ on customer2_.registype=registype4_.regis_type_id left outer join resgistype_cus cus5_ on registype4_.regis_type_id=cus5_.regis_type_regis_type_id left outer join customer customer6_ on cus5_.cus_customer_id=customer6_.customer_id left outer join job job7_ on customer6_.job=job7_.job_id where job0_.job_id=?
Hibernate: select employee0_.employee_id as employee1_6_0_, employee0_.name as name2_6_0_, employee0_.password as password3_6_0_, employee0_.username as username4_6_0_ from employee employee0_ where employee0_.employee_id=?
Hibernate: select rent0_.employee_employee_id as employee1_7_0_, rent0_.rent_rent_car_id as rent_ren2_7_0_, rentcar1_.rent_car_id as rent_car1_18_1_, rentcar1_.employee_id as employee5_18_1_, rentcar1_.price as price2_18_1_, rentcar1_.rent_date as rent_dat3_18_1_, rentcar1_.customer_id as customer6_18_1_, rentcar1_.rentday as rentday4_18_1_, rentcar1_.car_id as car_id7_18_1_, rentcar1_.renttype_id as renttype8_18_1_, employee2_.employee_id as employee1_6_2_, employee2_.name as name2_6_2_, employee2_.password as password3_6_2_, employee2_.username as username4_6_2_, customer3_.customer_id as customer1_5_3_, customer3_.address as address2_5_3_, customer3_.age as age3_5_3_, customer3_.card_num as card_num4_5_3_, customer3_.employee as employee8_5_3_, customer3_.date as date5_5_3_, customer3_.name as name6_5_3_, customer3_.tel as tel7_5_3_, customer3_.registype as registyp9_5_3_, customer3_.job as job10_5_3_, employee4_.employee_id as employee1_6_4_, employee4_.name as name2_6_4_, employee4_.password as password3_6_4_, employee4_.username as username4_6_4_, registype5_.regis_type_id as regis_ty1_23_5_, registype5_.type as type2_23_5_, job6_.job_id as job_id1_8_6_, job6_.job as job2_8_6_, car7_.car_id as car_id1_2_7_, car7_.brand_id as brand_id4_2_7_, car7_.seat_id as seat_id5_2_7_, car7_.employee_id as employee6_2_7_, car7_.plate as plate2_2_7_, car7_.province_id as province7_2_7_, car7_.vin as vin3_2_7_, brand8_.brand_id as brand_id1_0_8_, brand8_.brand as brand2_0_8_, carseat9_.seat_id as seat_id1_3_9_, carseat9_.carseat as carseat2_3_9_, employee10_.employee_id as employee1_6_10_, employee10_.name as name2_6_10_, employee10_.password as password3_6_10_, employee10_.username as username4_6_10_, province11_.province_id as province1_16_11_, province11_.province as province2_16_11_, renttype12_.renttype_id as renttype1_19_12_, renttype12_.nametype as nametype2_19_12_, renttype12_.unitprice as unitpric3_19_12_ from employee_rent rent0_ inner join rent_car rentcar1_ on rent0_.rent_rent_car_id=rentcar1_.rent_car_id inner join employee employee2_ on rentcar1_.employee_id=employee2_.employee_id inner join customer customer3_ on rentcar1_.customer_id=customer3_.customer_id inner join employee employee4_ on customer3_.employee=employee4_.employee_id inner join resgistype registype5_ on customer3_.registype=registype5_.regis_type_id inner join job job6_ on customer3_.job=job6_.job_id inner join car car7_ on rentcar1_.car_id=car7_.car_id inner join brand brand8_ on car7_.brand_id=brand8_.brand_id inner join carseat carseat9_ on car7_.seat_id=carseat9_.seat_id inner join employee employee10_ on car7_.employee_id=employee10_.employee_id inner join plateprovince province11_ on car7_.province_id=province11_.province_id inner join renttype renttype12_ on rentcar1_.renttype_id=renttype12_.renttype_id where rent0_.employee_employee_id=?
Hibernate: select registype0_.regis_type_id as regis_ty1_23_0_, registype0_.type as type2_23_0_, cus1_.regis_type_regis_type_id as regis_ty1_24_1_, customer2_.customer_id as cus_cust2_24_1_, customer2_.customer_id as customer1_5_2_, customer2_.address as address2_5_2_, customer2_.age as age3_5_2_, customer2_.card_num as card_num4_5_2_, customer2_.employee as employee8_5_2_, customer2_.date as date5_5_2_, customer2_.name as name6_5_2_, customer2_.tel as tel7_5_2_, customer2_.registype as registyp9_5_2_, customer2_.job as job10_5_2_, employee3_.employee_id as employee1_6_3_, employee3_.name as name2_6_3_, employee3_.password as password3_6_3_, employee3_.username as username4_6_3_, registype4_.regis_type_id as regis_ty1_23_4_, registype4_.type as type2_23_4_, job5_.job_id as job_id1_8_5_, job5_.job as job2_8_5_, cus6_.job_job_id as job_job_1_9_6_, customer7_.customer_id as cus_cust2_9_6_, customer7_.customer_id as customer1_5_7_, customer7_.address as address2_5_7_, customer7_.age as age3_5_7_, customer7_.card_num as card_num4_5_7_, customer7_.employee as employee8_5_7_, customer7_.date as date5_5_7_, customer7_.name as name6_5_7_, customer7_.tel as tel7_5_7_, customer7_.registype as registyp9_5_7_, customer7_.job as job10_5_7_ from resgistype registype0_ left outer join resgistype_cus cus1_ on registype0_.regis_type_id=cus1_.regis_type_regis_type_id left outer join customer customer2_ on cus1_.cus_customer_id=customer2_.customer_id left outer join employee employee3_ on customer2_.employee=employee3_.employee_id left outer join resgistype registype4_ on customer2_.registype=registype4_.regis_type_id left outer join job job5_ on customer2_.job=job5_.job_id left outer join job_cus cus6_ on job5_.job_id=cus6_.job_job_id left outer join customer customer7_ on cus6_.cus_customer_id=customer7_.customer_id where registype0_.regis_type_id=?
Hibernate: insert into customer (address, age, card_num, employee, date, name, tel, registype, job, customer_id) values (?, ?, ?, ?, ?, ?, ?, ?, ?, ?)
Hibernate: insert into customer (address, age, card_num, employee, date, name, tel, registype, job, customer_id) values (?, ?, ?, ?, ?, ?, ?, ?, ?, ?)
2020-02-09 19:51:06.961  WARN 94504 --- [    Test worker] o.h.engine.jdbc.spi.SqlExceptionHelper   : SQL Error: 23505, SQLState: 23505
2020-02-09 19:51:06.962 ERROR 94504 --- [    Test worker] o.h.engine.jdbc.spi.SqlExceptionHelper   : Unique index or primary key violation: "PUBLIC.UKPWW92AU927O7F8YCX2F4I1NLB_INDEX_5 ON PUBLIC.CUSTOMER(CARD_NUM) VALUES 3"; SQL statement:
insert into customer (address, age, card_num, employee, date, name, tel, registype, job, customer_id) values (?, ?, ?, ?, ?, ?, ?, ?, ?, ?) [23505-200]
2020-02-09 19:51:06.965  INFO 94504 --- [    Test worker] o.s.t.c.transaction.TransactionContext   : Rolled back transaction for test: [DefaultTestContext@4374e3f7 testClass = CustomerTest, testInstance = com.cpe.backend.CustomerTest@5ac17806, testMethod = testCard_numMustBeUnique@CustomerTest, testException = [null], mergedContextConfiguration = [MergedContextConfiguration@38620d5f testClass = CustomerTest, locations = '{}', classes = '{class com.cpe.backend.BackendApplication}', contextInitializerClasses = '[]', activeProfiles = '{}', propertySourceLocations = '{}', propertySourceProperties = '{org.springframework.boot.test.autoconfigure.orm.jpa.DataJpaTestContextBootstrapper=true}', contextCustomizers = set[org.springframework.boot.test.autoconfigure.OverrideAutoConfigurationContextCustomizerFactory$DisableAutoConfigurationContextCustomizer@7ef5e9d1, org.springframework.boot.test.autoconfigure.filter.TypeExcludeFiltersContextCustomizer@351584c0, org.springframework.boot.test.autoconfigure.properties.PropertyMappingContextCustomizer@5dc7d2ae, org.springframework.boot.test.autoconfigure.web.servlet.WebDriverContextCustomizerFactory$Customizer@1e10bd64, [ImportsContextCustomizer@5e0dbac9 key = [org.springframework.boot.autoconfigure.cache.CacheAutoConfiguration, org.springframework.boot.autoconfigure.data.jpa.JpaRepositoriesAutoConfiguration, org.springframework.boot.autoconfigure.flyway.FlywayAutoConfiguration, org.springframework.boot.autoconfigure.jdbc.DataSourceAutoConfiguration, org.springframework.boot.autoconfigure.jdbc.DataSourceTransactionManagerAutoConfiguration, org.springframework.boot.autoconfigure.jdbc.JdbcTemplateAutoConfiguration, org.springframework.boot.autoconfigure.liquibase.LiquibaseAutoConfiguration, org.springframework.boot.autoconfigure.orm.jpa.HibernateJpaAutoConfiguration, org.springframework.boot.autoconfigure.transaction.TransactionAutoConfiguration, org.springframework.boot.test.autoconfigure.jdbc.TestDatabaseAutoConfiguration, org.springframework.boot.test.autoconfigure.orm.jpa.TestEntityManagerAutoConfiguration]], org.springframework.boot.test.context.filter.ExcludeFilterContextCustomizer@3eeedba0, org.springframework.boot.test.json.DuplicateJsonObjectContextCustomizerFactory$DuplicateJsonObjectContextCustomizer@4c95ef13, org.springframework.boot.test.mock.mockito.MockitoContextCustomizer@0], contextLoader = 'org.springframework.boot.test.context.SpringBootContextLoader', parent = [null]], attributes = map[[empty]]]
2020-02-09 19:51:06.968  INFO 94504 --- [    Test worker] o.s.t.c.transaction.TransactionContext   : Began transaction (1) for test context [DefaultTestContext@4374e3f7 testClass = CustomerTest, testInstance = com.cpe.backend.CustomerTest@6ca3ccc9, testMethod = B6015107_testAddressMustNotBeNull@CustomerTest, testException = [null], mergedContextConfiguration = [MergedContextConfiguration@38620d5f testClass = CustomerTest, locations = '{}', classes = '{class com.cpe.backend.BackendApplication}', contextInitializerClasses = '[]', activeProfiles = '{}', propertySourceLocations = '{}', propertySourceProperties = '{org.springframework.boot.test.autoconfigure.orm.jpa.DataJpaTestContextBootstrapper=true}', contextCustomizers = set[org.springframework.boot.test.autoconfigure.OverrideAutoConfigurationContextCustomizerFactory$DisableAutoConfigurationContextCustomizer@7ef5e9d1, org.springframework.boot.test.autoconfigure.filter.TypeExcludeFiltersContextCustomizer@351584c0, org.springframework.boot.test.autoconfigure.properties.PropertyMappingContextCustomizer@5dc7d2ae, org.springframework.boot.test.autoconfigure.web.servlet.WebDriverContextCustomizerFactory$Customizer@1e10bd64, [ImportsContextCustomizer@5e0dbac9 key = [org.springframework.boot.autoconfigure.cache.CacheAutoConfiguration, org.springframework.boot.autoconfigure.data.jpa.JpaRepositoriesAutoConfiguration, org.springframework.boot.autoconfigure.flyway.FlywayAutoConfiguration, org.springframework.boot.autoconfigure.jdbc.DataSourceAutoConfiguration, org.springframework.boot.autoconfigure.jdbc.DataSourceTransactionManagerAutoConfiguration, org.springframework.boot.autoconfigure.jdbc.JdbcTemplateAutoConfiguration, org.springframework.boot.autoconfigure.liquibase.LiquibaseAutoConfiguration, org.springframework.boot.autoconfigure.orm.jpa.HibernateJpaAutoConfiguration, org.springframework.boot.autoconfigure.transaction.TransactionAutoConfiguration, org.springframework.boot.test.autoconfigure.jdbc.TestDatabaseAutoConfiguration, org.springframework.boot.test.autoconfigure.orm.jpa.TestEntityManagerAutoConfiguration]], org.springframework.boot.test.context.filter.ExcludeFilterContextCustomizer@3eeedba0, org.springframework.boot.test.json.DuplicateJsonObjectContextCustomizerFactory$DuplicateJsonObjectContextCustomizer@4c95ef13, org.springframework.boot.test.mock.mockito.MockitoContextCustomizer@0], contextLoader = 'org.springframework.boot.test.context.SpringBootContextLoader', parent = [null]], attributes = map[[empty]]]; transaction manager [org.springframework.orm.jpa.JpaTransactionManager@177de9ad]; rollback [true]
Hibernate: select job0_.job_id as job_id1_8_0_, job0_.job as job2_8_0_, cus1_.job_job_id as job_job_1_9_1_, customer2_.customer_id as cus_cust2_9_1_, customer2_.customer_id as customer1_5_2_, customer2_.address as address2_5_2_, customer2_.age as age3_5_2_, customer2_.card_num as card_num4_5_2_, customer2_.employee as employee8_5_2_, customer2_.date as date5_5_2_, customer2_.name as name6_5_2_, customer2_.tel as tel7_5_2_, customer2_.registype as registyp9_5_2_, customer2_.job as job10_5_2_, employee3_.employee_id as employee1_6_3_, employee3_.name as name2_6_3_, employee3_.password as password3_6_3_, employee3_.username as username4_6_3_, registype4_.regis_type_id as regis_ty1_23_4_, registype4_.type as type2_23_4_, cus5_.regis_type_regis_type_id as regis_ty1_24_5_, customer6_.customer_id as cus_cust2_24_5_, customer6_.customer_id as customer1_5_6_, customer6_.address as address2_5_6_, customer6_.age as age3_5_6_, customer6_.card_num as card_num4_5_6_, customer6_.employee as employee8_5_6_, customer6_.date as date5_5_6_, customer6_.name as name6_5_6_, customer6_.tel as tel7_5_6_, customer6_.registype as registyp9_5_6_, customer6_.job as job10_5_6_, job7_.job_id as job_id1_8_7_, job7_.job as job2_8_7_ from job job0_ left outer join job_cus cus1_ on job0_.job_id=cus1_.job_job_id left outer join customer customer2_ on cus1_.cus_customer_id=customer2_.customer_id left outer join employee employee3_ on customer2_.employee=employee3_.employee_id left outer join resgistype registype4_ on customer2_.registype=registype4_.regis_type_id left outer join resgistype_cus cus5_ on registype4_.regis_type_id=cus5_.regis_type_regis_type_id left outer join customer customer6_ on cus5_.cus_customer_id=customer6_.customer_id left outer join job job7_ on customer6_.job=job7_.job_id where job0_.job_id=?
Hibernate: select employee0_.employee_id as employee1_6_0_, employee0_.name as name2_6_0_, employee0_.password as password3_6_0_, employee0_.username as username4_6_0_ from employee employee0_ where employee0_.employee_id=?
Hibernate: select rent0_.employee_employee_id as employee1_7_0_, rent0_.rent_rent_car_id as rent_ren2_7_0_, rentcar1_.rent_car_id as rent_car1_18_1_, rentcar1_.employee_id as employee5_18_1_, rentcar1_.price as price2_18_1_, rentcar1_.rent_date as rent_dat3_18_1_, rentcar1_.customer_id as customer6_18_1_, rentcar1_.rentday as rentday4_18_1_, rentcar1_.car_id as car_id7_18_1_, rentcar1_.renttype_id as renttype8_18_1_, employee2_.employee_id as employee1_6_2_, employee2_.name as name2_6_2_, employee2_.password as password3_6_2_, employee2_.username as username4_6_2_, customer3_.customer_id as customer1_5_3_, customer3_.address as address2_5_3_, customer3_.age as age3_5_3_, customer3_.card_num as card_num4_5_3_, customer3_.employee as employee8_5_3_, customer3_.date as date5_5_3_, customer3_.name as name6_5_3_, customer3_.tel as tel7_5_3_, customer3_.registype as registyp9_5_3_, customer3_.job as job10_5_3_, employee4_.employee_id as employee1_6_4_, employee4_.name as name2_6_4_, employee4_.password as password3_6_4_, employee4_.username as username4_6_4_, registype5_.regis_type_id as regis_ty1_23_5_, registype5_.type as type2_23_5_, job6_.job_id as job_id1_8_6_, job6_.job as job2_8_6_, car7_.car_id as car_id1_2_7_, car7_.brand_id as brand_id4_2_7_, car7_.seat_id as seat_id5_2_7_, car7_.employee_id as employee6_2_7_, car7_.plate as plate2_2_7_, car7_.province_id as province7_2_7_, car7_.vin as vin3_2_7_, brand8_.brand_id as brand_id1_0_8_, brand8_.brand as brand2_0_8_, carseat9_.seat_id as seat_id1_3_9_, carseat9_.carseat as carseat2_3_9_, employee10_.employee_id as employee1_6_10_, employee10_.name as name2_6_10_, employee10_.password as password3_6_10_, employee10_.username as username4_6_10_, province11_.province_id as province1_16_11_, province11_.province as province2_16_11_, renttype12_.renttype_id as renttype1_19_12_, renttype12_.nametype as nametype2_19_12_, renttype12_.unitprice as unitpric3_19_12_ from employee_rent rent0_ inner join rent_car rentcar1_ on rent0_.rent_rent_car_id=rentcar1_.rent_car_id inner join employee employee2_ on rentcar1_.employee_id=employee2_.employee_id inner join customer customer3_ on rentcar1_.customer_id=customer3_.customer_id inner join employee employee4_ on customer3_.employee=employee4_.employee_id inner join resgistype registype5_ on customer3_.registype=registype5_.regis_type_id inner join job job6_ on customer3_.job=job6_.job_id inner join car car7_ on rentcar1_.car_id=car7_.car_id inner join brand brand8_ on car7_.brand_id=brand8_.brand_id inner join carseat carseat9_ on car7_.seat_id=carseat9_.seat_id inner join employee employee10_ on car7_.employee_id=employee10_.employee_id inner join plateprovince province11_ on car7_.province_id=province11_.province_id inner join renttype renttype12_ on rentcar1_.renttype_id=renttype12_.renttype_id where rent0_.employee_employee_id=?
Hibernate: select registype0_.regis_type_id as regis_ty1_23_0_, registype0_.type as type2_23_0_, cus1_.regis_type_regis_type_id as regis_ty1_24_1_, customer2_.customer_id as cus_cust2_24_1_, customer2_.customer_id as customer1_5_2_, customer2_.address as address2_5_2_, customer2_.age as age3_5_2_, customer2_.card_num as card_num4_5_2_, customer2_.employee as employee8_5_2_, customer2_.date as date5_5_2_, customer2_.name as name6_5_2_, customer2_.tel as tel7_5_2_, customer2_.registype as registyp9_5_2_, customer2_.job as job10_5_2_, employee3_.employee_id as employee1_6_3_, employee3_.name as name2_6_3_, employee3_.password as password3_6_3_, employee3_.username as username4_6_3_, registype4_.regis_type_id as regis_ty1_23_4_, registype4_.type as type2_23_4_, job5_.job_id as job_id1_8_5_, job5_.job as job2_8_5_, cus6_.job_job_id as job_job_1_9_6_, customer7_.customer_id as cus_cust2_9_6_, customer7_.customer_id as customer1_5_7_, customer7_.address as address2_5_7_, customer7_.age as age3_5_7_, customer7_.card_num as card_num4_5_7_, customer7_.employee as employee8_5_7_, customer7_.date as date5_5_7_, customer7_.name as name6_5_7_, customer7_.tel as tel7_5_7_, customer7_.registype as registyp9_5_7_, customer7_.job as job10_5_7_ from resgistype registype0_ left outer join resgistype_cus cus1_ on registype0_.regis_type_id=cus1_.regis_type_regis_type_id left outer join customer customer2_ on cus1_.cus_customer_id=customer2_.customer_id left outer join employee employee3_ on customer2_.employee=employee3_.employee_id left outer join resgistype registype4_ on customer2_.registype=registype4_.regis_type_id left outer join job job5_ on customer2_.job=job5_.job_id left outer join job_cus cus6_ on job5_.job_id=cus6_.job_job_id left outer join customer customer7_ on cus6_.cus_customer_id=customer7_.customer_id where registype0_.regis_type_id=?
2020-02-09 19:51:06.989  INFO 94504 --- [    Test worker] o.s.t.c.transaction.TransactionContext   : Rolled back transaction for test: [DefaultTestContext@4374e3f7 testClass = CustomerTest, testInstance = com.cpe.backend.CustomerTest@6ca3ccc9, testMethod = B6015107_testAddressMustNotBeNull@CustomerTest, testException = [null], mergedContextConfiguration = [MergedContextConfiguration@38620d5f testClass = CustomerTest, locations = '{}', classes = '{class com.cpe.backend.BackendApplication}', contextInitializerClasses = '[]', activeProfiles = '{}', propertySourceLocations = '{}', propertySourceProperties = '{org.springframework.boot.test.autoconfigure.orm.jpa.DataJpaTestContextBootstrapper=true}', contextCustomizers = set[org.springframework.boot.test.autoconfigure.OverrideAutoConfigurationContextCustomizerFactory$DisableAutoConfigurationContextCustomizer@7ef5e9d1, org.springframework.boot.test.autoconfigure.filter.TypeExcludeFiltersContextCustomizer@351584c0, org.springframework.boot.test.autoconfigure.properties.PropertyMappingContextCustomizer@5dc7d2ae, org.springframework.boot.test.autoconfigure.web.servlet.WebDriverContextCustomizerFactory$Customizer@1e10bd64, [ImportsContextCustomizer@5e0dbac9 key = [org.springframework.boot.autoconfigure.cache.CacheAutoConfiguration, org.springframework.boot.autoconfigure.data.jpa.JpaRepositoriesAutoConfiguration, org.springframework.boot.autoconfigure.flyway.FlywayAutoConfiguration, org.springframework.boot.autoconfigure.jdbc.DataSourceAutoConfiguration, org.springframework.boot.autoconfigure.jdbc.DataSourceTransactionManagerAutoConfiguration, org.springframework.boot.autoconfigure.jdbc.JdbcTemplateAutoConfiguration, org.springframework.boot.autoconfigure.liquibase.LiquibaseAutoConfiguration, org.springframework.boot.autoconfigure.orm.jpa.HibernateJpaAutoConfiguration, org.springframework.boot.autoconfigure.transaction.TransactionAutoConfiguration, org.springframework.boot.test.autoconfigure.jdbc.TestDatabaseAutoConfiguration, org.springframework.boot.test.autoconfigure.orm.jpa.TestEntityManagerAutoConfiguration]], org.springframework.boot.test.context.filter.ExcludeFilterContextCustomizer@3eeedba0, org.springframework.boot.test.json.DuplicateJsonObjectContextCustomizerFactory$DuplicateJsonObjectContextCustomizer@4c95ef13, org.springframework.boot.test.mock.mockito.MockitoContextCustomizer@0], contextLoader = 'org.springframework.boot.test.context.SpringBootContextLoader', parent = [null]], attributes = map[[empty]]]
2020-02-09 19:51:06.992  INFO 94504 --- [    Test worker] o.s.t.c.transaction.TransactionContext   : Began transaction (1) for test context [DefaultTestContext@4374e3f7 testClass = CustomerTest, testInstance = com.cpe.backend.CustomerTest@6ac9e823, testMethod = B6015107_testTelMustNotBeNull@CustomerTest, testException = [null], mergedContextConfiguration = [MergedContextConfiguration@38620d5f testClass = CustomerTest, locations = '{}', classes = '{class com.cpe.backend.BackendApplication}', contextInitializerClasses = '[]', activeProfiles = '{}', propertySourceLocations = '{}', propertySourceProperties = '{org.springframework.boot.test.autoconfigure.orm.jpa.DataJpaTestContextBootstrapper=true}', contextCustomizers = set[org.springframework.boot.test.autoconfigure.OverrideAutoConfigurationContextCustomizerFactory$DisableAutoConfigurationContextCustomizer@7ef5e9d1, org.springframework.boot.test.autoconfigure.filter.TypeExcludeFiltersContextCustomizer@351584c0, org.springframework.boot.test.autoconfigure.properties.PropertyMappingContextCustomizer@5dc7d2ae, org.springframework.boot.test.autoconfigure.web.servlet.WebDriverContextCustomizerFactory$Customizer@1e10bd64, [ImportsContextCustomizer@5e0dbac9 key = [org.springframework.boot.autoconfigure.cache.CacheAutoConfiguration, org.springframework.boot.autoconfigure.data.jpa.JpaRepositoriesAutoConfiguration, org.springframework.boot.autoconfigure.flyway.FlywayAutoConfiguration, org.springframework.boot.autoconfigure.jdbc.DataSourceAutoConfiguration, org.springframework.boot.autoconfigure.jdbc.DataSourceTransactionManagerAutoConfiguration, org.springframework.boot.autoconfigure.jdbc.JdbcTemplateAutoConfiguration, org.springframework.boot.autoconfigure.liquibase.LiquibaseAutoConfiguration, org.springframework.boot.autoconfigure.orm.jpa.HibernateJpaAutoConfiguration, org.springframework.boot.autoconfigure.transaction.TransactionAutoConfiguration, org.springframework.boot.test.autoconfigure.jdbc.TestDatabaseAutoConfiguration, org.springframework.boot.test.autoconfigure.orm.jpa.TestEntityManagerAutoConfiguration]], org.springframework.boot.test.context.filter.ExcludeFilterContextCustomizer@3eeedba0, org.springframework.boot.test.json.DuplicateJsonObjectContextCustomizerFactory$DuplicateJsonObjectContextCustomizer@4c95ef13, org.springframework.boot.test.mock.mockito.MockitoContextCustomizer@0], contextLoader = 'org.springframework.boot.test.context.SpringBootContextLoader', parent = [null]], attributes = map[[empty]]]; transaction manager [org.springframework.orm.jpa.JpaTransactionManager@177de9ad]; rollback [true]
Hibernate: select job0_.job_id as job_id1_8_0_, job0_.job as job2_8_0_, cus1_.job_job_id as job_job_1_9_1_, customer2_.customer_id as cus_cust2_9_1_, customer2_.customer_id as customer1_5_2_, customer2_.address as address2_5_2_, customer2_.age as age3_5_2_, customer2_.card_num as card_num4_5_2_, customer2_.employee as employee8_5_2_, customer2_.date as date5_5_2_, customer2_.name as name6_5_2_, customer2_.tel as tel7_5_2_, customer2_.registype as registyp9_5_2_, customer2_.job as job10_5_2_, employee3_.employee_id as employee1_6_3_, employee3_.name as name2_6_3_, employee3_.password as password3_6_3_, employee3_.username as username4_6_3_, registype4_.regis_type_id as regis_ty1_23_4_, registype4_.type as type2_23_4_, cus5_.regis_type_regis_type_id as regis_ty1_24_5_, customer6_.customer_id as cus_cust2_24_5_, customer6_.customer_id as customer1_5_6_, customer6_.address as address2_5_6_, customer6_.age as age3_5_6_, customer6_.card_num as card_num4_5_6_, customer6_.employee as employee8_5_6_, customer6_.date as date5_5_6_, customer6_.name as name6_5_6_, customer6_.tel as tel7_5_6_, customer6_.registype as registyp9_5_6_, customer6_.job as job10_5_6_, job7_.job_id as job_id1_8_7_, job7_.job as job2_8_7_ from job job0_ left outer join job_cus cus1_ on job0_.job_id=cus1_.job_job_id left outer join customer customer2_ on cus1_.cus_customer_id=customer2_.customer_id left outer join employee employee3_ on customer2_.employee=employee3_.employee_id left outer join resgistype registype4_ on customer2_.registype=registype4_.regis_type_id left outer join resgistype_cus cus5_ on registype4_.regis_type_id=cus5_.regis_type_regis_type_id left outer join customer customer6_ on cus5_.cus_customer_id=customer6_.customer_id left outer join job job7_ on customer6_.job=job7_.job_id where job0_.job_id=?
Hibernate: select employee0_.employee_id as employee1_6_0_, employee0_.name as name2_6_0_, employee0_.password as password3_6_0_, employee0_.username as username4_6_0_ from employee employee0_ where employee0_.employee_id=?
Hibernate: select rent0_.employee_employee_id as employee1_7_0_, rent0_.rent_rent_car_id as rent_ren2_7_0_, rentcar1_.rent_car_id as rent_car1_18_1_, rentcar1_.employee_id as employee5_18_1_, rentcar1_.price as price2_18_1_, rentcar1_.rent_date as rent_dat3_18_1_, rentcar1_.customer_id as customer6_18_1_, rentcar1_.rentday as rentday4_18_1_, rentcar1_.car_id as car_id7_18_1_, rentcar1_.renttype_id as renttype8_18_1_, employee2_.employee_id as employee1_6_2_, employee2_.name as name2_6_2_, employee2_.password as password3_6_2_, employee2_.username as username4_6_2_, customer3_.customer_id as customer1_5_3_, customer3_.address as address2_5_3_, customer3_.age as age3_5_3_, customer3_.card_num as card_num4_5_3_, customer3_.employee as employee8_5_3_, customer3_.date as date5_5_3_, customer3_.name as name6_5_3_, customer3_.tel as tel7_5_3_, customer3_.registype as registyp9_5_3_, customer3_.job as job10_5_3_, employee4_.employee_id as employee1_6_4_, employee4_.name as name2_6_4_, employee4_.password as password3_6_4_, employee4_.username as username4_6_4_, registype5_.regis_type_id as regis_ty1_23_5_, registype5_.type as type2_23_5_, job6_.job_id as job_id1_8_6_, job6_.job as job2_8_6_, car7_.car_id as car_id1_2_7_, car7_.brand_id as brand_id4_2_7_, car7_.seat_id as seat_id5_2_7_, car7_.employee_id as employee6_2_7_, car7_.plate as plate2_2_7_, car7_.province_id as province7_2_7_, car7_.vin as vin3_2_7_, brand8_.brand_id as brand_id1_0_8_, brand8_.brand as brand2_0_8_, carseat9_.seat_id as seat_id1_3_9_, carseat9_.carseat as carseat2_3_9_, employee10_.employee_id as employee1_6_10_, employee10_.name as name2_6_10_, employee10_.password as password3_6_10_, employee10_.username as username4_6_10_, province11_.province_id as province1_16_11_, province11_.province as province2_16_11_, renttype12_.renttype_id as renttype1_19_12_, renttype12_.nametype as nametype2_19_12_, renttype12_.unitprice as unitpric3_19_12_ from employee_rent rent0_ inner join rent_car rentcar1_ on rent0_.rent_rent_car_id=rentcar1_.rent_car_id inner join employee employee2_ on rentcar1_.employee_id=employee2_.employee_id inner join customer customer3_ on rentcar1_.customer_id=customer3_.customer_id inner join employee employee4_ on customer3_.employee=employee4_.employee_id inner join resgistype registype5_ on customer3_.registype=registype5_.regis_type_id inner join job job6_ on customer3_.job=job6_.job_id inner join car car7_ on rentcar1_.car_id=car7_.car_id inner join brand brand8_ on car7_.brand_id=brand8_.brand_id inner join carseat carseat9_ on car7_.seat_id=carseat9_.seat_id inner join employee employee10_ on car7_.employee_id=employee10_.employee_id inner join plateprovince province11_ on car7_.province_id=province11_.province_id inner join renttype renttype12_ on rentcar1_.renttype_id=renttype12_.renttype_id where rent0_.employee_employee_id=?
Hibernate: select registype0_.regis_type_id as regis_ty1_23_0_, registype0_.type as type2_23_0_, cus1_.regis_type_regis_type_id as regis_ty1_24_1_, customer2_.customer_id as cus_cust2_24_1_, customer2_.customer_id as customer1_5_2_, customer2_.address as address2_5_2_, customer2_.age as age3_5_2_, customer2_.card_num as card_num4_5_2_, customer2_.employee as employee8_5_2_, customer2_.date as date5_5_2_, customer2_.name as name6_5_2_, customer2_.tel as tel7_5_2_, customer2_.registype as registyp9_5_2_, customer2_.job as job10_5_2_, employee3_.employee_id as employee1_6_3_, employee3_.name as name2_6_3_, employee3_.password as password3_6_3_, employee3_.username as username4_6_3_, registype4_.regis_type_id as regis_ty1_23_4_, registype4_.type as type2_23_4_, job5_.job_id as job_id1_8_5_, job5_.job as job2_8_5_, cus6_.job_job_id as job_job_1_9_6_, customer7_.customer_id as cus_cust2_9_6_, customer7_.customer_id as customer1_5_7_, customer7_.address as address2_5_7_, customer7_.age as age3_5_7_, customer7_.card_num as card_num4_5_7_, customer7_.employee as employee8_5_7_, customer7_.date as date5_5_7_, customer7_.name as name6_5_7_, customer7_.tel as tel7_5_7_, customer7_.registype as registyp9_5_7_, customer7_.job as job10_5_7_ from resgistype registype0_ left outer join resgistype_cus cus1_ on registype0_.regis_type_id=cus1_.regis_type_regis_type_id left outer join customer customer2_ on cus1_.cus_customer_id=customer2_.customer_id left outer join employee employee3_ on customer2_.employee=employee3_.employee_id left outer join resgistype registype4_ on customer2_.registype=registype4_.regis_type_id left outer join job job5_ on customer2_.job=job5_.job_id left outer join job_cus cus6_ on job5_.job_id=cus6_.job_job_id left outer join customer customer7_ on cus6_.cus_customer_id=customer7_.customer_id where registype0_.regis_type_id=?
2020-02-09 19:51:07.010  INFO 94504 --- [    Test worker] o.s.t.c.transaction.TransactionContext   : Rolled back transaction for test: [DefaultTestContext@4374e3f7 testClass = CustomerTest, testInstance = com.cpe.backend.CustomerTest@6ac9e823, testMethod = B6015107_testTelMustNotBeNull@CustomerTest, testException = [null], mergedContextConfiguration = [MergedContextConfiguration@38620d5f testClass = CustomerTest, locations = '{}', classes = '{class com.cpe.backend.BackendApplication}', contextInitializerClasses = '[]', activeProfiles = '{}', propertySourceLocations = '{}', propertySourceProperties = '{org.springframework.boot.test.autoconfigure.orm.jpa.DataJpaTestContextBootstrapper=true}', contextCustomizers = set[org.springframework.boot.test.autoconfigure.OverrideAutoConfigurationContextCustomizerFactory$DisableAutoConfigurationContextCustomizer@7ef5e9d1, org.springframework.boot.test.autoconfigure.filter.TypeExcludeFiltersContextCustomizer@351584c0, org.springframework.boot.test.autoconfigure.properties.PropertyMappingContextCustomizer@5dc7d2ae, org.springframework.boot.test.autoconfigure.web.servlet.WebDriverContextCustomizerFactory$Customizer@1e10bd64, [ImportsContextCustomizer@5e0dbac9 key = [org.springframework.boot.autoconfigure.cache.CacheAutoConfiguration, org.springframework.boot.autoconfigure.data.jpa.JpaRepositoriesAutoConfiguration, org.springframework.boot.autoconfigure.flyway.FlywayAutoConfiguration, org.springframework.boot.autoconfigure.jdbc.DataSourceAutoConfiguration, org.springframework.boot.autoconfigure.jdbc.DataSourceTransactionManagerAutoConfiguration, org.springframework.boot.autoconfigure.jdbc.JdbcTemplateAutoConfiguration, org.springframework.boot.autoconfigure.liquibase.LiquibaseAutoConfiguration, org.springframework.boot.autoconfigure.orm.jpa.HibernateJpaAutoConfiguration, org.springframework.boot.autoconfigure.transaction.TransactionAutoConfiguration, org.springframework.boot.test.autoconfigure.jdbc.TestDatabaseAutoConfiguration, org.springframework.boot.test.autoconfigure.orm.jpa.TestEntityManagerAutoConfiguration]], org.springframework.boot.test.context.filter.ExcludeFilterContextCustomizer@3eeedba0, org.springframework.boot.test.json.DuplicateJsonObjectContextCustomizerFactory$DuplicateJsonObjectContextCustomizer@4c95ef13, org.springframework.boot.test.mock.mockito.MockitoContextCustomizer@0], contextLoader = 'org.springframework.boot.test.context.SpringBootContextLoader', parent = [null]], attributes = map[[empty]]]
2020-02-09 19:51:07.012  INFO 94504 --- [    Test worker] o.s.t.c.transaction.TransactionContext   : Began transaction (1) for test context [DefaultTestContext@4374e3f7 testClass = CustomerTest, testInstance = com.cpe.backend.CustomerTest@7b5b8346, testMethod = B6015107_testTelMustNotDigits@CustomerTest, testException = [null], mergedContextConfiguration = [MergedContextConfiguration@38620d5f testClass = CustomerTest, locations = '{}', classes = '{class com.cpe.backend.BackendApplication}', contextInitializerClasses = '[]', activeProfiles = '{}', propertySourceLocations = '{}', propertySourceProperties = '{org.springframework.boot.test.autoconfigure.orm.jpa.DataJpaTestContextBootstrapper=true}', contextCustomizers = set[org.springframework.boot.test.autoconfigure.OverrideAutoConfigurationContextCustomizerFactory$DisableAutoConfigurationContextCustomizer@7ef5e9d1, org.springframework.boot.test.autoconfigure.filter.TypeExcludeFiltersContextCustomizer@351584c0, org.springframework.boot.test.autoconfigure.properties.PropertyMappingContextCustomizer@5dc7d2ae, org.springframework.boot.test.autoconfigure.web.servlet.WebDriverContextCustomizerFactory$Customizer@1e10bd64, [ImportsContextCustomizer@5e0dbac9 key = [org.springframework.boot.autoconfigure.cache.CacheAutoConfiguration, org.springframework.boot.autoconfigure.data.jpa.JpaRepositoriesAutoConfiguration, org.springframework.boot.autoconfigure.flyway.FlywayAutoConfiguration, org.springframework.boot.autoconfigure.jdbc.DataSourceAutoConfiguration, org.springframework.boot.autoconfigure.jdbc.DataSourceTransactionManagerAutoConfiguration, org.springframework.boot.autoconfigure.jdbc.JdbcTemplateAutoConfiguration, org.springframework.boot.autoconfigure.liquibase.LiquibaseAutoConfiguration, org.springframework.boot.autoconfigure.orm.jpa.HibernateJpaAutoConfiguration, org.springframework.boot.autoconfigure.transaction.TransactionAutoConfiguration, org.springframework.boot.test.autoconfigure.jdbc.TestDatabaseAutoConfiguration, org.springframework.boot.test.autoconfigure.orm.jpa.TestEntityManagerAutoConfiguration]], org.springframework.boot.test.context.filter.ExcludeFilterContextCustomizer@3eeedba0, org.springframework.boot.test.json.DuplicateJsonObjectContextCustomizerFactory$DuplicateJsonObjectContextCustomizer@4c95ef13, org.springframework.boot.test.mock.mockito.MockitoContextCustomizer@0], contextLoader = 'org.springframework.boot.test.context.SpringBootContextLoader', parent = [null]], attributes = map[[empty]]]; transaction manager [org.springframework.orm.jpa.JpaTransactionManager@177de9ad]; rollback [true]
Hibernate: select job0_.job_id as job_id1_8_0_, job0_.job as job2_8_0_, cus1_.job_job_id as job_job_1_9_1_, customer2_.customer_id as cus_cust2_9_1_, customer2_.customer_id as customer1_5_2_, customer2_.address as address2_5_2_, customer2_.age as age3_5_2_, customer2_.card_num as card_num4_5_2_, customer2_.employee as employee8_5_2_, customer2_.date as date5_5_2_, customer2_.name as name6_5_2_, customer2_.tel as tel7_5_2_, customer2_.registype as registyp9_5_2_, customer2_.job as job10_5_2_, employee3_.employee_id as employee1_6_3_, employee3_.name as name2_6_3_, employee3_.password as password3_6_3_, employee3_.username as username4_6_3_, registype4_.regis_type_id as regis_ty1_23_4_, registype4_.type as type2_23_4_, cus5_.regis_type_regis_type_id as regis_ty1_24_5_, customer6_.customer_id as cus_cust2_24_5_, customer6_.customer_id as customer1_5_6_, customer6_.address as address2_5_6_, customer6_.age as age3_5_6_, customer6_.card_num as card_num4_5_6_, customer6_.employee as employee8_5_6_, customer6_.date as date5_5_6_, customer6_.name as name6_5_6_, customer6_.tel as tel7_5_6_, customer6_.registype as registyp9_5_6_, customer6_.job as job10_5_6_, job7_.job_id as job_id1_8_7_, job7_.job as job2_8_7_ from job job0_ left outer join job_cus cus1_ on job0_.job_id=cus1_.job_job_id left outer join customer customer2_ on cus1_.cus_customer_id=customer2_.customer_id left outer join employee employee3_ on customer2_.employee=employee3_.employee_id left outer join resgistype registype4_ on customer2_.registype=registype4_.regis_type_id left outer join resgistype_cus cus5_ on registype4_.regis_type_id=cus5_.regis_type_regis_type_id left outer join customer customer6_ on cus5_.cus_customer_id=customer6_.customer_id left outer join job job7_ on customer6_.job=job7_.job_id where job0_.job_id=?
Hibernate: select employee0_.employee_id as employee1_6_0_, employee0_.name as name2_6_0_, employee0_.password as password3_6_0_, employee0_.username as username4_6_0_ from employee employee0_ where employee0_.employee_id=?
Hibernate: select rent0_.employee_employee_id as employee1_7_0_, rent0_.rent_rent_car_id as rent_ren2_7_0_, rentcar1_.rent_car_id as rent_car1_18_1_, rentcar1_.employee_id as employee5_18_1_, rentcar1_.price as price2_18_1_, rentcar1_.rent_date as rent_dat3_18_1_, rentcar1_.customer_id as customer6_18_1_, rentcar1_.rentday as rentday4_18_1_, rentcar1_.car_id as car_id7_18_1_, rentcar1_.renttype_id as renttype8_18_1_, employee2_.employee_id as employee1_6_2_, employee2_.name as name2_6_2_, employee2_.password as password3_6_2_, employee2_.username as username4_6_2_, customer3_.customer_id as customer1_5_3_, customer3_.address as address2_5_3_, customer3_.age as age3_5_3_, customer3_.card_num as card_num4_5_3_, customer3_.employee as employee8_5_3_, customer3_.date as date5_5_3_, customer3_.name as name6_5_3_, customer3_.tel as tel7_5_3_, customer3_.registype as registyp9_5_3_, customer3_.job as job10_5_3_, employee4_.employee_id as employee1_6_4_, employee4_.name as name2_6_4_, employee4_.password as password3_6_4_, employee4_.username as username4_6_4_, registype5_.regis_type_id as regis_ty1_23_5_, registype5_.type as type2_23_5_, job6_.job_id as job_id1_8_6_, job6_.job as job2_8_6_, car7_.car_id as car_id1_2_7_, car7_.brand_id as brand_id4_2_7_, car7_.seat_id as seat_id5_2_7_, car7_.employee_id as employee6_2_7_, car7_.plate as plate2_2_7_, car7_.province_id as province7_2_7_, car7_.vin as vin3_2_7_, brand8_.brand_id as brand_id1_0_8_, brand8_.brand as brand2_0_8_, carseat9_.seat_id as seat_id1_3_9_, carseat9_.carseat as carseat2_3_9_, employee10_.employee_id as employee1_6_10_, employee10_.name as name2_6_10_, employee10_.password as password3_6_10_, employee10_.username as username4_6_10_, province11_.province_id as province1_16_11_, province11_.province as province2_16_11_, renttype12_.renttype_id as renttype1_19_12_, renttype12_.nametype as nametype2_19_12_, renttype12_.unitprice as unitpric3_19_12_ from employee_rent rent0_ inner join rent_car rentcar1_ on rent0_.rent_rent_car_id=rentcar1_.rent_car_id inner join employee employee2_ on rentcar1_.employee_id=employee2_.employee_id inner join customer customer3_ on rentcar1_.customer_id=customer3_.customer_id inner join employee employee4_ on customer3_.employee=employee4_.employee_id inner join resgistype registype5_ on customer3_.registype=registype5_.regis_type_id inner join job job6_ on customer3_.job=job6_.job_id inner join car car7_ on rentcar1_.car_id=car7_.car_id inner join brand brand8_ on car7_.brand_id=brand8_.brand_id inner join carseat carseat9_ on car7_.seat_id=carseat9_.seat_id inner join employee employee10_ on car7_.employee_id=employee10_.employee_id inner join plateprovince province11_ on car7_.province_id=province11_.province_id inner join renttype renttype12_ on rentcar1_.renttype_id=renttype12_.renttype_id where rent0_.employee_employee_id=?
Hibernate: select registype0_.regis_type_id as regis_ty1_23_0_, registype0_.type as type2_23_0_, cus1_.regis_type_regis_type_id as regis_ty1_24_1_, customer2_.customer_id as cus_cust2_24_1_, customer2_.customer_id as customer1_5_2_, customer2_.address as address2_5_2_, customer2_.age as age3_5_2_, customer2_.card_num as card_num4_5_2_, customer2_.employee as employee8_5_2_, customer2_.date as date5_5_2_, customer2_.name as name6_5_2_, customer2_.tel as tel7_5_2_, customer2_.registype as registyp9_5_2_, customer2_.job as job10_5_2_, employee3_.employee_id as employee1_6_3_, employee3_.name as name2_6_3_, employee3_.password as password3_6_3_, employee3_.username as username4_6_3_, registype4_.regis_type_id as regis_ty1_23_4_, registype4_.type as type2_23_4_, job5_.job_id as job_id1_8_5_, job5_.job as job2_8_5_, cus6_.job_job_id as job_job_1_9_6_, customer7_.customer_id as cus_cust2_9_6_, customer7_.customer_id as customer1_5_7_, customer7_.address as address2_5_7_, customer7_.age as age3_5_7_, customer7_.card_num as card_num4_5_7_, customer7_.employee as employee8_5_7_, customer7_.date as date5_5_7_, customer7_.name as name6_5_7_, customer7_.tel as tel7_5_7_, customer7_.registype as registyp9_5_7_, customer7_.job as job10_5_7_ from resgistype registype0_ left outer join resgistype_cus cus1_ on registype0_.regis_type_id=cus1_.regis_type_regis_type_id left outer join customer customer2_ on cus1_.cus_customer_id=customer2_.customer_id left outer join employee employee3_ on customer2_.employee=employee3_.employee_id left outer join resgistype registype4_ on customer2_.registype=registype4_.regis_type_id left outer join job job5_ on customer2_.job=job5_.job_id left outer join job_cus cus6_ on job5_.job_id=cus6_.job_job_id left outer join customer customer7_ on cus6_.cus_customer_id=customer7_.customer_id where registype0_.regis_type_id=?
2020-02-09 19:51:07.027  INFO 94504 --- [    Test worker] o.s.t.c.transaction.TransactionContext   : Rolled back transaction for test: [DefaultTestContext@4374e3f7 testClass = CustomerTest, testInstance = com.cpe.backend.CustomerTest@7b5b8346, testMethod = B6015107_testTelMustNotDigits@CustomerTest, testException = [null], mergedContextConfiguration = [MergedContextConfiguration@38620d5f testClass = CustomerTest, locations = '{}', classes = '{class com.cpe.backend.BackendApplication}', contextInitializerClasses = '[]', activeProfiles = '{}', propertySourceLocations = '{}', propertySourceProperties = '{org.springframework.boot.test.autoconfigure.orm.jpa.DataJpaTestContextBootstrapper=true}', contextCustomizers = set[org.springframework.boot.test.autoconfigure.OverrideAutoConfigurationContextCustomizerFactory$DisableAutoConfigurationContextCustomizer@7ef5e9d1, org.springframework.boot.test.autoconfigure.filter.TypeExcludeFiltersContextCustomizer@351584c0, org.springframework.boot.test.autoconfigure.properties.PropertyMappingContextCustomizer@5dc7d2ae, org.springframework.boot.test.autoconfigure.web.servlet.WebDriverContextCustomizerFactory$Customizer@1e10bd64, [ImportsContextCustomizer@5e0dbac9 key = [org.springframework.boot.autoconfigure.cache.CacheAutoConfiguration, org.springframework.boot.autoconfigure.data.jpa.JpaRepositoriesAutoConfiguration, org.springframework.boot.autoconfigure.flyway.FlywayAutoConfiguration, org.springframework.boot.autoconfigure.jdbc.DataSourceAutoConfiguration, org.springframework.boot.autoconfigure.jdbc.DataSourceTransactionManagerAutoConfiguration, org.springframework.boot.autoconfigure.jdbc.JdbcTemplateAutoConfiguration, org.springframework.boot.autoconfigure.liquibase.LiquibaseAutoConfiguration, org.springframework.boot.autoconfigure.orm.jpa.HibernateJpaAutoConfiguration, org.springframework.boot.autoconfigure.transaction.TransactionAutoConfiguration, org.springframework.boot.test.autoconfigure.jdbc.TestDatabaseAutoConfiguration, org.springframework.boot.test.autoconfigure.orm.jpa.TestEntityManagerAutoConfiguration]], org.springframework.boot.test.context.filter.ExcludeFilterContextCustomizer@3eeedba0, org.springframework.boot.test.json.DuplicateJsonObjectContextCustomizerFactory$DuplicateJsonObjectContextCustomizer@4c95ef13, org.springframework.boot.test.mock.mockito.MockitoContextCustomizer@0], contextLoader = 'org.springframework.boot.test.context.SpringBootContextLoader', parent = [null]], attributes = map[[empty]]]
2020-02-09 19:51:07.029  INFO 94504 --- [    Test worker] o.s.t.c.transaction.TransactionContext   : Began transaction (1) for test context [DefaultTestContext@4374e3f7 testClass = CustomerTest, testInstance = com.cpe.backend.CustomerTest@35a313bb, testMethod = B6015107_test_createdByMustNotBeNull@CustomerTest, testException = [null], mergedContextConfiguration = [MergedContextConfiguration@38620d5f testClass = CustomerTest, locations = '{}', classes = '{class com.cpe.backend.BackendApplication}', contextInitializerClasses = '[]', activeProfiles = '{}', propertySourceLocations = '{}', propertySourceProperties = '{org.springframework.boot.test.autoconfigure.orm.jpa.DataJpaTestContextBootstrapper=true}', contextCustomizers = set[org.springframework.boot.test.autoconfigure.OverrideAutoConfigurationContextCustomizerFactory$DisableAutoConfigurationContextCustomizer@7ef5e9d1, org.springframework.boot.test.autoconfigure.filter.TypeExcludeFiltersContextCustomizer@351584c0, org.springframework.boot.test.autoconfigure.properties.PropertyMappingContextCustomizer@5dc7d2ae, org.springframework.boot.test.autoconfigure.web.servlet.WebDriverContextCustomizerFactory$Customizer@1e10bd64, [ImportsContextCustomizer@5e0dbac9 key = [org.springframework.boot.autoconfigure.cache.CacheAutoConfiguration, org.springframework.boot.autoconfigure.data.jpa.JpaRepositoriesAutoConfiguration, org.springframework.boot.autoconfigure.flyway.FlywayAutoConfiguration, org.springframework.boot.autoconfigure.jdbc.DataSourceAutoConfiguration, org.springframework.boot.autoconfigure.jdbc.DataSourceTransactionManagerAutoConfiguration, org.springframework.boot.autoconfigure.jdbc.JdbcTemplateAutoConfiguration, org.springframework.boot.autoconfigure.liquibase.LiquibaseAutoConfiguration, org.springframework.boot.autoconfigure.orm.jpa.HibernateJpaAutoConfiguration, org.springframework.boot.autoconfigure.transaction.TransactionAutoConfiguration, org.springframework.boot.test.autoconfigure.jdbc.TestDatabaseAutoConfiguration, org.springframework.boot.test.autoconfigure.orm.jpa.TestEntityManagerAutoConfiguration]], org.springframework.boot.test.context.filter.ExcludeFilterContextCustomizer@3eeedba0, org.springframework.boot.test.json.DuplicateJsonObjectContextCustomizerFactory$DuplicateJsonObjectContextCustomizer@4c95ef13, org.springframework.boot.test.mock.mockito.MockitoContextCustomizer@0], contextLoader = 'org.springframework.boot.test.context.SpringBootContextLoader', parent = [null]], attributes = map[[empty]]]; transaction manager [org.springframework.orm.jpa.JpaTransactionManager@177de9ad]; rollback [true]
Hibernate: select job0_.job_id as job_id1_8_0_, job0_.job as job2_8_0_, cus1_.job_job_id as job_job_1_9_1_, customer2_.customer_id as cus_cust2_9_1_, customer2_.customer_id as customer1_5_2_, customer2_.address as address2_5_2_, customer2_.age as age3_5_2_, customer2_.card_num as card_num4_5_2_, customer2_.employee as employee8_5_2_, customer2_.date as date5_5_2_, customer2_.name as name6_5_2_, customer2_.tel as tel7_5_2_, customer2_.registype as registyp9_5_2_, customer2_.job as job10_5_2_, employee3_.employee_id as employee1_6_3_, employee3_.name as name2_6_3_, employee3_.password as password3_6_3_, employee3_.username as username4_6_3_, registype4_.regis_type_id as regis_ty1_23_4_, registype4_.type as type2_23_4_, cus5_.regis_type_regis_type_id as regis_ty1_24_5_, customer6_.customer_id as cus_cust2_24_5_, customer6_.customer_id as customer1_5_6_, customer6_.address as address2_5_6_, customer6_.age as age3_5_6_, customer6_.card_num as card_num4_5_6_, customer6_.employee as employee8_5_6_, customer6_.date as date5_5_6_, customer6_.name as name6_5_6_, customer6_.tel as tel7_5_6_, customer6_.registype as registyp9_5_6_, customer6_.job as job10_5_6_, job7_.job_id as job_id1_8_7_, job7_.job as job2_8_7_ from job job0_ left outer join job_cus cus1_ on job0_.job_id=cus1_.job_job_id left outer join customer customer2_ on cus1_.cus_customer_id=customer2_.customer_id left outer join employee employee3_ on customer2_.employee=employee3_.employee_id left outer join resgistype registype4_ on customer2_.registype=registype4_.regis_type_id left outer join resgistype_cus cus5_ on registype4_.regis_type_id=cus5_.regis_type_regis_type_id left outer join customer customer6_ on cus5_.cus_customer_id=customer6_.customer_id left outer join job job7_ on customer6_.job=job7_.job_id where job0_.job_id=?
Hibernate: select registype0_.regis_type_id as regis_ty1_23_0_, registype0_.type as type2_23_0_, cus1_.regis_type_regis_type_id as regis_ty1_24_1_, customer2_.customer_id as cus_cust2_24_1_, customer2_.customer_id as customer1_5_2_, customer2_.address as address2_5_2_, customer2_.age as age3_5_2_, customer2_.card_num as card_num4_5_2_, customer2_.employee as employee8_5_2_, customer2_.date as date5_5_2_, customer2_.name as name6_5_2_, customer2_.tel as tel7_5_2_, customer2_.registype as registyp9_5_2_, customer2_.job as job10_5_2_, employee3_.employee_id as employee1_6_3_, employee3_.name as name2_6_3_, employee3_.password as password3_6_3_, employee3_.username as username4_6_3_, registype4_.regis_type_id as regis_ty1_23_4_, registype4_.type as type2_23_4_, job5_.job_id as job_id1_8_5_, job5_.job as job2_8_5_, cus6_.job_job_id as job_job_1_9_6_, customer7_.customer_id as cus_cust2_9_6_, customer7_.customer_id as customer1_5_7_, customer7_.address as address2_5_7_, customer7_.age as age3_5_7_, customer7_.card_num as card_num4_5_7_, customer7_.employee as employee8_5_7_, customer7_.date as date5_5_7_, customer7_.name as name6_5_7_, customer7_.tel as tel7_5_7_, customer7_.registype as registyp9_5_7_, customer7_.job as job10_5_7_ from resgistype registype0_ left outer join resgistype_cus cus1_ on registype0_.regis_type_id=cus1_.regis_type_regis_type_id left outer join customer customer2_ on cus1_.cus_customer_id=customer2_.customer_id left outer join employee employee3_ on customer2_.employee=employee3_.employee_id left outer join resgistype registype4_ on customer2_.registype=registype4_.regis_type_id left outer join job job5_ on customer2_.job=job5_.job_id left outer join job_cus cus6_ on job5_.job_id=cus6_.job_job_id left outer join customer customer7_ on cus6_.cus_customer_id=customer7_.customer_id where registype0_.regis_type_id=?
2020-02-09 19:51:07.042  INFO 94504 --- [    Test worker] o.s.t.c.transaction.TransactionContext   : Rolled back transaction for test: [DefaultTestContext@4374e3f7 testClass = CustomerTest, testInstance = com.cpe.backend.CustomerTest@35a313bb, testMethod = B6015107_test_createdByMustNotBeNull@CustomerTest, testException = [null], mergedContextConfiguration = [MergedContextConfiguration@38620d5f testClass = CustomerTest, locations = '{}', classes = '{class com.cpe.backend.BackendApplication}', contextInitializerClasses = '[]', activeProfiles = '{}', propertySourceLocations = '{}', propertySourceProperties = '{org.springframework.boot.test.autoconfigure.orm.jpa.DataJpaTestContextBootstrapper=true}', contextCustomizers = set[org.springframework.boot.test.autoconfigure.OverrideAutoConfigurationContextCustomizerFactory$DisableAutoConfigurationContextCustomizer@7ef5e9d1, org.springframework.boot.test.autoconfigure.filter.TypeExcludeFiltersContextCustomizer@351584c0, org.springframework.boot.test.autoconfigure.properties.PropertyMappingContextCustomizer@5dc7d2ae, org.springframework.boot.test.autoconfigure.web.servlet.WebDriverContextCustomizerFactory$Customizer@1e10bd64, [ImportsContextCustomizer@5e0dbac9 key = [org.springframework.boot.autoconfigure.cache.CacheAutoConfiguration, org.springframework.boot.autoconfigure.data.jpa.JpaRepositoriesAutoConfiguration, org.springframework.boot.autoconfigure.flyway.FlywayAutoConfiguration, org.springframework.boot.autoconfigure.jdbc.DataSourceAutoConfiguration, org.springframework.boot.autoconfigure.jdbc.DataSourceTransactionManagerAutoConfiguration, org.springframework.boot.autoconfigure.jdbc.JdbcTemplateAutoConfiguration, org.springframework.boot.autoconfigure.liquibase.LiquibaseAutoConfiguration, org.springframework.boot.autoconfigure.orm.jpa.HibernateJpaAutoConfiguration, org.springframework.boot.autoconfigure.transaction.TransactionAutoConfiguration, org.springframework.boot.test.autoconfigure.jdbc.TestDatabaseAutoConfiguration, org.springframework.boot.test.autoconfigure.orm.jpa.TestEntityManagerAutoConfiguration]], org.springframework.boot.test.context.filter.ExcludeFilterContextCustomizer@3eeedba0, org.springframework.boot.test.json.DuplicateJsonObjectContextCustomizerFactory$DuplicateJsonObjectContextCustomizer@4c95ef13, org.springframework.boot.test.mock.mockito.MockitoContextCustomizer@0], contextLoader = 'org.springframework.boot.test.context.SpringBootContextLoader', parent = [null]], attributes = map[[empty]]]
2020-02-09 19:51:07.045  INFO 94504 --- [    Test worker] o.s.t.c.transaction.TransactionContext   : Began transaction (1) for test context [DefaultTestContext@4374e3f7 testClass = CustomerTest, testInstance = com.cpe.backend.CustomerTest@2dd1517c, testMethod = B6015107_testNameMustMatchString@CustomerTest, testException = [null], mergedContextConfiguration = [MergedContextConfiguration@38620d5f testClass = CustomerTest, locations = '{}', classes = '{class com.cpe.backend.BackendApplication}', contextInitializerClasses = '[]', activeProfiles = '{}', propertySourceLocations = '{}', propertySourceProperties = '{org.springframework.boot.test.autoconfigure.orm.jpa.DataJpaTestContextBootstrapper=true}', contextCustomizers = set[org.springframework.boot.test.autoconfigure.OverrideAutoConfigurationContextCustomizerFactory$DisableAutoConfigurationContextCustomizer@7ef5e9d1, org.springframework.boot.test.autoconfigure.filter.TypeExcludeFiltersContextCustomizer@351584c0, org.springframework.boot.test.autoconfigure.properties.PropertyMappingContextCustomizer@5dc7d2ae, org.springframework.boot.test.autoconfigure.web.servlet.WebDriverContextCustomizerFactory$Customizer@1e10bd64, [ImportsContextCustomizer@5e0dbac9 key = [org.springframework.boot.autoconfigure.cache.CacheAutoConfiguration, org.springframework.boot.autoconfigure.data.jpa.JpaRepositoriesAutoConfiguration, org.springframework.boot.autoconfigure.flyway.FlywayAutoConfiguration, org.springframework.boot.autoconfigure.jdbc.DataSourceAutoConfiguration, org.springframework.boot.autoconfigure.jdbc.DataSourceTransactionManagerAutoConfiguration, org.springframework.boot.autoconfigure.jdbc.JdbcTemplateAutoConfiguration, org.springframework.boot.autoconfigure.liquibase.LiquibaseAutoConfiguration, org.springframework.boot.autoconfigure.orm.jpa.HibernateJpaAutoConfiguration, org.springframework.boot.autoconfigure.transaction.TransactionAutoConfiguration, org.springframework.boot.test.autoconfigure.jdbc.TestDatabaseAutoConfiguration, org.springframework.boot.test.autoconfigure.orm.jpa.TestEntityManagerAutoConfiguration]], org.springframework.boot.test.context.filter.ExcludeFilterContextCustomizer@3eeedba0, org.springframework.boot.test.json.DuplicateJsonObjectContextCustomizerFactory$DuplicateJsonObjectContextCustomizer@4c95ef13, org.springframework.boot.test.mock.mockito.MockitoContextCustomizer@0], contextLoader = 'org.springframework.boot.test.context.SpringBootContextLoader', parent = [null]], attributes = map[[empty]]]; transaction manager [org.springframework.orm.jpa.JpaTransactionManager@177de9ad]; rollback [true]
Hibernate: select job0_.job_id as job_id1_8_0_, job0_.job as job2_8_0_, cus1_.job_job_id as job_job_1_9_1_, customer2_.customer_id as cus_cust2_9_1_, customer2_.customer_id as customer1_5_2_, customer2_.address as address2_5_2_, customer2_.age as age3_5_2_, customer2_.card_num as card_num4_5_2_, customer2_.employee as employee8_5_2_, customer2_.date as date5_5_2_, customer2_.name as name6_5_2_, customer2_.tel as tel7_5_2_, customer2_.registype as registyp9_5_2_, customer2_.job as job10_5_2_, employee3_.employee_id as employee1_6_3_, employee3_.name as name2_6_3_, employee3_.password as password3_6_3_, employee3_.username as username4_6_3_, registype4_.regis_type_id as regis_ty1_23_4_, registype4_.type as type2_23_4_, cus5_.regis_type_regis_type_id as regis_ty1_24_5_, customer6_.customer_id as cus_cust2_24_5_, customer6_.customer_id as customer1_5_6_, customer6_.address as address2_5_6_, customer6_.age as age3_5_6_, customer6_.card_num as card_num4_5_6_, customer6_.employee as employee8_5_6_, customer6_.date as date5_5_6_, customer6_.name as name6_5_6_, customer6_.tel as tel7_5_6_, customer6_.registype as registyp9_5_6_, customer6_.job as job10_5_6_, job7_.job_id as job_id1_8_7_, job7_.job as job2_8_7_ from job job0_ left outer join job_cus cus1_ on job0_.job_id=cus1_.job_job_id left outer join customer customer2_ on cus1_.cus_customer_id=customer2_.customer_id left outer join employee employee3_ on customer2_.employee=employee3_.employee_id left outer join resgistype registype4_ on customer2_.registype=registype4_.regis_type_id left outer join resgistype_cus cus5_ on registype4_.regis_type_id=cus5_.regis_type_regis_type_id left outer join customer customer6_ on cus5_.cus_customer_id=customer6_.customer_id left outer join job job7_ on customer6_.job=job7_.job_id where job0_.job_id=?
Hibernate: select employee0_.employee_id as employee1_6_0_, employee0_.name as name2_6_0_, employee0_.password as password3_6_0_, employee0_.username as username4_6_0_ from employee employee0_ where employee0_.employee_id=?
Hibernate: select rent0_.employee_employee_id as employee1_7_0_, rent0_.rent_rent_car_id as rent_ren2_7_0_, rentcar1_.rent_car_id as rent_car1_18_1_, rentcar1_.employee_id as employee5_18_1_, rentcar1_.price as price2_18_1_, rentcar1_.rent_date as rent_dat3_18_1_, rentcar1_.customer_id as customer6_18_1_, rentcar1_.rentday as rentday4_18_1_, rentcar1_.car_id as car_id7_18_1_, rentcar1_.renttype_id as renttype8_18_1_, employee2_.employee_id as employee1_6_2_, employee2_.name as name2_6_2_, employee2_.password as password3_6_2_, employee2_.username as username4_6_2_, customer3_.customer_id as customer1_5_3_, customer3_.address as address2_5_3_, customer3_.age as age3_5_3_, customer3_.card_num as card_num4_5_3_, customer3_.employee as employee8_5_3_, customer3_.date as date5_5_3_, customer3_.name as name6_5_3_, customer3_.tel as tel7_5_3_, customer3_.registype as registyp9_5_3_, customer3_.job as job10_5_3_, employee4_.employee_id as employee1_6_4_, employee4_.name as name2_6_4_, employee4_.password as password3_6_4_, employee4_.username as username4_6_4_, registype5_.regis_type_id as regis_ty1_23_5_, registype5_.type as type2_23_5_, job6_.job_id as job_id1_8_6_, job6_.job as job2_8_6_, car7_.car_id as car_id1_2_7_, car7_.brand_id as brand_id4_2_7_, car7_.seat_id as seat_id5_2_7_, car7_.employee_id as employee6_2_7_, car7_.plate as plate2_2_7_, car7_.province_id as province7_2_7_, car7_.vin as vin3_2_7_, brand8_.brand_id as brand_id1_0_8_, brand8_.brand as brand2_0_8_, carseat9_.seat_id as seat_id1_3_9_, carseat9_.carseat as carseat2_3_9_, employee10_.employee_id as employee1_6_10_, employee10_.name as name2_6_10_, employee10_.password as password3_6_10_, employee10_.username as username4_6_10_, province11_.province_id as province1_16_11_, province11_.province as province2_16_11_, renttype12_.renttype_id as renttype1_19_12_, renttype12_.nametype as nametype2_19_12_, renttype12_.unitprice as unitpric3_19_12_ from employee_rent rent0_ inner join rent_car rentcar1_ on rent0_.rent_rent_car_id=rentcar1_.rent_car_id inner join employee employee2_ on rentcar1_.employee_id=employee2_.employee_id inner join customer customer3_ on rentcar1_.customer_id=customer3_.customer_id inner join employee employee4_ on customer3_.employee=employee4_.employee_id inner join resgistype registype5_ on customer3_.registype=registype5_.regis_type_id inner join job job6_ on customer3_.job=job6_.job_id inner join car car7_ on rentcar1_.car_id=car7_.car_id inner join brand brand8_ on car7_.brand_id=brand8_.brand_id inner join carseat carseat9_ on car7_.seat_id=carseat9_.seat_id inner join employee employee10_ on car7_.employee_id=employee10_.employee_id inner join plateprovince province11_ on car7_.province_id=province11_.province_id inner join renttype renttype12_ on rentcar1_.renttype_id=renttype12_.renttype_id where rent0_.employee_employee_id=?
Hibernate: select registype0_.regis_type_id as regis_ty1_23_0_, registype0_.type as type2_23_0_, cus1_.regis_type_regis_type_id as regis_ty1_24_1_, customer2_.customer_id as cus_cust2_24_1_, customer2_.customer_id as customer1_5_2_, customer2_.address as address2_5_2_, customer2_.age as age3_5_2_, customer2_.card_num as card_num4_5_2_, customer2_.employee as employee8_5_2_, customer2_.date as date5_5_2_, customer2_.name as name6_5_2_, customer2_.tel as tel7_5_2_, customer2_.registype as registyp9_5_2_, customer2_.job as job10_5_2_, employee3_.employee_id as employee1_6_3_, employee3_.name as name2_6_3_, employee3_.password as password3_6_3_, employee3_.username as username4_6_3_, registype4_.regis_type_id as regis_ty1_23_4_, registype4_.type as type2_23_4_, job5_.job_id as job_id1_8_5_, job5_.job as job2_8_5_, cus6_.job_job_id as job_job_1_9_6_, customer7_.customer_id as cus_cust2_9_6_, customer7_.customer_id as customer1_5_7_, customer7_.address as address2_5_7_, customer7_.age as age3_5_7_, customer7_.card_num as card_num4_5_7_, customer7_.employee as employee8_5_7_, customer7_.date as date5_5_7_, customer7_.name as name6_5_7_, customer7_.tel as tel7_5_7_, customer7_.registype as registyp9_5_7_, customer7_.job as job10_5_7_ from resgistype registype0_ left outer join resgistype_cus cus1_ on registype0_.regis_type_id=cus1_.regis_type_regis_type_id left outer join customer customer2_ on cus1_.cus_customer_id=customer2_.customer_id left outer join employee employee3_ on customer2_.employee=employee3_.employee_id left outer join resgistype registype4_ on customer2_.registype=registype4_.regis_type_id left outer join job job5_ on customer2_.job=job5_.job_id left outer join job_cus cus6_ on job5_.job_id=cus6_.job_job_id left outer join customer customer7_ on cus6_.cus_customer_id=customer7_.customer_id where registype0_.regis_type_id=?
2020-02-09 19:51:07.082  INFO 94504 --- [    Test worker] o.s.t.c.transaction.TransactionContext   : Rolled back transaction for test: [DefaultTestContext@4374e3f7 testClass = CustomerTest, testInstance = com.cpe.backend.CustomerTest@2dd1517c, testMethod = B6015107_testNameMustMatchString@CustomerTest, testException = [null], mergedContextConfiguration = [MergedContextConfiguration@38620d5f testClass = CustomerTest, locations = '{}', classes = '{class com.cpe.backend.BackendApplication}', contextInitializerClasses = '[]', activeProfiles = '{}', propertySourceLocations = '{}', propertySourceProperties = '{org.springframework.boot.test.autoconfigure.orm.jpa.DataJpaTestContextBootstrapper=true}', contextCustomizers = set[org.springframework.boot.test.autoconfigure.OverrideAutoConfigurationContextCustomizerFactory$DisableAutoConfigurationContextCustomizer@7ef5e9d1, org.springframework.boot.test.autoconfigure.filter.TypeExcludeFiltersContextCustomizer@351584c0, org.springframework.boot.test.autoconfigure.properties.PropertyMappingContextCustomizer@5dc7d2ae, org.springframework.boot.test.autoconfigure.web.servlet.WebDriverContextCustomizerFactory$Customizer@1e10bd64, [ImportsContextCustomizer@5e0dbac9 key = [org.springframework.boot.autoconfigure.cache.CacheAutoConfiguration, org.springframework.boot.autoconfigure.data.jpa.JpaRepositoriesAutoConfiguration, org.springframework.boot.autoconfigure.flyway.FlywayAutoConfiguration, org.springframework.boot.autoconfigure.jdbc.DataSourceAutoConfiguration, org.springframework.boot.autoconfigure.jdbc.DataSourceTransactionManagerAutoConfiguration, org.springframework.boot.autoconfigure.jdbc.JdbcTemplateAutoConfiguration, org.springframework.boot.autoconfigure.liquibase.LiquibaseAutoConfiguration, org.springframework.boot.autoconfigure.orm.jpa.HibernateJpaAutoConfiguration, org.springframework.boot.autoconfigure.transaction.TransactionAutoConfiguration, org.springframework.boot.test.autoconfigure.jdbc.TestDatabaseAutoConfiguration, org.springframework.boot.test.autoconfigure.orm.jpa.TestEntityManagerAutoConfiguration]], org.springframework.boot.test.context.filter.ExcludeFilterContextCustomizer@3eeedba0, org.springframework.boot.test.json.DuplicateJsonObjectContextCustomizerFactory$DuplicateJsonObjectContextCustomizer@4c95ef13, org.springframework.boot.test.mock.mockito.MockitoContextCustomizer@0], contextLoader = 'org.springframework.boot.test.context.SpringBootContextLoader', parent = [null]], attributes = map[[empty]]]
2020-02-09 19:51:07.084  INFO 94504 --- [    Test worker] o.s.t.c.transaction.TransactionContext   : Began transaction (1) for test context [DefaultTestContext@4374e3f7 testClass = CustomerTest, testInstance = com.cpe.backend.CustomerTest@480990de, testMethod = B6015107_testTelMustNotBe11Digits@CustomerTest, testException = [null], mergedContextConfiguration = [MergedContextConfiguration@38620d5f testClass = CustomerTest, locations = '{}', classes = '{class com.cpe.backend.BackendApplication}', contextInitializerClasses = '[]', activeProfiles = '{}', propertySourceLocations = '{}', propertySourceProperties = '{org.springframework.boot.test.autoconfigure.orm.jpa.DataJpaTestContextBootstrapper=true}', contextCustomizers = set[org.springframework.boot.test.autoconfigure.OverrideAutoConfigurationContextCustomizerFactory$DisableAutoConfigurationContextCustomizer@7ef5e9d1, org.springframework.boot.test.autoconfigure.filter.TypeExcludeFiltersContextCustomizer@351584c0, org.springframework.boot.test.autoconfigure.properties.PropertyMappingContextCustomizer@5dc7d2ae, org.springframework.boot.test.autoconfigure.web.servlet.WebDriverContextCustomizerFactory$Customizer@1e10bd64, [ImportsContextCustomizer@5e0dbac9 key = [org.springframework.boot.autoconfigure.cache.CacheAutoConfiguration, org.springframework.boot.autoconfigure.data.jpa.JpaRepositoriesAutoConfiguration, org.springframework.boot.autoconfigure.flyway.FlywayAutoConfiguration, org.springframework.boot.autoconfigure.jdbc.DataSourceAutoConfiguration, org.springframework.boot.autoconfigure.jdbc.DataSourceTransactionManagerAutoConfiguration, org.springframework.boot.autoconfigure.jdbc.JdbcTemplateAutoConfiguration, org.springframework.boot.autoconfigure.liquibase.LiquibaseAutoConfiguration, org.springframework.boot.autoconfigure.orm.jpa.HibernateJpaAutoConfiguration, org.springframework.boot.autoconfigure.transaction.TransactionAutoConfiguration, org.springframework.boot.test.autoconfigure.jdbc.TestDatabaseAutoConfiguration, org.springframework.boot.test.autoconfigure.orm.jpa.TestEntityManagerAutoConfiguration]], org.springframework.boot.test.context.filter.ExcludeFilterContextCustomizer@3eeedba0, org.springframework.boot.test.json.DuplicateJsonObjectContextCustomizerFactory$DuplicateJsonObjectContextCustomizer@4c95ef13, org.springframework.boot.test.mock.mockito.MockitoContextCustomizer@0], contextLoader = 'org.springframework.boot.test.context.SpringBootContextLoader', parent = [null]], attributes = map[[empty]]]; transaction manager [org.springframework.orm.jpa.JpaTransactionManager@177de9ad]; rollback [true]
Hibernate: select job0_.job_id as job_id1_8_0_, job0_.job as job2_8_0_, cus1_.job_job_id as job_job_1_9_1_, customer2_.customer_id as cus_cust2_9_1_, customer2_.customer_id as customer1_5_2_, customer2_.address as address2_5_2_, customer2_.age as age3_5_2_, customer2_.card_num as card_num4_5_2_, customer2_.employee as employee8_5_2_, customer2_.date as date5_5_2_, customer2_.name as name6_5_2_, customer2_.tel as tel7_5_2_, customer2_.registype as registyp9_5_2_, customer2_.job as job10_5_2_, employee3_.employee_id as employee1_6_3_, employee3_.name as name2_6_3_, employee3_.password as password3_6_3_, employee3_.username as username4_6_3_, registype4_.regis_type_id as regis_ty1_23_4_, registype4_.type as type2_23_4_, cus5_.regis_type_regis_type_id as regis_ty1_24_5_, customer6_.customer_id as cus_cust2_24_5_, customer6_.customer_id as customer1_5_6_, customer6_.address as address2_5_6_, customer6_.age as age3_5_6_, customer6_.card_num as card_num4_5_6_, customer6_.employee as employee8_5_6_, customer6_.date as date5_5_6_, customer6_.name as name6_5_6_, customer6_.tel as tel7_5_6_, customer6_.registype as registyp9_5_6_, customer6_.job as job10_5_6_, job7_.job_id as job_id1_8_7_, job7_.job as job2_8_7_ from job job0_ left outer join job_cus cus1_ on job0_.job_id=cus1_.job_job_id left outer join customer customer2_ on cus1_.cus_customer_id=customer2_.customer_id left outer join employee employee3_ on customer2_.employee=employee3_.employee_id left outer join resgistype registype4_ on customer2_.registype=registype4_.regis_type_id left outer join resgistype_cus cus5_ on registype4_.regis_type_id=cus5_.regis_type_regis_type_id left outer join customer customer6_ on cus5_.cus_customer_id=customer6_.customer_id left outer join job job7_ on customer6_.job=job7_.job_id where job0_.job_id=?
Hibernate: select employee0_.employee_id as employee1_6_0_, employee0_.name as name2_6_0_, employee0_.password as password3_6_0_, employee0_.username as username4_6_0_ from employee employee0_ where employee0_.employee_id=?
Hibernate: select rent0_.employee_employee_id as employee1_7_0_, rent0_.rent_rent_car_id as rent_ren2_7_0_, rentcar1_.rent_car_id as rent_car1_18_1_, rentcar1_.employee_id as employee5_18_1_, rentcar1_.price as price2_18_1_, rentcar1_.rent_date as rent_dat3_18_1_, rentcar1_.customer_id as customer6_18_1_, rentcar1_.rentday as rentday4_18_1_, rentcar1_.car_id as car_id7_18_1_, rentcar1_.renttype_id as renttype8_18_1_, employee2_.employee_id as employee1_6_2_, employee2_.name as name2_6_2_, employee2_.password as password3_6_2_, employee2_.username as username4_6_2_, customer3_.customer_id as customer1_5_3_, customer3_.address as address2_5_3_, customer3_.age as age3_5_3_, customer3_.card_num as card_num4_5_3_, customer3_.employee as employee8_5_3_, customer3_.date as date5_5_3_, customer3_.name as name6_5_3_, customer3_.tel as tel7_5_3_, customer3_.registype as registyp9_5_3_, customer3_.job as job10_5_3_, employee4_.employee_id as employee1_6_4_, employee4_.name as name2_6_4_, employee4_.password as password3_6_4_, employee4_.username as username4_6_4_, registype5_.regis_type_id as regis_ty1_23_5_, registype5_.type as type2_23_5_, job6_.job_id as job_id1_8_6_, job6_.job as job2_8_6_, car7_.car_id as car_id1_2_7_, car7_.brand_id as brand_id4_2_7_, car7_.seat_id as seat_id5_2_7_, car7_.employee_id as employee6_2_7_, car7_.plate as plate2_2_7_, car7_.province_id as province7_2_7_, car7_.vin as vin3_2_7_, brand8_.brand_id as brand_id1_0_8_, brand8_.brand as brand2_0_8_, carseat9_.seat_id as seat_id1_3_9_, carseat9_.carseat as carseat2_3_9_, employee10_.employee_id as employee1_6_10_, employee10_.name as name2_6_10_, employee10_.password as password3_6_10_, employee10_.username as username4_6_10_, province11_.province_id as province1_16_11_, province11_.province as province2_16_11_, renttype12_.renttype_id as renttype1_19_12_, renttype12_.nametype as nametype2_19_12_, renttype12_.unitprice as unitpric3_19_12_ from employee_rent rent0_ inner join rent_car rentcar1_ on rent0_.rent_rent_car_id=rentcar1_.rent_car_id inner join employee employee2_ on rentcar1_.employee_id=employee2_.employee_id inner join customer customer3_ on rentcar1_.customer_id=customer3_.customer_id inner join employee employee4_ on customer3_.employee=employee4_.employee_id inner join resgistype registype5_ on customer3_.registype=registype5_.regis_type_id inner join job job6_ on customer3_.job=job6_.job_id inner join car car7_ on rentcar1_.car_id=car7_.car_id inner join brand brand8_ on car7_.brand_id=brand8_.brand_id inner join carseat carseat9_ on car7_.seat_id=carseat9_.seat_id inner join employee employee10_ on car7_.employee_id=employee10_.employee_id inner join plateprovince province11_ on car7_.province_id=province11_.province_id inner join renttype renttype12_ on rentcar1_.renttype_id=renttype12_.renttype_id where rent0_.employee_employee_id=?
Hibernate: select registype0_.regis_type_id as regis_ty1_23_0_, registype0_.type as type2_23_0_, cus1_.regis_type_regis_type_id as regis_ty1_24_1_, customer2_.customer_id as cus_cust2_24_1_, customer2_.customer_id as customer1_5_2_, customer2_.address as address2_5_2_, customer2_.age as age3_5_2_, customer2_.card_num as card_num4_5_2_, customer2_.employee as employee8_5_2_, customer2_.date as date5_5_2_, customer2_.name as name6_5_2_, customer2_.tel as tel7_5_2_, customer2_.registype as registyp9_5_2_, customer2_.job as job10_5_2_, employee3_.employee_id as employee1_6_3_, employee3_.name as name2_6_3_, employee3_.password as password3_6_3_, employee3_.username as username4_6_3_, registype4_.regis_type_id as regis_ty1_23_4_, registype4_.type as type2_23_4_, job5_.job_id as job_id1_8_5_, job5_.job as job2_8_5_, cus6_.job_job_id as job_job_1_9_6_, customer7_.customer_id as cus_cust2_9_6_, customer7_.customer_id as customer1_5_7_, customer7_.address as address2_5_7_, customer7_.age as age3_5_7_, customer7_.card_num as card_num4_5_7_, customer7_.employee as employee8_5_7_, customer7_.date as date5_5_7_, customer7_.name as name6_5_7_, customer7_.tel as tel7_5_7_, customer7_.registype as registyp9_5_7_, customer7_.job as job10_5_7_ from resgistype registype0_ left outer join resgistype_cus cus1_ on registype0_.regis_type_id=cus1_.regis_type_regis_type_id left outer join customer customer2_ on cus1_.cus_customer_id=customer2_.customer_id left outer join employee employee3_ on customer2_.employee=employee3_.employee_id left outer join resgistype registype4_ on customer2_.registype=registype4_.regis_type_id left outer join job job5_ on customer2_.job=job5_.job_id left outer join job_cus cus6_ on job5_.job_id=cus6_.job_job_id left outer join customer customer7_ on cus6_.cus_customer_id=customer7_.customer_id where registype0_.regis_type_id=?
2020-02-09 19:51:07.100  INFO 94504 --- [    Test worker] o.s.t.c.transaction.TransactionContext   : Rolled back transaction for test: [DefaultTestContext@4374e3f7 testClass = CustomerTest, testInstance = com.cpe.backend.CustomerTest@480990de, testMethod = B6015107_testTelMustNotBe11Digits@CustomerTest, testException = [null], mergedContextConfiguration = [MergedContextConfiguration@38620d5f testClass = CustomerTest, locations = '{}', classes = '{class com.cpe.backend.BackendApplication}', contextInitializerClasses = '[]', activeProfiles = '{}', propertySourceLocations = '{}', propertySourceProperties = '{org.springframework.boot.test.autoconfigure.orm.jpa.DataJpaTestContextBootstrapper=true}', contextCustomizers = set[org.springframework.boot.test.autoconfigure.OverrideAutoConfigurationContextCustomizerFactory$DisableAutoConfigurationContextCustomizer@7ef5e9d1, org.springframework.boot.test.autoconfigure.filter.TypeExcludeFiltersContextCustomizer@351584c0, org.springframework.boot.test.autoconfigure.properties.PropertyMappingContextCustomizer@5dc7d2ae, org.springframework.boot.test.autoconfigure.web.servlet.WebDriverContextCustomizerFactory$Customizer@1e10bd64, [ImportsContextCustomizer@5e0dbac9 key = [org.springframework.boot.autoconfigure.cache.CacheAutoConfiguration, org.springframework.boot.autoconfigure.data.jpa.JpaRepositoriesAutoConfiguration, org.springframework.boot.autoconfigure.flyway.FlywayAutoConfiguration, org.springframework.boot.autoconfigure.jdbc.DataSourceAutoConfiguration, org.springframework.boot.autoconfigure.jdbc.DataSourceTransactionManagerAutoConfiguration, org.springframework.boot.autoconfigure.jdbc.JdbcTemplateAutoConfiguration, org.springframework.boot.autoconfigure.liquibase.LiquibaseAutoConfiguration, org.springframework.boot.autoconfigure.orm.jpa.HibernateJpaAutoConfiguration, org.springframework.boot.autoconfigure.transaction.TransactionAutoConfiguration, org.springframework.boot.test.autoconfigure.jdbc.TestDatabaseAutoConfiguration, org.springframework.boot.test.autoconfigure.orm.jpa.TestEntityManagerAutoConfiguration]], org.springframework.boot.test.context.filter.ExcludeFilterContextCustomizer@3eeedba0, org.springframework.boot.test.json.DuplicateJsonObjectContextCustomizerFactory$DuplicateJsonObjectContextCustomizer@4c95ef13, org.springframework.boot.test.mock.mockito.MockitoContextCustomizer@0], contextLoader = 'org.springframework.boot.test.context.SpringBootContextLoader', parent = [null]], attributes = map[[empty]]]
2020-02-09 19:51:07.102  INFO 94504 --- [    Test worker] o.s.t.c.transaction.TransactionContext   : Began transaction (1) for test context [DefaultTestContext@4374e3f7 testClass = CustomerTest, testInstance = com.cpe.backend.CustomerTest@4b569180, testMethod = B6015107_test_typeMustNotBeNull@CustomerTest, testException = [null], mergedContextConfiguration = [MergedContextConfiguration@38620d5f testClass = CustomerTest, locations = '{}', classes = '{class com.cpe.backend.BackendApplication}', contextInitializerClasses = '[]', activeProfiles = '{}', propertySourceLocations = '{}', propertySourceProperties = '{org.springframework.boot.test.autoconfigure.orm.jpa.DataJpaTestContextBootstrapper=true}', contextCustomizers = set[org.springframework.boot.test.autoconfigure.OverrideAutoConfigurationContextCustomizerFactory$DisableAutoConfigurationContextCustomizer@7ef5e9d1, org.springframework.boot.test.autoconfigure.filter.TypeExcludeFiltersContextCustomizer@351584c0, org.springframework.boot.test.autoconfigure.properties.PropertyMappingContextCustomizer@5dc7d2ae, org.springframework.boot.test.autoconfigure.web.servlet.WebDriverContextCustomizerFactory$Customizer@1e10bd64, [ImportsContextCustomizer@5e0dbac9 key = [org.springframework.boot.autoconfigure.cache.CacheAutoConfiguration, org.springframework.boot.autoconfigure.data.jpa.JpaRepositoriesAutoConfiguration, org.springframework.boot.autoconfigure.flyway.FlywayAutoConfiguration, org.springframework.boot.autoconfigure.jdbc.DataSourceAutoConfiguration, org.springframework.boot.autoconfigure.jdbc.DataSourceTransactionManagerAutoConfiguration, org.springframework.boot.autoconfigure.jdbc.JdbcTemplateAutoConfiguration, org.springframework.boot.autoconfigure.liquibase.LiquibaseAutoConfiguration, org.springframework.boot.autoconfigure.orm.jpa.HibernateJpaAutoConfiguration, org.springframework.boot.autoconfigure.transaction.TransactionAutoConfiguration, org.springframework.boot.test.autoconfigure.jdbc.TestDatabaseAutoConfiguration, org.springframework.boot.test.autoconfigure.orm.jpa.TestEntityManagerAutoConfiguration]], org.springframework.boot.test.context.filter.ExcludeFilterContextCustomizer@3eeedba0, org.springframework.boot.test.json.DuplicateJsonObjectContextCustomizerFactory$DuplicateJsonObjectContextCustomizer@4c95ef13, org.springframework.boot.test.mock.mockito.MockitoContextCustomizer@0], contextLoader = 'org.springframework.boot.test.context.SpringBootContextLoader', parent = [null]], attributes = map[[empty]]]; transaction manager [org.springframework.orm.jpa.JpaTransactionManager@177de9ad]; rollback [true]
Hibernate: select job0_.job_id as job_id1_8_0_, job0_.job as job2_8_0_, cus1_.job_job_id as job_job_1_9_1_, customer2_.customer_id as cus_cust2_9_1_, customer2_.customer_id as customer1_5_2_, customer2_.address as address2_5_2_, customer2_.age as age3_5_2_, customer2_.card_num as card_num4_5_2_, customer2_.employee as employee8_5_2_, customer2_.date as date5_5_2_, customer2_.name as name6_5_2_, customer2_.tel as tel7_5_2_, customer2_.registype as registyp9_5_2_, customer2_.job as job10_5_2_, employee3_.employee_id as employee1_6_3_, employee3_.name as name2_6_3_, employee3_.password as password3_6_3_, employee3_.username as username4_6_3_, registype4_.regis_type_id as regis_ty1_23_4_, registype4_.type as type2_23_4_, cus5_.regis_type_regis_type_id as regis_ty1_24_5_, customer6_.customer_id as cus_cust2_24_5_, customer6_.customer_id as customer1_5_6_, customer6_.address as address2_5_6_, customer6_.age as age3_5_6_, customer6_.card_num as card_num4_5_6_, customer6_.employee as employee8_5_6_, customer6_.date as date5_5_6_, customer6_.name as name6_5_6_, customer6_.tel as tel7_5_6_, customer6_.registype as registyp9_5_6_, customer6_.job as job10_5_6_, job7_.job_id as job_id1_8_7_, job7_.job as job2_8_7_ from job job0_ left outer join job_cus cus1_ on job0_.job_id=cus1_.job_job_id left outer join customer customer2_ on cus1_.cus_customer_id=customer2_.customer_id left outer join employee employee3_ on customer2_.employee=employee3_.employee_id left outer join resgistype registype4_ on customer2_.registype=registype4_.regis_type_id left outer join resgistype_cus cus5_ on registype4_.regis_type_id=cus5_.regis_type_regis_type_id left outer join customer customer6_ on cus5_.cus_customer_id=customer6_.customer_id left outer join job job7_ on customer6_.job=job7_.job_id where job0_.job_id=?
Hibernate: select employee0_.employee_id as employee1_6_0_, employee0_.name as name2_6_0_, employee0_.password as password3_6_0_, employee0_.username as username4_6_0_ from employee employee0_ where employee0_.employee_id=?
Hibernate: select rent0_.employee_employee_id as employee1_7_0_, rent0_.rent_rent_car_id as rent_ren2_7_0_, rentcar1_.rent_car_id as rent_car1_18_1_, rentcar1_.employee_id as employee5_18_1_, rentcar1_.price as price2_18_1_, rentcar1_.rent_date as rent_dat3_18_1_, rentcar1_.customer_id as customer6_18_1_, rentcar1_.rentday as rentday4_18_1_, rentcar1_.car_id as car_id7_18_1_, rentcar1_.renttype_id as renttype8_18_1_, employee2_.employee_id as employee1_6_2_, employee2_.name as name2_6_2_, employee2_.password as password3_6_2_, employee2_.username as username4_6_2_, customer3_.customer_id as customer1_5_3_, customer3_.address as address2_5_3_, customer3_.age as age3_5_3_, customer3_.card_num as card_num4_5_3_, customer3_.employee as employee8_5_3_, customer3_.date as date5_5_3_, customer3_.name as name6_5_3_, customer3_.tel as tel7_5_3_, customer3_.registype as registyp9_5_3_, customer3_.job as job10_5_3_, employee4_.employee_id as employee1_6_4_, employee4_.name as name2_6_4_, employee4_.password as password3_6_4_, employee4_.username as username4_6_4_, registype5_.regis_type_id as regis_ty1_23_5_, registype5_.type as type2_23_5_, job6_.job_id as job_id1_8_6_, job6_.job as job2_8_6_, car7_.car_id as car_id1_2_7_, car7_.brand_id as brand_id4_2_7_, car7_.seat_id as seat_id5_2_7_, car7_.employee_id as employee6_2_7_, car7_.plate as plate2_2_7_, car7_.province_id as province7_2_7_, car7_.vin as vin3_2_7_, brand8_.brand_id as brand_id1_0_8_, brand8_.brand as brand2_0_8_, carseat9_.seat_id as seat_id1_3_9_, carseat9_.carseat as carseat2_3_9_, employee10_.employee_id as employee1_6_10_, employee10_.name as name2_6_10_, employee10_.password as password3_6_10_, employee10_.username as username4_6_10_, province11_.province_id as province1_16_11_, province11_.province as province2_16_11_, renttype12_.renttype_id as renttype1_19_12_, renttype12_.nametype as nametype2_19_12_, renttype12_.unitprice as unitpric3_19_12_ from employee_rent rent0_ inner join rent_car rentcar1_ on rent0_.rent_rent_car_id=rentcar1_.rent_car_id inner join employee employee2_ on rentcar1_.employee_id=employee2_.employee_id inner join customer customer3_ on rentcar1_.customer_id=customer3_.customer_id inner join employee employee4_ on customer3_.employee=employee4_.employee_id inner join resgistype registype5_ on customer3_.registype=registype5_.regis_type_id inner join job job6_ on customer3_.job=job6_.job_id inner join car car7_ on rentcar1_.car_id=car7_.car_id inner join brand brand8_ on car7_.brand_id=brand8_.brand_id inner join carseat carseat9_ on car7_.seat_id=carseat9_.seat_id inner join employee employee10_ on car7_.employee_id=employee10_.employee_id inner join plateprovince province11_ on car7_.province_id=province11_.province_id inner join renttype renttype12_ on rentcar1_.renttype_id=renttype12_.renttype_id where rent0_.employee_employee_id=?
2020-02-09 19:51:07.116  INFO 94504 --- [    Test worker] o.s.t.c.transaction.TransactionContext   : Rolled back transaction for test: [DefaultTestContext@4374e3f7 testClass = CustomerTest, testInstance = com.cpe.backend.CustomerTest@4b569180, testMethod = B6015107_test_typeMustNotBeNull@CustomerTest, testException = [null], mergedContextConfiguration = [MergedContextConfiguration@38620d5f testClass = CustomerTest, locations = '{}', classes = '{class com.cpe.backend.BackendApplication}', contextInitializerClasses = '[]', activeProfiles = '{}', propertySourceLocations = '{}', propertySourceProperties = '{org.springframework.boot.test.autoconfigure.orm.jpa.DataJpaTestContextBootstrapper=true}', contextCustomizers = set[org.springframework.boot.test.autoconfigure.OverrideAutoConfigurationContextCustomizerFactory$DisableAutoConfigurationContextCustomizer@7ef5e9d1, org.springframework.boot.test.autoconfigure.filter.TypeExcludeFiltersContextCustomizer@351584c0, org.springframework.boot.test.autoconfigure.properties.PropertyMappingContextCustomizer@5dc7d2ae, org.springframework.boot.test.autoconfigure.web.servlet.WebDriverContextCustomizerFactory$Customizer@1e10bd64, [ImportsContextCustomizer@5e0dbac9 key = [org.springframework.boot.autoconfigure.cache.CacheAutoConfiguration, org.springframework.boot.autoconfigure.data.jpa.JpaRepositoriesAutoConfiguration, org.springframework.boot.autoconfigure.flyway.FlywayAutoConfiguration, org.springframework.boot.autoconfigure.jdbc.DataSourceAutoConfiguration, org.springframework.boot.autoconfigure.jdbc.DataSourceTransactionManagerAutoConfiguration, org.springframework.boot.autoconfigure.jdbc.JdbcTemplateAutoConfiguration, org.springframework.boot.autoconfigure.liquibase.LiquibaseAutoConfiguration, org.springframework.boot.autoconfigure.orm.jpa.HibernateJpaAutoConfiguration, org.springframework.boot.autoconfigure.transaction.TransactionAutoConfiguration, org.springframework.boot.test.autoconfigure.jdbc.TestDatabaseAutoConfiguration, org.springframework.boot.test.autoconfigure.orm.jpa.TestEntityManagerAutoConfiguration]], org.springframework.boot.test.context.filter.ExcludeFilterContextCustomizer@3eeedba0, org.springframework.boot.test.json.DuplicateJsonObjectContextCustomizerFactory$DuplicateJsonObjectContextCustomizer@4c95ef13, org.springframework.boot.test.mock.mockito.MockitoContextCustomizer@0], contextLoader = 'org.springframework.boot.test.context.SpringBootContextLoader', parent = [null]], attributes = map[[empty]]]
2020-02-09 19:51:07.118  INFO 94504 --- [    Test worker] o.s.t.c.transaction.TransactionContext   : Began transaction (1) for test context [DefaultTestContext@4374e3f7 testClass = CustomerTest, testInstance = com.cpe.backend.CustomerTest@9ee74ae, testMethod = B6015107_testNameMustNotBeNull@CustomerTest, testException = [null], mergedContextConfiguration = [MergedContextConfiguration@38620d5f testClass = CustomerTest, locations = '{}', classes = '{class com.cpe.backend.BackendApplication}', contextInitializerClasses = '[]', activeProfiles = '{}', propertySourceLocations = '{}', propertySourceProperties = '{org.springframework.boot.test.autoconfigure.orm.jpa.DataJpaTestContextBootstrapper=true}', contextCustomizers = set[org.springframework.boot.test.autoconfigure.OverrideAutoConfigurationContextCustomizerFactory$DisableAutoConfigurationContextCustomizer@7ef5e9d1, org.springframework.boot.test.autoconfigure.filter.TypeExcludeFiltersContextCustomizer@351584c0, org.springframework.boot.test.autoconfigure.properties.PropertyMappingContextCustomizer@5dc7d2ae, org.springframework.boot.test.autoconfigure.web.servlet.WebDriverContextCustomizerFactory$Customizer@1e10bd64, [ImportsContextCustomizer@5e0dbac9 key = [org.springframework.boot.autoconfigure.cache.CacheAutoConfiguration, org.springframework.boot.autoconfigure.data.jpa.JpaRepositoriesAutoConfiguration, org.springframework.boot.autoconfigure.flyway.FlywayAutoConfiguration, org.springframework.boot.autoconfigure.jdbc.DataSourceAutoConfiguration, org.springframework.boot.autoconfigure.jdbc.DataSourceTransactionManagerAutoConfiguration, org.springframework.boot.autoconfigure.jdbc.JdbcTemplateAutoConfiguration, org.springframework.boot.autoconfigure.liquibase.LiquibaseAutoConfiguration, org.springframework.boot.autoconfigure.orm.jpa.HibernateJpaAutoConfiguration, org.springframework.boot.autoconfigure.transaction.TransactionAutoConfiguration, org.springframework.boot.test.autoconfigure.jdbc.TestDatabaseAutoConfiguration, org.springframework.boot.test.autoconfigure.orm.jpa.TestEntityManagerAutoConfiguration]], org.springframework.boot.test.context.filter.ExcludeFilterContextCustomizer@3eeedba0, org.springframework.boot.test.json.DuplicateJsonObjectContextCustomizerFactory$DuplicateJsonObjectContextCustomizer@4c95ef13, org.springframework.boot.test.mock.mockito.MockitoContextCustomizer@0], contextLoader = 'org.springframework.boot.test.context.SpringBootContextLoader', parent = [null]], attributes = map[[empty]]]; transaction manager [org.springframework.orm.jpa.JpaTransactionManager@177de9ad]; rollback [true]
Hibernate: select job0_.job_id as job_id1_8_0_, job0_.job as job2_8_0_, cus1_.job_job_id as job_job_1_9_1_, customer2_.customer_id as cus_cust2_9_1_, customer2_.customer_id as customer1_5_2_, customer2_.address as address2_5_2_, customer2_.age as age3_5_2_, customer2_.card_num as card_num4_5_2_, customer2_.employee as employee8_5_2_, customer2_.date as date5_5_2_, customer2_.name as name6_5_2_, customer2_.tel as tel7_5_2_, customer2_.registype as registyp9_5_2_, customer2_.job as job10_5_2_, employee3_.employee_id as employee1_6_3_, employee3_.name as name2_6_3_, employee3_.password as password3_6_3_, employee3_.username as username4_6_3_, registype4_.regis_type_id as regis_ty1_23_4_, registype4_.type as type2_23_4_, cus5_.regis_type_regis_type_id as regis_ty1_24_5_, customer6_.customer_id as cus_cust2_24_5_, customer6_.customer_id as customer1_5_6_, customer6_.address as address2_5_6_, customer6_.age as age3_5_6_, customer6_.card_num as card_num4_5_6_, customer6_.employee as employee8_5_6_, customer6_.date as date5_5_6_, customer6_.name as name6_5_6_, customer6_.tel as tel7_5_6_, customer6_.registype as registyp9_5_6_, customer6_.job as job10_5_6_, job7_.job_id as job_id1_8_7_, job7_.job as job2_8_7_ from job job0_ left outer join job_cus cus1_ on job0_.job_id=cus1_.job_job_id left outer join customer customer2_ on cus1_.cus_customer_id=customer2_.customer_id left outer join employee employee3_ on customer2_.employee=employee3_.employee_id left outer join resgistype registype4_ on customer2_.registype=registype4_.regis_type_id left outer join resgistype_cus cus5_ on registype4_.regis_type_id=cus5_.regis_type_regis_type_id left outer join customer customer6_ on cus5_.cus_customer_id=customer6_.customer_id left outer join job job7_ on customer6_.job=job7_.job_id where job0_.job_id=?
Hibernate: select employee0_.employee_id as employee1_6_0_, employee0_.name as name2_6_0_, employee0_.password as password3_6_0_, employee0_.username as username4_6_0_ from employee employee0_ where employee0_.employee_id=?
Hibernate: select rent0_.employee_employee_id as employee1_7_0_, rent0_.rent_rent_car_id as rent_ren2_7_0_, rentcar1_.rent_car_id as rent_car1_18_1_, rentcar1_.employee_id as employee5_18_1_, rentcar1_.price as price2_18_1_, rentcar1_.rent_date as rent_dat3_18_1_, rentcar1_.customer_id as customer6_18_1_, rentcar1_.rentday as rentday4_18_1_, rentcar1_.car_id as car_id7_18_1_, rentcar1_.renttype_id as renttype8_18_1_, employee2_.employee_id as employee1_6_2_, employee2_.name as name2_6_2_, employee2_.password as password3_6_2_, employee2_.username as username4_6_2_, customer3_.customer_id as customer1_5_3_, customer3_.address as address2_5_3_, customer3_.age as age3_5_3_, customer3_.card_num as card_num4_5_3_, customer3_.employee as employee8_5_3_, customer3_.date as date5_5_3_, customer3_.name as name6_5_3_, customer3_.tel as tel7_5_3_, customer3_.registype as registyp9_5_3_, customer3_.job as job10_5_3_, employee4_.employee_id as employee1_6_4_, employee4_.name as name2_6_4_, employee4_.password as password3_6_4_, employee4_.username as username4_6_4_, registype5_.regis_type_id as regis_ty1_23_5_, registype5_.type as type2_23_5_, job6_.job_id as job_id1_8_6_, job6_.job as job2_8_6_, car7_.car_id as car_id1_2_7_, car7_.brand_id as brand_id4_2_7_, car7_.seat_id as seat_id5_2_7_, car7_.employee_id as employee6_2_7_, car7_.plate as plate2_2_7_, car7_.province_id as province7_2_7_, car7_.vin as vin3_2_7_, brand8_.brand_id as brand_id1_0_8_, brand8_.brand as brand2_0_8_, carseat9_.seat_id as seat_id1_3_9_, carseat9_.carseat as carseat2_3_9_, employee10_.employee_id as employee1_6_10_, employee10_.name as name2_6_10_, employee10_.password as password3_6_10_, employee10_.username as username4_6_10_, province11_.province_id as province1_16_11_, province11_.province as province2_16_11_, renttype12_.renttype_id as renttype1_19_12_, renttype12_.nametype as nametype2_19_12_, renttype12_.unitprice as unitpric3_19_12_ from employee_rent rent0_ inner join rent_car rentcar1_ on rent0_.rent_rent_car_id=rentcar1_.rent_car_id inner join employee employee2_ on rentcar1_.employee_id=employee2_.employee_id inner join customer customer3_ on rentcar1_.customer_id=customer3_.customer_id inner join employee employee4_ on customer3_.employee=employee4_.employee_id inner join resgistype registype5_ on customer3_.registype=registype5_.regis_type_id inner join job job6_ on customer3_.job=job6_.job_id inner join car car7_ on rentcar1_.car_id=car7_.car_id inner join brand brand8_ on car7_.brand_id=brand8_.brand_id inner join carseat carseat9_ on car7_.seat_id=carseat9_.seat_id inner join employee employee10_ on car7_.employee_id=employee10_.employee_id inner join plateprovince province11_ on car7_.province_id=province11_.province_id inner join renttype renttype12_ on rentcar1_.renttype_id=renttype12_.renttype_id where rent0_.employee_employee_id=?
Hibernate: select registype0_.regis_type_id as regis_ty1_23_0_, registype0_.type as type2_23_0_, cus1_.regis_type_regis_type_id as regis_ty1_24_1_, customer2_.customer_id as cus_cust2_24_1_, customer2_.customer_id as customer1_5_2_, customer2_.address as address2_5_2_, customer2_.age as age3_5_2_, customer2_.card_num as card_num4_5_2_, customer2_.employee as employee8_5_2_, customer2_.date as date5_5_2_, customer2_.name as name6_5_2_, customer2_.tel as tel7_5_2_, customer2_.registype as registyp9_5_2_, customer2_.job as job10_5_2_, employee3_.employee_id as employee1_6_3_, employee3_.name as name2_6_3_, employee3_.password as password3_6_3_, employee3_.username as username4_6_3_, registype4_.regis_type_id as regis_ty1_23_4_, registype4_.type as type2_23_4_, job5_.job_id as job_id1_8_5_, job5_.job as job2_8_5_, cus6_.job_job_id as job_job_1_9_6_, customer7_.customer_id as cus_cust2_9_6_, customer7_.customer_id as customer1_5_7_, customer7_.address as address2_5_7_, customer7_.age as age3_5_7_, customer7_.card_num as card_num4_5_7_, customer7_.employee as employee8_5_7_, customer7_.date as date5_5_7_, customer7_.name as name6_5_7_, customer7_.tel as tel7_5_7_, customer7_.registype as registyp9_5_7_, customer7_.job as job10_5_7_ from resgistype registype0_ left outer join resgistype_cus cus1_ on registype0_.regis_type_id=cus1_.regis_type_regis_type_id left outer join customer customer2_ on cus1_.cus_customer_id=customer2_.customer_id left outer join employee employee3_ on customer2_.employee=employee3_.employee_id left outer join resgistype registype4_ on customer2_.registype=registype4_.regis_type_id left outer join job job5_ on customer2_.job=job5_.job_id left outer join job_cus cus6_ on job5_.job_id=cus6_.job_job_id left outer join customer customer7_ on cus6_.cus_customer_id=customer7_.customer_id where registype0_.regis_type_id=?
2020-02-09 19:51:07.134  INFO 94504 --- [    Test worker] o.s.t.c.transaction.TransactionContext   : Rolled back transaction for test: [DefaultTestContext@4374e3f7 testClass = CustomerTest, testInstance = com.cpe.backend.CustomerTest@9ee74ae, testMethod = B6015107_testNameMustNotBeNull@CustomerTest, testException = [null], mergedContextConfiguration = [MergedContextConfiguration@38620d5f testClass = CustomerTest, locations = '{}', classes = '{class com.cpe.backend.BackendApplication}', contextInitializerClasses = '[]', activeProfiles = '{}', propertySourceLocations = '{}', propertySourceProperties = '{org.springframework.boot.test.autoconfigure.orm.jpa.DataJpaTestContextBootstrapper=true}', contextCustomizers = set[org.springframework.boot.test.autoconfigure.OverrideAutoConfigurationContextCustomizerFactory$DisableAutoConfigurationContextCustomizer@7ef5e9d1, org.springframework.boot.test.autoconfigure.filter.TypeExcludeFiltersContextCustomizer@351584c0, org.springframework.boot.test.autoconfigure.properties.PropertyMappingContextCustomizer@5dc7d2ae, org.springframework.boot.test.autoconfigure.web.servlet.WebDriverContextCustomizerFactory$Customizer@1e10bd64, [ImportsContextCustomizer@5e0dbac9 key = [org.springframework.boot.autoconfigure.cache.CacheAutoConfiguration, org.springframework.boot.autoconfigure.data.jpa.JpaRepositoriesAutoConfiguration, org.springframework.boot.autoconfigure.flyway.FlywayAutoConfiguration, org.springframework.boot.autoconfigure.jdbc.DataSourceAutoConfiguration, org.springframework.boot.autoconfigure.jdbc.DataSourceTransactionManagerAutoConfiguration, org.springframework.boot.autoconfigure.jdbc.JdbcTemplateAutoConfiguration, org.springframework.boot.autoconfigure.liquibase.LiquibaseAutoConfiguration, org.springframework.boot.autoconfigure.orm.jpa.HibernateJpaAutoConfiguration, org.springframework.boot.autoconfigure.transaction.TransactionAutoConfiguration, org.springframework.boot.test.autoconfigure.jdbc.TestDatabaseAutoConfiguration, org.springframework.boot.test.autoconfigure.orm.jpa.TestEntityManagerAutoConfiguration]], org.springframework.boot.test.context.filter.ExcludeFilterContextCustomizer@3eeedba0, org.springframework.boot.test.json.DuplicateJsonObjectContextCustomizerFactory$DuplicateJsonObjectContextCustomizer@4c95ef13, org.springframework.boot.test.mock.mockito.MockitoContextCustomizer@0], contextLoader = 'org.springframework.boot.test.context.SpringBootContextLoader', parent = [null]], attributes = map[[empty]]]
2020-02-09 19:51:07.135  INFO 94504 --- [    Test worker] o.s.t.c.transaction.TransactionContext   : Began transaction (1) for test context [DefaultTestContext@4374e3f7 testClass = CustomerTest, testInstance = com.cpe.backend.CustomerTest@6a4da6e8, testMethod = B6015107_testAgeMustBeLessThan70@CustomerTest, testException = [null], mergedContextConfiguration = [MergedContextConfiguration@38620d5f testClass = CustomerTest, locations = '{}', classes = '{class com.cpe.backend.BackendApplication}', contextInitializerClasses = '[]', activeProfiles = '{}', propertySourceLocations = '{}', propertySourceProperties = '{org.springframework.boot.test.autoconfigure.orm.jpa.DataJpaTestContextBootstrapper=true}', contextCustomizers = set[org.springframework.boot.test.autoconfigure.OverrideAutoConfigurationContextCustomizerFactory$DisableAutoConfigurationContextCustomizer@7ef5e9d1, org.springframework.boot.test.autoconfigure.filter.TypeExcludeFiltersContextCustomizer@351584c0, org.springframework.boot.test.autoconfigure.properties.PropertyMappingContextCustomizer@5dc7d2ae, org.springframework.boot.test.autoconfigure.web.servlet.WebDriverContextCustomizerFactory$Customizer@1e10bd64, [ImportsContextCustomizer@5e0dbac9 key = [org.springframework.boot.autoconfigure.cache.CacheAutoConfiguration, org.springframework.boot.autoconfigure.data.jpa.JpaRepositoriesAutoConfiguration, org.springframework.boot.autoconfigure.flyway.FlywayAutoConfiguration, org.springframework.boot.autoconfigure.jdbc.DataSourceAutoConfiguration, org.springframework.boot.autoconfigure.jdbc.DataSourceTransactionManagerAutoConfiguration, org.springframework.boot.autoconfigure.jdbc.JdbcTemplateAutoConfiguration, org.springframework.boot.autoconfigure.liquibase.LiquibaseAutoConfiguration, org.springframework.boot.autoconfigure.orm.jpa.HibernateJpaAutoConfiguration, org.springframework.boot.autoconfigure.transaction.TransactionAutoConfiguration, org.springframework.boot.test.autoconfigure.jdbc.TestDatabaseAutoConfiguration, org.springframework.boot.test.autoconfigure.orm.jpa.TestEntityManagerAutoConfiguration]], org.springframework.boot.test.context.filter.ExcludeFilterContextCustomizer@3eeedba0, org.springframework.boot.test.json.DuplicateJsonObjectContextCustomizerFactory$DuplicateJsonObjectContextCustomizer@4c95ef13, org.springframework.boot.test.mock.mockito.MockitoContextCustomizer@0], contextLoader = 'org.springframework.boot.test.context.SpringBootContextLoader', parent = [null]], attributes = map[[empty]]]; transaction manager [org.springframework.orm.jpa.JpaTransactionManager@177de9ad]; rollback [true]
Hibernate: select job0_.job_id as job_id1_8_0_, job0_.job as job2_8_0_, cus1_.job_job_id as job_job_1_9_1_, customer2_.customer_id as cus_cust2_9_1_, customer2_.customer_id as customer1_5_2_, customer2_.address as address2_5_2_, customer2_.age as age3_5_2_, customer2_.card_num as card_num4_5_2_, customer2_.employee as employee8_5_2_, customer2_.date as date5_5_2_, customer2_.name as name6_5_2_, customer2_.tel as tel7_5_2_, customer2_.registype as registyp9_5_2_, customer2_.job as job10_5_2_, employee3_.employee_id as employee1_6_3_, employee3_.name as name2_6_3_, employee3_.password as password3_6_3_, employee3_.username as username4_6_3_, registype4_.regis_type_id as regis_ty1_23_4_, registype4_.type as type2_23_4_, cus5_.regis_type_regis_type_id as regis_ty1_24_5_, customer6_.customer_id as cus_cust2_24_5_, customer6_.customer_id as customer1_5_6_, customer6_.address as address2_5_6_, customer6_.age as age3_5_6_, customer6_.card_num as card_num4_5_6_, customer6_.employee as employee8_5_6_, customer6_.date as date5_5_6_, customer6_.name as name6_5_6_, customer6_.tel as tel7_5_6_, customer6_.registype as registyp9_5_6_, customer6_.job as job10_5_6_, job7_.job_id as job_id1_8_7_, job7_.job as job2_8_7_ from job job0_ left outer join job_cus cus1_ on job0_.job_id=cus1_.job_job_id left outer join customer customer2_ on cus1_.cus_customer_id=customer2_.customer_id left outer join employee employee3_ on customer2_.employee=employee3_.employee_id left outer join resgistype registype4_ on customer2_.registype=registype4_.regis_type_id left outer join resgistype_cus cus5_ on registype4_.regis_type_id=cus5_.regis_type_regis_type_id left outer join customer customer6_ on cus5_.cus_customer_id=customer6_.customer_id left outer join job job7_ on customer6_.job=job7_.job_id where job0_.job_id=?
Hibernate: select employee0_.employee_id as employee1_6_0_, employee0_.name as name2_6_0_, employee0_.password as password3_6_0_, employee0_.username as username4_6_0_ from employee employee0_ where employee0_.employee_id=?
Hibernate: select rent0_.employee_employee_id as employee1_7_0_, rent0_.rent_rent_car_id as rent_ren2_7_0_, rentcar1_.rent_car_id as rent_car1_18_1_, rentcar1_.employee_id as employee5_18_1_, rentcar1_.price as price2_18_1_, rentcar1_.rent_date as rent_dat3_18_1_, rentcar1_.customer_id as customer6_18_1_, rentcar1_.rentday as rentday4_18_1_, rentcar1_.car_id as car_id7_18_1_, rentcar1_.renttype_id as renttype8_18_1_, employee2_.employee_id as employee1_6_2_, employee2_.name as name2_6_2_, employee2_.password as password3_6_2_, employee2_.username as username4_6_2_, customer3_.customer_id as customer1_5_3_, customer3_.address as address2_5_3_, customer3_.age as age3_5_3_, customer3_.card_num as card_num4_5_3_, customer3_.employee as employee8_5_3_, customer3_.date as date5_5_3_, customer3_.name as name6_5_3_, customer3_.tel as tel7_5_3_, customer3_.registype as registyp9_5_3_, customer3_.job as job10_5_3_, employee4_.employee_id as employee1_6_4_, employee4_.name as name2_6_4_, employee4_.password as password3_6_4_, employee4_.username as username4_6_4_, registype5_.regis_type_id as regis_ty1_23_5_, registype5_.type as type2_23_5_, job6_.job_id as job_id1_8_6_, job6_.job as job2_8_6_, car7_.car_id as car_id1_2_7_, car7_.brand_id as brand_id4_2_7_, car7_.seat_id as seat_id5_2_7_, car7_.employee_id as employee6_2_7_, car7_.plate as plate2_2_7_, car7_.province_id as province7_2_7_, car7_.vin as vin3_2_7_, brand8_.brand_id as brand_id1_0_8_, brand8_.brand as brand2_0_8_, carseat9_.seat_id as seat_id1_3_9_, carseat9_.carseat as carseat2_3_9_, employee10_.employee_id as employee1_6_10_, employee10_.name as name2_6_10_, employee10_.password as password3_6_10_, employee10_.username as username4_6_10_, province11_.province_id as province1_16_11_, province11_.province as province2_16_11_, renttype12_.renttype_id as renttype1_19_12_, renttype12_.nametype as nametype2_19_12_, renttype12_.unitprice as unitpric3_19_12_ from employee_rent rent0_ inner join rent_car rentcar1_ on rent0_.rent_rent_car_id=rentcar1_.rent_car_id inner join employee employee2_ on rentcar1_.employee_id=employee2_.employee_id inner join customer customer3_ on rentcar1_.customer_id=customer3_.customer_id inner join employee employee4_ on customer3_.employee=employee4_.employee_id inner join resgistype registype5_ on customer3_.registype=registype5_.regis_type_id inner join job job6_ on customer3_.job=job6_.job_id inner join car car7_ on rentcar1_.car_id=car7_.car_id inner join brand brand8_ on car7_.brand_id=brand8_.brand_id inner join carseat carseat9_ on car7_.seat_id=carseat9_.seat_id inner join employee employee10_ on car7_.employee_id=employee10_.employee_id inner join plateprovince province11_ on car7_.province_id=province11_.province_id inner join renttype renttype12_ on rentcar1_.renttype_id=renttype12_.renttype_id where rent0_.employee_employee_id=?
Hibernate: select registype0_.regis_type_id as regis_ty1_23_0_, registype0_.type as type2_23_0_, cus1_.regis_type_regis_type_id as regis_ty1_24_1_, customer2_.customer_id as cus_cust2_24_1_, customer2_.customer_id as customer1_5_2_, customer2_.address as address2_5_2_, customer2_.age as age3_5_2_, customer2_.card_num as card_num4_5_2_, customer2_.employee as employee8_5_2_, customer2_.date as date5_5_2_, customer2_.name as name6_5_2_, customer2_.tel as tel7_5_2_, customer2_.registype as registyp9_5_2_, customer2_.job as job10_5_2_, employee3_.employee_id as employee1_6_3_, employee3_.name as name2_6_3_, employee3_.password as password3_6_3_, employee3_.username as username4_6_3_, registype4_.regis_type_id as regis_ty1_23_4_, registype4_.type as type2_23_4_, job5_.job_id as job_id1_8_5_, job5_.job as job2_8_5_, cus6_.job_job_id as job_job_1_9_6_, customer7_.customer_id as cus_cust2_9_6_, customer7_.customer_id as customer1_5_7_, customer7_.address as address2_5_7_, customer7_.age as age3_5_7_, customer7_.card_num as card_num4_5_7_, customer7_.employee as employee8_5_7_, customer7_.date as date5_5_7_, customer7_.name as name6_5_7_, customer7_.tel as tel7_5_7_, customer7_.registype as registyp9_5_7_, customer7_.job as job10_5_7_ from resgistype registype0_ left outer join resgistype_cus cus1_ on registype0_.regis_type_id=cus1_.regis_type_regis_type_id left outer join customer customer2_ on cus1_.cus_customer_id=customer2_.customer_id left outer join employee employee3_ on customer2_.employee=employee3_.employee_id left outer join resgistype registype4_ on customer2_.registype=registype4_.regis_type_id left outer join job job5_ on customer2_.job=job5_.job_id left outer join job_cus cus6_ on job5_.job_id=cus6_.job_job_id left outer join customer customer7_ on cus6_.cus_customer_id=customer7_.customer_id where registype0_.regis_type_id=?
2020-02-09 19:51:07.151  INFO 94504 --- [    Test worker] o.s.t.c.transaction.TransactionContext   : Rolled back transaction for test: [DefaultTestContext@4374e3f7 testClass = CustomerTest, testInstance = com.cpe.backend.CustomerTest@6a4da6e8, testMethod = B6015107_testAgeMustBeLessThan70@CustomerTest, testException = [null], mergedContextConfiguration = [MergedContextConfiguration@38620d5f testClass = CustomerTest, locations = '{}', classes = '{class com.cpe.backend.BackendApplication}', contextInitializerClasses = '[]', activeProfiles = '{}', propertySourceLocations = '{}', propertySourceProperties = '{org.springframework.boot.test.autoconfigure.orm.jpa.DataJpaTestContextBootstrapper=true}', contextCustomizers = set[org.springframework.boot.test.autoconfigure.OverrideAutoConfigurationContextCustomizerFactory$DisableAutoConfigurationContextCustomizer@7ef5e9d1, org.springframework.boot.test.autoconfigure.filter.TypeExcludeFiltersContextCustomizer@351584c0, org.springframework.boot.test.autoconfigure.properties.PropertyMappingContextCustomizer@5dc7d2ae, org.springframework.boot.test.autoconfigure.web.servlet.WebDriverContextCustomizerFactory$Customizer@1e10bd64, [ImportsContextCustomizer@5e0dbac9 key = [org.springframework.boot.autoconfigure.cache.CacheAutoConfiguration, org.springframework.boot.autoconfigure.data.jpa.JpaRepositoriesAutoConfiguration, org.springframework.boot.autoconfigure.flyway.FlywayAutoConfiguration, org.springframework.boot.autoconfigure.jdbc.DataSourceAutoConfiguration, org.springframework.boot.autoconfigure.jdbc.DataSourceTransactionManagerAutoConfiguration, org.springframework.boot.autoconfigure.jdbc.JdbcTemplateAutoConfiguration, org.springframework.boot.autoconfigure.liquibase.LiquibaseAutoConfiguration, org.springframework.boot.autoconfigure.orm.jpa.HibernateJpaAutoConfiguration, org.springframework.boot.autoconfigure.transaction.TransactionAutoConfiguration, org.springframework.boot.test.autoconfigure.jdbc.TestDatabaseAutoConfiguration, org.springframework.boot.test.autoconfigure.orm.jpa.TestEntityManagerAutoConfiguration]], org.springframework.boot.test.context.filter.ExcludeFilterContextCustomizer@3eeedba0, org.springframework.boot.test.json.DuplicateJsonObjectContextCustomizerFactory$DuplicateJsonObjectContextCustomizer@4c95ef13, org.springframework.boot.test.mock.mockito.MockitoContextCustomizer@0], contextLoader = 'org.springframework.boot.test.context.SpringBootContextLoader', parent = [null]], attributes = map[[empty]]]
2020-02-09 19:51:07.154  INFO 94504 --- [    Test worker] o.s.t.c.transaction.TransactionContext   : Began transaction (1) for test context [DefaultTestContext@4374e3f7 testClass = CustomerTest, testInstance = com.cpe.backend.CustomerTest@5b08fc49, testMethod = B6015107_testAgeMustBeGreaterThan20@CustomerTest, testException = [null], mergedContextConfiguration = [MergedContextConfiguration@38620d5f testClass = CustomerTest, locations = '{}', classes = '{class com.cpe.backend.BackendApplication}', contextInitializerClasses = '[]', activeProfiles = '{}', propertySourceLocations = '{}', propertySourceProperties = '{org.springframework.boot.test.autoconfigure.orm.jpa.DataJpaTestContextBootstrapper=true}', contextCustomizers = set[org.springframework.boot.test.autoconfigure.OverrideAutoConfigurationContextCustomizerFactory$DisableAutoConfigurationContextCustomizer@7ef5e9d1, org.springframework.boot.test.autoconfigure.filter.TypeExcludeFiltersContextCustomizer@351584c0, org.springframework.boot.test.autoconfigure.properties.PropertyMappingContextCustomizer@5dc7d2ae, org.springframework.boot.test.autoconfigure.web.servlet.WebDriverContextCustomizerFactory$Customizer@1e10bd64, [ImportsContextCustomizer@5e0dbac9 key = [org.springframework.boot.autoconfigure.cache.CacheAutoConfiguration, org.springframework.boot.autoconfigure.data.jpa.JpaRepositoriesAutoConfiguration, org.springframework.boot.autoconfigure.flyway.FlywayAutoConfiguration, org.springframework.boot.autoconfigure.jdbc.DataSourceAutoConfiguration, org.springframework.boot.autoconfigure.jdbc.DataSourceTransactionManagerAutoConfiguration, org.springframework.boot.autoconfigure.jdbc.JdbcTemplateAutoConfiguration, org.springframework.boot.autoconfigure.liquibase.LiquibaseAutoConfiguration, org.springframework.boot.autoconfigure.orm.jpa.HibernateJpaAutoConfiguration, org.springframework.boot.autoconfigure.transaction.TransactionAutoConfiguration, org.springframework.boot.test.autoconfigure.jdbc.TestDatabaseAutoConfiguration, org.springframework.boot.test.autoconfigure.orm.jpa.TestEntityManagerAutoConfiguration]], org.springframework.boot.test.context.filter.ExcludeFilterContextCustomizer@3eeedba0, org.springframework.boot.test.json.DuplicateJsonObjectContextCustomizerFactory$DuplicateJsonObjectContextCustomizer@4c95ef13, org.springframework.boot.test.mock.mockito.MockitoContextCustomizer@0], contextLoader = 'org.springframework.boot.test.context.SpringBootContextLoader', parent = [null]], attributes = map[[empty]]]; transaction manager [org.springframework.orm.jpa.JpaTransactionManager@177de9ad]; rollback [true]
Hibernate: select job0_.job_id as job_id1_8_0_, job0_.job as job2_8_0_, cus1_.job_job_id as job_job_1_9_1_, customer2_.customer_id as cus_cust2_9_1_, customer2_.customer_id as customer1_5_2_, customer2_.address as address2_5_2_, customer2_.age as age3_5_2_, customer2_.card_num as card_num4_5_2_, customer2_.employee as employee8_5_2_, customer2_.date as date5_5_2_, customer2_.name as name6_5_2_, customer2_.tel as tel7_5_2_, customer2_.registype as registyp9_5_2_, customer2_.job as job10_5_2_, employee3_.employee_id as employee1_6_3_, employee3_.name as name2_6_3_, employee3_.password as password3_6_3_, employee3_.username as username4_6_3_, registype4_.regis_type_id as regis_ty1_23_4_, registype4_.type as type2_23_4_, cus5_.regis_type_regis_type_id as regis_ty1_24_5_, customer6_.customer_id as cus_cust2_24_5_, customer6_.customer_id as customer1_5_6_, customer6_.address as address2_5_6_, customer6_.age as age3_5_6_, customer6_.card_num as card_num4_5_6_, customer6_.employee as employee8_5_6_, customer6_.date as date5_5_6_, customer6_.name as name6_5_6_, customer6_.tel as tel7_5_6_, customer6_.registype as registyp9_5_6_, customer6_.job as job10_5_6_, job7_.job_id as job_id1_8_7_, job7_.job as job2_8_7_ from job job0_ left outer join job_cus cus1_ on job0_.job_id=cus1_.job_job_id left outer join customer customer2_ on cus1_.cus_customer_id=customer2_.customer_id left outer join employee employee3_ on customer2_.employee=employee3_.employee_id left outer join resgistype registype4_ on customer2_.registype=registype4_.regis_type_id left outer join resgistype_cus cus5_ on registype4_.regis_type_id=cus5_.regis_type_regis_type_id left outer join customer customer6_ on cus5_.cus_customer_id=customer6_.customer_id left outer join job job7_ on customer6_.job=job7_.job_id where job0_.job_id=?
Hibernate: select employee0_.employee_id as employee1_6_0_, employee0_.name as name2_6_0_, employee0_.password as password3_6_0_, employee0_.username as username4_6_0_ from employee employee0_ where employee0_.employee_id=?
Hibernate: select rent0_.employee_employee_id as employee1_7_0_, rent0_.rent_rent_car_id as rent_ren2_7_0_, rentcar1_.rent_car_id as rent_car1_18_1_, rentcar1_.employee_id as employee5_18_1_, rentcar1_.price as price2_18_1_, rentcar1_.rent_date as rent_dat3_18_1_, rentcar1_.customer_id as customer6_18_1_, rentcar1_.rentday as rentday4_18_1_, rentcar1_.car_id as car_id7_18_1_, rentcar1_.renttype_id as renttype8_18_1_, employee2_.employee_id as employee1_6_2_, employee2_.name as name2_6_2_, employee2_.password as password3_6_2_, employee2_.username as username4_6_2_, customer3_.customer_id as customer1_5_3_, customer3_.address as address2_5_3_, customer3_.age as age3_5_3_, customer3_.card_num as card_num4_5_3_, customer3_.employee as employee8_5_3_, customer3_.date as date5_5_3_, customer3_.name as name6_5_3_, customer3_.tel as tel7_5_3_, customer3_.registype as registyp9_5_3_, customer3_.job as job10_5_3_, employee4_.employee_id as employee1_6_4_, employee4_.name as name2_6_4_, employee4_.password as password3_6_4_, employee4_.username as username4_6_4_, registype5_.regis_type_id as regis_ty1_23_5_, registype5_.type as type2_23_5_, job6_.job_id as job_id1_8_6_, job6_.job as job2_8_6_, car7_.car_id as car_id1_2_7_, car7_.brand_id as brand_id4_2_7_, car7_.seat_id as seat_id5_2_7_, car7_.employee_id as employee6_2_7_, car7_.plate as plate2_2_7_, car7_.province_id as province7_2_7_, car7_.vin as vin3_2_7_, brand8_.brand_id as brand_id1_0_8_, brand8_.brand as brand2_0_8_, carseat9_.seat_id as seat_id1_3_9_, carseat9_.carseat as carseat2_3_9_, employee10_.employee_id as employee1_6_10_, employee10_.name as name2_6_10_, employee10_.password as password3_6_10_, employee10_.username as username4_6_10_, province11_.province_id as province1_16_11_, province11_.province as province2_16_11_, renttype12_.renttype_id as renttype1_19_12_, renttype12_.nametype as nametype2_19_12_, renttype12_.unitprice as unitpric3_19_12_ from employee_rent rent0_ inner join rent_car rentcar1_ on rent0_.rent_rent_car_id=rentcar1_.rent_car_id inner join employee employee2_ on rentcar1_.employee_id=employee2_.employee_id inner join customer customer3_ on rentcar1_.customer_id=customer3_.customer_id inner join employee employee4_ on customer3_.employee=employee4_.employee_id inner join resgistype registype5_ on customer3_.registype=registype5_.regis_type_id inner join job job6_ on customer3_.job=job6_.job_id inner join car car7_ on rentcar1_.car_id=car7_.car_id inner join brand brand8_ on car7_.brand_id=brand8_.brand_id inner join carseat carseat9_ on car7_.seat_id=carseat9_.seat_id inner join employee employee10_ on car7_.employee_id=employee10_.employee_id inner join plateprovince province11_ on car7_.province_id=province11_.province_id inner join renttype renttype12_ on rentcar1_.renttype_id=renttype12_.renttype_id where rent0_.employee_employee_id=?
Hibernate: select registype0_.regis_type_id as regis_ty1_23_0_, registype0_.type as type2_23_0_, cus1_.regis_type_regis_type_id as regis_ty1_24_1_, customer2_.customer_id as cus_cust2_24_1_, customer2_.customer_id as customer1_5_2_, customer2_.address as address2_5_2_, customer2_.age as age3_5_2_, customer2_.card_num as card_num4_5_2_, customer2_.employee as employee8_5_2_, customer2_.date as date5_5_2_, customer2_.name as name6_5_2_, customer2_.tel as tel7_5_2_, customer2_.registype as registyp9_5_2_, customer2_.job as job10_5_2_, employee3_.employee_id as employee1_6_3_, employee3_.name as name2_6_3_, employee3_.password as password3_6_3_, employee3_.username as username4_6_3_, registype4_.regis_type_id as regis_ty1_23_4_, registype4_.type as type2_23_4_, job5_.job_id as job_id1_8_5_, job5_.job as job2_8_5_, cus6_.job_job_id as job_job_1_9_6_, customer7_.customer_id as cus_cust2_9_6_, customer7_.customer_id as customer1_5_7_, customer7_.address as address2_5_7_, customer7_.age as age3_5_7_, customer7_.card_num as card_num4_5_7_, customer7_.employee as employee8_5_7_, customer7_.date as date5_5_7_, customer7_.name as name6_5_7_, customer7_.tel as tel7_5_7_, customer7_.registype as registyp9_5_7_, customer7_.job as job10_5_7_ from resgistype registype0_ left outer join resgistype_cus cus1_ on registype0_.regis_type_id=cus1_.regis_type_regis_type_id left outer join customer customer2_ on cus1_.cus_customer_id=customer2_.customer_id left outer join employee employee3_ on customer2_.employee=employee3_.employee_id left outer join resgistype registype4_ on customer2_.registype=registype4_.regis_type_id left outer join job job5_ on customer2_.job=job5_.job_id left outer join job_cus cus6_ on job5_.job_id=cus6_.job_job_id left outer join customer customer7_ on cus6_.cus_customer_id=customer7_.customer_id where registype0_.regis_type_id=?
2020-02-09 19:51:07.174  INFO 94504 --- [    Test worker] o.s.t.c.transaction.TransactionContext   : Rolled back transaction for test: [DefaultTestContext@4374e3f7 testClass = CustomerTest, testInstance = com.cpe.backend.CustomerTest@5b08fc49, testMethod = B6015107_testAgeMustBeGreaterThan20@CustomerTest, testException = [null], mergedContextConfiguration = [MergedContextConfiguration@38620d5f testClass = CustomerTest, locations = '{}', classes = '{class com.cpe.backend.BackendApplication}', contextInitializerClasses = '[]', activeProfiles = '{}', propertySourceLocations = '{}', propertySourceProperties = '{org.springframework.boot.test.autoconfigure.orm.jpa.DataJpaTestContextBootstrapper=true}', contextCustomizers = set[org.springframework.boot.test.autoconfigure.OverrideAutoConfigurationContextCustomizerFactory$DisableAutoConfigurationContextCustomizer@7ef5e9d1, org.springframework.boot.test.autoconfigure.filter.TypeExcludeFiltersContextCustomizer@351584c0, org.springframework.boot.test.autoconfigure.properties.PropertyMappingContextCustomizer@5dc7d2ae, org.springframework.boot.test.autoconfigure.web.servlet.WebDriverContextCustomizerFactory$Customizer@1e10bd64, [ImportsContextCustomizer@5e0dbac9 key = [org.springframework.boot.autoconfigure.cache.CacheAutoConfiguration, org.springframework.boot.autoconfigure.data.jpa.JpaRepositoriesAutoConfiguration, org.springframework.boot.autoconfigure.flyway.FlywayAutoConfiguration, org.springframework.boot.autoconfigure.jdbc.DataSourceAutoConfiguration, org.springframework.boot.autoconfigure.jdbc.DataSourceTransactionManagerAutoConfiguration, org.springframework.boot.autoconfigure.jdbc.JdbcTemplateAutoConfiguration, org.springframework.boot.autoconfigure.liquibase.LiquibaseAutoConfiguration, org.springframework.boot.autoconfigure.orm.jpa.HibernateJpaAutoConfiguration, org.springframework.boot.autoconfigure.transaction.TransactionAutoConfiguration, org.springframework.boot.test.autoconfigure.jdbc.TestDatabaseAutoConfiguration, org.springframework.boot.test.autoconfigure.orm.jpa.TestEntityManagerAutoConfiguration]], org.springframework.boot.test.context.filter.ExcludeFilterContextCustomizer@3eeedba0, org.springframework.boot.test.json.DuplicateJsonObjectContextCustomizerFactory$DuplicateJsonObjectContextCustomizer@4c95ef13, org.springframework.boot.test.mock.mockito.MockitoContextCustomizer@0], contextLoader = 'org.springframework.boot.test.context.SpringBootContextLoader', parent = [null]], attributes = map[[empty]]]
2020-02-09 19:51:07.176  INFO 94504 --- [    Test worker] o.s.t.c.transaction.TransactionContext   : Began transaction (1) for test context [DefaultTestContext@4374e3f7 testClass = CustomerTest, testInstance = com.cpe.backend.CustomerTest@697f4d24, testMethod = B6015107_testNameMustBeMore30String@CustomerTest, testException = [null], mergedContextConfiguration = [MergedContextConfiguration@38620d5f testClass = CustomerTest, locations = '{}', classes = '{class com.cpe.backend.BackendApplication}', contextInitializerClasses = '[]', activeProfiles = '{}', propertySourceLocations = '{}', propertySourceProperties = '{org.springframework.boot.test.autoconfigure.orm.jpa.DataJpaTestContextBootstrapper=true}', contextCustomizers = set[org.springframework.boot.test.autoconfigure.OverrideAutoConfigurationContextCustomizerFactory$DisableAutoConfigurationContextCustomizer@7ef5e9d1, org.springframework.boot.test.autoconfigure.filter.TypeExcludeFiltersContextCustomizer@351584c0, org.springframework.boot.test.autoconfigure.properties.PropertyMappingContextCustomizer@5dc7d2ae, org.springframework.boot.test.autoconfigure.web.servlet.WebDriverContextCustomizerFactory$Customizer@1e10bd64, [ImportsContextCustomizer@5e0dbac9 key = [org.springframework.boot.autoconfigure.cache.CacheAutoConfiguration, org.springframework.boot.autoconfigure.data.jpa.JpaRepositoriesAutoConfiguration, org.springframework.boot.autoconfigure.flyway.FlywayAutoConfiguration, org.springframework.boot.autoconfigure.jdbc.DataSourceAutoConfiguration, org.springframework.boot.autoconfigure.jdbc.DataSourceTransactionManagerAutoConfiguration, org.springframework.boot.autoconfigure.jdbc.JdbcTemplateAutoConfiguration, org.springframework.boot.autoconfigure.liquibase.LiquibaseAutoConfiguration, org.springframework.boot.autoconfigure.orm.jpa.HibernateJpaAutoConfiguration, org.springframework.boot.autoconfigure.transaction.TransactionAutoConfiguration, org.springframework.boot.test.autoconfigure.jdbc.TestDatabaseAutoConfiguration, org.springframework.boot.test.autoconfigure.orm.jpa.TestEntityManagerAutoConfiguration]], org.springframework.boot.test.context.filter.ExcludeFilterContextCustomizer@3eeedba0, org.springframework.boot.test.json.DuplicateJsonObjectContextCustomizerFactory$DuplicateJsonObjectContextCustomizer@4c95ef13, org.springframework.boot.test.mock.mockito.MockitoContextCustomizer@0], contextLoader = 'org.springframework.boot.test.context.SpringBootContextLoader', parent = [null]], attributes = map[[empty]]]; transaction manager [org.springframework.orm.jpa.JpaTransactionManager@177de9ad]; rollback [true]
Hibernate: select job0_.job_id as job_id1_8_0_, job0_.job as job2_8_0_, cus1_.job_job_id as job_job_1_9_1_, customer2_.customer_id as cus_cust2_9_1_, customer2_.customer_id as customer1_5_2_, customer2_.address as address2_5_2_, customer2_.age as age3_5_2_, customer2_.card_num as card_num4_5_2_, customer2_.employee as employee8_5_2_, customer2_.date as date5_5_2_, customer2_.name as name6_5_2_, customer2_.tel as tel7_5_2_, customer2_.registype as registyp9_5_2_, customer2_.job as job10_5_2_, employee3_.employee_id as employee1_6_3_, employee3_.name as name2_6_3_, employee3_.password as password3_6_3_, employee3_.username as username4_6_3_, registype4_.regis_type_id as regis_ty1_23_4_, registype4_.type as type2_23_4_, cus5_.regis_type_regis_type_id as regis_ty1_24_5_, customer6_.customer_id as cus_cust2_24_5_, customer6_.customer_id as customer1_5_6_, customer6_.address as address2_5_6_, customer6_.age as age3_5_6_, customer6_.card_num as card_num4_5_6_, customer6_.employee as employee8_5_6_, customer6_.date as date5_5_6_, customer6_.name as name6_5_6_, customer6_.tel as tel7_5_6_, customer6_.registype as registyp9_5_6_, customer6_.job as job10_5_6_, job7_.job_id as job_id1_8_7_, job7_.job as job2_8_7_ from job job0_ left outer join job_cus cus1_ on job0_.job_id=cus1_.job_job_id left outer join customer customer2_ on cus1_.cus_customer_id=customer2_.customer_id left outer join employee employee3_ on customer2_.employee=employee3_.employee_id left outer join resgistype registype4_ on customer2_.registype=registype4_.regis_type_id left outer join resgistype_cus cus5_ on registype4_.regis_type_id=cus5_.regis_type_regis_type_id left outer join customer customer6_ on cus5_.cus_customer_id=customer6_.customer_id left outer join job job7_ on customer6_.job=job7_.job_id where job0_.job_id=?
Hibernate: select employee0_.employee_id as employee1_6_0_, employee0_.name as name2_6_0_, employee0_.password as password3_6_0_, employee0_.username as username4_6_0_ from employee employee0_ where employee0_.employee_id=?
Hibernate: select rent0_.employee_employee_id as employee1_7_0_, rent0_.rent_rent_car_id as rent_ren2_7_0_, rentcar1_.rent_car_id as rent_car1_18_1_, rentcar1_.employee_id as employee5_18_1_, rentcar1_.price as price2_18_1_, rentcar1_.rent_date as rent_dat3_18_1_, rentcar1_.customer_id as customer6_18_1_, rentcar1_.rentday as rentday4_18_1_, rentcar1_.car_id as car_id7_18_1_, rentcar1_.renttype_id as renttype8_18_1_, employee2_.employee_id as employee1_6_2_, employee2_.name as name2_6_2_, employee2_.password as password3_6_2_, employee2_.username as username4_6_2_, customer3_.customer_id as customer1_5_3_, customer3_.address as address2_5_3_, customer3_.age as age3_5_3_, customer3_.card_num as card_num4_5_3_, customer3_.employee as employee8_5_3_, customer3_.date as date5_5_3_, customer3_.name as name6_5_3_, customer3_.tel as tel7_5_3_, customer3_.registype as registyp9_5_3_, customer3_.job as job10_5_3_, employee4_.employee_id as employee1_6_4_, employee4_.name as name2_6_4_, employee4_.password as password3_6_4_, employee4_.username as username4_6_4_, registype5_.regis_type_id as regis_ty1_23_5_, registype5_.type as type2_23_5_, job6_.job_id as job_id1_8_6_, job6_.job as job2_8_6_, car7_.car_id as car_id1_2_7_, car7_.brand_id as brand_id4_2_7_, car7_.seat_id as seat_id5_2_7_, car7_.employee_id as employee6_2_7_, car7_.plate as plate2_2_7_, car7_.province_id as province7_2_7_, car7_.vin as vin3_2_7_, brand8_.brand_id as brand_id1_0_8_, brand8_.brand as brand2_0_8_, carseat9_.seat_id as seat_id1_3_9_, carseat9_.carseat as carseat2_3_9_, employee10_.employee_id as employee1_6_10_, employee10_.name as name2_6_10_, employee10_.password as password3_6_10_, employee10_.username as username4_6_10_, province11_.province_id as province1_16_11_, province11_.province as province2_16_11_, renttype12_.renttype_id as renttype1_19_12_, renttype12_.nametype as nametype2_19_12_, renttype12_.unitprice as unitpric3_19_12_ from employee_rent rent0_ inner join rent_car rentcar1_ on rent0_.rent_rent_car_id=rentcar1_.rent_car_id inner join employee employee2_ on rentcar1_.employee_id=employee2_.employee_id inner join customer customer3_ on rentcar1_.customer_id=customer3_.customer_id inner join employee employee4_ on customer3_.employee=employee4_.employee_id inner join resgistype registype5_ on customer3_.registype=registype5_.regis_type_id inner join job job6_ on customer3_.job=job6_.job_id inner join car car7_ on rentcar1_.car_id=car7_.car_id inner join brand brand8_ on car7_.brand_id=brand8_.brand_id inner join carseat carseat9_ on car7_.seat_id=carseat9_.seat_id inner join employee employee10_ on car7_.employee_id=employee10_.employee_id inner join plateprovince province11_ on car7_.province_id=province11_.province_id inner join renttype renttype12_ on rentcar1_.renttype_id=renttype12_.renttype_id where rent0_.employee_employee_id=?
Hibernate: select registype0_.regis_type_id as regis_ty1_23_0_, registype0_.type as type2_23_0_, cus1_.regis_type_regis_type_id as regis_ty1_24_1_, customer2_.customer_id as cus_cust2_24_1_, customer2_.customer_id as customer1_5_2_, customer2_.address as address2_5_2_, customer2_.age as age3_5_2_, customer2_.card_num as card_num4_5_2_, customer2_.employee as employee8_5_2_, customer2_.date as date5_5_2_, customer2_.name as name6_5_2_, customer2_.tel as tel7_5_2_, customer2_.registype as registyp9_5_2_, customer2_.job as job10_5_2_, employee3_.employee_id as employee1_6_3_, employee3_.name as name2_6_3_, employee3_.password as password3_6_3_, employee3_.username as username4_6_3_, registype4_.regis_type_id as regis_ty1_23_4_, registype4_.type as type2_23_4_, job5_.job_id as job_id1_8_5_, job5_.job as job2_8_5_, cus6_.job_job_id as job_job_1_9_6_, customer7_.customer_id as cus_cust2_9_6_, customer7_.customer_id as customer1_5_7_, customer7_.address as address2_5_7_, customer7_.age as age3_5_7_, customer7_.card_num as card_num4_5_7_, customer7_.employee as employee8_5_7_, customer7_.date as date5_5_7_, customer7_.name as name6_5_7_, customer7_.tel as tel7_5_7_, customer7_.registype as registyp9_5_7_, customer7_.job as job10_5_7_ from resgistype registype0_ left outer join resgistype_cus cus1_ on registype0_.regis_type_id=cus1_.regis_type_regis_type_id left outer join customer customer2_ on cus1_.cus_customer_id=customer2_.customer_id left outer join employee employee3_ on customer2_.employee=employee3_.employee_id left outer join resgistype registype4_ on customer2_.registype=registype4_.regis_type_id left outer join job job5_ on customer2_.job=job5_.job_id left outer join job_cus cus6_ on job5_.job_id=cus6_.job_job_id left outer join customer customer7_ on cus6_.cus_customer_id=customer7_.customer_id where registype0_.regis_type_id=?
2020-02-09 19:51:07.197  INFO 94504 --- [    Test worker] o.s.t.c.transaction.TransactionContext   : Rolled back transaction for test: [DefaultTestContext@4374e3f7 testClass = CustomerTest, testInstance = com.cpe.backend.CustomerTest@697f4d24, testMethod = B6015107_testNameMustBeMore30String@CustomerTest, testException = [null], mergedContextConfiguration = [MergedContextConfiguration@38620d5f testClass = CustomerTest, locations = '{}', classes = '{class com.cpe.backend.BackendApplication}', contextInitializerClasses = '[]', activeProfiles = '{}', propertySourceLocations = '{}', propertySourceProperties = '{org.springframework.boot.test.autoconfigure.orm.jpa.DataJpaTestContextBootstrapper=true}', contextCustomizers = set[org.springframework.boot.test.autoconfigure.OverrideAutoConfigurationContextCustomizerFactory$DisableAutoConfigurationContextCustomizer@7ef5e9d1, org.springframework.boot.test.autoconfigure.filter.TypeExcludeFiltersContextCustomizer@351584c0, org.springframework.boot.test.autoconfigure.properties.PropertyMappingContextCustomizer@5dc7d2ae, org.springframework.boot.test.autoconfigure.web.servlet.WebDriverContextCustomizerFactory$Customizer@1e10bd64, [ImportsContextCustomizer@5e0dbac9 key = [org.springframework.boot.autoconfigure.cache.CacheAutoConfiguration, org.springframework.boot.autoconfigure.data.jpa.JpaRepositoriesAutoConfiguration, org.springframework.boot.autoconfigure.flyway.FlywayAutoConfiguration, org.springframework.boot.autoconfigure.jdbc.DataSourceAutoConfiguration, org.springframework.boot.autoconfigure.jdbc.DataSourceTransactionManagerAutoConfiguration, org.springframework.boot.autoconfigure.jdbc.JdbcTemplateAutoConfiguration, org.springframework.boot.autoconfigure.liquibase.LiquibaseAutoConfiguration, org.springframework.boot.autoconfigure.orm.jpa.HibernateJpaAutoConfiguration, org.springframework.boot.autoconfigure.transaction.TransactionAutoConfiguration, org.springframework.boot.test.autoconfigure.jdbc.TestDatabaseAutoConfiguration, org.springframework.boot.test.autoconfigure.orm.jpa.TestEntityManagerAutoConfiguration]], org.springframework.boot.test.context.filter.ExcludeFilterContextCustomizer@3eeedba0, org.springframework.boot.test.json.DuplicateJsonObjectContextCustomizerFactory$DuplicateJsonObjectContextCustomizer@4c95ef13, org.springframework.boot.test.mock.mockito.MockitoContextCustomizer@0], contextLoader = 'org.springframework.boot.test.context.SpringBootContextLoader', parent = [null]], attributes = map[[empty]]]
2020-02-09 19:51:07.199  INFO 94504 --- [    Test worker] o.s.t.c.transaction.TransactionContext   : Began transaction (1) for test context [DefaultTestContext@4374e3f7 testClass = CustomerTest, testInstance = com.cpe.backend.CustomerTest@2a6e38b3, testMethod = B6015107_testCard_NumMustNotBe12Digits@CustomerTest, testException = [null], mergedContextConfiguration = [MergedContextConfiguration@38620d5f testClass = CustomerTest, locations = '{}', classes = '{class com.cpe.backend.BackendApplication}', contextInitializerClasses = '[]', activeProfiles = '{}', propertySourceLocations = '{}', propertySourceProperties = '{org.springframework.boot.test.autoconfigure.orm.jpa.DataJpaTestContextBootstrapper=true}', contextCustomizers = set[org.springframework.boot.test.autoconfigure.OverrideAutoConfigurationContextCustomizerFactory$DisableAutoConfigurationContextCustomizer@7ef5e9d1, org.springframework.boot.test.autoconfigure.filter.TypeExcludeFiltersContextCustomizer@351584c0, org.springframework.boot.test.autoconfigure.properties.PropertyMappingContextCustomizer@5dc7d2ae, org.springframework.boot.test.autoconfigure.web.servlet.WebDriverContextCustomizerFactory$Customizer@1e10bd64, [ImportsContextCustomizer@5e0dbac9 key = [org.springframework.boot.autoconfigure.cache.CacheAutoConfiguration, org.springframework.boot.autoconfigure.data.jpa.JpaRepositoriesAutoConfiguration, org.springframework.boot.autoconfigure.flyway.FlywayAutoConfiguration, org.springframework.boot.autoconfigure.jdbc.DataSourceAutoConfiguration, org.springframework.boot.autoconfigure.jdbc.DataSourceTransactionManagerAutoConfiguration, org.springframework.boot.autoconfigure.jdbc.JdbcTemplateAutoConfiguration, org.springframework.boot.autoconfigure.liquibase.LiquibaseAutoConfiguration, org.springframework.boot.autoconfigure.orm.jpa.HibernateJpaAutoConfiguration, org.springframework.boot.autoconfigure.transaction.TransactionAutoConfiguration, org.springframework.boot.test.autoconfigure.jdbc.TestDatabaseAutoConfiguration, org.springframework.boot.test.autoconfigure.orm.jpa.TestEntityManagerAutoConfiguration]], org.springframework.boot.test.context.filter.ExcludeFilterContextCustomizer@3eeedba0, org.springframework.boot.test.json.DuplicateJsonObjectContextCustomizerFactory$DuplicateJsonObjectContextCustomizer@4c95ef13, org.springframework.boot.test.mock.mockito.MockitoContextCustomizer@0], contextLoader = 'org.springframework.boot.test.context.SpringBootContextLoader', parent = [null]], attributes = map[[empty]]]; transaction manager [org.springframework.orm.jpa.JpaTransactionManager@177de9ad]; rollback [true]
Hibernate: select job0_.job_id as job_id1_8_0_, job0_.job as job2_8_0_, cus1_.job_job_id as job_job_1_9_1_, customer2_.customer_id as cus_cust2_9_1_, customer2_.customer_id as customer1_5_2_, customer2_.address as address2_5_2_, customer2_.age as age3_5_2_, customer2_.card_num as card_num4_5_2_, customer2_.employee as employee8_5_2_, customer2_.date as date5_5_2_, customer2_.name as name6_5_2_, customer2_.tel as tel7_5_2_, customer2_.registype as registyp9_5_2_, customer2_.job as job10_5_2_, employee3_.employee_id as employee1_6_3_, employee3_.name as name2_6_3_, employee3_.password as password3_6_3_, employee3_.username as username4_6_3_, registype4_.regis_type_id as regis_ty1_23_4_, registype4_.type as type2_23_4_, cus5_.regis_type_regis_type_id as regis_ty1_24_5_, customer6_.customer_id as cus_cust2_24_5_, customer6_.customer_id as customer1_5_6_, customer6_.address as address2_5_6_, customer6_.age as age3_5_6_, customer6_.card_num as card_num4_5_6_, customer6_.employee as employee8_5_6_, customer6_.date as date5_5_6_, customer6_.name as name6_5_6_, customer6_.tel as tel7_5_6_, customer6_.registype as registyp9_5_6_, customer6_.job as job10_5_6_, job7_.job_id as job_id1_8_7_, job7_.job as job2_8_7_ from job job0_ left outer join job_cus cus1_ on job0_.job_id=cus1_.job_job_id left outer join customer customer2_ on cus1_.cus_customer_id=customer2_.customer_id left outer join employee employee3_ on customer2_.employee=employee3_.employee_id left outer join resgistype registype4_ on customer2_.registype=registype4_.regis_type_id left outer join resgistype_cus cus5_ on registype4_.regis_type_id=cus5_.regis_type_regis_type_id left outer join customer customer6_ on cus5_.cus_customer_id=customer6_.customer_id left outer join job job7_ on customer6_.job=job7_.job_id where job0_.job_id=?
Hibernate: select employee0_.employee_id as employee1_6_0_, employee0_.name as name2_6_0_, employee0_.password as password3_6_0_, employee0_.username as username4_6_0_ from employee employee0_ where employee0_.employee_id=?
Hibernate: select rent0_.employee_employee_id as employee1_7_0_, rent0_.rent_rent_car_id as rent_ren2_7_0_, rentcar1_.rent_car_id as rent_car1_18_1_, rentcar1_.employee_id as employee5_18_1_, rentcar1_.price as price2_18_1_, rentcar1_.rent_date as rent_dat3_18_1_, rentcar1_.customer_id as customer6_18_1_, rentcar1_.rentday as rentday4_18_1_, rentcar1_.car_id as car_id7_18_1_, rentcar1_.renttype_id as renttype8_18_1_, employee2_.employee_id as employee1_6_2_, employee2_.name as name2_6_2_, employee2_.password as password3_6_2_, employee2_.username as username4_6_2_, customer3_.customer_id as customer1_5_3_, customer3_.address as address2_5_3_, customer3_.age as age3_5_3_, customer3_.card_num as card_num4_5_3_, customer3_.employee as employee8_5_3_, customer3_.date as date5_5_3_, customer3_.name as name6_5_3_, customer3_.tel as tel7_5_3_, customer3_.registype as registyp9_5_3_, customer3_.job as job10_5_3_, employee4_.employee_id as employee1_6_4_, employee4_.name as name2_6_4_, employee4_.password as password3_6_4_, employee4_.username as username4_6_4_, registype5_.regis_type_id as regis_ty1_23_5_, registype5_.type as type2_23_5_, job6_.job_id as job_id1_8_6_, job6_.job as job2_8_6_, car7_.car_id as car_id1_2_7_, car7_.brand_id as brand_id4_2_7_, car7_.seat_id as seat_id5_2_7_, car7_.employee_id as employee6_2_7_, car7_.plate as plate2_2_7_, car7_.province_id as province7_2_7_, car7_.vin as vin3_2_7_, brand8_.brand_id as brand_id1_0_8_, brand8_.brand as brand2_0_8_, carseat9_.seat_id as seat_id1_3_9_, carseat9_.carseat as carseat2_3_9_, employee10_.employee_id as employee1_6_10_, employee10_.name as name2_6_10_, employee10_.password as password3_6_10_, employee10_.username as username4_6_10_, province11_.province_id as province1_16_11_, province11_.province as province2_16_11_, renttype12_.renttype_id as renttype1_19_12_, renttype12_.nametype as nametype2_19_12_, renttype12_.unitprice as unitpric3_19_12_ from employee_rent rent0_ inner join rent_car rentcar1_ on rent0_.rent_rent_car_id=rentcar1_.rent_car_id inner join employee employee2_ on rentcar1_.employee_id=employee2_.employee_id inner join customer customer3_ on rentcar1_.customer_id=customer3_.customer_id inner join employee employee4_ on customer3_.employee=employee4_.employee_id inner join resgistype registype5_ on customer3_.registype=registype5_.regis_type_id inner join job job6_ on customer3_.job=job6_.job_id inner join car car7_ on rentcar1_.car_id=car7_.car_id inner join brand brand8_ on car7_.brand_id=brand8_.brand_id inner join carseat carseat9_ on car7_.seat_id=carseat9_.seat_id inner join employee employee10_ on car7_.employee_id=employee10_.employee_id inner join plateprovince province11_ on car7_.province_id=province11_.province_id inner join renttype renttype12_ on rentcar1_.renttype_id=renttype12_.renttype_id where rent0_.employee_employee_id=?
Hibernate: select registype0_.regis_type_id as regis_ty1_23_0_, registype0_.type as type2_23_0_, cus1_.regis_type_regis_type_id as regis_ty1_24_1_, customer2_.customer_id as cus_cust2_24_1_, customer2_.customer_id as customer1_5_2_, customer2_.address as address2_5_2_, customer2_.age as age3_5_2_, customer2_.card_num as card_num4_5_2_, customer2_.employee as employee8_5_2_, customer2_.date as date5_5_2_, customer2_.name as name6_5_2_, customer2_.tel as tel7_5_2_, customer2_.registype as registyp9_5_2_, customer2_.job as job10_5_2_, employee3_.employee_id as employee1_6_3_, employee3_.name as name2_6_3_, employee3_.password as password3_6_3_, employee3_.username as username4_6_3_, registype4_.regis_type_id as regis_ty1_23_4_, registype4_.type as type2_23_4_, job5_.job_id as job_id1_8_5_, job5_.job as job2_8_5_, cus6_.job_job_id as job_job_1_9_6_, customer7_.customer_id as cus_cust2_9_6_, customer7_.customer_id as customer1_5_7_, customer7_.address as address2_5_7_, customer7_.age as age3_5_7_, customer7_.card_num as card_num4_5_7_, customer7_.employee as employee8_5_7_, customer7_.date as date5_5_7_, customer7_.name as name6_5_7_, customer7_.tel as tel7_5_7_, customer7_.registype as registyp9_5_7_, customer7_.job as job10_5_7_ from resgistype registype0_ left outer join resgistype_cus cus1_ on registype0_.regis_type_id=cus1_.regis_type_regis_type_id left outer join customer customer2_ on cus1_.cus_customer_id=customer2_.customer_id left outer join employee employee3_ on customer2_.employee=employee3_.employee_id left outer join resgistype registype4_ on customer2_.registype=registype4_.regis_type_id left outer join job job5_ on customer2_.job=job5_.job_id left outer join job_cus cus6_ on job5_.job_id=cus6_.job_job_id left outer join customer customer7_ on cus6_.cus_customer_id=customer7_.customer_id where registype0_.regis_type_id=?
2020-02-09 19:51:07.220  INFO 94504 --- [    Test worker] o.s.t.c.transaction.TransactionContext   : Rolled back transaction for test: [DefaultTestContext@4374e3f7 testClass = CustomerTest, testInstance = com.cpe.backend.CustomerTest@2a6e38b3, testMethod = B6015107_testCard_NumMustNotBe12Digits@CustomerTest, testException = [null], mergedContextConfiguration = [MergedContextConfiguration@38620d5f testClass = CustomerTest, locations = '{}', classes = '{class com.cpe.backend.BackendApplication}', contextInitializerClasses = '[]', activeProfiles = '{}', propertySourceLocations = '{}', propertySourceProperties = '{org.springframework.boot.test.autoconfigure.orm.jpa.DataJpaTestContextBootstrapper=true}', contextCustomizers = set[org.springframework.boot.test.autoconfigure.OverrideAutoConfigurationContextCustomizerFactory$DisableAutoConfigurationContextCustomizer@7ef5e9d1, org.springframework.boot.test.autoconfigure.filter.TypeExcludeFiltersContextCustomizer@351584c0, org.springframework.boot.test.autoconfigure.properties.PropertyMappingContextCustomizer@5dc7d2ae, org.springframework.boot.test.autoconfigure.web.servlet.WebDriverContextCustomizerFactory$Customizer@1e10bd64, [ImportsContextCustomizer@5e0dbac9 key = [org.springframework.boot.autoconfigure.cache.CacheAutoConfiguration, org.springframework.boot.autoconfigure.data.jpa.JpaRepositoriesAutoConfiguration, org.springframework.boot.autoconfigure.flyway.FlywayAutoConfiguration, org.springframework.boot.autoconfigure.jdbc.DataSourceAutoConfiguration, org.springframework.boot.autoconfigure.jdbc.DataSourceTransactionManagerAutoConfiguration, org.springframework.boot.autoconfigure.jdbc.JdbcTemplateAutoConfiguration, org.springframework.boot.autoconfigure.liquibase.LiquibaseAutoConfiguration, org.springframework.boot.autoconfigure.orm.jpa.HibernateJpaAutoConfiguration, org.springframework.boot.autoconfigure.transaction.TransactionAutoConfiguration, org.springframework.boot.test.autoconfigure.jdbc.TestDatabaseAutoConfiguration, org.springframework.boot.test.autoconfigure.orm.jpa.TestEntityManagerAutoConfiguration]], org.springframework.boot.test.context.filter.ExcludeFilterContextCustomizer@3eeedba0, org.springframework.boot.test.json.DuplicateJsonObjectContextCustomizerFactory$DuplicateJsonObjectContextCustomizer@4c95ef13, org.springframework.boot.test.mock.mockito.MockitoContextCustomizer@0], contextLoader = 'org.springframework.boot.test.context.SpringBootContextLoader', parent = [null]], attributes = map[[empty]]]
2020-02-09 19:51:07.222  INFO 94504 --- [    Test worker] o.s.t.c.transaction.TransactionContext   : Began transaction (1) for test context [DefaultTestContext@4374e3f7 testClass = CustomerTest, testInstance = com.cpe.backend.CustomerTest@23bfaef8, testMethod = B6015107_test_workMustNotBeNull@CustomerTest, testException = [null], mergedContextConfiguration = [MergedContextConfiguration@38620d5f testClass = CustomerTest, locations = '{}', classes = '{class com.cpe.backend.BackendApplication}', contextInitializerClasses = '[]', activeProfiles = '{}', propertySourceLocations = '{}', propertySourceProperties = '{org.springframework.boot.test.autoconfigure.orm.jpa.DataJpaTestContextBootstrapper=true}', contextCustomizers = set[org.springframework.boot.test.autoconfigure.OverrideAutoConfigurationContextCustomizerFactory$DisableAutoConfigurationContextCustomizer@7ef5e9d1, org.springframework.boot.test.autoconfigure.filter.TypeExcludeFiltersContextCustomizer@351584c0, org.springframework.boot.test.autoconfigure.properties.PropertyMappingContextCustomizer@5dc7d2ae, org.springframework.boot.test.autoconfigure.web.servlet.WebDriverContextCustomizerFactory$Customizer@1e10bd64, [ImportsContextCustomizer@5e0dbac9 key = [org.springframework.boot.autoconfigure.cache.CacheAutoConfiguration, org.springframework.boot.autoconfigure.data.jpa.JpaRepositoriesAutoConfiguration, org.springframework.boot.autoconfigure.flyway.FlywayAutoConfiguration, org.springframework.boot.autoconfigure.jdbc.DataSourceAutoConfiguration, org.springframework.boot.autoconfigure.jdbc.DataSourceTransactionManagerAutoConfiguration, org.springframework.boot.autoconfigure.jdbc.JdbcTemplateAutoConfiguration, org.springframework.boot.autoconfigure.liquibase.LiquibaseAutoConfiguration, org.springframework.boot.autoconfigure.orm.jpa.HibernateJpaAutoConfiguration, org.springframework.boot.autoconfigure.transaction.TransactionAutoConfiguration, org.springframework.boot.test.autoconfigure.jdbc.TestDatabaseAutoConfiguration, org.springframework.boot.test.autoconfigure.orm.jpa.TestEntityManagerAutoConfiguration]], org.springframework.boot.test.context.filter.ExcludeFilterContextCustomizer@3eeedba0, org.springframework.boot.test.json.DuplicateJsonObjectContextCustomizerFactory$DuplicateJsonObjectContextCustomizer@4c95ef13, org.springframework.boot.test.mock.mockito.MockitoContextCustomizer@0], contextLoader = 'org.springframework.boot.test.context.SpringBootContextLoader', parent = [null]], attributes = map[[empty]]]; transaction manager [org.springframework.orm.jpa.JpaTransactionManager@177de9ad]; rollback [true]
Hibernate: select employee0_.employee_id as employee1_6_0_, employee0_.name as name2_6_0_, employee0_.password as password3_6_0_, employee0_.username as username4_6_0_ from employee employee0_ where employee0_.employee_id=?
Hibernate: select rent0_.employee_employee_id as employee1_7_0_, rent0_.rent_rent_car_id as rent_ren2_7_0_, rentcar1_.rent_car_id as rent_car1_18_1_, rentcar1_.employee_id as employee5_18_1_, rentcar1_.price as price2_18_1_, rentcar1_.rent_date as rent_dat3_18_1_, rentcar1_.customer_id as customer6_18_1_, rentcar1_.rentday as rentday4_18_1_, rentcar1_.car_id as car_id7_18_1_, rentcar1_.renttype_id as renttype8_18_1_, employee2_.employee_id as employee1_6_2_, employee2_.name as name2_6_2_, employee2_.password as password3_6_2_, employee2_.username as username4_6_2_, customer3_.customer_id as customer1_5_3_, customer3_.address as address2_5_3_, customer3_.age as age3_5_3_, customer3_.card_num as card_num4_5_3_, customer3_.employee as employee8_5_3_, customer3_.date as date5_5_3_, customer3_.name as name6_5_3_, customer3_.tel as tel7_5_3_, customer3_.registype as registyp9_5_3_, customer3_.job as job10_5_3_, employee4_.employee_id as employee1_6_4_, employee4_.name as name2_6_4_, employee4_.password as password3_6_4_, employee4_.username as username4_6_4_, registype5_.regis_type_id as regis_ty1_23_5_, registype5_.type as type2_23_5_, job6_.job_id as job_id1_8_6_, job6_.job as job2_8_6_, car7_.car_id as car_id1_2_7_, car7_.brand_id as brand_id4_2_7_, car7_.seat_id as seat_id5_2_7_, car7_.employee_id as employee6_2_7_, car7_.plate as plate2_2_7_, car7_.province_id as province7_2_7_, car7_.vin as vin3_2_7_, brand8_.brand_id as brand_id1_0_8_, brand8_.brand as brand2_0_8_, carseat9_.seat_id as seat_id1_3_9_, carseat9_.carseat as carseat2_3_9_, employee10_.employee_id as employee1_6_10_, employee10_.name as name2_6_10_, employee10_.password as password3_6_10_, employee10_.username as username4_6_10_, province11_.province_id as province1_16_11_, province11_.province as province2_16_11_, renttype12_.renttype_id as renttype1_19_12_, renttype12_.nametype as nametype2_19_12_, renttype12_.unitprice as unitpric3_19_12_ from employee_rent rent0_ inner join rent_car rentcar1_ on rent0_.rent_rent_car_id=rentcar1_.rent_car_id inner join employee employee2_ on rentcar1_.employee_id=employee2_.employee_id inner join customer customer3_ on rentcar1_.customer_id=customer3_.customer_id inner join employee employee4_ on customer3_.employee=employee4_.employee_id inner join resgistype registype5_ on customer3_.registype=registype5_.regis_type_id inner join job job6_ on customer3_.job=job6_.job_id inner join car car7_ on rentcar1_.car_id=car7_.car_id inner join brand brand8_ on car7_.brand_id=brand8_.brand_id inner join carseat carseat9_ on car7_.seat_id=carseat9_.seat_id inner join employee employee10_ on car7_.employee_id=employee10_.employee_id inner join plateprovince province11_ on car7_.province_id=province11_.province_id inner join renttype renttype12_ on rentcar1_.renttype_id=renttype12_.renttype_id where rent0_.employee_employee_id=?
Hibernate: select registype0_.regis_type_id as regis_ty1_23_0_, registype0_.type as type2_23_0_, cus1_.regis_type_regis_type_id as regis_ty1_24_1_, customer2_.customer_id as cus_cust2_24_1_, customer2_.customer_id as customer1_5_2_, customer2_.address as address2_5_2_, customer2_.age as age3_5_2_, customer2_.card_num as card_num4_5_2_, customer2_.employee as employee8_5_2_, customer2_.date as date5_5_2_, customer2_.name as name6_5_2_, customer2_.tel as tel7_5_2_, customer2_.registype as registyp9_5_2_, customer2_.job as job10_5_2_, employee3_.employee_id as employee1_6_3_, employee3_.name as name2_6_3_, employee3_.password as password3_6_3_, employee3_.username as username4_6_3_, registype4_.regis_type_id as regis_ty1_23_4_, registype4_.type as type2_23_4_, job5_.job_id as job_id1_8_5_, job5_.job as job2_8_5_, cus6_.job_job_id as job_job_1_9_6_, customer7_.customer_id as cus_cust2_9_6_, customer7_.customer_id as customer1_5_7_, customer7_.address as address2_5_7_, customer7_.age as age3_5_7_, customer7_.card_num as card_num4_5_7_, customer7_.employee as employee8_5_7_, customer7_.date as date5_5_7_, customer7_.name as name6_5_7_, customer7_.tel as tel7_5_7_, customer7_.registype as registyp9_5_7_, customer7_.job as job10_5_7_ from resgistype registype0_ left outer join resgistype_cus cus1_ on registype0_.regis_type_id=cus1_.regis_type_regis_type_id left outer join customer customer2_ on cus1_.cus_customer_id=customer2_.customer_id left outer join employee employee3_ on customer2_.employee=employee3_.employee_id left outer join resgistype registype4_ on customer2_.registype=registype4_.regis_type_id left outer join job job5_ on customer2_.job=job5_.job_id left outer join job_cus cus6_ on job5_.job_id=cus6_.job_job_id left outer join customer customer7_ on cus6_.cus_customer_id=customer7_.customer_id where registype0_.regis_type_id=?
2020-02-09 19:51:07.236  INFO 94504 --- [    Test worker] o.s.t.c.transaction.TransactionContext   : Rolled back transaction for test: [DefaultTestContext@4374e3f7 testClass = CustomerTest, testInstance = com.cpe.backend.CustomerTest@23bfaef8, testMethod = B6015107_test_workMustNotBeNull@CustomerTest, testException = [null], mergedContextConfiguration = [MergedContextConfiguration@38620d5f testClass = CustomerTest, locations = '{}', classes = '{class com.cpe.backend.BackendApplication}', contextInitializerClasses = '[]', activeProfiles = '{}', propertySourceLocations = '{}', propertySourceProperties = '{org.springframework.boot.test.autoconfigure.orm.jpa.DataJpaTestContextBootstrapper=true}', contextCustomizers = set[org.springframework.boot.test.autoconfigure.OverrideAutoConfigurationContextCustomizerFactory$DisableAutoConfigurationContextCustomizer@7ef5e9d1, org.springframework.boot.test.autoconfigure.filter.TypeExcludeFiltersContextCustomizer@351584c0, org.springframework.boot.test.autoconfigure.properties.PropertyMappingContextCustomizer@5dc7d2ae, org.springframework.boot.test.autoconfigure.web.servlet.WebDriverContextCustomizerFactory$Customizer@1e10bd64, [ImportsContextCustomizer@5e0dbac9 key = [org.springframework.boot.autoconfigure.cache.CacheAutoConfiguration, org.springframework.boot.autoconfigure.data.jpa.JpaRepositoriesAutoConfiguration, org.springframework.boot.autoconfigure.flyway.FlywayAutoConfiguration, org.springframework.boot.autoconfigure.jdbc.DataSourceAutoConfiguration, org.springframework.boot.autoconfigure.jdbc.DataSourceTransactionManagerAutoConfiguration, org.springframework.boot.autoconfigure.jdbc.JdbcTemplateAutoConfiguration, org.springframework.boot.autoconfigure.liquibase.LiquibaseAutoConfiguration, org.springframework.boot.autoconfigure.orm.jpa.HibernateJpaAutoConfiguration, org.springframework.boot.autoconfigure.transaction.TransactionAutoConfiguration, org.springframework.boot.test.autoconfigure.jdbc.TestDatabaseAutoConfiguration, org.springframework.boot.test.autoconfigure.orm.jpa.TestEntityManagerAutoConfiguration]], org.springframework.boot.test.context.filter.ExcludeFilterContextCustomizer@3eeedba0, org.springframework.boot.test.json.DuplicateJsonObjectContextCustomizerFactory$DuplicateJsonObjectContextCustomizer@4c95ef13, org.springframework.boot.test.mock.mockito.MockitoContextCustomizer@0], contextLoader = 'org.springframework.boot.test.context.SpringBootContextLoader', parent = [null]], attributes = map[[empty]]]
2020-02-09 19:51:07.238  INFO 94504 --- [    Test worker] o.s.t.c.transaction.TransactionContext   : Began transaction (1) for test context [DefaultTestContext@4374e3f7 testClass = CustomerTest, testInstance = com.cpe.backend.CustomerTest@34e916d7, testMethod = B6015107_testCard_NumMustNotBeNull@CustomerTest, testException = [null], mergedContextConfiguration = [MergedContextConfiguration@38620d5f testClass = CustomerTest, locations = '{}', classes = '{class com.cpe.backend.BackendApplication}', contextInitializerClasses = '[]', activeProfiles = '{}', propertySourceLocations = '{}', propertySourceProperties = '{org.springframework.boot.test.autoconfigure.orm.jpa.DataJpaTestContextBootstrapper=true}', contextCustomizers = set[org.springframework.boot.test.autoconfigure.OverrideAutoConfigurationContextCustomizerFactory$DisableAutoConfigurationContextCustomizer@7ef5e9d1, org.springframework.boot.test.autoconfigure.filter.TypeExcludeFiltersContextCustomizer@351584c0, org.springframework.boot.test.autoconfigure.properties.PropertyMappingContextCustomizer@5dc7d2ae, org.springframework.boot.test.autoconfigure.web.servlet.WebDriverContextCustomizerFactory$Customizer@1e10bd64, [ImportsContextCustomizer@5e0dbac9 key = [org.springframework.boot.autoconfigure.cache.CacheAutoConfiguration, org.springframework.boot.autoconfigure.data.jpa.JpaRepositoriesAutoConfiguration, org.springframework.boot.autoconfigure.flyway.FlywayAutoConfiguration, org.springframework.boot.autoconfigure.jdbc.DataSourceAutoConfiguration, org.springframework.boot.autoconfigure.jdbc.DataSourceTransactionManagerAutoConfiguration, org.springframework.boot.autoconfigure.jdbc.JdbcTemplateAutoConfiguration, org.springframework.boot.autoconfigure.liquibase.LiquibaseAutoConfiguration, org.springframework.boot.autoconfigure.orm.jpa.HibernateJpaAutoConfiguration, org.springframework.boot.autoconfigure.transaction.TransactionAutoConfiguration, org.springframework.boot.test.autoconfigure.jdbc.TestDatabaseAutoConfiguration, org.springframework.boot.test.autoconfigure.orm.jpa.TestEntityManagerAutoConfiguration]], org.springframework.boot.test.context.filter.ExcludeFilterContextCustomizer@3eeedba0, org.springframework.boot.test.json.DuplicateJsonObjectContextCustomizerFactory$DuplicateJsonObjectContextCustomizer@4c95ef13, org.springframework.boot.test.mock.mockito.MockitoContextCustomizer@0], contextLoader = 'org.springframework.boot.test.context.SpringBootContextLoader', parent = [null]], attributes = map[[empty]]]; transaction manager [org.springframework.orm.jpa.JpaTransactionManager@177de9ad]; rollback [true]
Hibernate: select job0_.job_id as job_id1_8_0_, job0_.job as job2_8_0_, cus1_.job_job_id as job_job_1_9_1_, customer2_.customer_id as cus_cust2_9_1_, customer2_.customer_id as customer1_5_2_, customer2_.address as address2_5_2_, customer2_.age as age3_5_2_, customer2_.card_num as card_num4_5_2_, customer2_.employee as employee8_5_2_, customer2_.date as date5_5_2_, customer2_.name as name6_5_2_, customer2_.tel as tel7_5_2_, customer2_.registype as registyp9_5_2_, customer2_.job as job10_5_2_, employee3_.employee_id as employee1_6_3_, employee3_.name as name2_6_3_, employee3_.password as password3_6_3_, employee3_.username as username4_6_3_, registype4_.regis_type_id as regis_ty1_23_4_, registype4_.type as type2_23_4_, cus5_.regis_type_regis_type_id as regis_ty1_24_5_, customer6_.customer_id as cus_cust2_24_5_, customer6_.customer_id as customer1_5_6_, customer6_.address as address2_5_6_, customer6_.age as age3_5_6_, customer6_.card_num as card_num4_5_6_, customer6_.employee as employee8_5_6_, customer6_.date as date5_5_6_, customer6_.name as name6_5_6_, customer6_.tel as tel7_5_6_, customer6_.registype as registyp9_5_6_, customer6_.job as job10_5_6_, job7_.job_id as job_id1_8_7_, job7_.job as job2_8_7_ from job job0_ left outer join job_cus cus1_ on job0_.job_id=cus1_.job_job_id left outer join customer customer2_ on cus1_.cus_customer_id=customer2_.customer_id left outer join employee employee3_ on customer2_.employee=employee3_.employee_id left outer join resgistype registype4_ on customer2_.registype=registype4_.regis_type_id left outer join resgistype_cus cus5_ on registype4_.regis_type_id=cus5_.regis_type_regis_type_id left outer join customer customer6_ on cus5_.cus_customer_id=customer6_.customer_id left outer join job job7_ on customer6_.job=job7_.job_id where job0_.job_id=?
Hibernate: select employee0_.employee_id as employee1_6_0_, employee0_.name as name2_6_0_, employee0_.password as password3_6_0_, employee0_.username as username4_6_0_ from employee employee0_ where employee0_.employee_id=?
Hibernate: select rent0_.employee_employee_id as employee1_7_0_, rent0_.rent_rent_car_id as rent_ren2_7_0_, rentcar1_.rent_car_id as rent_car1_18_1_, rentcar1_.employee_id as employee5_18_1_, rentcar1_.price as price2_18_1_, rentcar1_.rent_date as rent_dat3_18_1_, rentcar1_.customer_id as customer6_18_1_, rentcar1_.rentday as rentday4_18_1_, rentcar1_.car_id as car_id7_18_1_, rentcar1_.renttype_id as renttype8_18_1_, employee2_.employee_id as employee1_6_2_, employee2_.name as name2_6_2_, employee2_.password as password3_6_2_, employee2_.username as username4_6_2_, customer3_.customer_id as customer1_5_3_, customer3_.address as address2_5_3_, customer3_.age as age3_5_3_, customer3_.card_num as card_num4_5_3_, customer3_.employee as employee8_5_3_, customer3_.date as date5_5_3_, customer3_.name as name6_5_3_, customer3_.tel as tel7_5_3_, customer3_.registype as registyp9_5_3_, customer3_.job as job10_5_3_, employee4_.employee_id as employee1_6_4_, employee4_.name as name2_6_4_, employee4_.password as password3_6_4_, employee4_.username as username4_6_4_, registype5_.regis_type_id as regis_ty1_23_5_, registype5_.type as type2_23_5_, job6_.job_id as job_id1_8_6_, job6_.job as job2_8_6_, car7_.car_id as car_id1_2_7_, car7_.brand_id as brand_id4_2_7_, car7_.seat_id as seat_id5_2_7_, car7_.employee_id as employee6_2_7_, car7_.plate as plate2_2_7_, car7_.province_id as province7_2_7_, car7_.vin as vin3_2_7_, brand8_.brand_id as brand_id1_0_8_, brand8_.brand as brand2_0_8_, carseat9_.seat_id as seat_id1_3_9_, carseat9_.carseat as carseat2_3_9_, employee10_.employee_id as employee1_6_10_, employee10_.name as name2_6_10_, employee10_.password as password3_6_10_, employee10_.username as username4_6_10_, province11_.province_id as province1_16_11_, province11_.province as province2_16_11_, renttype12_.renttype_id as renttype1_19_12_, renttype12_.nametype as nametype2_19_12_, renttype12_.unitprice as unitpric3_19_12_ from employee_rent rent0_ inner join rent_car rentcar1_ on rent0_.rent_rent_car_id=rentcar1_.rent_car_id inner join employee employee2_ on rentcar1_.employee_id=employee2_.employee_id inner join customer customer3_ on rentcar1_.customer_id=customer3_.customer_id inner join employee employee4_ on customer3_.employee=employee4_.employee_id inner join resgistype registype5_ on customer3_.registype=registype5_.regis_type_id inner join job job6_ on customer3_.job=job6_.job_id inner join car car7_ on rentcar1_.car_id=car7_.car_id inner join brand brand8_ on car7_.brand_id=brand8_.brand_id inner join carseat carseat9_ on car7_.seat_id=carseat9_.seat_id inner join employee employee10_ on car7_.employee_id=employee10_.employee_id inner join plateprovince province11_ on car7_.province_id=province11_.province_id inner join renttype renttype12_ on rentcar1_.renttype_id=renttype12_.renttype_id where rent0_.employee_employee_id=?
Hibernate: select registype0_.regis_type_id as regis_ty1_23_0_, registype0_.type as type2_23_0_, cus1_.regis_type_regis_type_id as regis_ty1_24_1_, customer2_.customer_id as cus_cust2_24_1_, customer2_.customer_id as customer1_5_2_, customer2_.address as address2_5_2_, customer2_.age as age3_5_2_, customer2_.card_num as card_num4_5_2_, customer2_.employee as employee8_5_2_, customer2_.date as date5_5_2_, customer2_.name as name6_5_2_, customer2_.tel as tel7_5_2_, customer2_.registype as registyp9_5_2_, customer2_.job as job10_5_2_, employee3_.employee_id as employee1_6_3_, employee3_.name as name2_6_3_, employee3_.password as password3_6_3_, employee3_.username as username4_6_3_, registype4_.regis_type_id as regis_ty1_23_4_, registype4_.type as type2_23_4_, job5_.job_id as job_id1_8_5_, job5_.job as job2_8_5_, cus6_.job_job_id as job_job_1_9_6_, customer7_.customer_id as cus_cust2_9_6_, customer7_.customer_id as customer1_5_7_, customer7_.address as address2_5_7_, customer7_.age as age3_5_7_, customer7_.card_num as card_num4_5_7_, customer7_.employee as employee8_5_7_, customer7_.date as date5_5_7_, customer7_.name as name6_5_7_, customer7_.tel as tel7_5_7_, customer7_.registype as registyp9_5_7_, customer7_.job as job10_5_7_ from resgistype registype0_ left outer join resgistype_cus cus1_ on registype0_.regis_type_id=cus1_.regis_type_regis_type_id left outer join customer customer2_ on cus1_.cus_customer_id=customer2_.customer_id left outer join employee employee3_ on customer2_.employee=employee3_.employee_id left outer join resgistype registype4_ on customer2_.registype=registype4_.regis_type_id left outer join job job5_ on customer2_.job=job5_.job_id left outer join job_cus cus6_ on job5_.job_id=cus6_.job_job_id left outer join customer customer7_ on cus6_.cus_customer_id=customer7_.customer_id where registype0_.regis_type_id=?
2020-02-09 19:51:07.255  INFO 94504 --- [    Test worker] o.s.t.c.transaction.TransactionContext   : Rolled back transaction for test: [DefaultTestContext@4374e3f7 testClass = CustomerTest, testInstance = com.cpe.backend.CustomerTest@34e916d7, testMethod = B6015107_testCard_NumMustNotBeNull@CustomerTest, testException = [null], mergedContextConfiguration = [MergedContextConfiguration@38620d5f testClass = CustomerTest, locations = '{}', classes = '{class com.cpe.backend.BackendApplication}', contextInitializerClasses = '[]', activeProfiles = '{}', propertySourceLocations = '{}', propertySourceProperties = '{org.springframework.boot.test.autoconfigure.orm.jpa.DataJpaTestContextBootstrapper=true}', contextCustomizers = set[org.springframework.boot.test.autoconfigure.OverrideAutoConfigurationContextCustomizerFactory$DisableAutoConfigurationContextCustomizer@7ef5e9d1, org.springframework.boot.test.autoconfigure.filter.TypeExcludeFiltersContextCustomizer@351584c0, org.springframework.boot.test.autoconfigure.properties.PropertyMappingContextCustomizer@5dc7d2ae, org.springframework.boot.test.autoconfigure.web.servlet.WebDriverContextCustomizerFactory$Customizer@1e10bd64, [ImportsContextCustomizer@5e0dbac9 key = [org.springframework.boot.autoconfigure.cache.CacheAutoConfiguration, org.springframework.boot.autoconfigure.data.jpa.JpaRepositoriesAutoConfiguration, org.springframework.boot.autoconfigure.flyway.FlywayAutoConfiguration, org.springframework.boot.autoconfigure.jdbc.DataSourceAutoConfiguration, org.springframework.boot.autoconfigure.jdbc.DataSourceTransactionManagerAutoConfiguration, org.springframework.boot.autoconfigure.jdbc.JdbcTemplateAutoConfiguration, org.springframework.boot.autoconfigure.liquibase.LiquibaseAutoConfiguration, org.springframework.boot.autoconfigure.orm.jpa.HibernateJpaAutoConfiguration, org.springframework.boot.autoconfigure.transaction.TransactionAutoConfiguration, org.springframework.boot.test.autoconfigure.jdbc.TestDatabaseAutoConfiguration, org.springframework.boot.test.autoconfigure.orm.jpa.TestEntityManagerAutoConfiguration]], org.springframework.boot.test.context.filter.ExcludeFilterContextCustomizer@3eeedba0, org.springframework.boot.test.json.DuplicateJsonObjectContextCustomizerFactory$DuplicateJsonObjectContextCustomizer@4c95ef13, org.springframework.boot.test.mock.mockito.MockitoContextCustomizer@0], contextLoader = 'org.springframework.boot.test.context.SpringBootContextLoader', parent = [null]], attributes = map[[empty]]]
]]></system-out>
  <system-err><![CDATA[]]></system-err>
</testsuite>
