<?xml version="1.0" encoding="UTF-8"?>
<testsuite name="com.cpe.backend.CarPlateTests" tests="5" skipped="0" failures="0" errors="0" timestamp="2020-02-24T18:59:34" hostname="DESKTOP-QOGQBCC" time="0.451">
  <properties/>
  <testcase name="b6000950_testPattrenPlateLetter()" classname="com.cpe.backend.CarPlateTests" time="0.084"/>
  <testcase name="b6000950_testPattrenPlateNumber()" classname="com.cpe.backend.CarPlateTests" time="0.052"/>
  <testcase name="b6000950_testPattrenPlatenotmacth()" classname="com.cpe.backend.CarPlateTests" time="0.094"/>
  <testcase name="b6000950_Testnotnull()" classname="com.cpe.backend.CarPlateTests" time="0.116"/>
  <testcase name="b6000950_TestBeOk()" classname="com.cpe.backend.CarPlateTests" time="0.092"/>
  <system-out><![CDATA[2020-02-25 01:59:34.497  INFO 7612 --- [    Test worker] b.t.a.o.j.DataJpaTestContextBootstrapper : Neither @ContextConfiguration nor @ContextHierarchy found for test class [com.cpe.backend.CarPlateTests], using SpringBootContextLoader
2020-02-25 01:59:34.500  INFO 7612 --- [    Test worker] o.s.t.c.support.AbstractContextLoader    : Could not detect default resource locations for test class [com.cpe.backend.CarPlateTests]: no resource found for suffixes {-context.xml, Context.groovy}.
2020-02-25 01:59:34.500  INFO 7612 --- [    Test worker] t.c.s.AnnotationConfigContextLoaderUtils : Could not detect default configuration classes for test class [com.cpe.backend.CarPlateTests]: CarPlateTests does not declare any static, non-private, non-final, nested classes annotated with @Configuration.
2020-02-25 01:59:34.518  INFO 7612 --- [    Test worker] .b.t.c.SpringBootTestContextBootstrapper : Found @SpringBootConfiguration com.cpe.backend.BackendApplication for test class com.cpe.backend.CarPlateTests
2020-02-25 01:59:34.519  INFO 7612 --- [    Test worker] b.t.a.o.j.DataJpaTestContextBootstrapper : Loaded default TestExecutionListener class names from location [META-INF/spring.factories]: [org.springframework.boot.test.autoconfigure.restdocs.RestDocsTestExecutionListener, org.springframework.boot.test.autoconfigure.web.client.MockRestServiceServerResetTestExecutionListener, org.springframework.boot.test.autoconfigure.web.servlet.MockMvcPrintOnlyOnFailureTestExecutionListener, org.springframework.boot.test.autoconfigure.web.servlet.WebDriverTestExecutionListener, org.springframework.boot.test.mock.mockito.MockitoTestExecutionListener, org.springframework.boot.test.mock.mockito.ResetMocksTestExecutionListener, org.springframework.test.context.web.ServletTestExecutionListener, org.springframework.test.context.support.DirtiesContextBeforeModesTestExecutionListener, org.springframework.test.context.support.DependencyInjectionTestExecutionListener, org.springframework.test.context.support.DirtiesContextTestExecutionListener, org.springframework.test.context.transaction.TransactionalTestExecutionListener, org.springframework.test.context.jdbc.SqlScriptsTestExecutionListener, org.springframework.test.context.event.EventPublishingTestExecutionListener]
2020-02-25 01:59:34.523  INFO 7612 --- [    Test worker] b.t.a.o.j.DataJpaTestContextBootstrapper : Using TestExecutionListeners: [org.springframework.test.context.web.ServletTestExecutionListener@666ae868, org.springframework.test.context.support.DirtiesContextBeforeModesTestExecutionListener@2874c1e2, org.springframework.boot.test.mock.mockito.MockitoTestExecutionListener@5dae327c, org.springframework.boot.test.autoconfigure.SpringBootDependencyInjectionTestExecutionListener@6471db30, org.springframework.test.context.support.DirtiesContextTestExecutionListener@5569567e, org.springframework.test.context.transaction.TransactionalTestExecutionListener@5b1cf6e0, org.springframework.test.context.jdbc.SqlScriptsTestExecutionListener@770d122d, org.springframework.test.context.event.EventPublishingTestExecutionListener@1d4fefa7, org.springframework.boot.test.autoconfigure.restdocs.RestDocsTestExecutionListener@28a80d6, org.springframework.boot.test.autoconfigure.web.client.MockRestServiceServerResetTestExecutionListener@3e9dcd91, org.springframework.boot.test.autoconfigure.web.servlet.MockMvcPrintOnlyOnFailureTestExecutionListener@211e2c15, org.springframework.boot.test.autoconfigure.web.servlet.WebDriverTestExecutionListener@43cecd46, org.springframework.boot.test.mock.mockito.ResetMocksTestExecutionListener@159469d9]
2020-02-25 01:59:34.549  INFO 7612 --- [    Test worker] o.s.t.c.transaction.TransactionContext   : Began transaction (1) for test context [DefaultTestContext@42b32fa9 testClass = CarPlateTests, testInstance = com.cpe.backend.CarPlateTests@64bccfc7, testMethod = b6000950_testPattrenPlateLetter@CarPlateTests, testException = [null], mergedContextConfiguration = [MergedContextConfiguration@328aaff1 testClass = CarPlateTests, locations = '{}', classes = '{class com.cpe.backend.BackendApplication}', contextInitializerClasses = '[]', activeProfiles = '{}', propertySourceLocations = '{}', propertySourceProperties = '{org.springframework.boot.test.autoconfigure.orm.jpa.DataJpaTestContextBootstrapper=true}', contextCustomizers = set[org.springframework.boot.test.autoconfigure.OverrideAutoConfigurationContextCustomizerFactory$DisableAutoConfigurationContextCustomizer@2a87392d, org.springframework.boot.test.autoconfigure.filter.TypeExcludeFiltersContextCustomizer@351584c0, org.springframework.boot.test.autoconfigure.properties.PropertyMappingContextCustomizer@c9ea1bae, org.springframework.boot.test.autoconfigure.web.servlet.WebDriverContextCustomizerFactory$Customizer@18b13b5f, [ImportsContextCustomizer@70bdbda1 key = [org.springframework.boot.autoconfigure.cache.CacheAutoConfiguration, org.springframework.boot.autoconfigure.data.jpa.JpaRepositoriesAutoConfiguration, org.springframework.boot.autoconfigure.flyway.FlywayAutoConfiguration, org.springframework.boot.autoconfigure.jdbc.DataSourceAutoConfiguration, org.springframework.boot.autoconfigure.jdbc.DataSourceTransactionManagerAutoConfiguration, org.springframework.boot.autoconfigure.jdbc.JdbcTemplateAutoConfiguration, org.springframework.boot.autoconfigure.liquibase.LiquibaseAutoConfiguration, org.springframework.boot.autoconfigure.orm.jpa.HibernateJpaAutoConfiguration, org.springframework.boot.autoconfigure.transaction.TransactionAutoConfiguration, org.springframework.boot.test.autoconfigure.jdbc.TestDatabaseAutoConfiguration, org.springframework.boot.test.autoconfigure.orm.jpa.TestEntityManagerAutoConfiguration]], org.springframework.boot.test.context.filter.ExcludeFilterContextCustomizer@413bcf7f, org.springframework.boot.test.json.DuplicateJsonObjectContextCustomizerFactory$DuplicateJsonObjectContextCustomizer@77ca21fd, org.springframework.boot.test.mock.mockito.MockitoContextCustomizer@0], contextLoader = 'org.springframework.boot.test.context.SpringBootContextLoader', parent = [null]], attributes = map[[empty]]]; transaction manager [org.springframework.orm.jpa.JpaTransactionManager@778de5f3]; rollback [true]
Hibernate: select brand0_.brand_id as brand_id1_0_0_, brand0_.brand as brand2_0_0_ from brand brand0_ where brand0_.brand_id=?
Hibernate: select car0_.brand_brand_id as brand_br1_1_0_, car0_.car_car_id as car_car_2_1_0_, car1_.car_id as car_id1_2_1_, car1_.brand_id as brand_id4_2_1_, car1_.seat_id as seat_id5_2_1_, car1_.employee_id as employee6_2_1_, car1_.plate as plate2_2_1_, car1_.province_id as province7_2_1_, car1_.vin as vin3_2_1_, brand2_.brand_id as brand_id1_0_2_, brand2_.brand as brand2_0_2_, carseat3_.seat_id as seat_id1_3_3_, carseat3_.carseat as carseat2_3_3_, employee4_.employee_id as employee1_6_4_, employee4_.name as name2_6_4_, employee4_.password as password3_6_4_, employee4_.username as username4_6_4_, province5_.province_id as province1_16_5_, province5_.province as province2_16_5_ from brand_car car0_ inner join car car1_ on car0_.car_car_id=car1_.car_id inner join brand brand2_ on car1_.brand_id=brand2_.brand_id inner join carseat carseat3_ on car1_.seat_id=carseat3_.seat_id inner join employee employee4_ on car1_.employee_id=employee4_.employee_id inner join plateprovince province5_ on car1_.province_id=province5_.province_id where car0_.brand_brand_id=?
Hibernate: select carseat0_.seat_id as seat_id1_3_0_, carseat0_.carseat as carseat2_3_0_ from carseat carseat0_ where carseat0_.seat_id=?
Hibernate: select car0_.carseat_seat_id as carseat_1_4_0_, car0_.car_car_id as car_car_2_4_0_, car1_.car_id as car_id1_2_1_, car1_.brand_id as brand_id4_2_1_, car1_.seat_id as seat_id5_2_1_, car1_.employee_id as employee6_2_1_, car1_.plate as plate2_2_1_, car1_.province_id as province7_2_1_, car1_.vin as vin3_2_1_, brand2_.brand_id as brand_id1_0_2_, brand2_.brand as brand2_0_2_, carseat3_.seat_id as seat_id1_3_3_, carseat3_.carseat as carseat2_3_3_, employee4_.employee_id as employee1_6_4_, employee4_.name as name2_6_4_, employee4_.password as password3_6_4_, employee4_.username as username4_6_4_, province5_.province_id as province1_16_5_, province5_.province as province2_16_5_ from carseat_car car0_ inner join car car1_ on car0_.car_car_id=car1_.car_id inner join brand brand2_ on car1_.brand_id=brand2_.brand_id inner join carseat carseat3_ on car1_.seat_id=carseat3_.seat_id inner join employee employee4_ on car1_.employee_id=employee4_.employee_id inner join plateprovince province5_ on car1_.province_id=province5_.province_id where car0_.carseat_seat_id=?
Hibernate: select province0_.province_id as province1_16_0_, province0_.province as province2_16_0_ from plateprovince province0_ where province0_.province_id=?
Hibernate: select car0_.province_province_id as province1_17_0_, car0_.car_car_id as car_car_2_17_0_, car1_.car_id as car_id1_2_1_, car1_.brand_id as brand_id4_2_1_, car1_.seat_id as seat_id5_2_1_, car1_.employee_id as employee6_2_1_, car1_.plate as plate2_2_1_, car1_.province_id as province7_2_1_, car1_.vin as vin3_2_1_, brand2_.brand_id as brand_id1_0_2_, brand2_.brand as brand2_0_2_, carseat3_.seat_id as seat_id1_3_3_, carseat3_.carseat as carseat2_3_3_, employee4_.employee_id as employee1_6_4_, employee4_.name as name2_6_4_, employee4_.password as password3_6_4_, employee4_.username as username4_6_4_, province5_.province_id as province1_16_5_, province5_.province as province2_16_5_ from plateprovince_car car0_ inner join car car1_ on car0_.car_car_id=car1_.car_id inner join brand brand2_ on car1_.brand_id=brand2_.brand_id inner join carseat carseat3_ on car1_.seat_id=carseat3_.seat_id inner join employee employee4_ on car1_.employee_id=employee4_.employee_id inner join plateprovince province5_ on car1_.province_id=province5_.province_id where car0_.province_province_id=?
Hibernate: select employee0_.employee_id as employee1_6_0_, employee0_.name as name2_6_0_, employee0_.password as password3_6_0_, employee0_.username as username4_6_0_ from employee employee0_ where employee0_.employee_id=?
Hibernate: select rent0_.employee_employee_id as employee1_7_0_, rent0_.rent_rent_car_id as rent_ren2_7_0_, rentcar1_.rent_car_id as rent_car1_18_1_, rentcar1_.employee_id as employee5_18_1_, rentcar1_.price as price2_18_1_, rentcar1_.rent_date as rent_dat3_18_1_, rentcar1_.customer_id as customer6_18_1_, rentcar1_.rentday as rentday4_18_1_, rentcar1_.car_id as car_id7_18_1_, rentcar1_.renttype_id as renttype8_18_1_, employee2_.employee_id as employee1_6_2_, employee2_.name as name2_6_2_, employee2_.password as password3_6_2_, employee2_.username as username4_6_2_, customer3_.customer_id as customer1_5_3_, customer3_.address as address2_5_3_, customer3_.age as age3_5_3_, customer3_.card_num as card_num4_5_3_, customer3_.employee as employee8_5_3_, customer3_.date as date5_5_3_, customer3_.name as name6_5_3_, customer3_.tel as tel7_5_3_, customer3_.registype as registyp9_5_3_, customer3_.job as job10_5_3_, employee4_.employee_id as employee1_6_4_, employee4_.name as name2_6_4_, employee4_.password as password3_6_4_, employee4_.username as username4_6_4_, registype5_.regis_type_id as regis_ty1_23_5_, registype5_.type as type2_23_5_, job6_.job_id as job_id1_8_6_, job6_.job as job2_8_6_, car7_.car_id as car_id1_2_7_, car7_.brand_id as brand_id4_2_7_, car7_.seat_id as seat_id5_2_7_, car7_.employee_id as employee6_2_7_, car7_.plate as plate2_2_7_, car7_.province_id as province7_2_7_, car7_.vin as vin3_2_7_, brand8_.brand_id as brand_id1_0_8_, brand8_.brand as brand2_0_8_, carseat9_.seat_id as seat_id1_3_9_, carseat9_.carseat as carseat2_3_9_, employee10_.employee_id as employee1_6_10_, employee10_.name as name2_6_10_, employee10_.password as password3_6_10_, employee10_.username as username4_6_10_, province11_.province_id as province1_16_11_, province11_.province as province2_16_11_, renttype12_.renttype_id as renttype1_19_12_, renttype12_.nametype as nametype2_19_12_, renttype12_.unitprice as unitpric3_19_12_ from employee_rent rent0_ inner join rent_car rentcar1_ on rent0_.rent_rent_car_id=rentcar1_.rent_car_id inner join employee employee2_ on rentcar1_.employee_id=employee2_.employee_id inner join customer customer3_ on rentcar1_.customer_id=customer3_.customer_id inner join employee employee4_ on customer3_.employee=employee4_.employee_id inner join resgistype registype5_ on customer3_.registype=registype5_.regis_type_id inner join job job6_ on customer3_.job=job6_.job_id inner join car car7_ on rentcar1_.car_id=car7_.car_id inner join brand brand8_ on car7_.brand_id=brand8_.brand_id inner join carseat carseat9_ on car7_.seat_id=carseat9_.seat_id inner join employee employee10_ on car7_.employee_id=employee10_.employee_id inner join plateprovince province11_ on car7_.province_id=province11_.province_id inner join renttype renttype12_ on rentcar1_.renttype_id=renttype12_.renttype_id where rent0_.employee_employee_id=?
2020-02-25 01:59:34.629  INFO 7612 --- [    Test worker] o.s.t.c.transaction.TransactionContext   : Rolled back transaction for test: [DefaultTestContext@42b32fa9 testClass = CarPlateTests, testInstance = com.cpe.backend.CarPlateTests@64bccfc7, testMethod = b6000950_testPattrenPlateLetter@CarPlateTests, testException = [null], mergedContextConfiguration = [MergedContextConfiguration@328aaff1 testClass = CarPlateTests, locations = '{}', classes = '{class com.cpe.backend.BackendApplication}', contextInitializerClasses = '[]', activeProfiles = '{}', propertySourceLocations = '{}', propertySourceProperties = '{org.springframework.boot.test.autoconfigure.orm.jpa.DataJpaTestContextBootstrapper=true}', contextCustomizers = set[org.springframework.boot.test.autoconfigure.OverrideAutoConfigurationContextCustomizerFactory$DisableAutoConfigurationContextCustomizer@2a87392d, org.springframework.boot.test.autoconfigure.filter.TypeExcludeFiltersContextCustomizer@351584c0, org.springframework.boot.test.autoconfigure.properties.PropertyMappingContextCustomizer@c9ea1bae, org.springframework.boot.test.autoconfigure.web.servlet.WebDriverContextCustomizerFactory$Customizer@18b13b5f, [ImportsContextCustomizer@70bdbda1 key = [org.springframework.boot.autoconfigure.cache.CacheAutoConfiguration, org.springframework.boot.autoconfigure.data.jpa.JpaRepositoriesAutoConfiguration, org.springframework.boot.autoconfigure.flyway.FlywayAutoConfiguration, org.springframework.boot.autoconfigure.jdbc.DataSourceAutoConfiguration, org.springframework.boot.autoconfigure.jdbc.DataSourceTransactionManagerAutoConfiguration, org.springframework.boot.autoconfigure.jdbc.JdbcTemplateAutoConfiguration, org.springframework.boot.autoconfigure.liquibase.LiquibaseAutoConfiguration, org.springframework.boot.autoconfigure.orm.jpa.HibernateJpaAutoConfiguration, org.springframework.boot.autoconfigure.transaction.TransactionAutoConfiguration, org.springframework.boot.test.autoconfigure.jdbc.TestDatabaseAutoConfiguration, org.springframework.boot.test.autoconfigure.orm.jpa.TestEntityManagerAutoConfiguration]], org.springframework.boot.test.context.filter.ExcludeFilterContextCustomizer@413bcf7f, org.springframework.boot.test.json.DuplicateJsonObjectContextCustomizerFactory$DuplicateJsonObjectContextCustomizer@77ca21fd, org.springframework.boot.test.mock.mockito.MockitoContextCustomizer@0], contextLoader = 'org.springframework.boot.test.context.SpringBootContextLoader', parent = [null]], attributes = map[[empty]]]
2020-02-25 01:59:34.637  INFO 7612 --- [    Test worker] o.s.t.c.transaction.TransactionContext   : Began transaction (1) for test context [DefaultTestContext@42b32fa9 testClass = CarPlateTests, testInstance = com.cpe.backend.CarPlateTests@33c87088, testMethod = b6000950_testPattrenPlateNumber@CarPlateTests, testException = [null], mergedContextConfiguration = [MergedContextConfiguration@328aaff1 testClass = CarPlateTests, locations = '{}', classes = '{class com.cpe.backend.BackendApplication}', contextInitializerClasses = '[]', activeProfiles = '{}', propertySourceLocations = '{}', propertySourceProperties = '{org.springframework.boot.test.autoconfigure.orm.jpa.DataJpaTestContextBootstrapper=true}', contextCustomizers = set[org.springframework.boot.test.autoconfigure.OverrideAutoConfigurationContextCustomizerFactory$DisableAutoConfigurationContextCustomizer@2a87392d, org.springframework.boot.test.autoconfigure.filter.TypeExcludeFiltersContextCustomizer@351584c0, org.springframework.boot.test.autoconfigure.properties.PropertyMappingContextCustomizer@c9ea1bae, org.springframework.boot.test.autoconfigure.web.servlet.WebDriverContextCustomizerFactory$Customizer@18b13b5f, [ImportsContextCustomizer@70bdbda1 key = [org.springframework.boot.autoconfigure.cache.CacheAutoConfiguration, org.springframework.boot.autoconfigure.data.jpa.JpaRepositoriesAutoConfiguration, org.springframework.boot.autoconfigure.flyway.FlywayAutoConfiguration, org.springframework.boot.autoconfigure.jdbc.DataSourceAutoConfiguration, org.springframework.boot.autoconfigure.jdbc.DataSourceTransactionManagerAutoConfiguration, org.springframework.boot.autoconfigure.jdbc.JdbcTemplateAutoConfiguration, org.springframework.boot.autoconfigure.liquibase.LiquibaseAutoConfiguration, org.springframework.boot.autoconfigure.orm.jpa.HibernateJpaAutoConfiguration, org.springframework.boot.autoconfigure.transaction.TransactionAutoConfiguration, org.springframework.boot.test.autoconfigure.jdbc.TestDatabaseAutoConfiguration, org.springframework.boot.test.autoconfigure.orm.jpa.TestEntityManagerAutoConfiguration]], org.springframework.boot.test.context.filter.ExcludeFilterContextCustomizer@413bcf7f, org.springframework.boot.test.json.DuplicateJsonObjectContextCustomizerFactory$DuplicateJsonObjectContextCustomizer@77ca21fd, org.springframework.boot.test.mock.mockito.MockitoContextCustomizer@0], contextLoader = 'org.springframework.boot.test.context.SpringBootContextLoader', parent = [null]], attributes = map[[empty]]]; transaction manager [org.springframework.orm.jpa.JpaTransactionManager@778de5f3]; rollback [true]
Hibernate: select brand0_.brand_id as brand_id1_0_0_, brand0_.brand as brand2_0_0_ from brand brand0_ where brand0_.brand_id=?
Hibernate: select car0_.brand_brand_id as brand_br1_1_0_, car0_.car_car_id as car_car_2_1_0_, car1_.car_id as car_id1_2_1_, car1_.brand_id as brand_id4_2_1_, car1_.seat_id as seat_id5_2_1_, car1_.employee_id as employee6_2_1_, car1_.plate as plate2_2_1_, car1_.province_id as province7_2_1_, car1_.vin as vin3_2_1_, brand2_.brand_id as brand_id1_0_2_, brand2_.brand as brand2_0_2_, carseat3_.seat_id as seat_id1_3_3_, carseat3_.carseat as carseat2_3_3_, employee4_.employee_id as employee1_6_4_, employee4_.name as name2_6_4_, employee4_.password as password3_6_4_, employee4_.username as username4_6_4_, province5_.province_id as province1_16_5_, province5_.province as province2_16_5_ from brand_car car0_ inner join car car1_ on car0_.car_car_id=car1_.car_id inner join brand brand2_ on car1_.brand_id=brand2_.brand_id inner join carseat carseat3_ on car1_.seat_id=carseat3_.seat_id inner join employee employee4_ on car1_.employee_id=employee4_.employee_id inner join plateprovince province5_ on car1_.province_id=province5_.province_id where car0_.brand_brand_id=?
Hibernate: select carseat0_.seat_id as seat_id1_3_0_, carseat0_.carseat as carseat2_3_0_ from carseat carseat0_ where carseat0_.seat_id=?
Hibernate: select car0_.carseat_seat_id as carseat_1_4_0_, car0_.car_car_id as car_car_2_4_0_, car1_.car_id as car_id1_2_1_, car1_.brand_id as brand_id4_2_1_, car1_.seat_id as seat_id5_2_1_, car1_.employee_id as employee6_2_1_, car1_.plate as plate2_2_1_, car1_.province_id as province7_2_1_, car1_.vin as vin3_2_1_, brand2_.brand_id as brand_id1_0_2_, brand2_.brand as brand2_0_2_, carseat3_.seat_id as seat_id1_3_3_, carseat3_.carseat as carseat2_3_3_, employee4_.employee_id as employee1_6_4_, employee4_.name as name2_6_4_, employee4_.password as password3_6_4_, employee4_.username as username4_6_4_, province5_.province_id as province1_16_5_, province5_.province as province2_16_5_ from carseat_car car0_ inner join car car1_ on car0_.car_car_id=car1_.car_id inner join brand brand2_ on car1_.brand_id=brand2_.brand_id inner join carseat carseat3_ on car1_.seat_id=carseat3_.seat_id inner join employee employee4_ on car1_.employee_id=employee4_.employee_id inner join plateprovince province5_ on car1_.province_id=province5_.province_id where car0_.carseat_seat_id=?
Hibernate: select province0_.province_id as province1_16_0_, province0_.province as province2_16_0_ from plateprovince province0_ where province0_.province_id=?
Hibernate: select car0_.province_province_id as province1_17_0_, car0_.car_car_id as car_car_2_17_0_, car1_.car_id as car_id1_2_1_, car1_.brand_id as brand_id4_2_1_, car1_.seat_id as seat_id5_2_1_, car1_.employee_id as employee6_2_1_, car1_.plate as plate2_2_1_, car1_.province_id as province7_2_1_, car1_.vin as vin3_2_1_, brand2_.brand_id as brand_id1_0_2_, brand2_.brand as brand2_0_2_, carseat3_.seat_id as seat_id1_3_3_, carseat3_.carseat as carseat2_3_3_, employee4_.employee_id as employee1_6_4_, employee4_.name as name2_6_4_, employee4_.password as password3_6_4_, employee4_.username as username4_6_4_, province5_.province_id as province1_16_5_, province5_.province as province2_16_5_ from plateprovince_car car0_ inner join car car1_ on car0_.car_car_id=car1_.car_id inner join brand brand2_ on car1_.brand_id=brand2_.brand_id inner join carseat carseat3_ on car1_.seat_id=carseat3_.seat_id inner join employee employee4_ on car1_.employee_id=employee4_.employee_id inner join plateprovince province5_ on car1_.province_id=province5_.province_id where car0_.province_province_id=?
Hibernate: select employee0_.employee_id as employee1_6_0_, employee0_.name as name2_6_0_, employee0_.password as password3_6_0_, employee0_.username as username4_6_0_ from employee employee0_ where employee0_.employee_id=?
Hibernate: select rent0_.employee_employee_id as employee1_7_0_, rent0_.rent_rent_car_id as rent_ren2_7_0_, rentcar1_.rent_car_id as rent_car1_18_1_, rentcar1_.employee_id as employee5_18_1_, rentcar1_.price as price2_18_1_, rentcar1_.rent_date as rent_dat3_18_1_, rentcar1_.customer_id as customer6_18_1_, rentcar1_.rentday as rentday4_18_1_, rentcar1_.car_id as car_id7_18_1_, rentcar1_.renttype_id as renttype8_18_1_, employee2_.employee_id as employee1_6_2_, employee2_.name as name2_6_2_, employee2_.password as password3_6_2_, employee2_.username as username4_6_2_, customer3_.customer_id as customer1_5_3_, customer3_.address as address2_5_3_, customer3_.age as age3_5_3_, customer3_.card_num as card_num4_5_3_, customer3_.employee as employee8_5_3_, customer3_.date as date5_5_3_, customer3_.name as name6_5_3_, customer3_.tel as tel7_5_3_, customer3_.registype as registyp9_5_3_, customer3_.job as job10_5_3_, employee4_.employee_id as employee1_6_4_, employee4_.name as name2_6_4_, employee4_.password as password3_6_4_, employee4_.username as username4_6_4_, registype5_.regis_type_id as regis_ty1_23_5_, registype5_.type as type2_23_5_, job6_.job_id as job_id1_8_6_, job6_.job as job2_8_6_, car7_.car_id as car_id1_2_7_, car7_.brand_id as brand_id4_2_7_, car7_.seat_id as seat_id5_2_7_, car7_.employee_id as employee6_2_7_, car7_.plate as plate2_2_7_, car7_.province_id as province7_2_7_, car7_.vin as vin3_2_7_, brand8_.brand_id as brand_id1_0_8_, brand8_.brand as brand2_0_8_, carseat9_.seat_id as seat_id1_3_9_, carseat9_.carseat as carseat2_3_9_, employee10_.employee_id as employee1_6_10_, employee10_.name as name2_6_10_, employee10_.password as password3_6_10_, employee10_.username as username4_6_10_, province11_.province_id as province1_16_11_, province11_.province as province2_16_11_, renttype12_.renttype_id as renttype1_19_12_, renttype12_.nametype as nametype2_19_12_, renttype12_.unitprice as unitpric3_19_12_ from employee_rent rent0_ inner join rent_car rentcar1_ on rent0_.rent_rent_car_id=rentcar1_.rent_car_id inner join employee employee2_ on rentcar1_.employee_id=employee2_.employee_id inner join customer customer3_ on rentcar1_.customer_id=customer3_.customer_id inner join employee employee4_ on customer3_.employee=employee4_.employee_id inner join resgistype registype5_ on customer3_.registype=registype5_.regis_type_id inner join job job6_ on customer3_.job=job6_.job_id inner join car car7_ on rentcar1_.car_id=car7_.car_id inner join brand brand8_ on car7_.brand_id=brand8_.brand_id inner join carseat carseat9_ on car7_.seat_id=carseat9_.seat_id inner join employee employee10_ on car7_.employee_id=employee10_.employee_id inner join plateprovince province11_ on car7_.province_id=province11_.province_id inner join renttype renttype12_ on rentcar1_.renttype_id=renttype12_.renttype_id where rent0_.employee_employee_id=?
2020-02-25 01:59:34.687  INFO 7612 --- [    Test worker] o.s.t.c.transaction.TransactionContext   : Rolled back transaction for test: [DefaultTestContext@42b32fa9 testClass = CarPlateTests, testInstance = com.cpe.backend.CarPlateTests@33c87088, testMethod = b6000950_testPattrenPlateNumber@CarPlateTests, testException = [null], mergedContextConfiguration = [MergedContextConfiguration@328aaff1 testClass = CarPlateTests, locations = '{}', classes = '{class com.cpe.backend.BackendApplication}', contextInitializerClasses = '[]', activeProfiles = '{}', propertySourceLocations = '{}', propertySourceProperties = '{org.springframework.boot.test.autoconfigure.orm.jpa.DataJpaTestContextBootstrapper=true}', contextCustomizers = set[org.springframework.boot.test.autoconfigure.OverrideAutoConfigurationContextCustomizerFactory$DisableAutoConfigurationContextCustomizer@2a87392d, org.springframework.boot.test.autoconfigure.filter.TypeExcludeFiltersContextCustomizer@351584c0, org.springframework.boot.test.autoconfigure.properties.PropertyMappingContextCustomizer@c9ea1bae, org.springframework.boot.test.autoconfigure.web.servlet.WebDriverContextCustomizerFactory$Customizer@18b13b5f, [ImportsContextCustomizer@70bdbda1 key = [org.springframework.boot.autoconfigure.cache.CacheAutoConfiguration, org.springframework.boot.autoconfigure.data.jpa.JpaRepositoriesAutoConfiguration, org.springframework.boot.autoconfigure.flyway.FlywayAutoConfiguration, org.springframework.boot.autoconfigure.jdbc.DataSourceAutoConfiguration, org.springframework.boot.autoconfigure.jdbc.DataSourceTransactionManagerAutoConfiguration, org.springframework.boot.autoconfigure.jdbc.JdbcTemplateAutoConfiguration, org.springframework.boot.autoconfigure.liquibase.LiquibaseAutoConfiguration, org.springframework.boot.autoconfigure.orm.jpa.HibernateJpaAutoConfiguration, org.springframework.boot.autoconfigure.transaction.TransactionAutoConfiguration, org.springframework.boot.test.autoconfigure.jdbc.TestDatabaseAutoConfiguration, org.springframework.boot.test.autoconfigure.orm.jpa.TestEntityManagerAutoConfiguration]], org.springframework.boot.test.context.filter.ExcludeFilterContextCustomizer@413bcf7f, org.springframework.boot.test.json.DuplicateJsonObjectContextCustomizerFactory$DuplicateJsonObjectContextCustomizer@77ca21fd, org.springframework.boot.test.mock.mockito.MockitoContextCustomizer@0], contextLoader = 'org.springframework.boot.test.context.SpringBootContextLoader', parent = [null]], attributes = map[[empty]]]
2020-02-25 01:59:34.692  INFO 7612 --- [    Test worker] o.s.t.c.transaction.TransactionContext   : Began transaction (1) for test context [DefaultTestContext@42b32fa9 testClass = CarPlateTests, testInstance = com.cpe.backend.CarPlateTests@2cd5ea, testMethod = b6000950_testPattrenPlatenotmacth@CarPlateTests, testException = [null], mergedContextConfiguration = [MergedContextConfiguration@328aaff1 testClass = CarPlateTests, locations = '{}', classes = '{class com.cpe.backend.BackendApplication}', contextInitializerClasses = '[]', activeProfiles = '{}', propertySourceLocations = '{}', propertySourceProperties = '{org.springframework.boot.test.autoconfigure.orm.jpa.DataJpaTestContextBootstrapper=true}', contextCustomizers = set[org.springframework.boot.test.autoconfigure.OverrideAutoConfigurationContextCustomizerFactory$DisableAutoConfigurationContextCustomizer@2a87392d, org.springframework.boot.test.autoconfigure.filter.TypeExcludeFiltersContextCustomizer@351584c0, org.springframework.boot.test.autoconfigure.properties.PropertyMappingContextCustomizer@c9ea1bae, org.springframework.boot.test.autoconfigure.web.servlet.WebDriverContextCustomizerFactory$Customizer@18b13b5f, [ImportsContextCustomizer@70bdbda1 key = [org.springframework.boot.autoconfigure.cache.CacheAutoConfiguration, org.springframework.boot.autoconfigure.data.jpa.JpaRepositoriesAutoConfiguration, org.springframework.boot.autoconfigure.flyway.FlywayAutoConfiguration, org.springframework.boot.autoconfigure.jdbc.DataSourceAutoConfiguration, org.springframework.boot.autoconfigure.jdbc.DataSourceTransactionManagerAutoConfiguration, org.springframework.boot.autoconfigure.jdbc.JdbcTemplateAutoConfiguration, org.springframework.boot.autoconfigure.liquibase.LiquibaseAutoConfiguration, org.springframework.boot.autoconfigure.orm.jpa.HibernateJpaAutoConfiguration, org.springframework.boot.autoconfigure.transaction.TransactionAutoConfiguration, org.springframework.boot.test.autoconfigure.jdbc.TestDatabaseAutoConfiguration, org.springframework.boot.test.autoconfigure.orm.jpa.TestEntityManagerAutoConfiguration]], org.springframework.boot.test.context.filter.ExcludeFilterContextCustomizer@413bcf7f, org.springframework.boot.test.json.DuplicateJsonObjectContextCustomizerFactory$DuplicateJsonObjectContextCustomizer@77ca21fd, org.springframework.boot.test.mock.mockito.MockitoContextCustomizer@0], contextLoader = 'org.springframework.boot.test.context.SpringBootContextLoader', parent = [null]], attributes = map[[empty]]]; transaction manager [org.springframework.orm.jpa.JpaTransactionManager@778de5f3]; rollback [true]
Hibernate: select brand0_.brand_id as brand_id1_0_0_, brand0_.brand as brand2_0_0_ from brand brand0_ where brand0_.brand_id=?
Hibernate: select car0_.brand_brand_id as brand_br1_1_0_, car0_.car_car_id as car_car_2_1_0_, car1_.car_id as car_id1_2_1_, car1_.brand_id as brand_id4_2_1_, car1_.seat_id as seat_id5_2_1_, car1_.employee_id as employee6_2_1_, car1_.plate as plate2_2_1_, car1_.province_id as province7_2_1_, car1_.vin as vin3_2_1_, brand2_.brand_id as brand_id1_0_2_, brand2_.brand as brand2_0_2_, carseat3_.seat_id as seat_id1_3_3_, carseat3_.carseat as carseat2_3_3_, employee4_.employee_id as employee1_6_4_, employee4_.name as name2_6_4_, employee4_.password as password3_6_4_, employee4_.username as username4_6_4_, province5_.province_id as province1_16_5_, province5_.province as province2_16_5_ from brand_car car0_ inner join car car1_ on car0_.car_car_id=car1_.car_id inner join brand brand2_ on car1_.brand_id=brand2_.brand_id inner join carseat carseat3_ on car1_.seat_id=carseat3_.seat_id inner join employee employee4_ on car1_.employee_id=employee4_.employee_id inner join plateprovince province5_ on car1_.province_id=province5_.province_id where car0_.brand_brand_id=?
Hibernate: select carseat0_.seat_id as seat_id1_3_0_, carseat0_.carseat as carseat2_3_0_ from carseat carseat0_ where carseat0_.seat_id=?
Hibernate: select car0_.carseat_seat_id as carseat_1_4_0_, car0_.car_car_id as car_car_2_4_0_, car1_.car_id as car_id1_2_1_, car1_.brand_id as brand_id4_2_1_, car1_.seat_id as seat_id5_2_1_, car1_.employee_id as employee6_2_1_, car1_.plate as plate2_2_1_, car1_.province_id as province7_2_1_, car1_.vin as vin3_2_1_, brand2_.brand_id as brand_id1_0_2_, brand2_.brand as brand2_0_2_, carseat3_.seat_id as seat_id1_3_3_, carseat3_.carseat as carseat2_3_3_, employee4_.employee_id as employee1_6_4_, employee4_.name as name2_6_4_, employee4_.password as password3_6_4_, employee4_.username as username4_6_4_, province5_.province_id as province1_16_5_, province5_.province as province2_16_5_ from carseat_car car0_ inner join car car1_ on car0_.car_car_id=car1_.car_id inner join brand brand2_ on car1_.brand_id=brand2_.brand_id inner join carseat carseat3_ on car1_.seat_id=carseat3_.seat_id inner join employee employee4_ on car1_.employee_id=employee4_.employee_id inner join plateprovince province5_ on car1_.province_id=province5_.province_id where car0_.carseat_seat_id=?
Hibernate: select province0_.province_id as province1_16_0_, province0_.province as province2_16_0_ from plateprovince province0_ where province0_.province_id=?
Hibernate: select car0_.province_province_id as province1_17_0_, car0_.car_car_id as car_car_2_17_0_, car1_.car_id as car_id1_2_1_, car1_.brand_id as brand_id4_2_1_, car1_.seat_id as seat_id5_2_1_, car1_.employee_id as employee6_2_1_, car1_.plate as plate2_2_1_, car1_.province_id as province7_2_1_, car1_.vin as vin3_2_1_, brand2_.brand_id as brand_id1_0_2_, brand2_.brand as brand2_0_2_, carseat3_.seat_id as seat_id1_3_3_, carseat3_.carseat as carseat2_3_3_, employee4_.employee_id as employee1_6_4_, employee4_.name as name2_6_4_, employee4_.password as password3_6_4_, employee4_.username as username4_6_4_, province5_.province_id as province1_16_5_, province5_.province as province2_16_5_ from plateprovince_car car0_ inner join car car1_ on car0_.car_car_id=car1_.car_id inner join brand brand2_ on car1_.brand_id=brand2_.brand_id inner join carseat carseat3_ on car1_.seat_id=carseat3_.seat_id inner join employee employee4_ on car1_.employee_id=employee4_.employee_id inner join plateprovince province5_ on car1_.province_id=province5_.province_id where car0_.province_province_id=?
Hibernate: select employee0_.employee_id as employee1_6_0_, employee0_.name as name2_6_0_, employee0_.password as password3_6_0_, employee0_.username as username4_6_0_ from employee employee0_ where employee0_.employee_id=?
Hibernate: select rent0_.employee_employee_id as employee1_7_0_, rent0_.rent_rent_car_id as rent_ren2_7_0_, rentcar1_.rent_car_id as rent_car1_18_1_, rentcar1_.employee_id as employee5_18_1_, rentcar1_.price as price2_18_1_, rentcar1_.rent_date as rent_dat3_18_1_, rentcar1_.customer_id as customer6_18_1_, rentcar1_.rentday as rentday4_18_1_, rentcar1_.car_id as car_id7_18_1_, rentcar1_.renttype_id as renttype8_18_1_, employee2_.employee_id as employee1_6_2_, employee2_.name as name2_6_2_, employee2_.password as password3_6_2_, employee2_.username as username4_6_2_, customer3_.customer_id as customer1_5_3_, customer3_.address as address2_5_3_, customer3_.age as age3_5_3_, customer3_.card_num as card_num4_5_3_, customer3_.employee as employee8_5_3_, customer3_.date as date5_5_3_, customer3_.name as name6_5_3_, customer3_.tel as tel7_5_3_, customer3_.registype as registyp9_5_3_, customer3_.job as job10_5_3_, employee4_.employee_id as employee1_6_4_, employee4_.name as name2_6_4_, employee4_.password as password3_6_4_, employee4_.username as username4_6_4_, registype5_.regis_type_id as regis_ty1_23_5_, registype5_.type as type2_23_5_, job6_.job_id as job_id1_8_6_, job6_.job as job2_8_6_, car7_.car_id as car_id1_2_7_, car7_.brand_id as brand_id4_2_7_, car7_.seat_id as seat_id5_2_7_, car7_.employee_id as employee6_2_7_, car7_.plate as plate2_2_7_, car7_.province_id as province7_2_7_, car7_.vin as vin3_2_7_, brand8_.brand_id as brand_id1_0_8_, brand8_.brand as brand2_0_8_, carseat9_.seat_id as seat_id1_3_9_, carseat9_.carseat as carseat2_3_9_, employee10_.employee_id as employee1_6_10_, employee10_.name as name2_6_10_, employee10_.password as password3_6_10_, employee10_.username as username4_6_10_, province11_.province_id as province1_16_11_, province11_.province as province2_16_11_, renttype12_.renttype_id as renttype1_19_12_, renttype12_.nametype as nametype2_19_12_, renttype12_.unitprice as unitpric3_19_12_ from employee_rent rent0_ inner join rent_car rentcar1_ on rent0_.rent_rent_car_id=rentcar1_.rent_car_id inner join employee employee2_ on rentcar1_.employee_id=employee2_.employee_id inner join customer customer3_ on rentcar1_.customer_id=customer3_.customer_id inner join employee employee4_ on customer3_.employee=employee4_.employee_id inner join resgistype registype5_ on customer3_.registype=registype5_.regis_type_id inner join job job6_ on customer3_.job=job6_.job_id inner join car car7_ on rentcar1_.car_id=car7_.car_id inner join brand brand8_ on car7_.brand_id=brand8_.brand_id inner join carseat carseat9_ on car7_.seat_id=carseat9_.seat_id inner join employee employee10_ on car7_.employee_id=employee10_.employee_id inner join plateprovince province11_ on car7_.province_id=province11_.province_id inner join renttype renttype12_ on rentcar1_.renttype_id=renttype12_.renttype_id where rent0_.employee_employee_id=?
2020-02-25 01:59:34.783  INFO 7612 --- [    Test worker] o.s.t.c.transaction.TransactionContext   : Rolled back transaction for test: [DefaultTestContext@42b32fa9 testClass = CarPlateTests, testInstance = com.cpe.backend.CarPlateTests@2cd5ea, testMethod = b6000950_testPattrenPlatenotmacth@CarPlateTests, testException = [null], mergedContextConfiguration = [MergedContextConfiguration@328aaff1 testClass = CarPlateTests, locations = '{}', classes = '{class com.cpe.backend.BackendApplication}', contextInitializerClasses = '[]', activeProfiles = '{}', propertySourceLocations = '{}', propertySourceProperties = '{org.springframework.boot.test.autoconfigure.orm.jpa.DataJpaTestContextBootstrapper=true}', contextCustomizers = set[org.springframework.boot.test.autoconfigure.OverrideAutoConfigurationContextCustomizerFactory$DisableAutoConfigurationContextCustomizer@2a87392d, org.springframework.boot.test.autoconfigure.filter.TypeExcludeFiltersContextCustomizer@351584c0, org.springframework.boot.test.autoconfigure.properties.PropertyMappingContextCustomizer@c9ea1bae, org.springframework.boot.test.autoconfigure.web.servlet.WebDriverContextCustomizerFactory$Customizer@18b13b5f, [ImportsContextCustomizer@70bdbda1 key = [org.springframework.boot.autoconfigure.cache.CacheAutoConfiguration, org.springframework.boot.autoconfigure.data.jpa.JpaRepositoriesAutoConfiguration, org.springframework.boot.autoconfigure.flyway.FlywayAutoConfiguration, org.springframework.boot.autoconfigure.jdbc.DataSourceAutoConfiguration, org.springframework.boot.autoconfigure.jdbc.DataSourceTransactionManagerAutoConfiguration, org.springframework.boot.autoconfigure.jdbc.JdbcTemplateAutoConfiguration, org.springframework.boot.autoconfigure.liquibase.LiquibaseAutoConfiguration, org.springframework.boot.autoconfigure.orm.jpa.HibernateJpaAutoConfiguration, org.springframework.boot.autoconfigure.transaction.TransactionAutoConfiguration, org.springframework.boot.test.autoconfigure.jdbc.TestDatabaseAutoConfiguration, org.springframework.boot.test.autoconfigure.orm.jpa.TestEntityManagerAutoConfiguration]], org.springframework.boot.test.context.filter.ExcludeFilterContextCustomizer@413bcf7f, org.springframework.boot.test.json.DuplicateJsonObjectContextCustomizerFactory$DuplicateJsonObjectContextCustomizer@77ca21fd, org.springframework.boot.test.mock.mockito.MockitoContextCustomizer@0], contextLoader = 'org.springframework.boot.test.context.SpringBootContextLoader', parent = [null]], attributes = map[[empty]]]
2020-02-25 01:59:34.789  INFO 7612 --- [    Test worker] o.s.t.c.transaction.TransactionContext   : Began transaction (1) for test context [DefaultTestContext@42b32fa9 testClass = CarPlateTests, testInstance = com.cpe.backend.CarPlateTests@2b9ca3a8, testMethod = b6000950_Testnotnull@CarPlateTests, testException = [null], mergedContextConfiguration = [MergedContextConfiguration@328aaff1 testClass = CarPlateTests, locations = '{}', classes = '{class com.cpe.backend.BackendApplication}', contextInitializerClasses = '[]', activeProfiles = '{}', propertySourceLocations = '{}', propertySourceProperties = '{org.springframework.boot.test.autoconfigure.orm.jpa.DataJpaTestContextBootstrapper=true}', contextCustomizers = set[org.springframework.boot.test.autoconfigure.OverrideAutoConfigurationContextCustomizerFactory$DisableAutoConfigurationContextCustomizer@2a87392d, org.springframework.boot.test.autoconfigure.filter.TypeExcludeFiltersContextCustomizer@351584c0, org.springframework.boot.test.autoconfigure.properties.PropertyMappingContextCustomizer@c9ea1bae, org.springframework.boot.test.autoconfigure.web.servlet.WebDriverContextCustomizerFactory$Customizer@18b13b5f, [ImportsContextCustomizer@70bdbda1 key = [org.springframework.boot.autoconfigure.cache.CacheAutoConfiguration, org.springframework.boot.autoconfigure.data.jpa.JpaRepositoriesAutoConfiguration, org.springframework.boot.autoconfigure.flyway.FlywayAutoConfiguration, org.springframework.boot.autoconfigure.jdbc.DataSourceAutoConfiguration, org.springframework.boot.autoconfigure.jdbc.DataSourceTransactionManagerAutoConfiguration, org.springframework.boot.autoconfigure.jdbc.JdbcTemplateAutoConfiguration, org.springframework.boot.autoconfigure.liquibase.LiquibaseAutoConfiguration, org.springframework.boot.autoconfigure.orm.jpa.HibernateJpaAutoConfiguration, org.springframework.boot.autoconfigure.transaction.TransactionAutoConfiguration, org.springframework.boot.test.autoconfigure.jdbc.TestDatabaseAutoConfiguration, org.springframework.boot.test.autoconfigure.orm.jpa.TestEntityManagerAutoConfiguration]], org.springframework.boot.test.context.filter.ExcludeFilterContextCustomizer@413bcf7f, org.springframework.boot.test.json.DuplicateJsonObjectContextCustomizerFactory$DuplicateJsonObjectContextCustomizer@77ca21fd, org.springframework.boot.test.mock.mockito.MockitoContextCustomizer@0], contextLoader = 'org.springframework.boot.test.context.SpringBootContextLoader', parent = [null]], attributes = map[[empty]]]; transaction manager [org.springframework.orm.jpa.JpaTransactionManager@778de5f3]; rollback [true]
Hibernate: select brand0_.brand_id as brand_id1_0_0_, brand0_.brand as brand2_0_0_ from brand brand0_ where brand0_.brand_id=?
Hibernate: select car0_.brand_brand_id as brand_br1_1_0_, car0_.car_car_id as car_car_2_1_0_, car1_.car_id as car_id1_2_1_, car1_.brand_id as brand_id4_2_1_, car1_.seat_id as seat_id5_2_1_, car1_.employee_id as employee6_2_1_, car1_.plate as plate2_2_1_, car1_.province_id as province7_2_1_, car1_.vin as vin3_2_1_, brand2_.brand_id as brand_id1_0_2_, brand2_.brand as brand2_0_2_, carseat3_.seat_id as seat_id1_3_3_, carseat3_.carseat as carseat2_3_3_, employee4_.employee_id as employee1_6_4_, employee4_.name as name2_6_4_, employee4_.password as password3_6_4_, employee4_.username as username4_6_4_, province5_.province_id as province1_16_5_, province5_.province as province2_16_5_ from brand_car car0_ inner join car car1_ on car0_.car_car_id=car1_.car_id inner join brand brand2_ on car1_.brand_id=brand2_.brand_id inner join carseat carseat3_ on car1_.seat_id=carseat3_.seat_id inner join employee employee4_ on car1_.employee_id=employee4_.employee_id inner join plateprovince province5_ on car1_.province_id=province5_.province_id where car0_.brand_brand_id=?
Hibernate: select carseat0_.seat_id as seat_id1_3_0_, carseat0_.carseat as carseat2_3_0_ from carseat carseat0_ where carseat0_.seat_id=?
Hibernate: select car0_.carseat_seat_id as carseat_1_4_0_, car0_.car_car_id as car_car_2_4_0_, car1_.car_id as car_id1_2_1_, car1_.brand_id as brand_id4_2_1_, car1_.seat_id as seat_id5_2_1_, car1_.employee_id as employee6_2_1_, car1_.plate as plate2_2_1_, car1_.province_id as province7_2_1_, car1_.vin as vin3_2_1_, brand2_.brand_id as brand_id1_0_2_, brand2_.brand as brand2_0_2_, carseat3_.seat_id as seat_id1_3_3_, carseat3_.carseat as carseat2_3_3_, employee4_.employee_id as employee1_6_4_, employee4_.name as name2_6_4_, employee4_.password as password3_6_4_, employee4_.username as username4_6_4_, province5_.province_id as province1_16_5_, province5_.province as province2_16_5_ from carseat_car car0_ inner join car car1_ on car0_.car_car_id=car1_.car_id inner join brand brand2_ on car1_.brand_id=brand2_.brand_id inner join carseat carseat3_ on car1_.seat_id=carseat3_.seat_id inner join employee employee4_ on car1_.employee_id=employee4_.employee_id inner join plateprovince province5_ on car1_.province_id=province5_.province_id where car0_.carseat_seat_id=?
Hibernate: select province0_.province_id as province1_16_0_, province0_.province as province2_16_0_ from plateprovince province0_ where province0_.province_id=?
Hibernate: select car0_.province_province_id as province1_17_0_, car0_.car_car_id as car_car_2_17_0_, car1_.car_id as car_id1_2_1_, car1_.brand_id as brand_id4_2_1_, car1_.seat_id as seat_id5_2_1_, car1_.employee_id as employee6_2_1_, car1_.plate as plate2_2_1_, car1_.province_id as province7_2_1_, car1_.vin as vin3_2_1_, brand2_.brand_id as brand_id1_0_2_, brand2_.brand as brand2_0_2_, carseat3_.seat_id as seat_id1_3_3_, carseat3_.carseat as carseat2_3_3_, employee4_.employee_id as employee1_6_4_, employee4_.name as name2_6_4_, employee4_.password as password3_6_4_, employee4_.username as username4_6_4_, province5_.province_id as province1_16_5_, province5_.province as province2_16_5_ from plateprovince_car car0_ inner join car car1_ on car0_.car_car_id=car1_.car_id inner join brand brand2_ on car1_.brand_id=brand2_.brand_id inner join carseat carseat3_ on car1_.seat_id=carseat3_.seat_id inner join employee employee4_ on car1_.employee_id=employee4_.employee_id inner join plateprovince province5_ on car1_.province_id=province5_.province_id where car0_.province_province_id=?
Hibernate: select employee0_.employee_id as employee1_6_0_, employee0_.name as name2_6_0_, employee0_.password as password3_6_0_, employee0_.username as username4_6_0_ from employee employee0_ where employee0_.employee_id=?
Hibernate: select rent0_.employee_employee_id as employee1_7_0_, rent0_.rent_rent_car_id as rent_ren2_7_0_, rentcar1_.rent_car_id as rent_car1_18_1_, rentcar1_.employee_id as employee5_18_1_, rentcar1_.price as price2_18_1_, rentcar1_.rent_date as rent_dat3_18_1_, rentcar1_.customer_id as customer6_18_1_, rentcar1_.rentday as rentday4_18_1_, rentcar1_.car_id as car_id7_18_1_, rentcar1_.renttype_id as renttype8_18_1_, employee2_.employee_id as employee1_6_2_, employee2_.name as name2_6_2_, employee2_.password as password3_6_2_, employee2_.username as username4_6_2_, customer3_.customer_id as customer1_5_3_, customer3_.address as address2_5_3_, customer3_.age as age3_5_3_, customer3_.card_num as card_num4_5_3_, customer3_.employee as employee8_5_3_, customer3_.date as date5_5_3_, customer3_.name as name6_5_3_, customer3_.tel as tel7_5_3_, customer3_.registype as registyp9_5_3_, customer3_.job as job10_5_3_, employee4_.employee_id as employee1_6_4_, employee4_.name as name2_6_4_, employee4_.password as password3_6_4_, employee4_.username as username4_6_4_, registype5_.regis_type_id as regis_ty1_23_5_, registype5_.type as type2_23_5_, job6_.job_id as job_id1_8_6_, job6_.job as job2_8_6_, car7_.car_id as car_id1_2_7_, car7_.brand_id as brand_id4_2_7_, car7_.seat_id as seat_id5_2_7_, car7_.employee_id as employee6_2_7_, car7_.plate as plate2_2_7_, car7_.province_id as province7_2_7_, car7_.vin as vin3_2_7_, brand8_.brand_id as brand_id1_0_8_, brand8_.brand as brand2_0_8_, carseat9_.seat_id as seat_id1_3_9_, carseat9_.carseat as carseat2_3_9_, employee10_.employee_id as employee1_6_10_, employee10_.name as name2_6_10_, employee10_.password as password3_6_10_, employee10_.username as username4_6_10_, province11_.province_id as province1_16_11_, province11_.province as province2_16_11_, renttype12_.renttype_id as renttype1_19_12_, renttype12_.nametype as nametype2_19_12_, renttype12_.unitprice as unitpric3_19_12_ from employee_rent rent0_ inner join rent_car rentcar1_ on rent0_.rent_rent_car_id=rentcar1_.rent_car_id inner join employee employee2_ on rentcar1_.employee_id=employee2_.employee_id inner join customer customer3_ on rentcar1_.customer_id=customer3_.customer_id inner join employee employee4_ on customer3_.employee=employee4_.employee_id inner join resgistype registype5_ on customer3_.registype=registype5_.regis_type_id inner join job job6_ on customer3_.job=job6_.job_id inner join car car7_ on rentcar1_.car_id=car7_.car_id inner join brand brand8_ on car7_.brand_id=brand8_.brand_id inner join carseat carseat9_ on car7_.seat_id=carseat9_.seat_id inner join employee employee10_ on car7_.employee_id=employee10_.employee_id inner join plateprovince province11_ on car7_.province_id=province11_.province_id inner join renttype renttype12_ on rentcar1_.renttype_id=renttype12_.renttype_id where rent0_.employee_employee_id=?
2020-02-25 01:59:34.901  INFO 7612 --- [    Test worker] o.s.t.c.transaction.TransactionContext   : Rolled back transaction for test: [DefaultTestContext@42b32fa9 testClass = CarPlateTests, testInstance = com.cpe.backend.CarPlateTests@2b9ca3a8, testMethod = b6000950_Testnotnull@CarPlateTests, testException = [null], mergedContextConfiguration = [MergedContextConfiguration@328aaff1 testClass = CarPlateTests, locations = '{}', classes = '{class com.cpe.backend.BackendApplication}', contextInitializerClasses = '[]', activeProfiles = '{}', propertySourceLocations = '{}', propertySourceProperties = '{org.springframework.boot.test.autoconfigure.orm.jpa.DataJpaTestContextBootstrapper=true}', contextCustomizers = set[org.springframework.boot.test.autoconfigure.OverrideAutoConfigurationContextCustomizerFactory$DisableAutoConfigurationContextCustomizer@2a87392d, org.springframework.boot.test.autoconfigure.filter.TypeExcludeFiltersContextCustomizer@351584c0, org.springframework.boot.test.autoconfigure.properties.PropertyMappingContextCustomizer@c9ea1bae, org.springframework.boot.test.autoconfigure.web.servlet.WebDriverContextCustomizerFactory$Customizer@18b13b5f, [ImportsContextCustomizer@70bdbda1 key = [org.springframework.boot.autoconfigure.cache.CacheAutoConfiguration, org.springframework.boot.autoconfigure.data.jpa.JpaRepositoriesAutoConfiguration, org.springframework.boot.autoconfigure.flyway.FlywayAutoConfiguration, org.springframework.boot.autoconfigure.jdbc.DataSourceAutoConfiguration, org.springframework.boot.autoconfigure.jdbc.DataSourceTransactionManagerAutoConfiguration, org.springframework.boot.autoconfigure.jdbc.JdbcTemplateAutoConfiguration, org.springframework.boot.autoconfigure.liquibase.LiquibaseAutoConfiguration, org.springframework.boot.autoconfigure.orm.jpa.HibernateJpaAutoConfiguration, org.springframework.boot.autoconfigure.transaction.TransactionAutoConfiguration, org.springframework.boot.test.autoconfigure.jdbc.TestDatabaseAutoConfiguration, org.springframework.boot.test.autoconfigure.orm.jpa.TestEntityManagerAutoConfiguration]], org.springframework.boot.test.context.filter.ExcludeFilterContextCustomizer@413bcf7f, org.springframework.boot.test.json.DuplicateJsonObjectContextCustomizerFactory$DuplicateJsonObjectContextCustomizer@77ca21fd, org.springframework.boot.test.mock.mockito.MockitoContextCustomizer@0], contextLoader = 'org.springframework.boot.test.context.SpringBootContextLoader', parent = [null]], attributes = map[[empty]]]
2020-02-25 01:59:34.908  INFO 7612 --- [    Test worker] o.s.t.c.transaction.TransactionContext   : Began transaction (1) for test context [DefaultTestContext@42b32fa9 testClass = CarPlateTests, testInstance = com.cpe.backend.CarPlateTests@18d960fc, testMethod = b6000950_TestBeOk@CarPlateTests, testException = [null], mergedContextConfiguration = [MergedContextConfiguration@328aaff1 testClass = CarPlateTests, locations = '{}', classes = '{class com.cpe.backend.BackendApplication}', contextInitializerClasses = '[]', activeProfiles = '{}', propertySourceLocations = '{}', propertySourceProperties = '{org.springframework.boot.test.autoconfigure.orm.jpa.DataJpaTestContextBootstrapper=true}', contextCustomizers = set[org.springframework.boot.test.autoconfigure.OverrideAutoConfigurationContextCustomizerFactory$DisableAutoConfigurationContextCustomizer@2a87392d, org.springframework.boot.test.autoconfigure.filter.TypeExcludeFiltersContextCustomizer@351584c0, org.springframework.boot.test.autoconfigure.properties.PropertyMappingContextCustomizer@c9ea1bae, org.springframework.boot.test.autoconfigure.web.servlet.WebDriverContextCustomizerFactory$Customizer@18b13b5f, [ImportsContextCustomizer@70bdbda1 key = [org.springframework.boot.autoconfigure.cache.CacheAutoConfiguration, org.springframework.boot.autoconfigure.data.jpa.JpaRepositoriesAutoConfiguration, org.springframework.boot.autoconfigure.flyway.FlywayAutoConfiguration, org.springframework.boot.autoconfigure.jdbc.DataSourceAutoConfiguration, org.springframework.boot.autoconfigure.jdbc.DataSourceTransactionManagerAutoConfiguration, org.springframework.boot.autoconfigure.jdbc.JdbcTemplateAutoConfiguration, org.springframework.boot.autoconfigure.liquibase.LiquibaseAutoConfiguration, org.springframework.boot.autoconfigure.orm.jpa.HibernateJpaAutoConfiguration, org.springframework.boot.autoconfigure.transaction.TransactionAutoConfiguration, org.springframework.boot.test.autoconfigure.jdbc.TestDatabaseAutoConfiguration, org.springframework.boot.test.autoconfigure.orm.jpa.TestEntityManagerAutoConfiguration]], org.springframework.boot.test.context.filter.ExcludeFilterContextCustomizer@413bcf7f, org.springframework.boot.test.json.DuplicateJsonObjectContextCustomizerFactory$DuplicateJsonObjectContextCustomizer@77ca21fd, org.springframework.boot.test.mock.mockito.MockitoContextCustomizer@0], contextLoader = 'org.springframework.boot.test.context.SpringBootContextLoader', parent = [null]], attributes = map[[empty]]]; transaction manager [org.springframework.orm.jpa.JpaTransactionManager@778de5f3]; rollback [true]
Hibernate: select brand0_.brand_id as brand_id1_0_0_, brand0_.brand as brand2_0_0_ from brand brand0_ where brand0_.brand_id=?
Hibernate: select car0_.brand_brand_id as brand_br1_1_0_, car0_.car_car_id as car_car_2_1_0_, car1_.car_id as car_id1_2_1_, car1_.brand_id as brand_id4_2_1_, car1_.seat_id as seat_id5_2_1_, car1_.employee_id as employee6_2_1_, car1_.plate as plate2_2_1_, car1_.province_id as province7_2_1_, car1_.vin as vin3_2_1_, brand2_.brand_id as brand_id1_0_2_, brand2_.brand as brand2_0_2_, carseat3_.seat_id as seat_id1_3_3_, carseat3_.carseat as carseat2_3_3_, employee4_.employee_id as employee1_6_4_, employee4_.name as name2_6_4_, employee4_.password as password3_6_4_, employee4_.username as username4_6_4_, province5_.province_id as province1_16_5_, province5_.province as province2_16_5_ from brand_car car0_ inner join car car1_ on car0_.car_car_id=car1_.car_id inner join brand brand2_ on car1_.brand_id=brand2_.brand_id inner join carseat carseat3_ on car1_.seat_id=carseat3_.seat_id inner join employee employee4_ on car1_.employee_id=employee4_.employee_id inner join plateprovince province5_ on car1_.province_id=province5_.province_id where car0_.brand_brand_id=?
Hibernate: select carseat0_.seat_id as seat_id1_3_0_, carseat0_.carseat as carseat2_3_0_ from carseat carseat0_ where carseat0_.seat_id=?
Hibernate: select car0_.carseat_seat_id as carseat_1_4_0_, car0_.car_car_id as car_car_2_4_0_, car1_.car_id as car_id1_2_1_, car1_.brand_id as brand_id4_2_1_, car1_.seat_id as seat_id5_2_1_, car1_.employee_id as employee6_2_1_, car1_.plate as plate2_2_1_, car1_.province_id as province7_2_1_, car1_.vin as vin3_2_1_, brand2_.brand_id as brand_id1_0_2_, brand2_.brand as brand2_0_2_, carseat3_.seat_id as seat_id1_3_3_, carseat3_.carseat as carseat2_3_3_, employee4_.employee_id as employee1_6_4_, employee4_.name as name2_6_4_, employee4_.password as password3_6_4_, employee4_.username as username4_6_4_, province5_.province_id as province1_16_5_, province5_.province as province2_16_5_ from carseat_car car0_ inner join car car1_ on car0_.car_car_id=car1_.car_id inner join brand brand2_ on car1_.brand_id=brand2_.brand_id inner join carseat carseat3_ on car1_.seat_id=carseat3_.seat_id inner join employee employee4_ on car1_.employee_id=employee4_.employee_id inner join plateprovince province5_ on car1_.province_id=province5_.province_id where car0_.carseat_seat_id=?
Hibernate: select province0_.province_id as province1_16_0_, province0_.province as province2_16_0_ from plateprovince province0_ where province0_.province_id=?
Hibernate: select car0_.province_province_id as province1_17_0_, car0_.car_car_id as car_car_2_17_0_, car1_.car_id as car_id1_2_1_, car1_.brand_id as brand_id4_2_1_, car1_.seat_id as seat_id5_2_1_, car1_.employee_id as employee6_2_1_, car1_.plate as plate2_2_1_, car1_.province_id as province7_2_1_, car1_.vin as vin3_2_1_, brand2_.brand_id as brand_id1_0_2_, brand2_.brand as brand2_0_2_, carseat3_.seat_id as seat_id1_3_3_, carseat3_.carseat as carseat2_3_3_, employee4_.employee_id as employee1_6_4_, employee4_.name as name2_6_4_, employee4_.password as password3_6_4_, employee4_.username as username4_6_4_, province5_.province_id as province1_16_5_, province5_.province as province2_16_5_ from plateprovince_car car0_ inner join car car1_ on car0_.car_car_id=car1_.car_id inner join brand brand2_ on car1_.brand_id=brand2_.brand_id inner join carseat carseat3_ on car1_.seat_id=carseat3_.seat_id inner join employee employee4_ on car1_.employee_id=employee4_.employee_id inner join plateprovince province5_ on car1_.province_id=province5_.province_id where car0_.province_province_id=?
Hibernate: select employee0_.employee_id as employee1_6_0_, employee0_.name as name2_6_0_, employee0_.password as password3_6_0_, employee0_.username as username4_6_0_ from employee employee0_ where employee0_.employee_id=?
Hibernate: select rent0_.employee_employee_id as employee1_7_0_, rent0_.rent_rent_car_id as rent_ren2_7_0_, rentcar1_.rent_car_id as rent_car1_18_1_, rentcar1_.employee_id as employee5_18_1_, rentcar1_.price as price2_18_1_, rentcar1_.rent_date as rent_dat3_18_1_, rentcar1_.customer_id as customer6_18_1_, rentcar1_.rentday as rentday4_18_1_, rentcar1_.car_id as car_id7_18_1_, rentcar1_.renttype_id as renttype8_18_1_, employee2_.employee_id as employee1_6_2_, employee2_.name as name2_6_2_, employee2_.password as password3_6_2_, employee2_.username as username4_6_2_, customer3_.customer_id as customer1_5_3_, customer3_.address as address2_5_3_, customer3_.age as age3_5_3_, customer3_.card_num as card_num4_5_3_, customer3_.employee as employee8_5_3_, customer3_.date as date5_5_3_, customer3_.name as name6_5_3_, customer3_.tel as tel7_5_3_, customer3_.registype as registyp9_5_3_, customer3_.job as job10_5_3_, employee4_.employee_id as employee1_6_4_, employee4_.name as name2_6_4_, employee4_.password as password3_6_4_, employee4_.username as username4_6_4_, registype5_.regis_type_id as regis_ty1_23_5_, registype5_.type as type2_23_5_, job6_.job_id as job_id1_8_6_, job6_.job as job2_8_6_, car7_.car_id as car_id1_2_7_, car7_.brand_id as brand_id4_2_7_, car7_.seat_id as seat_id5_2_7_, car7_.employee_id as employee6_2_7_, car7_.plate as plate2_2_7_, car7_.province_id as province7_2_7_, car7_.vin as vin3_2_7_, brand8_.brand_id as brand_id1_0_8_, brand8_.brand as brand2_0_8_, carseat9_.seat_id as seat_id1_3_9_, carseat9_.carseat as carseat2_3_9_, employee10_.employee_id as employee1_6_10_, employee10_.name as name2_6_10_, employee10_.password as password3_6_10_, employee10_.username as username4_6_10_, province11_.province_id as province1_16_11_, province11_.province as province2_16_11_, renttype12_.renttype_id as renttype1_19_12_, renttype12_.nametype as nametype2_19_12_, renttype12_.unitprice as unitpric3_19_12_ from employee_rent rent0_ inner join rent_car rentcar1_ on rent0_.rent_rent_car_id=rentcar1_.rent_car_id inner join employee employee2_ on rentcar1_.employee_id=employee2_.employee_id inner join customer customer3_ on rentcar1_.customer_id=customer3_.customer_id inner join employee employee4_ on customer3_.employee=employee4_.employee_id inner join resgistype registype5_ on customer3_.registype=registype5_.regis_type_id inner join job job6_ on customer3_.job=job6_.job_id inner join car car7_ on rentcar1_.car_id=car7_.car_id inner join brand brand8_ on car7_.brand_id=brand8_.brand_id inner join carseat carseat9_ on car7_.seat_id=carseat9_.seat_id inner join employee employee10_ on car7_.employee_id=employee10_.employee_id inner join plateprovince province11_ on car7_.province_id=province11_.province_id inner join renttype renttype12_ on rentcar1_.renttype_id=renttype12_.renttype_id where rent0_.employee_employee_id=?
Hibernate: insert into car (brand_id, seat_id, employee_id, plate, province_id, vin, car_id) values (?, ?, ?, ?, ?, ?, ?)
2020-02-25 01:59:34.996  INFO 7612 --- [    Test worker] o.s.t.c.transaction.TransactionContext   : Rolled back transaction for test: [DefaultTestContext@42b32fa9 testClass = CarPlateTests, testInstance = com.cpe.backend.CarPlateTests@18d960fc, testMethod = b6000950_TestBeOk@CarPlateTests, testException = [null], mergedContextConfiguration = [MergedContextConfiguration@328aaff1 testClass = CarPlateTests, locations = '{}', classes = '{class com.cpe.backend.BackendApplication}', contextInitializerClasses = '[]', activeProfiles = '{}', propertySourceLocations = '{}', propertySourceProperties = '{org.springframework.boot.test.autoconfigure.orm.jpa.DataJpaTestContextBootstrapper=true}', contextCustomizers = set[org.springframework.boot.test.autoconfigure.OverrideAutoConfigurationContextCustomizerFactory$DisableAutoConfigurationContextCustomizer@2a87392d, org.springframework.boot.test.autoconfigure.filter.TypeExcludeFiltersContextCustomizer@351584c0, org.springframework.boot.test.autoconfigure.properties.PropertyMappingContextCustomizer@c9ea1bae, org.springframework.boot.test.autoconfigure.web.servlet.WebDriverContextCustomizerFactory$Customizer@18b13b5f, [ImportsContextCustomizer@70bdbda1 key = [org.springframework.boot.autoconfigure.cache.CacheAutoConfiguration, org.springframework.boot.autoconfigure.data.jpa.JpaRepositoriesAutoConfiguration, org.springframework.boot.autoconfigure.flyway.FlywayAutoConfiguration, org.springframework.boot.autoconfigure.jdbc.DataSourceAutoConfiguration, org.springframework.boot.autoconfigure.jdbc.DataSourceTransactionManagerAutoConfiguration, org.springframework.boot.autoconfigure.jdbc.JdbcTemplateAutoConfiguration, org.springframework.boot.autoconfigure.liquibase.LiquibaseAutoConfiguration, org.springframework.boot.autoconfigure.orm.jpa.HibernateJpaAutoConfiguration, org.springframework.boot.autoconfigure.transaction.TransactionAutoConfiguration, org.springframework.boot.test.autoconfigure.jdbc.TestDatabaseAutoConfiguration, org.springframework.boot.test.autoconfigure.orm.jpa.TestEntityManagerAutoConfiguration]], org.springframework.boot.test.context.filter.ExcludeFilterContextCustomizer@413bcf7f, org.springframework.boot.test.json.DuplicateJsonObjectContextCustomizerFactory$DuplicateJsonObjectContextCustomizer@77ca21fd, org.springframework.boot.test.mock.mockito.MockitoContextCustomizer@0], contextLoader = 'org.springframework.boot.test.context.SpringBootContextLoader', parent = [null]], attributes = map[[empty]]]
]]></system-out>
  <system-err><![CDATA[]]></system-err>
</testsuite>
