<?xml version="1.0" encoding="UTF-8"?>
<testsuite name="com.cpe.backend.JobTest" tests="2" skipped="0" failures="0" errors="0" timestamp="2020-02-24T18:59:38" hostname="DESKTOP-QOGQBCC" time="0.076">
  <properties/>
  <testcase name="B6015107_testJobMustNotBeNull()" classname="com.cpe.backend.JobTest" time="0.018"/>
  <testcase name="B6015107_testJobBeOK()" classname="com.cpe.backend.JobTest" time="0.057"/>
  <system-out><![CDATA[2020-02-25 01:59:38.587  INFO 7612 --- [    Test worker] b.t.a.o.j.DataJpaTestContextBootstrapper : Neither @ContextConfiguration nor @ContextHierarchy found for test class [com.cpe.backend.JobTest], using SpringBootContextLoader
2020-02-25 01:59:38.588  INFO 7612 --- [    Test worker] o.s.t.c.support.AbstractContextLoader    : Could not detect default resource locations for test class [com.cpe.backend.JobTest]: no resource found for suffixes {-context.xml, Context.groovy}.
2020-02-25 01:59:38.588  INFO 7612 --- [    Test worker] t.c.s.AnnotationConfigContextLoaderUtils : Could not detect default configuration classes for test class [com.cpe.backend.JobTest]: JobTest does not declare any static, non-private, non-final, nested classes annotated with @Configuration.
2020-02-25 01:59:38.592  INFO 7612 --- [    Test worker] .b.t.c.SpringBootTestContextBootstrapper : Found @SpringBootConfiguration com.cpe.backend.BackendApplication for test class com.cpe.backend.JobTest
2020-02-25 01:59:38.592  INFO 7612 --- [    Test worker] b.t.a.o.j.DataJpaTestContextBootstrapper : Loaded default TestExecutionListener class names from location [META-INF/spring.factories]: [org.springframework.boot.test.autoconfigure.restdocs.RestDocsTestExecutionListener, org.springframework.boot.test.autoconfigure.web.client.MockRestServiceServerResetTestExecutionListener, org.springframework.boot.test.autoconfigure.web.servlet.MockMvcPrintOnlyOnFailureTestExecutionListener, org.springframework.boot.test.autoconfigure.web.servlet.WebDriverTestExecutionListener, org.springframework.boot.test.mock.mockito.MockitoTestExecutionListener, org.springframework.boot.test.mock.mockito.ResetMocksTestExecutionListener, org.springframework.test.context.web.ServletTestExecutionListener, org.springframework.test.context.support.DirtiesContextBeforeModesTestExecutionListener, org.springframework.test.context.support.DependencyInjectionTestExecutionListener, org.springframework.test.context.support.DirtiesContextTestExecutionListener, org.springframework.test.context.transaction.TransactionalTestExecutionListener, org.springframework.test.context.jdbc.SqlScriptsTestExecutionListener, org.springframework.test.context.event.EventPublishingTestExecutionListener]
2020-02-25 01:59:38.592  INFO 7612 --- [    Test worker] b.t.a.o.j.DataJpaTestContextBootstrapper : Using TestExecutionListeners: [org.springframework.test.context.web.ServletTestExecutionListener@17f6a7e9, org.springframework.test.context.support.DirtiesContextBeforeModesTestExecutionListener@59a20d77, org.springframework.boot.test.mock.mockito.MockitoTestExecutionListener@15e54de6, org.springframework.boot.test.autoconfigure.SpringBootDependencyInjectionTestExecutionListener@2f97650f, org.springframework.test.context.support.DirtiesContextTestExecutionListener@dfc46fb, org.springframework.test.context.transaction.TransactionalTestExecutionListener@447c2b86, org.springframework.test.context.jdbc.SqlScriptsTestExecutionListener@7b49c492, org.springframework.test.context.event.EventPublishingTestExecutionListener@6f6269e9, org.springframework.boot.test.autoconfigure.restdocs.RestDocsTestExecutionListener@c62160, org.springframework.boot.test.autoconfigure.web.client.MockRestServiceServerResetTestExecutionListener@25c30ae5, org.springframework.boot.test.autoconfigure.web.servlet.MockMvcPrintOnlyOnFailureTestExecutionListener@109b279b, org.springframework.boot.test.autoconfigure.web.servlet.WebDriverTestExecutionListener@6c4a3940, org.springframework.boot.test.mock.mockito.ResetMocksTestExecutionListener@5d36d888]
2020-02-25 01:59:38.597  INFO 7612 --- [    Test worker] o.s.t.c.transaction.TransactionContext   : Began transaction (1) for test context [DefaultTestContext@144c9dc9 testClass = JobTest, testInstance = com.cpe.backend.JobTest@7fd5f550, testMethod = B6015107_testJobMustNotBeNull@JobTest, testException = [null], mergedContextConfiguration = [MergedContextConfiguration@64fe777e testClass = JobTest, locations = '{}', classes = '{class com.cpe.backend.BackendApplication}', contextInitializerClasses = '[]', activeProfiles = '{}', propertySourceLocations = '{}', propertySourceProperties = '{org.springframework.boot.test.autoconfigure.orm.jpa.DataJpaTestContextBootstrapper=true}', contextCustomizers = set[org.springframework.boot.test.autoconfigure.OverrideAutoConfigurationContextCustomizerFactory$DisableAutoConfigurationContextCustomizer@2a87392d, org.springframework.boot.test.autoconfigure.filter.TypeExcludeFiltersContextCustomizer@351584c0, org.springframework.boot.test.autoconfigure.properties.PropertyMappingContextCustomizer@c9ea1bae, org.springframework.boot.test.autoconfigure.web.servlet.WebDriverContextCustomizerFactory$Customizer@18b13b5f, [ImportsContextCustomizer@44a3c73e key = [org.springframework.boot.autoconfigure.cache.CacheAutoConfiguration, org.springframework.boot.autoconfigure.data.jpa.JpaRepositoriesAutoConfiguration, org.springframework.boot.autoconfigure.flyway.FlywayAutoConfiguration, org.springframework.boot.autoconfigure.jdbc.DataSourceAutoConfiguration, org.springframework.boot.autoconfigure.jdbc.DataSourceTransactionManagerAutoConfiguration, org.springframework.boot.autoconfigure.jdbc.JdbcTemplateAutoConfiguration, org.springframework.boot.autoconfigure.liquibase.LiquibaseAutoConfiguration, org.springframework.boot.autoconfigure.orm.jpa.HibernateJpaAutoConfiguration, org.springframework.boot.autoconfigure.transaction.TransactionAutoConfiguration, org.springframework.boot.test.autoconfigure.jdbc.TestDatabaseAutoConfiguration, org.springframework.boot.test.autoconfigure.orm.jpa.TestEntityManagerAutoConfiguration]], org.springframework.boot.test.context.filter.ExcludeFilterContextCustomizer@413bcf7f, org.springframework.boot.test.json.DuplicateJsonObjectContextCustomizerFactory$DuplicateJsonObjectContextCustomizer@77ca21fd, org.springframework.boot.test.mock.mockito.MockitoContextCustomizer@0], contextLoader = 'org.springframework.boot.test.context.SpringBootContextLoader', parent = [null]], attributes = map[[empty]]]; transaction manager [org.springframework.orm.jpa.JpaTransactionManager@778de5f3]; rollback [true]
2020-02-25 01:59:38.612  INFO 7612 --- [    Test worker] o.s.t.c.transaction.TransactionContext   : Rolled back transaction for test: [DefaultTestContext@144c9dc9 testClass = JobTest, testInstance = com.cpe.backend.JobTest@7fd5f550, testMethod = B6015107_testJobMustNotBeNull@JobTest, testException = [null], mergedContextConfiguration = [MergedContextConfiguration@64fe777e testClass = JobTest, locations = '{}', classes = '{class com.cpe.backend.BackendApplication}', contextInitializerClasses = '[]', activeProfiles = '{}', propertySourceLocations = '{}', propertySourceProperties = '{org.springframework.boot.test.autoconfigure.orm.jpa.DataJpaTestContextBootstrapper=true}', contextCustomizers = set[org.springframework.boot.test.autoconfigure.OverrideAutoConfigurationContextCustomizerFactory$DisableAutoConfigurationContextCustomizer@2a87392d, org.springframework.boot.test.autoconfigure.filter.TypeExcludeFiltersContextCustomizer@351584c0, org.springframework.boot.test.autoconfigure.properties.PropertyMappingContextCustomizer@c9ea1bae, org.springframework.boot.test.autoconfigure.web.servlet.WebDriverContextCustomizerFactory$Customizer@18b13b5f, [ImportsContextCustomizer@44a3c73e key = [org.springframework.boot.autoconfigure.cache.CacheAutoConfiguration, org.springframework.boot.autoconfigure.data.jpa.JpaRepositoriesAutoConfiguration, org.springframework.boot.autoconfigure.flyway.FlywayAutoConfiguration, org.springframework.boot.autoconfigure.jdbc.DataSourceAutoConfiguration, org.springframework.boot.autoconfigure.jdbc.DataSourceTransactionManagerAutoConfiguration, org.springframework.boot.autoconfigure.jdbc.JdbcTemplateAutoConfiguration, org.springframework.boot.autoconfigure.liquibase.LiquibaseAutoConfiguration, org.springframework.boot.autoconfigure.orm.jpa.HibernateJpaAutoConfiguration, org.springframework.boot.autoconfigure.transaction.TransactionAutoConfiguration, org.springframework.boot.test.autoconfigure.jdbc.TestDatabaseAutoConfiguration, org.springframework.boot.test.autoconfigure.orm.jpa.TestEntityManagerAutoConfiguration]], org.springframework.boot.test.context.filter.ExcludeFilterContextCustomizer@413bcf7f, org.springframework.boot.test.json.DuplicateJsonObjectContextCustomizerFactory$DuplicateJsonObjectContextCustomizer@77ca21fd, org.springframework.boot.test.mock.mockito.MockitoContextCustomizer@0], contextLoader = 'org.springframework.boot.test.context.SpringBootContextLoader', parent = [null]], attributes = map[[empty]]]
2020-02-25 01:59:38.614  INFO 7612 --- [    Test worker] o.s.t.c.transaction.TransactionContext   : Began transaction (1) for test context [DefaultTestContext@144c9dc9 testClass = JobTest, testInstance = com.cpe.backend.JobTest@19eed5b, testMethod = B6015107_testJobBeOK@JobTest, testException = [null], mergedContextConfiguration = [MergedContextConfiguration@64fe777e testClass = JobTest, locations = '{}', classes = '{class com.cpe.backend.BackendApplication}', contextInitializerClasses = '[]', activeProfiles = '{}', propertySourceLocations = '{}', propertySourceProperties = '{org.springframework.boot.test.autoconfigure.orm.jpa.DataJpaTestContextBootstrapper=true}', contextCustomizers = set[org.springframework.boot.test.autoconfigure.OverrideAutoConfigurationContextCustomizerFactory$DisableAutoConfigurationContextCustomizer@2a87392d, org.springframework.boot.test.autoconfigure.filter.TypeExcludeFiltersContextCustomizer@351584c0, org.springframework.boot.test.autoconfigure.properties.PropertyMappingContextCustomizer@c9ea1bae, org.springframework.boot.test.autoconfigure.web.servlet.WebDriverContextCustomizerFactory$Customizer@18b13b5f, [ImportsContextCustomizer@44a3c73e key = [org.springframework.boot.autoconfigure.cache.CacheAutoConfiguration, org.springframework.boot.autoconfigure.data.jpa.JpaRepositoriesAutoConfiguration, org.springframework.boot.autoconfigure.flyway.FlywayAutoConfiguration, org.springframework.boot.autoconfigure.jdbc.DataSourceAutoConfiguration, org.springframework.boot.autoconfigure.jdbc.DataSourceTransactionManagerAutoConfiguration, org.springframework.boot.autoconfigure.jdbc.JdbcTemplateAutoConfiguration, org.springframework.boot.autoconfigure.liquibase.LiquibaseAutoConfiguration, org.springframework.boot.autoconfigure.orm.jpa.HibernateJpaAutoConfiguration, org.springframework.boot.autoconfigure.transaction.TransactionAutoConfiguration, org.springframework.boot.test.autoconfigure.jdbc.TestDatabaseAutoConfiguration, org.springframework.boot.test.autoconfigure.orm.jpa.TestEntityManagerAutoConfiguration]], org.springframework.boot.test.context.filter.ExcludeFilterContextCustomizer@413bcf7f, org.springframework.boot.test.json.DuplicateJsonObjectContextCustomizerFactory$DuplicateJsonObjectContextCustomizer@77ca21fd, org.springframework.boot.test.mock.mockito.MockitoContextCustomizer@0], contextLoader = 'org.springframework.boot.test.context.SpringBootContextLoader', parent = [null]], attributes = map[[empty]]]; transaction manager [org.springframework.orm.jpa.JpaTransactionManager@778de5f3]; rollback [true]
Hibernate: insert into job (job, job_id) values (?, ?)
2020-02-25 01:59:38.669  INFO 7612 --- [    Test worker] o.s.t.c.transaction.TransactionContext   : Rolled back transaction for test: [DefaultTestContext@144c9dc9 testClass = JobTest, testInstance = com.cpe.backend.JobTest@19eed5b, testMethod = B6015107_testJobBeOK@JobTest, testException = [null], mergedContextConfiguration = [MergedContextConfiguration@64fe777e testClass = JobTest, locations = '{}', classes = '{class com.cpe.backend.BackendApplication}', contextInitializerClasses = '[]', activeProfiles = '{}', propertySourceLocations = '{}', propertySourceProperties = '{org.springframework.boot.test.autoconfigure.orm.jpa.DataJpaTestContextBootstrapper=true}', contextCustomizers = set[org.springframework.boot.test.autoconfigure.OverrideAutoConfigurationContextCustomizerFactory$DisableAutoConfigurationContextCustomizer@2a87392d, org.springframework.boot.test.autoconfigure.filter.TypeExcludeFiltersContextCustomizer@351584c0, org.springframework.boot.test.autoconfigure.properties.PropertyMappingContextCustomizer@c9ea1bae, org.springframework.boot.test.autoconfigure.web.servlet.WebDriverContextCustomizerFactory$Customizer@18b13b5f, [ImportsContextCustomizer@44a3c73e key = [org.springframework.boot.autoconfigure.cache.CacheAutoConfiguration, org.springframework.boot.autoconfigure.data.jpa.JpaRepositoriesAutoConfiguration, org.springframework.boot.autoconfigure.flyway.FlywayAutoConfiguration, org.springframework.boot.autoconfigure.jdbc.DataSourceAutoConfiguration, org.springframework.boot.autoconfigure.jdbc.DataSourceTransactionManagerAutoConfiguration, org.springframework.boot.autoconfigure.jdbc.JdbcTemplateAutoConfiguration, org.springframework.boot.autoconfigure.liquibase.LiquibaseAutoConfiguration, org.springframework.boot.autoconfigure.orm.jpa.HibernateJpaAutoConfiguration, org.springframework.boot.autoconfigure.transaction.TransactionAutoConfiguration, org.springframework.boot.test.autoconfigure.jdbc.TestDatabaseAutoConfiguration, org.springframework.boot.test.autoconfigure.orm.jpa.TestEntityManagerAutoConfiguration]], org.springframework.boot.test.context.filter.ExcludeFilterContextCustomizer@413bcf7f, org.springframework.boot.test.json.DuplicateJsonObjectContextCustomizerFactory$DuplicateJsonObjectContextCustomizer@77ca21fd, org.springframework.boot.test.mock.mockito.MockitoContextCustomizer@0], contextLoader = 'org.springframework.boot.test.context.SpringBootContextLoader', parent = [null]], attributes = map[[empty]]]
]]></system-out>
  <system-err><![CDATA[]]></system-err>
</testsuite>
